#
# There is insufficient memory for the Java Runtime Environment to continue.
# Native memory allocation (mmap) failed to map 65536 bytes. Error detail: Failed to commit metaspace.
# Possible reasons:
#   The system is out of physical RAM or swap space
#   This process is running with CompressedOops enabled, and the Java Heap may be blocking the growth of the native heap
# Possible solutions:
#   Reduce memory load on the system
#   Increase physical memory or swap space
#   Check if swap backing store is full
#   Decrease Java heap size (-Xmx/-Xms)
#   Decrease number of Java threads
#   Decrease Java thread stack sizes (-Xss)
#   Set larger code cache with -XX:ReservedCodeCacheSize=
#   JVM is running with Unscaled Compressed Oops mode in which the Java heap is
#     placed in the first 4GB address space. The Java Heap base address is the
#     maximum limit for the native heap growth. Please use -XX:HeapBaseMinAddress
#     to set the Java Heap base and to place the Java Heap above 4GB virtual address.
# This output file may be truncated or incomplete.
#
#  Out of Memory Error (virtualSpaceNode.cpp:113), pid=7228, tid=8560
#
# JRE version: OpenJDK Runtime Environment Temurin-21.0.9+10 (21.0.9+10) (build 21.0.9+10-LTS)
# Java VM: OpenJDK 64-Bit Server VM Temurin-21.0.9+10 (21.0.9+10-LTS, mixed mode, sharing, tiered, compressed oops, compressed class ptrs, parallel gc, windows-amd64)
# No core dump will be written. Minidumps are not enabled by default on client versions of Windows
#

---------------  S U M M A R Y ------------

Command Line: --add-modules=ALL-SYSTEM --add-opens=java.base/java.util=ALL-UNNAMED --add-opens=java.base/java.lang=ALL-UNNAMED --add-opens=java.base/sun.nio.fs=ALL-UNNAMED -Declipse.application=org.eclipse.jdt.ls.core.id1 -Dosgi.bundles.defaultStartLevel=4 -Declipse.product=org.eclipse.jdt.ls.core.product -Djava.import.generatesMetadataFilesAtProjectRoot=false -DDetectVMInstallationsJob.disabled=true -Dfile.encoding=utf8 -XX:+UseParallelGC -XX:GCTimeRatio=4 -XX:AdaptiveSizePolicyWeight=90 -Dsun.zip.disableMemoryMapping=true -Xmx2G -Xms100m -Xlog:disable -javaagent:c:\Users\Aurora  N. Postrado\.vscode\extensions\redhat.java-1.50.0-win32-x64\lombok\lombok-1.18.39-4050.jar c:\Users\Aurora  N. Postrado\.vscode\extensions\redhat.java-1.50.0-win32-x64\server\plugins\org.eclipse.equinox.launcher_1.7.100.v20251111-0406.jar -configuration c:\Users\Aurora  N. Postrado\AppData\Roaming\Code\User\globalStorage\redhat.java\1.50.0\config_ss_win -data c:\Users\Aurora  N. Postrado\AppData\Roaming\Code\User\workspaceStorage\16087328b602278ea996584764c22d24\redhat.java\ss_ws --pipe=\\.\pipe\lsp-2d2f781e3f274145b92a2e3e40d167f1-sock

Host: AMD Ryzen 7 5700U with Radeon Graphics         , 16 cores, 7G,  Windows 11 , 64 bit Build 26100 (10.0.26100.7309)
Time: Fri Dec 12 11:46:14 2025 Malay Peninsula Standard Time elapsed time: 5.673072 seconds (0d 0h 0m 5s)

---------------  T H R E A D  ---------------

Current thread (0x000001dee9439650):  JavaThread "main"             [_thread_in_vm, id=8560, stack(0x000000c7fea00000,0x000000c7feb00000) (1024K)]

Stack: [0x000000c7fea00000,0x000000c7feb00000]
Native frames: (J=compiled Java code, j=interpreted, Vv=VM code, C=native code)
V  [jvm.dll+0x6d6e29]
V  [jvm.dll+0x8b4b76]
V  [jvm.dll+0x8b712e]
V  [jvm.dll+0x8b7813]
V  [jvm.dll+0x283d86]
V  [jvm.dll+0x8b08be]
V  [jvm.dll+0x678824]
V  [jvm.dll+0x67888a]
V  [jvm.dll+0x67b086]
V  [jvm.dll+0x67af52]
V  [jvm.dll+0x6791fe]
V  [jvm.dll+0x26dc30]
V  [jvm.dll+0x683525]
V  [jvm.dll+0x21937e]
V  [jvm.dll+0x219825]
V  [jvm.dll+0x21a218]
V  [jvm.dll+0x20f44e]
V  [jvm.dll+0x5b5a0f]
V  [jvm.dll+0x2210ce]
V  [jvm.dll+0x82d53d]
V  [jvm.dll+0x82e56b]
V  [jvm.dll+0x82eb34]
V  [jvm.dll+0x82e7c8]
V  [jvm.dll+0x79f9e6]
V  [jvm.dll+0x71da1d]
V  [jvm.dll+0x71ec3a]
V  [jvm.dll+0x477bd3]
V  [jvm.dll+0x482bad]
C  0x000001def5d0c96b

The last pc belongs to native method entry point (kind = native) (printed below).
Java frames: (J=compiled Java code, j=interpreted, Vv=VM code)
j  java.lang.Class.getDeclaredConstructors0(Z)[Ljava/lang/reflect/Constructor;+0 java.base@21.0.9
j  java.lang.Class.privateGetDeclaredConstructors(Z)[Ljava/lang/reflect/Constructor;+52 java.base@21.0.9
j  java.lang.Class.getConstructor0([Ljava/lang/Class;I)Ljava/lang/reflect/Constructor;+14 java.base@21.0.9
j  java.lang.Class.getConstructor([Ljava/lang/Class;)Ljava/lang/reflect/Constructor;+24 java.base@21.0.9
j  sun.security.x509.CertificateExtensions.parseExtension(Lsun/security/x509/Extension;)V+59 java.base@21.0.9
j  sun.security.x509.CertificateExtensions.init(Lsun/security/util/DerInputStream;)V+29 java.base@21.0.9
j  sun.security.x509.CertificateExtensions.<init>(Lsun/security/util/DerInputStream;)V+25 java.base@21.0.9
j  sun.security.x509.X509CertInfo.parse(Lsun/security/util/DerValue;)V+335 java.base@21.0.9
j  sun.security.x509.X509CertInfo.<init>(Lsun/security/util/DerValue;)V+67 java.base@21.0.9
j  sun.security.x509.X509CertImpl.parse(Lsun/security/util/DerValue;)V+210 java.base@21.0.9
j  sun.security.x509.X509CertImpl.<init>([B)V+45 java.base@21.0.9
j  sun.security.provider.X509Factory.cachedGetX509Cert([B)Lsun/security/x509/X509CertImpl;+22 java.base@21.0.9
j  sun.security.provider.X509Factory.engineGenerateCertificate(Ljava/io/InputStream;)Ljava/security/cert/Certificate;+33 java.base@21.0.9
j  java.security.cert.CertificateFactory.generateCertificate(Ljava/io/InputStream;)Ljava/security/cert/Certificate;+5 java.base@21.0.9
j  sun.security.pkcs.PKCS7.parseSignedData(Lsun/security/util/DerValue;)V+279 java.base@21.0.9
j  sun.security.pkcs.PKCS7.parse(Lsun/security/util/DerInputStream;Z)V+51 java.base@21.0.9
j  sun.security.pkcs.PKCS7.parse(Lsun/security/util/DerInputStream;)V+11 java.base@21.0.9
j  sun.security.pkcs.PKCS7.<init>([B)V+50 java.base@21.0.9
j  sun.security.util.SignatureFileVerifier.<init>(Ljava/util/ArrayList;Lsun/security/util/ManifestDigester;Ljava/lang/String;[B)V+35 java.base@21.0.9
j  java.util.jar.JarVerifier.processEntry(Lsun/security/util/ManifestEntryVerifier;)V+319 java.base@21.0.9
j  java.util.jar.JarVerifier.update(I[BIILsun/security/util/ManifestEntryVerifier;)V+39 java.base@21.0.9
j  java.util.jar.JarFile.initializeVerifier()V+164 java.base@21.0.9
j  java.util.jar.JarFile.ensureInitialization()V+36 java.base@21.0.9
j  java.util.jar.JavaUtilJarAccessImpl.ensureInitialization(Ljava/util/jar/JarFile;)V+1 java.base@21.0.9
j  jdk.internal.loader.URLClassPath$JarLoader$2.getManifest()Ljava/util/jar/Manifest;+10 java.base@21.0.9
j  jdk.internal.loader.BuiltinClassLoader.defineClass(Ljava/lang/String;Ljdk/internal/loader/Resource;)Ljava/lang/Class;+29 java.base@21.0.9
j  jdk.internal.loader.BuiltinClassLoader.findClassOnClassPathOrNull(Ljava/lang/String;)Ljava/lang/Class;+37 java.base@21.0.9
j  jdk.internal.loader.BuiltinClassLoader.loadClassOrNull(Ljava/lang/String;Z)Ljava/lang/Class;+111 java.base@21.0.9
j  jdk.internal.loader.BuiltinClassLoader.loadClass(Ljava/lang/String;Z)Ljava/lang/Class;+3 java.base@21.0.9
j  jdk.internal.loader.ClassLoaders$AppClassLoader.loadClass(Ljava/lang/String;Z)Ljava/lang/Class;+36 java.base@21.0.9
j  java.lang.ClassLoader.loadClass(Ljava/lang/String;)Ljava/lang/Class;+3 java.base@21.0.9
v  ~StubRoutines::call_stub 0x000001def5d0100d
j  java.lang.Class.forName0(Ljava/lang/String;ZLjava/lang/ClassLoader;Ljava/lang/Class;)Ljava/lang/Class;+0 java.base@21.0.9
j  java.lang.Class.forName(Ljava/lang/String;ZLjava/lang/ClassLoader;Ljava/lang/Class;)Ljava/lang/Class;+37 java.base@21.0.9
j  java.lang.Class.forName(Ljava/lang/String;ZLjava/lang/ClassLoader;)Ljava/lang/Class;+20 java.base@21.0.9
j  sun.launcher.LauncherHelper.loadMainClass(ILjava/lang/String;)Ljava/lang/Class;+95 java.base@21.0.9
j  sun.launcher.LauncherHelper.checkAndLoadMain(ZILjava/lang/String;)Ljava/lang/Class;+42 java.base@21.0.9
v  ~StubRoutines::call_stub 0x000001def5d0100d
native method entry point (kind = native)  [0x000001def5d0c540, 0x000001def5d0ce88]  2376 bytes
[MachCode]
  0x000001def5d0c540: 488b 4b08 | 0fb7 492e | 584c 8d74 | ccf8 6800 | 0000 0068 | 0000 0000 | 5055 488b | ec41 5568 
  0x000001def5d0c560: 0000 0000 | 4c8b 6b08 | 4d8d 6d38 | 5348 8b53 | 0848 8b52 | 0848 8b52 | 1848 8b52 | 7048 8b12 
  0x000001def5d0c580: 5248 8b53 | 1048 85d2 | 0f84 0700 | 0000 4881 | c208 0100 | 0052 488b | 5308 488b | 5208 488b 
  0x000001def5d0c5a0: 5210 5249 | 8bc6 482b | c548 c1e8 | 0350 6800 | 0000 0068 | 0000 0000 | 4889 2424 | 41c6 8771 
  0x000001def5d0c5c0: 0400 0001 | 488b 4310 | 4885 c074 | 208b 88cc | 0000 0083 | c102 8988 | cc00 0000 | 2388 e000 
  0x000001def5d0c5e0: 0000 0f84 | f207 0000 | e9cf 0000 | 0048 8b43 | 1848 85c0 | 0f85 b000 | 0000 e805 | 0000 00e9 
  0x000001def5d0c600: 9900 0000 | 488b d348 | 8d44 2408 | 4c89 6dc0 | 498b cfc5 | f877 4989 | afa8 0300 | 0049 8987 
  0x000001def5d0c620: 9803 0000 | 4883 ec20 | 40f6 c40f | 0f84 1900 | 0000 4883 | ec08 48b8 | a0cf 08d9 | fd7f 0000 
  0x000001def5d0c640: ffd0 4883 | c408 e90c | 0000 0048 | b8a0 cf08 | d9fd 7f00 | 00ff d048 | 83c4 2049 | c787 9803 
  0x000001def5d0c660: 0000 0000 | 0000 49c7 | 87a8 0300 | 0000 0000 | 0049 c787 | a003 0000 | 0000 0000 | c5f8 7749 
  0x000001def5d0c680: 837f 0800 | 0f84 0500 | 0000 e971 | 48ff ff4c | 8b6d c04c | 8b75 c84e | 8d74 f500 | c348 8b43 
  0x000001def5d0c6a0: 1848 85c0 | 0f84 1200 | 0000 8b48 | 0883 c102 | 8948 0823 | 481c 0f84 | 1e07 0000 | 493b a7e0 
  0x000001def5d0c6c0: 0400 000f | 8748 0000 | 0089 8424 | 00f0 ffff | 8984 2400 | e0ff ff89 | 8424 00d0 | ffff 8984 
  0x000001def5d0c6e0: 2400 c0ff | ff89 8424 | 00b0 ffff | 8984 2400 | a0ff ff89 | 8424 0090 | ffff 8984 | 2400 80ff 
  0x000001def5d0c700: ff49 3ba7 | d804 0000 | 7607 4989 | a7e0 0400 | 0041 c687 | 7104 0000 | 0049 bacf | 4d95 d9fd 
  0x000001def5d0c720: 7f00 0041 | 803a 000f | 843e 0000 | 0048 8b55 | e849 8bcf | 4883 ec20 | 40f6 c40f | 0f84 1900 
  0x000001def5d0c740: 0000 4883 | ec08 48b8 | 40d5 3ed9 | fd7f 0000 | ffd0 4883 | c408 e90c | 0000 0048 | b840 d53e 
  0x000001def5d0c760: d9fd 7f00 | 00ff d048 | 83c4 2048 | 8b5d e84c | 8b5b 0845 | 0fb7 5b2e | 41c1 e303 | 492b e348 
  0x000001def5d0c780: 83ec 2048 | 83e4 f04c | 8b5b 604d | 85db 0f85 | ab00 0000 | e805 0000 | 00e9 9900 | 0000 488b 
  0x000001def5d0c7a0: d348 8d44 | 2408 4c89 | 6dc0 498b | cfc5 f877 | 4989 afa8 | 0300 0049 | 8987 9803 | 0000 4883 
  0x000001def5d0c7c0: ec20 40f6 | c40f 0f84 | 1900 0000 | 4883 ec08 | 48b8 d0f6 | 08d9 fd7f | 0000 ffd0 | 4883 c408 
  0x000001def5d0c7e0: e90c 0000 | 0048 b8d0 | f608 d9fd | 7f00 00ff | d048 83c4 | 2049 c787 | 9803 0000 | 0000 0000 
  0x000001def5d0c800: 49c7 87a8 | 0300 0000 | 0000 0049 | c787 a003 | 0000 0000 | 0000 c5f8 | 7749 837f | 0800 0f84 
  0x000001def5d0c820: 0500 0000 | e9d7 46ff | ff4c 8b6d | c04c 8b75 | c84e 8d74 | f500 c348 | 8b5d e84c | 8b5b 6041 
  0x000001def5d0c840: ffd3 488b | 5de8 4889 | 4518 448b | 5b28 41f6 | c308 0f84 | 1b00 0000 | 4c8b 5b08 | 4d8b 5b08 
  0x000001def5d0c860: 4d8b 5b18 | 4d8b 5b70 | 4d8b 1b4c | 895d 1048 | 8d55 1048 | 8b43 5849 | bad0 293f | d9fd 7f00 
  0x000001def5d0c880: 0049 3bc2 | 0f85 ab00 | 0000 e805 | 0000 00e9 | 9900 0000 | 488b d348 | 8d44 2408 | 4c89 6dc0 
  0x000001def5d0c8a0: 498b cfc5 | f877 4989 | afa8 0300 | 0049 8987 | 9803 0000 | 4883 ec20 | 40f6 c40f | 0f84 1900 
  0x000001def5d0c8c0: 0000 4883 | ec08 48b8 | d0f6 08d9 | fd7f 0000 | ffd0 4883 | c408 e90c | 0000 0048 | b8d0 f608 
  0x000001def5d0c8e0: d9fd 7f00 | 00ff d048 | 83c4 2049 | c787 9803 | 0000 0000 | 0000 49c7 | 87a8 0300 | 0000 0000 
  0x000001def5d0c900: 0049 c787 | a003 0000 | 0000 0000 | c5f8 7749 | 837f 0800 | 0f84 0500 | 0000 e9e1 | 45ff ff4c 
  0x000001def5d0c920: 8b6d c04c | 8b75 c84e | 8d74 f500 | c348 8b5d | e848 8b43 | 5849 8d8f | b803 0000 | c5f8 7749 
  0x000001def5d0c940: 89af a803 | 0000 49ba | 3cc9 d0f5 | de01 0000 | 4d89 97a0 | 0300 0049 | 89a7 9803 | 0000 41c7 
  0x000001def5d0c960: 8744 0400 | 0004 0000 | 00ff d0c5 | f877 4883 | ec10 c5fb | 1104 2448 | 83ec 1048 | 8904 2448 
  0x000001def5d0c980: c744 2408 | 0000 0000 | 41c7 8744 | 0400 0005 | 0000 00f0 | 8344 24c0 | 0049 3baf | 4804 0000 
  0x000001def5d0c9a0: 0f87 0e00 | 0000 4183 | bf40 0400 | 0000 0f84 | 2000 0000 | 498b cf4c | 8be4 4883 | ec20 4883 
  0x000001def5d0c9c0: e4f0 48b8 | e04b 0ad9 | fd7f 0000 | ffd0 498b | e44d 33e4 | 41c7 8744 | 0400 0008 | 0000 0049 
  0x000001def5d0c9e0: c787 9803 | 0000 0000 | 0000 49c7 | 87a8 0300 | 0000 0000 | 0049 c787 | a003 0000 | 0000 0000 
  0x000001def5d0ca00: c5f8 774d | 8b9f 2804 | 0000 41c7 | 8300 0100 | 0000 0000 | 0049 bbda | a0d0 f5de | 0100 004c 
  0x000001def5d0ca20: 3b5d 180f | 854b 0000 | 0048 8b04 | 2448 83c4 | 1048 85c0 | 0f84 2500 | 0000 a803 | 0f85 0800 
  0x000001def5d0ca40: 0000 488b | 00e9 1500 | 0000 a801 | 0f85 0900 | 0000 488b | 40fe e904 | 0000 0048 | 8b40 ff48 
  0x000001def5d0ca60: 8945 1048 | 83ec 1048 | 8904 2448 | c744 2408 | 0000 0000 | 4183 bfc0 | 0400 0002 | 0f85 bf00 
  0x000001def5d0ca80: 0000 4881 | ec80 0000 | 0048 8944 | 2478 4889 | 4c24 7048 | 8954 2468 | 4889 5c24 | 6048 896c 
  0x000001def5d0caa0: 2450 4889 | 7424 4848 | 897c 2440 | 4c89 4424 | 384c 894c | 2430 4c89 | 5424 284c | 895c 2420 
  0x000001def5d0cac0: 4c89 6424 | 184c 896c | 2410 4c89 | 7424 084c | 893c 244c | 8be4 4883 | ec20 4883 | e4f0 48b8 
  0x000001def5d0cae0: 900c 3fd9 | fd7f 0000 | ffd0 498b | e44c 8b3c | 244c 8b74 | 2408 4c8b | 6c24 104c | 8b64 2418 
  0x000001def5d0cb00: 4c8b 5c24 | 204c 8b54 | 2428 4c8b | 4c24 304c | 8b44 2438 | 488b 7c24 | 4048 8b74 | 2448 488b 
  0x000001def5d0cb20: 6c24 5048 | 8b5c 2460 | 488b 5424 | 6848 8b4c | 2470 488b | 4424 7848 | 81c4 8000 | 0000 4d33 
  0x000001def5d0cb40: e448 8b5d | e84c 8b6b | 084d 8d6d | 3849 837f | 0800 0f84 | bb00 0000 | e805 0000 | 00e9 9600 
  0x000001def5d0cb60: 0000 488d | 4424 084c | 896d c049 | 8bcf c5f8 | 7749 89af | a803 0000 | 4989 8798 | 0300 0048 
  0x000001def5d0cb80: 83ec 2040 | f6c4 0f0f | 8419 0000 | 0048 83ec | 0848 b820 | 1409 d9fd | 7f00 00ff | d048 83c4 
  0x000001def5d0cba0: 08e9 0c00 | 0000 48b8 | 2014 09d9 | fd7f 0000 | ffd0 4883 | c420 49c7 | 8798 0300 | 0000 0000 
  0x000001def5d0cbc0: 0049 c787 | a803 0000 | 0000 0000 | 49c7 87a0 | 0300 0000 | 0000 00c5 | f877 4983 | 7f08 000f 
  0x000001def5d0cbe0: 8405 0000 | 00e9 1643 | ffff 4c8b | 6dc0 4c8b | 75c8 4e8d | 74f5 00c3 | 48b9 2053 | 6bd9 fd7f 
  0x000001def5d0cc00: 0000 4883 | e4f0 48b8 | 90b7 2dd9 | fd7f 0000 | ffd0 f444 | 8b5b 2841 | f6c3 200f | 8444 0100 
  0x000001def5d0cc20: 0048 8d55 | a84c 8b5a | 084d 85db | 0f85 bb00 | 0000 e805 | 0000 00e9 | 9600 0000 | 488d 4424 
  0x000001def5d0cc40: 084c 896d | c049 8bcf | c5f8 7749 | 89af a803 | 0000 4989 | 8798 0300 | 0048 83ec | 2040 f6c4 
  0x000001def5d0cc60: 0f0f 8419 | 0000 0048 | 83ec 0848 | b850 1309 | d9fd 7f00 | 00ff d048 | 83c4 08e9 | 0c00 0000 
  0x000001def5d0cc80: 48b8 5013 | 09d9 fd7f | 0000 ffd0 | 4883 c420 | 49c7 8798 | 0300 0000 | 0000 0049 | c787 a803 
  0x000001def5d0cca0: 0000 0000 | 0000 49c7 | 87a0 0300 | 0000 0000 | 00c5 f877 | 4983 7f08 | 000f 8405 | 0000 00e9 
  0x000001def5d0ccc0: 3c42 ffff | 4c8b 6dc0 | 4c8b 75c8 | 4e8d 74f5 | 00c3 48b9 | 2053 6bd9 | fd7f 0000 | 4883 e4f0 
  0x000001def5d0cce0: 48b8 90b7 | 2dd9 fd7f | 0000 ffd0 | f44c 896d | c048 8d02 | 4c8b 4a08 | 48c7 4208 | 0000 0000 
  0x000001def5d0cd00: 4c8b 004d | 85c0 0f84 | 0b00 0000 | f04d 0fb1 | 010f 850c | 0000 0049 | ff8f 4805 | 0000 e93e 
  0x000001def5d0cd20: 0000 004c | 894a 0848 | 8bca 4883 | ec20 40f6 | c40f 0f84 | 1900 0000 | 4883 ec08 | 48b8 c0e6 
  0x000001def5d0cd40: 08d9 fd7f | 0000 ffd0 | 4883 c408 | e90c 0000 | 0048 b8c0 | e608 d9fd | 7f00 00ff | d048 83c4 
  0x000001def5d0cd60: 204c 8b6d | c049 bacf | 4d95 d9fd | 7f00 0041 | 803a 000f | 843e 0000 | 0048 8b55 | e849 8bcf 
  0x000001def5d0cd80: 4883 ec20 | 40f6 c40f | 0f84 1900 | 0000 4883 | ec08 48b8 | 40d5 3ed9 | fd7f 0000 | ffd0 4883 
  0x000001def5d0cda0: c408 e90c | 0000 0048 | b840 d53e | d9fd 7f00 | 00ff d048 | 83c4 2048 | 8b04 2448 | 83c4 10c5 
  0x000001def5d0cdc0: fb10 0424 | 4883 c410 | 4c8b 5d18 | 41ff d34c | 8b5d f8c9 | 5f49 8be3 | ffe7 ba00 | 0000 00e8 
  0x000001def5d0cde0: 0500 0000 | e996 0000 | 0048 8d44 | 2408 4c89 | 6dc0 498b | cfc5 f877 | 4989 afa8 | 0300 0049 
  0x000001def5d0ce00: 8987 9803 | 0000 4883 | ec20 40f6 | c40f 0f84 | 1900 0000 | 4883 ec08 | 48b8 60da | 08d9 fd7f 
  0x000001def5d0ce20: 0000 ffd0 | 4883 c408 | e90c 0000 | 0048 b860 | da08 d9fd | 7f00 00ff | d048 83c4 | 2049 c787 
  0x000001def5d0ce40: 9803 0000 | 0000 0000 | 49c7 87a8 | 0300 0000 | 0000 0049 | c787 a003 | 0000 0000 | 0000 c5f8 
  0x000001def5d0ce60: 7749 837f | 0800 0f84 | 0500 0000 | e98f 40ff | ff4c 8b6d | c04c 8b75 | c84e 8d74 | f500 c348 
  0x000001def5d0ce80: 8b5d e8e9 | 34f8 ffff 
[/MachCode]

---------------  P R O C E S S  ---------------

Threads class SMR info:
_java_thread_list=0x000001deff87c820, length=13, elements={
0x000001dee9439650, 0x000001defe15d210, 0x000001deeb74ff70, 0x000001deeb754700,
0x000001deeb757330, 0x000001deeb759de0, 0x000001deeb766db0, 0x000001deeb769fc0,
0x000001deeb76ae00, 0x000001deff615ac0, 0x000001deff7bf000, 0x000001deff872b90,
0x000001deca1105b0
}

Java Threads: ( => current thread )
=>0x000001dee9439650 JavaThread "main"                              [_thread_in_vm, id=8560, stack(0x000000c7fea00000,0x000000c7feb00000) (1024K)]
  0x000001defe15d210 JavaThread "Reference Handler"          daemon [_thread_blocked, id=13528, stack(0x000000c7fee00000,0x000000c7fef00000) (1024K)]
  0x000001deeb74ff70 JavaThread "Finalizer"                  daemon [_thread_blocked, id=10000, stack(0x000000c7fef00000,0x000000c7ff000000) (1024K)]
  0x000001deeb754700 JavaThread "Signal Dispatcher"          daemon [_thread_blocked, id=14048, stack(0x000000c7ff000000,0x000000c7ff100000) (1024K)]
  0x000001deeb757330 JavaThread "Attach Listener"            daemon [_thread_blocked, id=5392, stack(0x000000c7ff100000,0x000000c7ff200000) (1024K)]
  0x000001deeb759de0 JavaThread "Service Thread"             daemon [_thread_blocked, id=9044, stack(0x000000c7ff200000,0x000000c7ff300000) (1024K)]
  0x000001deeb766db0 JavaThread "Monitor Deflation Thread"   daemon [_thread_blocked, id=3808, stack(0x000000c7ff300000,0x000000c7ff400000) (1024K)]
  0x000001deeb769fc0 JavaThread "C2 CompilerThread0"         daemon [_thread_blocked, id=10472, stack(0x000000c7ff400000,0x000000c7ff500000) (1024K)]
  0x000001deeb76ae00 JavaThread "C1 CompilerThread0"         daemon [_thread_blocked, id=9960, stack(0x000000c7ff500000,0x000000c7ff600000) (1024K)]
  0x000001deff615ac0 JavaThread "C1 CompilerThread1"         daemon [_thread_blocked, id=4788, stack(0x000000c7ff600000,0x000000c7ff700000) (1024K)]
  0x000001deff7bf000 JavaThread "Common-Cleaner"             daemon [_thread_blocked, id=8348, stack(0x000000c7ffa00000,0x000000c7ffb00000) (1024K)]
  0x000001deff872b90 JavaThread "Notification Thread"        daemon [_thread_blocked, id=14088, stack(0x000000c7ff900000,0x000000c7ffa00000) (1024K)]
  0x000001deca1105b0 JavaThread "C2 CompilerThread1"         daemon [_thread_blocked, id=9068, stack(0x000000c7ffb00000,0x000000c7ffc00000) (1024K)]
Total: 13

Other Threads:
  0x000001dee9423e40 VMThread "VM Thread"                           [id=3952, stack(0x000000c7fed00000,0x000000c7fee00000) (1024K)]
  0x000001defe03ca00 WatcherThread "VM Periodic Task Thread"        [id=3732, stack(0x000000c7fec00000,0x000000c7fed00000) (1024K)]
  0x000001dee9422fc0 WorkerThread "GC Thread#0"                     [id=6964, stack(0x000000c7feb00000,0x000000c7fec00000) (1024K)]
Total: 3

Threads with active compile tasks:
Total: 0

VM state: not at safepoint (normal execution)

VM Mutex/Monitor currently owned by a thread:  ([mutex/lock_event])
[0x00007ffdd996b4f0] Metaspace_lock - owner thread: 0x000001dee9439650

Heap address: 0x0000000080000000, size: 2048 MB, Compressed Oops mode: 32-bit

CDS archive(s) mapped at: [0x000001de84000000-0x000001de84ba0000-0x000001de84ba0000), size 12189696, SharedBaseAddress: 0x000001de84000000, ArchiveRelocationMode: 1.
Compressed class space mapped at: 0x000001de85000000-0x000001dec5000000, reserved size: 1073741824
Narrow klass base: 0x000001de84000000, Narrow klass shift: 0, Narrow klass range: 0x100000000

GC Precious Log:
 CardTable entry size: 512
 CPUs: 16 total, 16 available
 Memory: 7514M
 Large Page Support: Disabled
 NUMA Support: Disabled
 Compressed Oops: Enabled (32-bit)
 Alignments: Space 512K, Generation 512K, Heap 2M
 Heap Min Capacity: 100M
 Heap Initial Capacity: 100M
 Heap Max Capacity: 2G
 Pre-touch: Disabled
 Parallel Workers: 13

Heap:
 PSYoungGen      total 29696K, used 12940K [0x00000000d5580000, 0x00000000d7680000, 0x0000000100000000)
  eden space 25600K, 50% used [0x00000000d5580000,0x00000000d6223380,0x00000000d6e80000)
  from space 4096K, 0% used [0x00000000d7280000,0x00000000d7280000,0x00000000d7680000)
  to   space 4096K, 0% used [0x00000000d6e80000,0x00000000d6e80000,0x00000000d7280000)
 ParOldGen       total 68608K, used 0K [0x0000000080000000, 0x0000000084300000, 0x00000000d5580000)
  object space 68608K, 0% used [0x0000000080000000,0x0000000080000000,0x0000000084300000)
 Metaspace       used 2046K, committed 2240K, reserved 1114112K
  class space    used 200K, committed 320K, reserved 1048576K

Card table byte_map: [0x000001deeb080000,0x000001deeb490000] _byte_map_base: 0x000001deeac80000

Marking Bits: (ParMarkBitMap*) 0x00007ffdd9972460
 Begin Bits: [0x000001de80000000, 0x000001de82000000)
 End Bits:   [0x000001de82000000, 0x000001de84000000)

Polling page: 0x000001deeae70000

Metaspace:

Usage:
  Non-class:      1.80 MB used.
      Class:    200.88 KB used.
       Both:      2.00 MB used.

Virtual space:
  Non-class space:       64.00 MB reserved,       1.88 MB (  3%) committed,  1 nodes.
      Class space:        1.00 GB reserved,     320.00 KB ( <1%) committed,  1 nodes.
             Both:        1.06 GB reserved,       2.19 MB ( <1%) committed. 

Chunk freelists:
   Non-Class:  11.65 MB
       Class:  15.67 MB
        Both:  27.32 MB

MaxMetaspaceSize: unlimited
CompressedClassSpaceSize: 1.00 GB
Initial GC threshold: 21.00 MB
Current GC threshold: 21.00 MB
CDS: on
 - commit_granule_bytes: 65536.
 - commit_granule_words: 8192.
 - virtual_space_node_default_size: 8388608.
 - enlarge_chunks_in_place: 1.
 - use_allocation_guard: 0.


Internal statistics:

num_allocs_failed_limit: 0.
num_arena_births: 80.
num_arena_deaths: 0.
num_vsnodes_births: 2.
num_vsnodes_deaths: 0.
num_space_committed: 35.
num_space_uncommitted: 0.
num_chunks_returned_to_freelist: 0.
num_chunks_taken_from_freelist: 102.
num_chunk_merges: 0.
num_chunk_splits: 72.
num_chunks_enlarged: 46.
num_inconsistent_stats: 0.

CodeHeap 'non-profiled nmethods': size=119168Kb used=227Kb max_used=227Kb free=118940Kb
 bounds [0x000001def6450000, 0x000001def66c0000, 0x000001defd8b0000]
CodeHeap 'profiled nmethods': size=119104Kb used=1045Kb max_used=1045Kb free=118058Kb
 bounds [0x000001deee8b0000, 0x000001deeeb20000, 0x000001def5d00000]
CodeHeap 'non-nmethods': size=7488Kb used=1734Kb max_used=2864Kb free=5753Kb
 bounds [0x000001def5d00000, 0x000001def5fd0000, 0x000001def6450000]
CodeCache: size=245760Kb, used=3006Kb, max_used=4136Kb, free=242751Kb
 total_blobs=1112, nmethods=685, adapters=333, full_count=0
Compilation: enabled, stopped_count=0, restarted_count=0

Compilation events (20 events):
Event: 1.605 Thread 0x000001deeb76ae00 nmethod 676 0x000001def6486290 code [0x000001def6486420, 0x000001def64864e8]
Event: 1.605 Thread 0x000001deff615ac0  678       3       java.security.Provider$ServiceKey::hashCode (19 bytes)
Event: 1.605 Thread 0x000001deeb76ae00  677       1       java.security.Provider$Service::getAliases (5 bytes)
Event: 1.605 Thread 0x000001deeb76ae00 nmethod 677 0x000001def6486590 code [0x000001def6486720, 0x000001def64867e8]
Event: 1.605 Thread 0x000001deff615ac0 nmethod 678 0x000001deee9b3310 code [0x000001deee9b34c0, 0x000001deee9b3658]
Event: 1.605 Thread 0x000001deeb769fc0  679   !   4       java.lang.String::replace (258 bytes)
Event: 1.609 Thread 0x000001deeb76ae00  682       3       java.lang.invoke.MethodHandle::<init> (37 bytes)
Event: 1.609 Thread 0x000001deff615ac0  683       3       java.lang.invoke.LambdaForm::prepare (108 bytes)
Event: 1.609 Thread 0x000001deeb76ae00 nmethod 682 0x000001deee9b3790 code [0x000001deee9b39a0, 0x000001deee9b3e98]
Event: 1.609 Thread 0x000001deeb76ae00  684       3       java.lang.ref.SoftReference::get (29 bytes)
Event: 2.620 Thread 0x000001deff615ac0 nmethod 683 0x000001deee9b4110 code [0x000001deee9b4360, 0x000001deee9b4aa8]
Event: 2.636 Thread 0x000001deeb76ae00 nmethod 684 0x000001deee9b4d90 code [0x000001deee9b4f40, 0x000001deee9b50d8]
Event: 2.636 Thread 0x000001deca1105b0 nmethod 670 0x000001def6486890 code [0x000001def6486a40, 0x000001def6486f78]
Event: 2.636 Thread 0x000001deca1105b0  680       4       jdk.internal.misc.Unsafe::allocateUninitializedArray (55 bytes)
Event: 2.637 Thread 0x000001deeb769fc0 nmethod 679 0x000001def6487290 code [0x000001def64874a0, 0x000001def6487d20]
Event: 2.637 Thread 0x000001deeb769fc0  681       4       jdk.internal.misc.Unsafe::allocateUninitializedArray0 (90 bytes)
Event: 2.637 Thread 0x000001deeb76ae00  685       3       java.lang.reflect.Modifier::isPublic (12 bytes)
Event: 2.637 Thread 0x000001deeb76ae00 nmethod 685 0x000001deee9b5190 code [0x000001deee9b5320, 0x000001deee9b5460]
Event: 2.638 Thread 0x000001deca1105b0 nmethod 680 0x000001def6488410 code [0x000001def64885a0, 0x000001def6488780]
Event: 2.638 Thread 0x000001deeb769fc0 nmethod 681 0x000001def6488890 code [0x000001def6488a20, 0x000001def6488bf0]

GC Heap History (0 events):
No events

Dll operation events (8 events):
Event: 0.016 Loaded shared library c:\Users\Aurora  N. Postrado\.vscode\extensions\redhat.java-1.50.0-win32-x64\jre\21.0.9-win32-x86_64\bin\java.dll
Event: 0.148 Loaded shared library c:\Users\Aurora  N. Postrado\.vscode\extensions\redhat.java-1.50.0-win32-x64\jre\21.0.9-win32-x86_64\bin\zip.dll
Event: 0.175 Loaded shared library C:\Users\Aurora  N. Postrado\.vscode\extensions\redhat.java-1.50.0-win32-x64\jre\21.0.9-win32-x86_64\bin\instrument.dll
Event: 0.184 Loaded shared library C:\Users\Aurora  N. Postrado\.vscode\extensions\redhat.java-1.50.0-win32-x64\jre\21.0.9-win32-x86_64\bin\net.dll
Event: 0.188 Loaded shared library C:\Users\Aurora  N. Postrado\.vscode\extensions\redhat.java-1.50.0-win32-x64\jre\21.0.9-win32-x86_64\bin\nio.dll
Event: 0.193 Loaded shared library C:\Users\Aurora  N. Postrado\.vscode\extensions\redhat.java-1.50.0-win32-x64\jre\21.0.9-win32-x86_64\bin\zip.dll
Event: 0.221 Loaded shared library C:\Users\Aurora  N. Postrado\.vscode\extensions\redhat.java-1.50.0-win32-x64\jre\21.0.9-win32-x86_64\bin\jimage.dll
Event: 0.343 Loaded shared library c:\Users\Aurora  N. Postrado\.vscode\extensions\redhat.java-1.50.0-win32-x64\jre\21.0.9-win32-x86_64\bin\verify.dll

Deoptimization events (20 events):
Event: 0.525 Thread 0x000001dee9439650 Uncommon trap: trap_request=0xffffff45 fr.pc=0x000001def6460618 relative=0x00000000000005f8
Event: 0.525 Thread 0x000001dee9439650 Uncommon trap: reason=unstable_if action=reinterpret pc=0x000001def6460618 method=java.util.HashMap.putVal(ILjava/lang/Object;Ljava/lang/Object;ZZ)Ljava/lang/Object; @ 69 c2
Event: 0.525 Thread 0x000001dee9439650 DEOPT PACKING pc=0x000001def6460618 sp=0x000000c7feafdfa0
Event: 0.525 Thread 0x000001dee9439650 DEOPT UNPACKING pc=0x000001def5d53aa2 sp=0x000000c7feafdf10 mode 2
Event: 0.529 Thread 0x000001dee9439650 DEOPT PACKING pc=0x000001deee8eb3d8 sp=0x000000c7feafbe00
Event: 0.529 Thread 0x000001dee9439650 DEOPT UNPACKING pc=0x000001def5d54242 sp=0x000000c7feafb2c0 mode 0
Event: 0.536 Thread 0x000001dee9439650 Uncommon trap: trap_request=0xffffff45 fr.pc=0x000001def6461360 relative=0x00000000000000c0
Event: 0.536 Thread 0x000001dee9439650 Uncommon trap: reason=unstable_if action=reinterpret pc=0x000001def6461360 method=java.lang.String.isLatin1()Z @ 10 c2
Event: 0.536 Thread 0x000001dee9439650 DEOPT PACKING pc=0x000001def6461360 sp=0x000000c7feafeca0
Event: 0.536 Thread 0x000001dee9439650 DEOPT UNPACKING pc=0x000001def5d53aa2 sp=0x000000c7feafebe0 mode 2
Event: 0.537 Thread 0x000001dee9439650 DEOPT PACKING pc=0x000001deee8eb3d8 sp=0x000000c7feafd900
Event: 0.537 Thread 0x000001dee9439650 DEOPT UNPACKING pc=0x000001def5d54242 sp=0x000000c7feafcdc0 mode 0
Event: 0.539 Thread 0x000001dee9439650 DEOPT PACKING pc=0x000001deee8eb3d8 sp=0x000000c7feafc640
Event: 0.539 Thread 0x000001dee9439650 DEOPT UNPACKING pc=0x000001def5d54242 sp=0x000000c7feafbb00 mode 0
Event: 0.541 Thread 0x000001dee9439650 DEOPT PACKING pc=0x000001deee8eb3d8 sp=0x000000c7feafb060
Event: 0.541 Thread 0x000001dee9439650 DEOPT UNPACKING pc=0x000001def5d54242 sp=0x000000c7feafa520 mode 0
Event: 1.608 Thread 0x000001dee9439650 Uncommon trap: trap_request=0xffffff45 fr.pc=0x000001def647fdec relative=0x000000000000014c
Event: 1.608 Thread 0x000001dee9439650 Uncommon trap: reason=unstable_if action=reinterpret pc=0x000001def647fdec method=jdk.internal.util.ArraysSupport.vectorizedHashCode(Ljava/lang/Object;IIII)I @ 2 c2
Event: 1.608 Thread 0x000001dee9439650 DEOPT PACKING pc=0x000001def647fdec sp=0x000000c7feafcaa0
Event: 1.608 Thread 0x000001dee9439650 DEOPT UNPACKING pc=0x000001def5d53aa2 sp=0x000000c7feafca50 mode 2

Classes loaded (20 events):
Event: 3.645 Loading class sun/security/x509/KeyIdentifier done
Event: 3.645 Loading class sun/security/util/MemoryCache$SoftCacheEntry
Event: 3.645 Loading class sun/security/util/MemoryCache$CacheEntry
Event: 3.645 Loading class sun/security/util/MemoryCache$CacheEntry done
Event: 3.645 Loading class sun/security/util/MemoryCache$SoftCacheEntry done
Event: 3.646 Loading class sun/security/jca/JCAUtil
Event: 3.646 Loading class sun/security/jca/JCAUtil done
Event: 3.646 Loading class jdk/internal/event/X509CertificateEvent
Event: 3.646 Loading class jdk/internal/event/X509CertificateEvent done
Event: 3.646 Loading class jdk/internal/event/EventHelper
Event: 3.646 Loading class jdk/internal/event/EventHelper done
Event: 3.646 Loading class java/lang/invoke/VarHandleReferences$FieldStaticReadWrite
Event: 3.646 Loading class java/lang/invoke/VarHandleReferences$FieldStaticReadOnly
Event: 3.646 Loading class java/lang/invoke/VarHandleReferences$FieldStaticReadOnly done
Event: 3.646 Loading class java/lang/invoke/VarHandleReferences$FieldStaticReadWrite done
Event: 3.647 Loading class java/lang/System$Logger$Level
Event: 3.647 Loading class java/lang/System$Logger$Level done
Event: 3.647 Loading class sun/security/x509/AuthorityKeyIdentifierExtension
Event: 3.647 Loading class sun/security/x509/AuthorityKeyIdentifierExtension done
Event: 3.647 Loading class sun/security/x509/GeneralNames

Classes unloaded (0 events):
No events

Classes redefined (0 events):
No events

Internal exceptions (12 events):
Event: 0.139 Thread 0x000001dee9439650 Exception <a 'java/lang/NoSuchMethodError'{0x00000000d57a9aa8}: 'void java.lang.invoke.DirectMethodHandle$Holder.invokeStatic(java.lang.Object, java.lang.Object, java.lang.Object)'> (0x00000000d57a9aa8) 
thrown [s\src\hotspot\share\interpreter\linkResolver.cpp, line 773]
Event: 0.212 Thread 0x000001dee9439650 Exception <a 'java/lang/NoSuchMethodError'{0x00000000d5a13c68}: 'java.lang.Object java.lang.invoke.Invokers$Holder.invokeExact_MT(java.lang.Object, java.lang.Object, java.lang.Object, java.lang.Object, java.lang.Object)'> (0x00000000d5a13c68) 
thrown [s\src\hotspot\share\interpreter\linkResolver.cpp, line 773]
Event: 0.270 Thread 0x000001dee9439650 Exception <a 'java/lang/NoSuchMethodError'{0x00000000d5acfaa8}: 'int java.lang.invoke.DirectMethodHandle$Holder.invokeSpecial(java.lang.Object, java.lang.Object, java.lang.Object, int)'> (0x00000000d5acfaa8) 
thrown [s\src\hotspot\share\interpreter\linkResolver.cpp, line 773]
Event: 0.274 Thread 0x000001dee9439650 Exception <a 'java/lang/NoSuchMethodError'{0x00000000d5ae2490}: 'java.lang.Object java.lang.invoke.DirectMethodHandle$Holder.invokeStatic(java.lang.Object, java.lang.Object, java.lang.Object, java.lang.Object, int)'> (0x00000000d5ae2490) 
thrown [s\src\hotspot\share\interpreter\linkResolver.cpp, line 773]
Event: 0.280 Thread 0x000001dee9439650 Exception <a 'java/lang/NoSuchMethodError'{0x00000000d5aed8d0}: 'void java.lang.invoke.DelegatingMethodHandle$Holder.reinvoke_L(java.lang.Object, java.lang.Object, java.lang.Object, int, java.lang.Object)'> (0x00000000d5aed8d0) 
thrown [s\src\hotspot\share\interpreter\linkResolver.cpp, line 773]
Event: 0.282 Thread 0x000001dee9439650 Exception <a 'java/lang/NoSuchMethodError'{0x00000000d5af1308}: 'int java.lang.invoke.DirectMethodHandle$Holder.invokeSpecial(java.lang.Object, java.lang.Object, java.lang.Object)'> (0x00000000d5af1308) 
thrown [s\src\hotspot\share\interpreter\linkResolver.cpp, line 773]
Event: 0.293 Thread 0x000001dee9439650 Exception <a 'java/lang/NoSuchMethodError'{0x00000000d5b09ff8}: 'java.lang.Object java.lang.invoke.DirectMethodHandle$Holder.invokeStatic(java.lang.Object, java.lang.Object, int)'> (0x00000000d5b09ff8) 
thrown [s\src\hotspot\share\interpreter\linkResolver.cpp, line 773]
Event: 0.295 Thread 0x000001dee9439650 Exception <a 'java/lang/NoSuchMethodError'{0x00000000d5b0e948}: 'void java.lang.invoke.DirectMethodHandle$Holder.invokeStatic(java.lang.Object, java.lang.Object, int, java.lang.Object)'> (0x00000000d5b0e948) 
thrown [s\src\hotspot\share\interpreter\linkResolver.cpp, line 773]
Event: 0.296 Thread 0x000001dee9439650 Exception <a 'java/lang/NoSuchMethodError'{0x00000000d5b12770}: 'void java.lang.invoke.DirectMethodHandle$Holder.invokeSpecial(java.lang.Object, java.lang.Object, java.lang.Object, int, java.lang.Object)'> (0x00000000d5b12770) 
thrown [s\src\hotspot\share\interpreter\linkResolver.cpp, line 773]
Event: 0.297 Thread 0x000001dee9439650 Exception <a 'java/lang/NoSuchMethodError'{0x00000000d5b15be0}: 'void java.lang.invoke.DelegatingMethodHandle$Holder.delegate(java.lang.Object, java.lang.Object, int, java.lang.Object)'> (0x00000000d5b15be0) 
thrown [s\src\hotspot\share\interpreter\linkResolver.cpp, line 773]
Event: 0.396 Thread 0x000001dee9439650 Exception <a 'java/lang/NoSuchMethodError'{0x00000000d5ce3f18}: 'void java.lang.invoke.DelegatingMethodHandle$Holder.reinvoke_L(java.lang.Object, java.lang.Object, java.lang.Object, int)'> (0x00000000d5ce3f18) 
thrown [s\src\hotspot\share\interpreter\linkResolver.cpp, line 773]
Event: 1.603 Thread 0x000001dee9439650 Exception <a 'java/lang/NoSuchMethodError'{0x00000000d6182668}: 'void java.lang.invoke.DirectMethodHandle$Holder.invokeVirtual(java.lang.Object, java.lang.Object)'> (0x00000000d6182668) 
thrown [s\src\hotspot\share\interpreter\linkResolver.cpp, line 773]

ZGC Phase Switch (0 events):
No events

VM Operations (8 events):
Event: 0.145 Executing VM operation: HandshakeAllThreads (Deoptimize)
Event: 0.145 Executing VM operation: HandshakeAllThreads (Deoptimize) done
Event: 0.237 Executing VM operation: HandshakeAllThreads (Deoptimize)
Event: 0.237 Executing VM operation: HandshakeAllThreads (Deoptimize) done
Event: 1.250 Executing VM operation: Cleanup
Event: 1.561 Executing VM operation: Cleanup done
Event: 2.574 Executing VM operation: Cleanup
Event: 2.636 Executing VM operation: Cleanup done

Memory protections (0 events):
No events

Nmethod flushes (0 events):
No events

Events (19 events):
Event: 0.048 Thread 0x000001dee9439650 Thread added: 0x000001dee9439650
Event: 0.077 Thread 0x000001dee9439650 Thread added: 0x000001defe15d210
Event: 0.077 Thread 0x000001dee9439650 Thread added: 0x000001deeb74ff70
Event: 0.077 Thread 0x000001dee9439650 Thread added: 0x000001deeb754700
Event: 0.077 Thread 0x000001dee9439650 Thread added: 0x000001deeb757330
Event: 0.078 Thread 0x000001dee9439650 Thread added: 0x000001deeb759de0
Event: 0.078 Thread 0x000001dee9439650 Thread added: 0x000001deeb766db0
Event: 0.078 Thread 0x000001dee9439650 Thread added: 0x000001deeb769fc0
Event: 0.078 Thread 0x000001dee9439650 Thread added: 0x000001deeb76ae00
Event: 0.144 Thread 0x000001deeb76ae00 Thread added: 0x000001deff615ac0
Event: 0.146 Thread 0x000001deeb76ae00 Thread added: 0x000001deff618f20
Event: 0.146 Thread 0x000001deeb76ae00 Thread added: 0x000001deff6195c0
Event: 0.157 Thread 0x000001deeb769fc0 Thread added: 0x000001deff689420
Event: 0.179 Thread 0x000001dee9439650 Thread added: 0x000001deff7bf000
Event: 0.428 Thread 0x000001deff689420 Thread exited: 0x000001deff689420
Event: 0.535 Thread 0x000001dee9439650 Thread added: 0x000001deff872b90
Event: 0.537 Thread 0x000001deff618f20 Thread added: 0x000001deca1105b0
Event: 1.566 Thread 0x000001deff618f20 Thread exited: 0x000001deff618f20
Event: 1.566 Thread 0x000001deff6195c0 Thread exited: 0x000001deff6195c0


Dynamic libraries:
0x00007ff7e3ce0000 - 0x00007ff7e3cee000 	c:\Users\Aurora  N. Postrado\.vscode\extensions\redhat.java-1.50.0-win32-x64\jre\21.0.9-win32-x86_64\bin\java.exe
0x00007ffe6ba20000 - 0x00007ffe6bc87000 	C:\WINDOWS\SYSTEM32\ntdll.dll
0x00007ffe6aa70000 - 0x00007ffe6ab39000 	C:\WINDOWS\System32\KERNEL32.DLL
0x00007ffe68f60000 - 0x00007ffe6934f000 	C:\WINDOWS\System32\KERNELBASE.dll
0x00007ffe69390000 - 0x00007ffe694db000 	C:\WINDOWS\System32\ucrtbase.dll
0x00007ffe3ad30000 - 0x00007ffe3ad4e000 	c:\Users\Aurora  N. Postrado\.vscode\extensions\redhat.java-1.50.0-win32-x64\jre\21.0.9-win32-x86_64\bin\VCRUNTIME140.dll
0x00007ffe3c680000 - 0x00007ffe3c698000 	c:\Users\Aurora  N. Postrado\.vscode\extensions\redhat.java-1.50.0-win32-x64\jre\21.0.9-win32-x86_64\bin\jli.dll
0x00007ffe6a170000 - 0x00007ffe6a335000 	C:\WINDOWS\System32\USER32.dll
0x00007ffe57b40000 - 0x00007ffe57dd3000 	C:\WINDOWS\WinSxS\amd64_microsoft.windows.common-controls_6595b64144ccf1df_6.0.26100.7309_none_3e05feeae336a044\COMCTL32.dll
0x00007ffe69360000 - 0x00007ffe69387000 	C:\WINDOWS\System32\win32u.dll
0x00007ffe69b80000 - 0x00007ffe69c29000 	C:\WINDOWS\System32\msvcrt.dll
0x00007ffe6a420000 - 0x00007ffe6a44b000 	C:\WINDOWS\System32\GDI32.dll
0x00007ffe68c00000 - 0x00007ffe68d2c000 	C:\WINDOWS\System32\gdi32full.dll
0x00007ffe694e0000 - 0x00007ffe69583000 	C:\WINDOWS\System32\msvcp_win.dll
0x00007ffe6b8a0000 - 0x00007ffe6b8d1000 	C:\WINDOWS\System32\IMM32.DLL
0x00007ffe5ab60000 - 0x00007ffe5ab6c000 	c:\Users\Aurora  N. Postrado\.vscode\extensions\redhat.java-1.50.0-win32-x64\jre\21.0.9-win32-x86_64\bin\vcruntime140_1.dll
0x00007ffe19c50000 - 0x00007ffe19cdd000 	c:\Users\Aurora  N. Postrado\.vscode\extensions\redhat.java-1.50.0-win32-x64\jre\21.0.9-win32-x86_64\bin\msvcp140.dll
0x00007ffdd8cb0000 - 0x00007ffdd9a50000 	c:\Users\Aurora  N. Postrado\.vscode\extensions\redhat.java-1.50.0-win32-x64\jre\21.0.9-win32-x86_64\bin\server\jvm.dll
0x00007ffe69ac0000 - 0x00007ffe69b74000 	C:\WINDOWS\System32\ADVAPI32.dll
0x00007ffe6a9c0000 - 0x00007ffe6aa66000 	C:\WINDOWS\System32\sechost.dll
0x00007ffe6a450000 - 0x00007ffe6a568000 	C:\WINDOWS\System32\RPCRT4.dll
0x00007ffe6a0d0000 - 0x00007ffe6a144000 	C:\WINDOWS\System32\WS2_32.dll
0x00007ffe62180000 - 0x00007ffe621b5000 	C:\WINDOWS\SYSTEM32\WINMM.dll
0x00007ffe689d0000 - 0x00007ffe68a2e000 	C:\WINDOWS\SYSTEM32\POWRPROF.dll
0x00007ffe621c0000 - 0x00007ffe621cb000 	C:\WINDOWS\SYSTEM32\VERSION.dll
0x00007ffe689b0000 - 0x00007ffe689c4000 	C:\WINDOWS\SYSTEM32\UMPDC.dll
0x00007ffe67920000 - 0x00007ffe6793b000 	C:\WINDOWS\SYSTEM32\kernel.appcore.dll
0x00007ffe5a040000 - 0x00007ffe5a04a000 	c:\Users\Aurora  N. Postrado\.vscode\extensions\redhat.java-1.50.0-win32-x64\jre\21.0.9-win32-x86_64\bin\jimage.dll
0x00007ffe5e950000 - 0x00007ffe5eb92000 	C:\WINDOWS\SYSTEM32\DBGHELP.DLL
0x00007ffe6a570000 - 0x00007ffe6a8f6000 	C:\WINDOWS\System32\combase.dll
0x00007ffe6a340000 - 0x00007ffe6a416000 	C:\WINDOWS\System32\OLEAUT32.dll
0x00007ffe4a380000 - 0x00007ffe4a3bc000 	C:\WINDOWS\SYSTEM32\dbgcore.DLL
0x00007ffe68eb0000 - 0x00007ffe68f55000 	C:\WINDOWS\System32\bcryptPrimitives.dll
0x00007ffe4d0b0000 - 0x00007ffe4d0bf000 	c:\Users\Aurora  N. Postrado\.vscode\extensions\redhat.java-1.50.0-win32-x64\jre\21.0.9-win32-x86_64\bin\instrument.dll
0x00007ffe35c70000 - 0x00007ffe35c90000 	c:\Users\Aurora  N. Postrado\.vscode\extensions\redhat.java-1.50.0-win32-x64\jre\21.0.9-win32-x86_64\bin\java.dll
0x00007ffe6b120000 - 0x00007ffe6b873000 	C:\WINDOWS\System32\SHELL32.dll
0x00007ffe69650000 - 0x00007ffe697ba000 	C:\WINDOWS\System32\wintypes.dll
0x00007ffe667b0000 - 0x00007ffe6700e000 	C:\WINDOWS\SYSTEM32\windows.storage.dll
0x00007ffe699c0000 - 0x00007ffe69ab4000 	C:\WINDOWS\System32\SHCORE.dll
0x00007ffe697c0000 - 0x00007ffe69826000 	C:\WINDOWS\System32\shlwapi.dll
0x00007ffe68a90000 - 0x00007ffe68ab9000 	C:\WINDOWS\SYSTEM32\profapi.dll
0x00007ffe490a0000 - 0x00007ffe490b8000 	c:\Users\Aurora  N. Postrado\.vscode\extensions\redhat.java-1.50.0-win32-x64\jre\21.0.9-win32-x86_64\bin\zip.dll
0x00007ffe4cc30000 - 0x00007ffe4cc40000 	C:\Users\Aurora  N. Postrado\.vscode\extensions\redhat.java-1.50.0-win32-x64\jre\21.0.9-win32-x86_64\bin\net.dll
0x00007ffe5f870000 - 0x00007ffe5f998000 	C:\WINDOWS\SYSTEM32\WINHTTP.dll
0x00007ffe67e90000 - 0x00007ffe67efb000 	C:\WINDOWS\system32\mswsock.dll
0x00007ffe49080000 - 0x00007ffe49096000 	C:\Users\Aurora  N. Postrado\.vscode\extensions\redhat.java-1.50.0-win32-x64\jre\21.0.9-win32-x86_64\bin\nio.dll
0x00007ffe4c6e0000 - 0x00007ffe4c6f0000 	c:\Users\Aurora  N. Postrado\.vscode\extensions\redhat.java-1.50.0-win32-x64\jre\21.0.9-win32-x86_64\bin\verify.dll

JVMTI agents:
c:\Users\Aurora  N. Postrado\.vscode\extensions\redhat.java-1.50.0-win32-x64\lombok\lombok-1.18.39-4050.jar path:c:\Users\Aurora  N. Postrado\.vscode\extensions\redhat.java-1.50.0-win32-x64\jre\21.0.9-win32-x86_64\bin\instrument.dll, loaded, initialized, instrumentlib options:none

dbghelp: loaded successfully - version: 4.0.5 - missing functions: none
symbol engine: initialized successfully - sym options: 0x614 - pdb path: .;c:\Users\Aurora  N. Postrado\.vscode\extensions\redhat.java-1.50.0-win32-x64\jre\21.0.9-win32-x86_64\bin;C:\WINDOWS\SYSTEM32;C:\WINDOWS\WinSxS\amd64_microsoft.windows.common-controls_6595b64144ccf1df_6.0.26100.7309_none_3e05feeae336a044;c:\Users\Aurora  N. Postrado\.vscode\extensions\redhat.java-1.50.0-win32-x64\jre\21.0.9-win32-x86_64\bin\server

VM Arguments:
jvm_args: --add-modules=ALL-SYSTEM --add-opens=java.base/java.util=ALL-UNNAMED --add-opens=java.base/java.lang=ALL-UNNAMED --add-opens=java.base/sun.nio.fs=ALL-UNNAMED -Declipse.application=org.eclipse.jdt.ls.core.id1 -Dosgi.bundles.defaultStartLevel=4 -Declipse.product=org.eclipse.jdt.ls.core.product -Djava.import.generatesMetadataFilesAtProjectRoot=false -DDetectVMInstallationsJob.disabled=true -Dfile.encoding=utf8 -XX:+UseParallelGC -XX:GCTimeRatio=4 -XX:AdaptiveSizePolicyWeight=90 -Dsun.zip.disableMemoryMapping=true -Xmx2G -Xms100m -Xlog:disable -javaagent:c:\Users\Aurora  N. Postrado\.vscode\extensions\redhat.java-1.50.0-win32-x64\lombok\lombok-1.18.39-4050.jar 
java_command: c:\Users\Aurora  N. Postrado\.vscode\extensions\redhat.java-1.50.0-win32-x64\server\plugins\org.eclipse.equinox.launcher_1.7.100.v20251111-0406.jar -configuration c:\Users\Aurora  N. Postrado\AppData\Roaming\Code\User\globalStorage\redhat.java\1.50.0\config_ss_win -data c:\Users\Aurora  N. Postrado\AppData\Roaming\Code\User\workspaceStorage\16087328b602278ea996584764c22d24\redhat.java\ss_ws --pipe=\\.\pipe\lsp-2d2f781e3f274145b92a2e3e40d167f1-sock
java_class_path (initial): c:\Users\Aurora  N. Postrado\.vscode\extensions\redhat.java-1.50.0-win32-x64\server\plugins\org.eclipse.equinox.launcher_1.7.100.v20251111-0406.jar
Launcher Type: SUN_STANDARD

[Global flags]
    uintx AdaptiveSizePolicyWeight                 = 90                                        {product} {command line}
     intx CICompilerCount                          = 12                                        {product} {ergonomic}
    uintx GCTimeRatio                              = 4                                         {product} {command line}
   size_t InitialHeapSize                          = 104857600                                 {product} {command line}
   size_t MaxHeapSize                              = 2147483648                                {product} {command line}
   size_t MaxNewSize                               = 715653120                                 {product} {ergonomic}
   size_t MinHeapDeltaBytes                        = 524288                                    {product} {ergonomic}
   size_t MinHeapSize                              = 104857600                                 {product} {command line}
   size_t NewSize                                  = 34603008                                  {product} {ergonomic}
    uintx NonNMethodCodeHeapSize                   = 7602480                                {pd product} {ergonomic}
    uintx NonProfiledCodeHeapSize                  = 122027880                              {pd product} {ergonomic}
   size_t OldSize                                  = 70254592                                  {product} {ergonomic}
    uintx ProfiledCodeHeapSize                     = 122027880                              {pd product} {ergonomic}
    uintx ReservedCodeCacheSize                    = 251658240                              {pd product} {ergonomic}
     bool SegmentedCodeCache                       = true                                      {product} {ergonomic}
   size_t SoftMaxHeapSize                          = 2147483648                             {manageable} {ergonomic}
     bool UseCompressedOops                        = true                           {product lp64_product} {ergonomic}
     bool UseLargePagesIndividualAllocation        = false                                  {pd product} {ergonomic}
     bool UseParallelGC                            = true                                      {product} {command line}

Logging:
Log output configuration:
 #0: stdout all=off uptime,level,tags foldmultilines=false
 #1: stderr all=off uptime,level,tags foldmultilines=false

Release file:
JAVA_VERSION="21.0.9" 
MODULES="java.base java.compiler java.datatransfer java.xml java.prefs java.desktop java.instrument java.logging java.management java.security.sasl java.naming java.rmi java.management.rmi java.net.http java.scripting java.security.jgss java.transaction.xa java.sql java.sql.rowset java.xml.crypto java.se java.smartcardio jdk.accessibility jdk.internal.jvmstat jdk.attach jdk.charsets jdk.internal.opt jdk.zipfs jdk.compiler jdk.crypto.ec jdk.crypto.cryptoki jdk.crypto.mscapi jdk.dynalink jdk.internal.ed jdk.editpad jdk.hotspot.agent jdk.httpserver jdk.internal.le jdk.internal.vm.ci jdk.internal.vm.compiler jdk.internal.vm.compiler.management jdk.jartool jdk.javadoc jdk.jcmd jdk.management jdk.management.agent jdk.jconsole jdk.jdeps jdk.jdwp.agent jdk.jdi jdk.jfr jdk.jshell jdk.jsobject jdk.jstatd jdk.localedata jdk.management.jfr jdk.naming.dns jdk.naming.rmi jdk.net jdk.nio.mapmode jdk.random jdk.sctp jdk.security.auth jdk.security.jgss jdk.unsupported jdk.unsupported.desktop jdk.xml.dom" 

Environment Variables:
PATH=C:\Program Files\Eclipse Adoptium\jdk-17.0.17.10-hotspot\bin;C:\Windows\system32;C:\Windows;C:\Windows\System32\Wbem;C:\Windows\System32\WindowsPowerShell\v1.0\;C:\Windows\System32\OpenSSH\;C:\Program Files (x86)\NVIDIA Corporation\PhysX\Common;C:\Program Files\NVIDIA Corporation\NVIDIA NvDLISR;C:\WINDOWS\system32;C:\WINDOWS;C:\WINDOWS\System32\Wbem;C:\WINDOWS\System32\WindowsPowerShell\v1.0\;C:\WINDOWS\System32\OpenSSH\;C:\Program Files\Git\cmd;C:\Users\Aurora  N. Postrado\AppData\Local\Microsoft\WindowsApps;C:\Users\Aurora  N. Postrado\AppData\Local\Programs\Microsoft VS Code\bin;C:\Users\Aurora  N. Postrado\AppData\Local\GitHubDesktop\bin
USERNAME=Aurora  N. Postrado
OS=Windows_NT
PROCESSOR_IDENTIFIER=AMD64 Family 23 Model 104 Stepping 1, AuthenticAMD
TMP=C:\Users\AURORA~1.POS\AppData\Local\Temp
TEMP=C:\Users\AURORA~1.POS\AppData\Local\Temp




Periodic native trim disabled

---------------  S Y S T E M  ---------------

OS:
 Windows 11 , 64 bit Build 26100 (10.0.26100.7309)
OS uptime: 0 days 0:12 hours

CPU: total 16 (initial active 16) (16 cores per cpu, 2 threads per core) family 23 model 104 stepping 1 microcode 0x8608103, cx8, cmov, fxsr, ht, mmx, 3dnowpref, sse, sse2, sse3, ssse3, sse4a, sse4.1, sse4.2, popcnt, lzcnt, tsc, tscinvbit, avx, avx2, aes, clmul, bmi1, bmi2, adx, sha, fma, vzeroupper, clflush, clflushopt, rdtscp, rdpid, f16c
Processor Information for the first 16 processors :
  Max Mhz: 1801, Current Mhz: 1801, Mhz Limit: 1801

Memory: 4k page, system-wide physical 7514M (1456M free)
TotalPageFile size 7514M (AvailPageFile size 244M)
current process WorkingSet (physical memory assigned to process): 54M, peak: 54M
current process commit charge ("private bytes"): 243M, peak: 243M

vm_info: OpenJDK 64-Bit Server VM (21.0.9+10-LTS) for windows-amd64 JRE (21.0.9+10-LTS), built on 2025-10-21T00:00:00Z by "admin" with unknown MS VC++:1942

END.
