#
# There is insufficient memory for the Java Runtime Environment to continue.
# Native memory allocation (malloc) failed to allocate 1696304 bytes. Error detail: Chunk::new
# Possible reasons:
#   The system is out of physical RAM or swap space
#   This process is running with CompressedOops enabled, and the Java Heap may be blocking the growth of the native heap
# Possible solutions:
#   Reduce memory load on the system
#   Increase physical memory or swap space
#   Check if swap backing store is full
#   Decrease Java heap size (-Xmx/-Xms)
#   Decrease number of Java threads
#   Decrease Java thread stack sizes (-Xss)
#   Set larger code cache with -XX:ReservedCodeCacheSize=
#   JVM is running with Unscaled Compressed Oops mode in which the Java heap is
#     placed in the first 4GB address space. The Java Heap base address is the
#     maximum limit for the native heap growth. Please use -XX:HeapBaseMinAddress
#     to set the Java Heap base and to place the Java Heap above 4GB virtual address.
# This output file may be truncated or incomplete.
#
#  Out of Memory Error (arena.cpp:168), pid=15632, tid=3796
#
# JRE version: OpenJDK Runtime Environment Temurin-21.0.9+10 (21.0.9+10) (build 21.0.9+10-LTS)
# Java VM: OpenJDK 64-Bit Server VM Temurin-21.0.9+10 (21.0.9+10-LTS, mixed mode, sharing, tiered, compressed oops, compressed class ptrs, parallel gc, windows-amd64)
# No core dump will be written. Minidumps are not enabled by default on client versions of Windows
#

---------------  S U M M A R Y ------------

Command Line: --add-modules=ALL-SYSTEM --add-opens=java.base/java.util=ALL-UNNAMED --add-opens=java.base/java.lang=ALL-UNNAMED --add-opens=java.base/sun.nio.fs=ALL-UNNAMED -Declipse.application=org.eclipse.jdt.ls.core.id1 -Dosgi.bundles.defaultStartLevel=4 -Declipse.product=org.eclipse.jdt.ls.core.product -Djava.import.generatesMetadataFilesAtProjectRoot=false -DDetectVMInstallationsJob.disabled=true -Dfile.encoding=utf8 -XX:+UseParallelGC -XX:GCTimeRatio=4 -XX:AdaptiveSizePolicyWeight=90 -Dsun.zip.disableMemoryMapping=true -Xmx2G -Xms100m -Xlog:disable -javaagent:c:\Users\Aurora  N. Postrado\.vscode\extensions\redhat.java-1.50.0-win32-x64\lombok\lombok-1.18.39-4050.jar -XX:+HeapDumpOnOutOfMemoryError -XX:HeapDumpPath=c:\Users\Aurora  N. Postrado\AppData\Roaming\Code\User\workspaceStorage\16087328b602278ea996584764c22d24\redhat.java -Daether.dependencyCollector.impl=bf c:\Users\Aurora  N. Postrado\.vscode\extensions\redhat.java-1.50.0-win32-x64\server\plugins\org.eclipse.equinox.launcher_1.7.100.v20251111-0406.jar -configuration c:\Users\Aurora  N. Postrado\AppData\Roaming\Code\User\globalStorage\redhat.java\1.50.0\config_win -data c:\Users\Aurora  N. Postrado\AppData\Roaming\Code\User\workspaceStorage\16087328b602278ea996584764c22d24\redhat.java\jdt_ws --pipe=\\.\pipe\lsp-24a69838078ab426d4beaf5b35fe6664-sock

Host: AMD Ryzen 7 5700U with Radeon Graphics         , 16 cores, 7G,  Windows 11 , 64 bit Build 26100 (10.0.26100.7309)
Time: Fri Dec 12 11:13:16 2025 Malay Peninsula Standard Time elapsed time: 596.141960 seconds (0d 0h 9m 56s)

---------------  T H R E A D  ---------------

Current thread (0x0000021cf7dbec10):  JavaThread "C2 CompilerThread0" daemon [_thread_in_native, id=3796, stack(0x000000ca38400000,0x000000ca38500000) (1024K)]


Current CompileTask:
C2:596142 13437       4       org.eclipse.jdt.internal.compiler.lookup.ModuleBinding::getVisiblePackage (472 bytes)

Stack: [0x000000ca38400000,0x000000ca38500000]
Native frames: (J=compiled Java code, j=interpreted, Vv=VM code, C=native code)
V  [jvm.dll+0x6d6e29]
V  [jvm.dll+0x8b4b76]
V  [jvm.dll+0x8b712e]
V  [jvm.dll+0x8b7813]
V  [jvm.dll+0x283d86]
V  [jvm.dll+0xc66ed]
V  [jvm.dll+0xc6c31]
V  [jvm.dll+0x3be53b]
V  [jvm.dll+0x38ab92]
V  [jvm.dll+0x389fda]
V  [jvm.dll+0x24bfa0]
V  [jvm.dll+0x24b580]
V  [jvm.dll+0x1cb13e]
V  [jvm.dll+0x25b29d]
V  [jvm.dll+0x25982a]
V  [jvm.dll+0x3f7ea6]
V  [jvm.dll+0x85e9ad]
V  [jvm.dll+0x6d565d]
C  [ucrtbase.dll+0x37b0]
C  [KERNEL32.DLL+0x2e8d7]
C  [ntdll.dll+0x8c53c]


---------------  P R O C E S S  ---------------

Threads class SMR info:
_java_thread_list=0x0000021cfe4d14e0, length=60, elements={
0x0000021ceed1c7a0, 0x0000021cf7d883c0, 0x0000021cf67cce50, 0x0000021cf7d8d890,
0x0000021cf7d90690, 0x0000021cf7d8f170, 0x0000021cf7db7a50, 0x0000021cf7dbec10,
0x0000021cf7dc8310, 0x0000021cf7ff0950, 0x0000021cf94a7ab0, 0x0000021cfe4998b0,
0x0000021cfe3478e0, 0x0000021cfe17f310, 0x0000021cf7ecb1c0, 0x0000021cf9506860,
0x0000021cf9a126b0, 0x0000021cf9b65ac0, 0x0000021cf96533e0, 0x0000021cfed82030,
0x0000021cfed826c0, 0x0000021cd1619dc0, 0x0000021cd161a450, 0x0000021cd161aae0,
0x0000021cd161b170, 0x0000021cd161b800, 0x0000021cd1618a10, 0x0000021cd1618380,
0x0000021cfea80310, 0x0000021cfea81d50, 0x0000021cfea809a0, 0x0000021cfea7fc80,
0x0000021cfea81030, 0x0000021cfea816c0, 0x0000021cfea823e0, 0x0000021cfea7ef60,
0x0000021cfea7f5f0, 0x0000021cfea85860, 0x0000021cfea84b40, 0x0000021cfea83e20,
0x0000021cfea83790, 0x0000021cfea851d0, 0x0000021cfea85ef0, 0x0000021cd0baaca0,
0x0000021cd0baa610, 0x0000021cd0ba7190, 0x0000021cd0ba8bd0, 0x0000021cd0ba7eb0,
0x0000021cd0ba9260, 0x0000021cd0ba6b00, 0x0000021cd0ba7820, 0x0000021cd0ba5de0,
0x0000021cd0ba98f0, 0x0000021cd0ba6470, 0x0000021cd0bab9c0, 0x0000021cd0bab330,
0x0000021cd0bad400, 0x0000021cd0bacd70, 0x0000021cd16190a0, 0x0000021cd41824e0
}

Java Threads: ( => current thread )
  0x0000021ceed1c7a0 JavaThread "main"                              [_thread_blocked, id=7128, stack(0x000000ca37a00000,0x000000ca37b00000) (1024K)]
  0x0000021cf7d883c0 JavaThread "Reference Handler"          daemon [_thread_blocked, id=4888, stack(0x000000ca37e00000,0x000000ca37f00000) (1024K)]
  0x0000021cf67cce50 JavaThread "Finalizer"                  daemon [_thread_blocked, id=4672, stack(0x000000ca37f00000,0x000000ca38000000) (1024K)]
  0x0000021cf7d8d890 JavaThread "Signal Dispatcher"          daemon [_thread_blocked, id=7864, stack(0x000000ca38000000,0x000000ca38100000) (1024K)]
  0x0000021cf7d90690 JavaThread "Attach Listener"            daemon [_thread_blocked, id=4692, stack(0x000000ca38100000,0x000000ca38200000) (1024K)]
  0x0000021cf7d8f170 JavaThread "Service Thread"             daemon [_thread_blocked, id=11784, stack(0x000000ca38200000,0x000000ca38300000) (1024K)]
  0x0000021cf7db7a50 JavaThread "Monitor Deflation Thread"   daemon [_thread_blocked, id=12812, stack(0x000000ca38300000,0x000000ca38400000) (1024K)]
=>0x0000021cf7dbec10 JavaThread "C2 CompilerThread0"         daemon [_thread_in_native, id=3796, stack(0x000000ca38400000,0x000000ca38500000) (1024K)]
  0x0000021cf7dc8310 JavaThread "C1 CompilerThread0"         daemon [_thread_blocked, id=16044, stack(0x000000ca38500000,0x000000ca38600000) (1024K)]
  0x0000021cf7ff0950 JavaThread "Common-Cleaner"             daemon [_thread_blocked, id=2504, stack(0x000000ca38a00000,0x000000ca38b00000) (1024K)]
  0x0000021cf94a7ab0 JavaThread "Notification Thread"        daemon [_thread_blocked, id=2340, stack(0x000000ca38900000,0x000000ca38a00000) (1024K)]
  0x0000021cfe4998b0 JavaThread "Active Thread: Equinox Container: 1ccb4af2-1775-445f-94c6-5d2250343190"        [_thread_blocked, id=6640, stack(0x000000ca39300000,0x000000ca39400000) (1024K)]
  0x0000021cfe3478e0 JavaThread "Refresh Thread: Equinox Container: 1ccb4af2-1775-445f-94c6-5d2250343190" daemon [_thread_blocked, id=14552, stack(0x000000ca38700000,0x000000ca38800000) (1024K)]
  0x0000021cfe17f310 JavaThread "Framework Event Dispatcher: Equinox Container: 1ccb4af2-1775-445f-94c6-5d2250343190" daemon [_thread_blocked, id=14780, stack(0x000000ca38800000,0x000000ca38900000) (1024K)]
  0x0000021cf7ecb1c0 JavaThread "Start Level: Equinox Container: 1ccb4af2-1775-445f-94c6-5d2250343190" daemon [_thread_blocked, id=11972, stack(0x000000ca38600000,0x000000ca38700000) (1024K)]
  0x0000021cf9506860 JavaThread "Bundle File Closer"         daemon [_thread_blocked, id=8196, stack(0x000000ca39700000,0x000000ca39800000) (1024K)]
  0x0000021cf9a126b0 JavaThread "SCR Component Actor"        daemon [_thread_blocked, id=13332, stack(0x000000ca39b00000,0x000000ca39c00000) (1024K)]
  0x0000021cf9b65ac0 JavaThread "Worker-JM"                         [_thread_blocked, id=9384, stack(0x000000ca39d00000,0x000000ca39e00000) (1024K)]
  0x0000021cf96533e0 JavaThread "JNA Cleaner"                daemon [_thread_blocked, id=15028, stack(0x000000ca39e00000,0x000000ca39f00000) (1024K)]
  0x0000021cfed82030 JavaThread "Worker-0"                          [_thread_blocked, id=8108, stack(0x000000ca39c00000,0x000000ca39d00000) (1024K)]
  0x0000021cfed826c0 JavaThread "Java indexing"              daemon [_thread_blocked, id=7348, stack(0x000000ca3a200000,0x000000ca3a300000) (1024K)]
  0x0000021cd1619dc0 JavaThread "Thread-1"                   daemon [_thread_in_native, id=15992, stack(0x000000ca3a900000,0x000000ca3aa00000) (1024K)]
  0x0000021cd161a450 JavaThread "Thread-2"                   daemon [_thread_in_native, id=16348, stack(0x000000ca3aa00000,0x000000ca3ab00000) (1024K)]
  0x0000021cd161aae0 JavaThread "Thread-3"                   daemon [_thread_in_native, id=8100, stack(0x000000ca3ab00000,0x000000ca3ac00000) (1024K)]
  0x0000021cd161b170 JavaThread "Thread-4"                   daemon [_thread_in_native, id=14388, stack(0x000000ca3ac00000,0x000000ca3ad00000) (1024K)]
  0x0000021cd161b800 JavaThread "Thread-5"                   daemon [_thread_in_native, id=16344, stack(0x000000ca3ad00000,0x000000ca3ae00000) (1024K)]
  0x0000021cd1618a10 JavaThread "Thread-6"                   daemon [_thread_in_native, id=16320, stack(0x000000ca3ae00000,0x000000ca3af00000) (1024K)]
  0x0000021cd1618380 JavaThread "Thread-7"                   daemon [_thread_in_native, id=2296, stack(0x000000ca3af00000,0x000000ca3b000000) (1024K)]
  0x0000021cfea80310 JavaThread "Thread-8"                   daemon [_thread_in_native, id=9728, stack(0x000000ca3b000000,0x000000ca3b100000) (1024K)]
  0x0000021cfea81d50 JavaThread "Thread-9"                   daemon [_thread_in_native, id=12412, stack(0x000000ca3b100000,0x000000ca3b200000) (1024K)]
  0x0000021cfea809a0 JavaThread "Thread-10"                  daemon [_thread_in_native, id=15880, stack(0x000000ca3b200000,0x000000ca3b300000) (1024K)]
  0x0000021cfea7fc80 JavaThread "Thread-11"                  daemon [_thread_in_native, id=14748, stack(0x000000ca3b300000,0x000000ca3b400000) (1024K)]
  0x0000021cfea81030 JavaThread "Thread-12"                  daemon [_thread_in_native, id=7608, stack(0x000000ca3b400000,0x000000ca3b500000) (1024K)]
  0x0000021cfea816c0 JavaThread "Thread-13"                  daemon [_thread_in_native, id=11780, stack(0x000000ca3b500000,0x000000ca3b600000) (1024K)]
  0x0000021cfea823e0 JavaThread "Thread-14"                  daemon [_thread_in_native, id=16340, stack(0x000000ca3b600000,0x000000ca3b700000) (1024K)]
  0x0000021cfea7ef60 JavaThread "Thread-15"                  daemon [_thread_in_native, id=3792, stack(0x000000ca3b700000,0x000000ca3b800000) (1024K)]
  0x0000021cfea7f5f0 JavaThread "Thread-16"                  daemon [_thread_in_native, id=8572, stack(0x000000ca3b800000,0x000000ca3b900000) (1024K)]
  0x0000021cfea85860 JavaThread "Thread-17"                  daemon [_thread_in_native, id=4884, stack(0x000000ca3b900000,0x000000ca3ba00000) (1024K)]
  0x0000021cfea84b40 JavaThread "pool-2-thread-1"                   [_thread_blocked, id=8504, stack(0x000000ca3ba00000,0x000000ca3bb00000) (1024K)]
  0x0000021cfea83e20 JavaThread "WorkspaceEventsHandler"            [_thread_blocked, id=7372, stack(0x000000ca3bf00000,0x000000ca3c000000) (1024K)]
  0x0000021cfea83790 JavaThread "pool-1-thread-1"                   [_thread_blocked, id=7396, stack(0x000000ca3c000000,0x000000ca3c100000) (1024K)]
  0x0000021cfea851d0 JavaThread "ForkJoinPool.commonPool-worker-1" daemon [_thread_blocked, id=9860, stack(0x000000ca3a100000,0x000000ca3a200000) (1024K)]
  0x0000021cfea85ef0 JavaThread "ForkJoinPool.commonPool-worker-2" daemon [_thread_blocked, id=9448, stack(0x000000ca3a600000,0x000000ca3a700000) (1024K)]
  0x0000021cd0baaca0 JavaThread "ForkJoinPool.commonPool-worker-4" daemon [_thread_blocked, id=15372, stack(0x000000ca3dc00000,0x000000ca3dd00000) (1024K)]
  0x0000021cd0baa610 JavaThread "Cleaner-0"                  daemon [_thread_blocked, id=15308, stack(0x000000ca3e400000,0x000000ca3e500000) (1024K)]
  0x0000021cd0ba7190 JavaThread "Worker-5"                          [_thread_blocked, id=13648, stack(0x000000ca37900000,0x000000ca37a00000) (1024K)]
  0x0000021cd0ba8bd0 JavaThread "Compiler Source File Reader" daemon [_thread_blocked, id=4588, stack(0x000000ca3a300000,0x000000ca3a400000) (1024K)]
  0x0000021cd0ba7eb0 JavaThread "Compiler Source File Reader" daemon [_thread_blocked, id=16360, stack(0x000000ca39600000,0x000000ca39700000) (1024K)]
  0x0000021cd0ba9260 JavaThread "ForkJoinPool.commonPool-worker-9" daemon [_thread_blocked, id=15228, stack(0x000000ca37700000,0x000000ca37800000) (1024K)]
  0x0000021cd0ba6b00 JavaThread "ForkJoinPool.commonPool-worker-10" daemon [_thread_blocked, id=8320, stack(0x000000ca37800000,0x000000ca37900000) (1024K)]
  0x0000021cd0ba7820 JavaThread "ForkJoinPool.commonPool-worker-11" daemon [_thread_blocked, id=8832, stack(0x000000ca39800000,0x000000ca39900000) (1024K)]
  0x0000021cd0ba5de0 JavaThread "ForkJoinPool.commonPool-worker-12" daemon [_thread_blocked, id=15224, stack(0x000000ca39f00000,0x000000ca3a000000) (1024K)]
  0x0000021cd0ba98f0 JavaThread "Worker-7"                          [_thread_blocked, id=2580, stack(0x000000ca3a000000,0x000000ca3a100000) (1024K)]
  0x0000021cd0ba6470 JavaThread "Worker-8"                          [_thread_blocked, id=9392, stack(0x000000ca3a400000,0x000000ca3a500000) (1024K)]
  0x0000021cd0bab9c0 JavaThread "Compiler Source File Reader" daemon [_thread_blocked, id=14468, stack(0x000000ca3c100000,0x000000ca3c200000) (1024K)]
  0x0000021cd0bab330 JavaThread "Compiler Processing Task"   daemon [_thread_blocked, id=15252, stack(0x000000ca3c200000,0x000000ca3c300000) (1024K)]
  0x0000021cd0bad400 JavaThread "ForkJoinPool.commonPool-worker-13" daemon [_thread_blocked, id=14864, stack(0x000000ca3a800000,0x000000ca3a900000) (1024K)]
  0x0000021cd0bacd70 JavaThread "ForkJoinPool.commonPool-worker-14" daemon [_thread_blocked, id=9760, stack(0x000000ca3be00000,0x000000ca3bf00000) (1024K)]
  0x0000021cd16190a0 JavaThread "Compiler Source File Reader" daemon [_thread_blocked, id=9116, stack(0x000000ca3c300000,0x000000ca3c400000) (1024K)]
  0x0000021cd41824e0 JavaThread "C2 CompilerThread1"         daemon [_thread_in_native, id=11512, stack(0x000000ca3a500000,0x000000ca3a600000) (1024K)]
Total: 60

Other Threads:
  0x0000021cf7d832d0 VMThread "VM Thread"                           [id=3820, stack(0x000000ca37d00000,0x000000ca37e00000) (1024K)]
  0x0000021ceed87430 WatcherThread "VM Periodic Task Thread"        [id=11224, stack(0x000000ca37c00000,0x000000ca37d00000) (1024K)]
  0x0000021ceed3aa50 WorkerThread "GC Thread#0"                     [id=3660, stack(0x000000ca37b00000,0x000000ca37c00000) (1024K)]
  0x0000021cfe11a7c0 WorkerThread "GC Thread#1"                     [id=14932, stack(0x000000ca38c00000,0x000000ca38d00000) (1024K)]
  0x0000021cf94ca580 WorkerThread "GC Thread#2"                     [id=15900, stack(0x000000ca38d00000,0x000000ca38e00000) (1024K)]
  0x0000021cf94ca920 WorkerThread "GC Thread#3"                     [id=3892, stack(0x000000ca38e00000,0x000000ca38f00000) (1024K)]
  0x0000021cf985c3c0 WorkerThread "GC Thread#4"                     [id=11176, stack(0x000000ca38f00000,0x000000ca39000000) (1024K)]
  0x0000021cf97bd3b0 WorkerThread "GC Thread#5"                     [id=9460, stack(0x000000ca39000000,0x000000ca39100000) (1024K)]
  0x0000021cf97bcc70 WorkerThread "GC Thread#6"                     [id=1604, stack(0x000000ca39100000,0x000000ca39200000) (1024K)]
  0x0000021cf97bd010 WorkerThread "GC Thread#7"                     [id=14132, stack(0x000000ca39200000,0x000000ca39300000) (1024K)]
  0x0000021cf97bbdf0 WorkerThread "GC Thread#8"                     [id=3740, stack(0x000000ca38b00000,0x000000ca38c00000) (1024K)]
  0x0000021cf97bc190 WorkerThread "GC Thread#9"                     [id=12180, stack(0x000000ca39400000,0x000000ca39500000) (1024K)]
  0x0000021cf97bc530 WorkerThread "GC Thread#10"                    [id=2224, stack(0x000000ca39500000,0x000000ca39600000) (1024K)]
  0x0000021cfe569e10 WorkerThread "GC Thread#11"                    [id=13652, stack(0x000000ca39900000,0x000000ca39a00000) (1024K)]
  0x0000021cfe56bb10 WorkerThread "GC Thread#12"                    [id=14832, stack(0x000000ca39a00000,0x000000ca39b00000) (1024K)]
Total: 15

Threads with active compile tasks:
C2 CompilerThread0  596187 13437       4       org.eclipse.jdt.internal.compiler.lookup.ModuleBinding::getVisiblePackage (472 bytes)
C2 CompilerThread1  596187 13442       4       java.util.regex.Pattern::atom (422 bytes)
Total: 2

VM state: not at safepoint (normal execution)

VM Mutex/Monitor currently owned by a thread: None

Heap address: 0x0000000080000000, size: 2048 MB, Compressed Oops mode: 32-bit

CDS archive(s) mapped at: [0x0000021c8f000000-0x0000021c8fba0000-0x0000021c8fba0000), size 12189696, SharedBaseAddress: 0x0000021c8f000000, ArchiveRelocationMode: 1.
Compressed class space mapped at: 0x0000021c90000000-0x0000021cd0000000, reserved size: 1073741824
Narrow klass base: 0x0000021c8f000000, Narrow klass shift: 0, Narrow klass range: 0x100000000

GC Precious Log:
 CardTable entry size: 512
 CPUs: 16 total, 16 available
 Memory: 7514M
 Large Page Support: Disabled
 NUMA Support: Disabled
 Compressed Oops: Enabled (32-bit)
 Alignments: Space 512K, Generation 512K, Heap 2M
 Heap Min Capacity: 100M
 Heap Initial Capacity: 100M
 Heap Max Capacity: 2G
 Pre-touch: Disabled
 Parallel Workers: 13

Heap:
 PSYoungGen      total 2048K, used 1889K [0x00000000d5580000, 0x00000000d5800000, 0x0000000100000000)
  eden space 1536K, 96% used [0x00000000d5580000,0x00000000d56f4470,0x00000000d5700000)
  from space 512K, 78% used [0x00000000d5780000,0x00000000d57e4010,0x00000000d5800000)
  to   space 512K, 0% used [0x00000000d5700000,0x00000000d5700000,0x00000000d5780000)
 ParOldGen       total 121344K, used 120896K [0x0000000080000000, 0x0000000087680000, 0x00000000d5580000)
  object space 121344K, 99% used [0x0000000080000000,0x0000000087610250,0x0000000087680000)
 Metaspace       used 71375K, committed 72896K, reserved 1114112K
  class space    used 7384K, committed 8000K, reserved 1048576K

Card table byte_map: [0x0000021cee6d0000,0x0000021ceeae0000] _byte_map_base: 0x0000021cee2d0000

Marking Bits: (ParMarkBitMap*) 0x00007fffe18f2460
 Begin Bits: [0x0000021cf21d0000, 0x0000021cf41d0000)
 End Bits:   [0x0000021cf41d0000, 0x0000021cf61d0000)

Polling page: 0x0000021cecbf0000

Metaspace:

Usage:
  Non-class:     62.49 MB used.
      Class:      7.21 MB used.
       Both:     69.70 MB used.

Virtual space:
  Non-class space:       64.00 MB reserved,      63.38 MB (>99%) committed,  1 nodes.
      Class space:        1.00 GB reserved,       7.81 MB ( <1%) committed,  1 nodes.
             Both:        1.06 GB reserved,      71.19 MB (  7%) committed. 

Chunk freelists:
   Non-Class:  555.00 KB
       Class:  8.10 MB
        Both:  8.64 MB

MaxMetaspaceSize: unlimited
CompressedClassSpaceSize: 1.00 GB
Initial GC threshold: 21.00 MB
Current GC threshold: 118.25 MB
CDS: on
 - commit_granule_bytes: 65536.
 - commit_granule_words: 8192.
 - virtual_space_node_default_size: 8388608.
 - enlarge_chunks_in_place: 1.
 - use_allocation_guard: 0.


Internal statistics:

num_allocs_failed_limit: 9.
num_arena_births: 1244.
num_arena_deaths: 26.
num_vsnodes_births: 2.
num_vsnodes_deaths: 0.
num_space_committed: 1139.
num_space_uncommitted: 0.
num_chunks_returned_to_freelist: 40.
num_chunks_taken_from_freelist: 4571.
num_chunk_merges: 11.
num_chunk_splits: 2838.
num_chunks_enlarged: 1671.
num_inconsistent_stats: 0.

CodeHeap 'non-profiled nmethods': size=119168Kb used=11324Kb max_used=11573Kb free=107844Kb
 bounds [0x0000021c87ba0000, 0x0000021c88710000, 0x0000021c8f000000]
CodeHeap 'profiled nmethods': size=119104Kb used=28560Kb max_used=30494Kb free=90543Kb
 bounds [0x0000021c80000000, 0x0000021c81dd0000, 0x0000021c87450000]
CodeHeap 'non-nmethods': size=7488Kb used=1469Kb max_used=3280Kb free=6018Kb
 bounds [0x0000021c87450000, 0x0000021c87790000, 0x0000021c87ba0000]
CodeCache: size=245760Kb, used=41353Kb, max_used=45347Kb, free=204405Kb
 total_blobs=12603, nmethods=11816, adapters=691, full_count=0
Compilation: enabled, stopped_count=0, restarted_count=0

Compilation events (20 events):
Event: 594.929 Thread 0x0000021cf7dc8310 13435       3       java.lang.invoke.LambdaForm$MH/0x0000021c90762800::invoke (45 bytes)
Event: 594.930 Thread 0x0000021cf7dbec10 nmethod 13432 0x0000021c87f11e90 code [0x0000021c87f12040, 0x0000021c87f12360]
Event: 594.930 Thread 0x0000021cf7dc8310 nmethod 13435 0x0000021c80503a10 code [0x0000021c80503c60, 0x0000021c805046b8]
Event: 594.930 Thread 0x0000021cf7dc8310 13436       3       org.eclipse.core.internal.jobs.JobListeners$$Lambda/0x0000021c9018d820::notify (8 bytes)
Event: 594.932 Thread 0x0000021cf7dc8310 nmethod 13436 0x0000021c802b2c90 code [0x0000021c802b2e40, 0x0000021c802b3020]
Event: 594.938 Thread 0x0000021cf7dbec10 13437       4       org.eclipse.jdt.internal.compiler.lookup.ModuleBinding::getVisiblePackage (472 bytes)
Event: 594.944 Thread 0x0000021cf7dc8310 13439       3       java.util.HashMap$HashMapSpliterator::getFence (53 bytes)
Event: 594.944 Thread 0x0000021cf7dc8310 nmethod 13439 0x0000021c80437990 code [0x0000021c80437b40, 0x0000021c80437ce8]
Event: 594.950 Thread 0x0000021cf7dc8310 13441   !   3       org.eclipse.core.internal.resources.Resource::isFiltered (9 bytes)
Event: 594.950 Thread 0x0000021cf7dc8310 nmethod 13441 0x0000021c8044a510 code [0x0000021c8044a6c0, 0x0000021c8044a8d8]
Event: 594.956 Thread 0x0000021cf7dc8310 13443       3       org.eclipse.lsp4j.jsonrpc.json.adapters.JsonElementTypeAdapter::write (48 bytes)
Event: 594.957 Thread 0x0000021cf7dc8310 nmethod 13443 0x0000021c80310f10 code [0x0000021c80311120, 0x0000021c803116f8]
Event: 594.961 Thread 0x0000021cf7dc8310 13444       3       org.eclipse.core.internal.localstore.FileSystemResourceManager::allResourcesFor (202 bytes)
Event: 594.964 Thread 0x0000021cf7dc8310 nmethod 13444 0x0000021c80049c90 code [0x0000021c80049fa0, 0x0000021c8004b8d0]
Event: 594.964 Thread 0x0000021cf7dc8310 13445       3       org.eclipse.core.internal.resources.Resource::isFilteredWithException (162 bytes)
Event: 594.965 Thread 0x0000021cf7dc8310 nmethod 13445 0x0000021c80da4a90 code [0x0000021c80da4dc0, 0x0000021c80da65b0]
Event: 594.966 Thread 0x0000021cf7dc8310 13446       3       org.eclipse.jdt.ls.core.internal.handlers.BaseDocumentLifeCycleHandler$PublishDiagnosticJob::belongsTo (7 bytes)
Event: 594.967 Thread 0x0000021cf7dc8310 nmethod 13446 0x0000021c80218d90 code [0x0000021c80218f40, 0x0000021c80219088]
Event: 594.968 Thread 0x0000021cf7dc8310 13447       3       org.eclipse.core.internal.localstore.FileSystemResourceManager::resourceFor (83 bytes)
Event: 594.969 Thread 0x0000021cf7dc8310 nmethod 13447 0x0000021c80203a10 code [0x0000021c80203cc0, 0x0000021c80204a68]

GC Heap History (20 events):
Event: 583.601 GC heap before
{Heap before GC invocations=233 (full 4):
 PSYoungGen      total 1536K, used 1344K [0x00000000d5580000, 0x00000000d5800000, 0x0000000100000000)
  eden space 1024K, 100% used [0x00000000d5580000,0x00000000d5680000,0x00000000d5680000)
  from space 512K, 62% used [0x00000000d5780000,0x00000000d57d0000,0x00000000d5800000)
  to   space 512K, 0% used [0x00000000d5700000,0x00000000d5700000,0x00000000d5780000)
 ParOldGen       total 119808K, used 117931K [0x0000000080000000, 0x0000000087500000, 0x00000000d5580000)
  object space 119808K, 98% used [0x0000000080000000,0x000000008732ac40,0x0000000087500000)
 Metaspace       used 71278K, committed 72768K, reserved 1114112K
  class space    used 7383K, committed 8000K, reserved 1048576K
}
Event: 583.602 GC heap after
{Heap after GC invocations=233 (full 4):
 PSYoungGen      total 1536K, used 400K [0x00000000d5580000, 0x00000000d5800000, 0x0000000100000000)
  eden space 1024K, 0% used [0x00000000d5580000,0x00000000d5580000,0x00000000d5680000)
  from space 512K, 78% used [0x00000000d5700000,0x00000000d5764010,0x00000000d5780000)
  to   space 512K, 0% used [0x00000000d5780000,0x00000000d5780000,0x00000000d5800000)
 ParOldGen       total 119808K, used 117971K [0x0000000080000000, 0x0000000087500000, 0x00000000d5580000)
  object space 119808K, 98% used [0x0000000080000000,0x0000000087334c40,0x0000000087500000)
 Metaspace       used 71278K, committed 72768K, reserved 1114112K
  class space    used 7383K, committed 8000K, reserved 1048576K
}
Event: 583.609 GC heap before
{Heap before GC invocations=234 (full 4):
 PSYoungGen      total 1536K, used 1424K [0x00000000d5580000, 0x00000000d5800000, 0x0000000100000000)
  eden space 1024K, 100% used [0x00000000d5580000,0x00000000d5680000,0x00000000d5680000)
  from space 512K, 78% used [0x00000000d5700000,0x00000000d5764010,0x00000000d5780000)
  to   space 512K, 0% used [0x00000000d5780000,0x00000000d5780000,0x00000000d5800000)
 ParOldGen       total 119808K, used 117971K [0x0000000080000000, 0x0000000087500000, 0x00000000d5580000)
  object space 119808K, 98% used [0x0000000080000000,0x0000000087334c40,0x0000000087500000)
 Metaspace       used 71280K, committed 72768K, reserved 1114112K
  class space    used 7383K, committed 8000K, reserved 1048576K
}
Event: 583.610 GC heap after
{Heap after GC invocations=234 (full 4):
 PSYoungGen      total 1536K, used 512K [0x00000000d5580000, 0x00000000d5880000, 0x0000000100000000)
  eden space 1024K, 0% used [0x00000000d5580000,0x00000000d5580000,0x00000000d5680000)
  from space 512K, 100% used [0x00000000d5780000,0x00000000d5800000,0x00000000d5800000)
  to   space 1024K, 0% used [0x00000000d5680000,0x00000000d5680000,0x00000000d5780000)
 ParOldGen       total 119808K, used 118232K [0x0000000080000000, 0x0000000087500000, 0x00000000d5580000)
  object space 119808K, 98% used [0x0000000080000000,0x00000000873760d0,0x0000000087500000)
 Metaspace       used 71280K, committed 72768K, reserved 1114112K
  class space    used 7383K, committed 8000K, reserved 1048576K
}
Event: 583.623 GC heap before
{Heap before GC invocations=235 (full 4):
 PSYoungGen      total 1536K, used 1536K [0x00000000d5580000, 0x00000000d5880000, 0x0000000100000000)
  eden space 1024K, 100% used [0x00000000d5580000,0x00000000d5680000,0x00000000d5680000)
  from space 512K, 100% used [0x00000000d5780000,0x00000000d5800000,0x00000000d5800000)
  to   space 1024K, 0% used [0x00000000d5680000,0x00000000d5680000,0x00000000d5780000)
 ParOldGen       total 119808K, used 118232K [0x0000000080000000, 0x0000000087500000, 0x00000000d5580000)
  object space 119808K, 98% used [0x0000000080000000,0x00000000873760d0,0x0000000087500000)
 Metaspace       used 71304K, committed 72832K, reserved 1114112K
  class space    used 7383K, committed 8000K, reserved 1048576K
}
Event: 583.625 GC heap after
{Heap after GC invocations=235 (full 4):
 PSYoungGen      total 2048K, used 544K [0x00000000d5580000, 0x00000000d5880000, 0x0000000100000000)
  eden space 1024K, 0% used [0x00000000d5580000,0x00000000d5580000,0x00000000d5680000)
  from space 1024K, 53% used [0x00000000d5680000,0x00000000d5708000,0x00000000d5780000)
  to   space 1024K, 0% used [0x00000000d5780000,0x00000000d5780000,0x00000000d5880000)
 ParOldGen       total 119808K, used 118624K [0x0000000080000000, 0x0000000087500000, 0x00000000d5580000)
  object space 119808K, 99% used [0x0000000080000000,0x00000000873d80d0,0x0000000087500000)
 Metaspace       used 71304K, committed 72832K, reserved 1114112K
  class space    used 7383K, committed 8000K, reserved 1048576K
}
Event: 583.637 GC heap before
{Heap before GC invocations=236 (full 4):
 PSYoungGen      total 2048K, used 1568K [0x00000000d5580000, 0x00000000d5880000, 0x0000000100000000)
  eden space 1024K, 100% used [0x00000000d5580000,0x00000000d5680000,0x00000000d5680000)
  from space 1024K, 53% used [0x00000000d5680000,0x00000000d5708000,0x00000000d5780000)
  to   space 1024K, 0% used [0x00000000d5780000,0x00000000d5780000,0x00000000d5880000)
 ParOldGen       total 119808K, used 118624K [0x0000000080000000, 0x0000000087500000, 0x00000000d5580000)
  object space 119808K, 99% used [0x0000000080000000,0x00000000873d80d0,0x0000000087500000)
 Metaspace       used 71320K, committed 72832K, reserved 1114112K
  class space    used 7383K, committed 8000K, reserved 1048576K
}
Event: 583.638 GC heap after
{Heap after GC invocations=236 (full 4):
 PSYoungGen      total 2048K, used 576K [0x00000000d5580000, 0x00000000d5880000, 0x0000000100000000)
  eden space 1024K, 0% used [0x00000000d5580000,0x00000000d5580000,0x00000000d5680000)
  from space 1024K, 56% used [0x00000000d5780000,0x00000000d5810000,0x00000000d5880000)
  to   space 1024K, 0% used [0x00000000d5680000,0x00000000d5680000,0x00000000d5780000)
 ParOldGen       total 119808K, used 119008K [0x0000000080000000, 0x0000000087500000, 0x00000000d5580000)
  object space 119808K, 99% used [0x0000000080000000,0x00000000874380d0,0x0000000087500000)
 Metaspace       used 71320K, committed 72832K, reserved 1114112K
  class space    used 7383K, committed 8000K, reserved 1048576K
}
Event: 583.645 GC heap before
{Heap before GC invocations=237 (full 4):
 PSYoungGen      total 2048K, used 1600K [0x00000000d5580000, 0x00000000d5880000, 0x0000000100000000)
  eden space 1024K, 100% used [0x00000000d5580000,0x00000000d5680000,0x00000000d5680000)
  from space 1024K, 56% used [0x00000000d5780000,0x00000000d5810000,0x00000000d5880000)
  to   space 1024K, 0% used [0x00000000d5680000,0x00000000d5680000,0x00000000d5780000)
 ParOldGen       total 119808K, used 119008K [0x0000000080000000, 0x0000000087500000, 0x00000000d5580000)
  object space 119808K, 99% used [0x0000000080000000,0x00000000874380d0,0x0000000087500000)
 Metaspace       used 71324K, committed 72832K, reserved 1114112K
  class space    used 7383K, committed 8000K, reserved 1048576K
}
Event: 583.646 GC heap after
{Heap after GC invocations=237 (full 4):
 PSYoungGen      total 2048K, used 512K [0x00000000d5580000, 0x00000000d5880000, 0x0000000100000000)
  eden space 1024K, 0% used [0x00000000d5580000,0x00000000d5580000,0x00000000d5680000)
  from space 1024K, 50% used [0x00000000d5680000,0x00000000d5700000,0x00000000d5780000)
  to   space 1024K, 0% used [0x00000000d5780000,0x00000000d5780000,0x00000000d5880000)
 ParOldGen       total 119808K, used 119405K [0x0000000080000000, 0x0000000087500000, 0x00000000d5580000)
  object space 119808K, 99% used [0x0000000080000000,0x000000008749b560,0x0000000087500000)
 Metaspace       used 71324K, committed 72832K, reserved 1114112K
  class space    used 7383K, committed 8000K, reserved 1048576K
}
Event: 583.655 GC heap before
{Heap before GC invocations=238 (full 4):
 PSYoungGen      total 2048K, used 1536K [0x00000000d5580000, 0x00000000d5880000, 0x0000000100000000)
  eden space 1024K, 100% used [0x00000000d5580000,0x00000000d5680000,0x00000000d5680000)
  from space 1024K, 50% used [0x00000000d5680000,0x00000000d5700000,0x00000000d5780000)
  to   space 1024K, 0% used [0x00000000d5780000,0x00000000d5780000,0x00000000d5880000)
 ParOldGen       total 119808K, used 119405K [0x0000000080000000, 0x0000000087500000, 0x00000000d5580000)
  object space 119808K, 99% used [0x0000000080000000,0x000000008749b560,0x0000000087500000)
 Metaspace       used 71328K, committed 72832K, reserved 1114112K
  class space    used 7383K, committed 8000K, reserved 1048576K
}
Event: 583.656 GC heap after
{Heap after GC invocations=238 (full 4):
 PSYoungGen      total 2048K, used 512K [0x00000000d5580000, 0x00000000d5880000, 0x0000000100000000)
  eden space 1024K, 0% used [0x00000000d5580000,0x00000000d5580000,0x00000000d5680000)
  from space 1024K, 50% used [0x00000000d5780000,0x00000000d5800000,0x00000000d5880000)
  to   space 1024K, 0% used [0x00000000d5680000,0x00000000d5680000,0x00000000d5780000)
 ParOldGen       total 119808K, used 119805K [0x0000000080000000, 0x0000000087500000, 0x00000000d5580000)
  object space 119808K, 99% used [0x0000000080000000,0x00000000874ff560,0x0000000087500000)
 Metaspace       used 71328K, committed 72832K, reserved 1114112K
  class space    used 7383K, committed 8000K, reserved 1048576K
}
Event: 594.931 GC heap before
{Heap before GC invocations=239 (full 4):
 PSYoungGen      total 2048K, used 1536K [0x00000000d5580000, 0x00000000d5880000, 0x0000000100000000)
  eden space 1024K, 100% used [0x00000000d5580000,0x00000000d5680000,0x00000000d5680000)
  from space 1024K, 50% used [0x00000000d5780000,0x00000000d5800000,0x00000000d5880000)
  to   space 1024K, 0% used [0x00000000d5680000,0x00000000d5680000,0x00000000d5780000)
 ParOldGen       total 119808K, used 119805K [0x0000000080000000, 0x0000000087500000, 0x00000000d5580000)
  object space 119808K, 99% used [0x0000000080000000,0x00000000874ff560,0x0000000087500000)
 Metaspace       used 71347K, committed 72896K, reserved 1114112K
  class space    used 7383K, committed 8000K, reserved 1048576K
}
Event: 594.932 GC heap after
{Heap after GC invocations=239 (full 4):
 PSYoungGen      total 2048K, used 464K [0x00000000d5580000, 0x00000000d5800000, 0x0000000100000000)
  eden space 1024K, 0% used [0x00000000d5580000,0x00000000d5580000,0x00000000d5680000)
  from space 1024K, 45% used [0x00000000d5680000,0x00000000d56f4010,0x00000000d5780000)
  to   space 512K, 0% used [0x00000000d5780000,0x00000000d5780000,0x00000000d5800000)
 ParOldGen       total 120320K, used 120213K [0x0000000080000000, 0x0000000087580000, 0x00000000d5580000)
  object space 120320K, 99% used [0x0000000080000000,0x0000000087565560,0x0000000087580000)
 Metaspace       used 71347K, committed 72896K, reserved 1114112K
  class space    used 7383K, committed 8000K, reserved 1048576K
}
Event: 594.937 GC heap before
{Heap before GC invocations=240 (full 4):
 PSYoungGen      total 2048K, used 1488K [0x00000000d5580000, 0x00000000d5800000, 0x0000000100000000)
  eden space 1024K, 99% used [0x00000000d5580000,0x00000000d567fff0,0x00000000d5680000)
  from space 1024K, 45% used [0x00000000d5680000,0x00000000d56f4010,0x00000000d5780000)
  to   space 512K, 0% used [0x00000000d5780000,0x00000000d5780000,0x00000000d5800000)
 ParOldGen       total 120320K, used 120213K [0x0000000080000000, 0x0000000087580000, 0x00000000d5580000)
  object space 120320K, 99% used [0x0000000080000000,0x0000000087565560,0x0000000087580000)
 Metaspace       used 71347K, committed 72896K, reserved 1114112K
  class space    used 7383K, committed 8000K, reserved 1048576K
}
Event: 594.937 GC heap after
{Heap after GC invocations=240 (full 4):
 PSYoungGen      total 1536K, used 448K [0x00000000d5580000, 0x00000000d5800000, 0x0000000100000000)
  eden space 1024K, 0% used [0x00000000d5580000,0x00000000d5580000,0x00000000d5680000)
  from space 512K, 87% used [0x00000000d5780000,0x00000000d57f0000,0x00000000d5800000)
  to   space 512K, 0% used [0x00000000d5700000,0x00000000d5700000,0x00000000d5780000)
 ParOldGen       total 120832K, used 120370K [0x0000000080000000, 0x0000000087600000, 0x00000000d5580000)
  object space 120832K, 99% used [0x0000000080000000,0x000000008758c800,0x0000000087600000)
 Metaspace       used 71347K, committed 72896K, reserved 1114112K
  class space    used 7383K, committed 8000K, reserved 1048576K
}
Event: 594.962 GC heap before
{Heap before GC invocations=241 (full 4):
 PSYoungGen      total 1536K, used 1472K [0x00000000d5580000, 0x00000000d5800000, 0x0000000100000000)
  eden space 1024K, 100% used [0x00000000d5580000,0x00000000d5680000,0x00000000d5680000)
  from space 512K, 87% used [0x00000000d5780000,0x00000000d57f0000,0x00000000d5800000)
  to   space 512K, 0% used [0x00000000d5700000,0x00000000d5700000,0x00000000d5780000)
 ParOldGen       total 120832K, used 120370K [0x0000000080000000, 0x0000000087600000, 0x00000000d5580000)
  object space 120832K, 99% used [0x0000000080000000,0x000000008758c800,0x0000000087600000)
 Metaspace       used 71348K, committed 72896K, reserved 1114112K
  class space    used 7383K, committed 8000K, reserved 1048576K
}
Event: 594.963 GC heap after
{Heap after GC invocations=241 (full 4):
 PSYoungGen      total 1536K, used 352K [0x00000000d5580000, 0x00000000d5800000, 0x0000000100000000)
  eden space 1024K, 0% used [0x00000000d5580000,0x00000000d5580000,0x00000000d5680000)
  from space 512K, 68% used [0x00000000d5700000,0x00000000d5758000,0x00000000d5780000)
  to   space 512K, 0% used [0x00000000d5780000,0x00000000d5780000,0x00000000d5800000)
 ParOldGen       total 120832K, used 120608K [0x0000000080000000, 0x0000000087600000, 0x00000000d5580000)
  object space 120832K, 99% used [0x0000000080000000,0x00000000875c8250,0x0000000087600000)
 Metaspace       used 71348K, committed 72896K, reserved 1114112K
  class space    used 7383K, committed 8000K, reserved 1048576K
}
Event: 595.363 GC heap before
{Heap before GC invocations=242 (full 4):
 PSYoungGen      total 1536K, used 1375K [0x00000000d5580000, 0x00000000d5800000, 0x0000000100000000)
  eden space 1024K, 99% used [0x00000000d5580000,0x00000000d567ffe0,0x00000000d5680000)
  from space 512K, 68% used [0x00000000d5700000,0x00000000d5758000,0x00000000d5780000)
  to   space 512K, 0% used [0x00000000d5780000,0x00000000d5780000,0x00000000d5800000)
 ParOldGen       total 120832K, used 120608K [0x0000000080000000, 0x0000000087600000, 0x00000000d5580000)
  object space 120832K, 99% used [0x0000000080000000,0x00000000875c8250,0x0000000087600000)
 Metaspace       used 71349K, committed 72896K, reserved 1114112K
  class space    used 7383K, committed 8000K, reserved 1048576K
}
Event: 596.138 GC heap after
{Heap after GC invocations=242 (full 4):
 PSYoungGen      total 2048K, used 480K [0x00000000d5580000, 0x00000000d5800000, 0x0000000100000000)
  eden space 1536K, 0% used [0x00000000d5580000,0x00000000d5580000,0x00000000d5700000)
  from space 512K, 93% used [0x00000000d5780000,0x00000000d57f8000,0x00000000d5800000)
  to   space 512K, 0% used [0x00000000d5700000,0x00000000d5700000,0x00000000d5780000)
 ParOldGen       total 120832K, used 120744K [0x0000000080000000, 0x0000000087600000, 0x00000000d5580000)
  object space 120832K, 99% used [0x0000000080000000,0x00000000875ea250,0x0000000087600000)
 Metaspace       used 71349K, committed 72896K, reserved 1114112K
  class space    used 7383K, committed 8000K, reserved 1048576K
}

Dll operation events (10 events):
Event: 0.236 Loaded shared library c:\Users\Aurora  N. Postrado\.vscode\extensions\redhat.java-1.50.0-win32-x64\jre\21.0.9-win32-x86_64\bin\java.dll
Event: 0.420 Loaded shared library c:\Users\Aurora  N. Postrado\.vscode\extensions\redhat.java-1.50.0-win32-x64\jre\21.0.9-win32-x86_64\bin\zip.dll
Event: 0.457 Loaded shared library C:\Users\Aurora  N. Postrado\.vscode\extensions\redhat.java-1.50.0-win32-x64\jre\21.0.9-win32-x86_64\bin\instrument.dll
Event: 0.512 Loaded shared library C:\Users\Aurora  N. Postrado\.vscode\extensions\redhat.java-1.50.0-win32-x64\jre\21.0.9-win32-x86_64\bin\net.dll
Event: 0.561 Loaded shared library C:\Users\Aurora  N. Postrado\.vscode\extensions\redhat.java-1.50.0-win32-x64\jre\21.0.9-win32-x86_64\bin\nio.dll
Event: 0.565 Loaded shared library C:\Users\Aurora  N. Postrado\.vscode\extensions\redhat.java-1.50.0-win32-x64\jre\21.0.9-win32-x86_64\bin\zip.dll
Event: 0.591 Loaded shared library C:\Users\Aurora  N. Postrado\.vscode\extensions\redhat.java-1.50.0-win32-x64\jre\21.0.9-win32-x86_64\bin\jimage.dll
Event: 0.729 Loaded shared library c:\Users\Aurora  N. Postrado\.vscode\extensions\redhat.java-1.50.0-win32-x64\jre\21.0.9-win32-x86_64\bin\verify.dll
Event: 15.097 Loaded shared library C:\Users\Aurora  N. Postrado\AppData\Roaming\Code\User\globalStorage\redhat.java\1.50.0\config_win\org.eclipse.equinox.launcher\org.eclipse.equinox.launcher.win32.win32.x86_64_1.2.1400.v20250801-0854\eclipse_11916.dll
Event: 34.822 Loaded shared library C:\Users\Aurora  N. Postrado\AppData\Local\Temp\jna-614272698\jna16695954168118565093.dll

Deoptimization events (20 events):
Event: 583.618 Thread 0x0000021cd0ba98f0 Uncommon trap: trap_request=0xffffff6e fr.pc=0x0000021c87c59d90 relative=0x0000000000000330
Event: 583.618 Thread 0x0000021cd0ba98f0 Uncommon trap: reason=loop_limit_check action=maybe_recompile pc=0x0000021c87c59d90 method=org.eclipse.jdt.internal.compiler.lookup.BinaryTypeBinding.getMemberType([C)Lorg/eclipse/jdt/internal/compiler/lookup/ReferenceBinding; @ 149 c2
Event: 583.618 Thread 0x0000021cd0ba98f0 DEOPT PACKING pc=0x0000021c87c59d90 sp=0x000000ca3a0fde40
Event: 583.618 Thread 0x0000021cd0ba98f0 DEOPT UNPACKING pc=0x0000021c874a3aa2 sp=0x000000ca3a0fddc8 mode 2
Event: 594.936 Thread 0x0000021cfea83790 Uncommon trap: trap_request=0xffffffbe fr.pc=0x0000021c87ffa62c relative=0x0000000000005d6c
Event: 594.936 Thread 0x0000021cfea83790 Uncommon trap: reason=profile_predicate action=maybe_recompile pc=0x0000021c87ffa62c method=org.eclipse.jdt.internal.compiler.lookup.SplitPackageBinding.combineWithSiblings(Lorg/eclipse/jdt/internal/compiler/lookup/PackageBinding;[CLorg/eclipse/jdt/intern
Event: 594.936 Thread 0x0000021cfea83790 DEOPT PACKING pc=0x0000021c87ffa62c sp=0x000000ca3c0fd850
Event: 594.936 Thread 0x0000021cfea83790 DEOPT UNPACKING pc=0x0000021c874a3aa2 sp=0x000000ca3c0fd6f8 mode 2
Event: 594.936 Thread 0x0000021cfea83790 Uncommon trap: trap_request=0xffffffbe fr.pc=0x0000021c87ffa62c relative=0x0000000000005d6c
Event: 594.936 Thread 0x0000021cfea83790 Uncommon trap: reason=profile_predicate action=maybe_recompile pc=0x0000021c87ffa62c method=org.eclipse.jdt.internal.compiler.lookup.SplitPackageBinding.combineWithSiblings(Lorg/eclipse/jdt/internal/compiler/lookup/PackageBinding;[CLorg/eclipse/jdt/intern
Event: 594.936 Thread 0x0000021cfea83790 DEOPT PACKING pc=0x0000021c87ffa62c sp=0x000000ca3c0fd850
Event: 594.936 Thread 0x0000021cfea83790 DEOPT UNPACKING pc=0x0000021c874a3aa2 sp=0x000000ca3c0fd6f8 mode 2
Event: 594.938 Thread 0x0000021cfea83790 Uncommon trap: trap_request=0xffffffbe fr.pc=0x0000021c87ffa62c relative=0x0000000000005d6c
Event: 594.938 Thread 0x0000021cfea83790 Uncommon trap: reason=profile_predicate action=maybe_recompile pc=0x0000021c87ffa62c method=org.eclipse.jdt.internal.compiler.lookup.SplitPackageBinding.combineWithSiblings(Lorg/eclipse/jdt/internal/compiler/lookup/PackageBinding;[CLorg/eclipse/jdt/intern
Event: 594.938 Thread 0x0000021cfea83790 DEOPT PACKING pc=0x0000021c87ffa62c sp=0x000000ca3c0fd850
Event: 594.938 Thread 0x0000021cfea83790 DEOPT UNPACKING pc=0x0000021c874a3aa2 sp=0x000000ca3c0fd6f8 mode 2
Event: 594.938 Thread 0x0000021cfea83790 Uncommon trap: trap_request=0xffffffbe fr.pc=0x0000021c87ffa62c relative=0x0000000000005d6c
Event: 594.938 Thread 0x0000021cfea83790 Uncommon trap: reason=profile_predicate action=maybe_recompile pc=0x0000021c87ffa62c method=org.eclipse.jdt.internal.compiler.lookup.SplitPackageBinding.combineWithSiblings(Lorg/eclipse/jdt/internal/compiler/lookup/PackageBinding;[CLorg/eclipse/jdt/intern
Event: 594.938 Thread 0x0000021cfea83790 DEOPT PACKING pc=0x0000021c87ffa62c sp=0x000000ca3c0fd850
Event: 594.938 Thread 0x0000021cfea83790 DEOPT UNPACKING pc=0x0000021c874a3aa2 sp=0x000000ca3c0fd6f8 mode 2

Classes loaded (20 events):
Event: 344.649 Loading class java/util/function/LongFunction
Event: 344.649 Loading class java/util/function/LongFunction done
Event: 344.649 Loading class java/util/stream/Nodes$ConcNode
Event: 344.649 Loading class java/util/stream/Nodes$AbstractConcNode
Event: 344.649 Loading class java/util/stream/Nodes$AbstractConcNode done
Event: 344.649 Loading class java/util/stream/Nodes$ConcNode done
Event: 344.660 Loading class java/util/stream/Nodes$ToArrayTask$OfRef
Event: 344.660 Loading class java/util/stream/Nodes$ToArrayTask
Event: 344.661 Loading class java/util/stream/Nodes$ToArrayTask done
Event: 344.661 Loading class java/util/stream/Nodes$ToArrayTask$OfRef done
Event: 344.663 Loading class java/io/ObjectOutputStream$BlockDataOutputStream
Event: 344.663 Loading class java/io/ObjectOutputStream$BlockDataOutputStream done
Event: 344.663 Loading class java/io/ObjectOutputStream$HandleTable
Event: 344.663 Loading class java/io/ObjectOutputStream$HandleTable done
Event: 344.663 Loading class java/io/ObjectOutputStream$ReplaceTable
Event: 344.664 Loading class java/io/ObjectOutputStream$ReplaceTable done
Event: 567.405 Loading class java/io/CharArrayReader
Event: 567.405 Loading class java/io/CharArrayReader done
Event: 567.405 Loading class java/util/regex/Pattern$Bound
Event: 567.406 Loading class java/util/regex/Pattern$Bound done

Classes unloaded (13 events):
Event: 36.593 Thread 0x0000021cf7d832d0 Unloading class 0x0000021c901a3800 'java/lang/invoke/LambdaForm$MH+0x0000021c901a3800'
Event: 36.593 Thread 0x0000021cf7d832d0 Unloading class 0x0000021c901a3400 'java/lang/invoke/LambdaForm$MH+0x0000021c901a3400'
Event: 36.593 Thread 0x0000021cf7d832d0 Unloading class 0x0000021c901a3000 'java/lang/invoke/LambdaForm$MH+0x0000021c901a3000'
Event: 36.593 Thread 0x0000021cf7d832d0 Unloading class 0x0000021c901a2c00 'java/lang/invoke/LambdaForm$MH+0x0000021c901a2c00'
Event: 36.593 Thread 0x0000021cf7d832d0 Unloading class 0x0000021c901a2800 'java/lang/invoke/LambdaForm$BMH+0x0000021c901a2800'
Event: 36.593 Thread 0x0000021cf7d832d0 Unloading class 0x0000021c901a2400 'java/lang/invoke/LambdaForm$DMH+0x0000021c901a2400'
Event: 36.593 Thread 0x0000021cf7d832d0 Unloading class 0x0000021c901a1000 'java/lang/invoke/LambdaForm$DMH+0x0000021c901a1000'
Event: 38.123 Thread 0x0000021cf7d832d0 Unloading class 0x0000021c90398400 'java/lang/invoke/LambdaForm$MH+0x0000021c90398400'
Event: 38.123 Thread 0x0000021cf7d832d0 Unloading class 0x0000021c90393800 'java/lang/invoke/LambdaForm$MH+0x0000021c90393800'
Event: 38.123 Thread 0x0000021cf7d832d0 Unloading class 0x0000021c90393400 'java/lang/invoke/LambdaForm$MH+0x0000021c90393400'
Event: 38.123 Thread 0x0000021cf7d832d0 Unloading class 0x0000021c90392800 'java/lang/invoke/LambdaForm$MH+0x0000021c90392800'
Event: 38.123 Thread 0x0000021cf7d832d0 Unloading class 0x0000021c90392000 'java/lang/invoke/LambdaForm$DMH+0x0000021c90392000'
Event: 38.123 Thread 0x0000021cf7d832d0 Unloading class 0x0000021c90391c00 'java/lang/invoke/LambdaForm$MH+0x0000021c90391c00'

Classes redefined (0 events):
No events

Internal exceptions (20 events):
Event: 553.071 Thread 0x0000021cfea85ef0 Exception <a 'java/lang/ArrayIndexOutOfBoundsException'{0x00000000d57f0ce0}: Index 1105 out of bounds for length 1105> (0x00000000d57f0ce0) 
thrown [s\src\hotspot\share\interpreter\interpreterRuntime.cpp, line 439]
Event: 553.072 Thread 0x0000021cd0ba6b00 Exception <a 'java/lang/ArrayIndexOutOfBoundsException'{0x00000000d583dc28}: Index 1105 out of bounds for length 1105> (0x00000000d583dc28) 
thrown [s\src\hotspot\share\interpreter\interpreterRuntime.cpp, line 439]
Event: 553.073 Thread 0x0000021cfea851d0 Exception <a 'java/lang/ArrayIndexOutOfBoundsException'{0x00000000d58589a8}: Index 1105 out of bounds for length 1105> (0x00000000d58589a8) 
thrown [s\src\hotspot\share\interpreter\interpreterRuntime.cpp, line 439]
Event: 553.079 Thread 0x0000021cd0baaca0 Exception <a 'java/lang/ArrayIndexOutOfBoundsException'{0x00000000d5587ba0}: Index 1105 out of bounds for length 1105> (0x00000000d5587ba0) 
thrown [s\src\hotspot\share\interpreter\interpreterRuntime.cpp, line 439]
Event: 553.098 Thread 0x0000021cd0ba6b00 Exception <a 'java/lang/ArrayIndexOutOfBoundsException'{0x00000000d583b378}: Index 1105 out of bounds for length 1105> (0x00000000d583b378) 
thrown [s\src\hotspot\share\interpreter\interpreterRuntime.cpp, line 439]
Event: 553.121 Thread 0x0000021cd0ba6470 Exception <a 'java/lang/ArrayIndexOutOfBoundsException'{0x00000000d5787230}: Index 1105 out of bounds for length 1105> (0x00000000d5787230) 
thrown [s\src\hotspot\share\interpreter\interpreterRuntime.cpp, line 439]
Event: 553.337 Thread 0x0000021cd0bab330 Implicit null exception at 0x0000021c883f2ebf to 0x0000021c883f2f40
Event: 553.387 Thread 0x0000021cfed826c0 Exception <a 'sun/nio/fs/WindowsException'{0x00000000d562dc30}> (0x00000000d562dc30) 
thrown [s\src\hotspot\share\prims\jni.cpp, line 520]
Event: 553.451 Thread 0x0000021cd0ba6b00 Exception <a 'java/lang/ArrayIndexOutOfBoundsException'{0x00000000d55bed00}: Index 1105 out of bounds for length 1105> (0x00000000d55bed00) 
thrown [s\src\hotspot\share\interpreter\interpreterRuntime.cpp, line 439]
Event: 553.653 Thread 0x0000021cd0ba6b00 Exception <a 'java/lang/ArrayIndexOutOfBoundsException'{0x00000000d55b0870}: Index 1105 out of bounds for length 1105> (0x00000000d55b0870) 
thrown [s\src\hotspot\share\interpreter\interpreterRuntime.cpp, line 439]
Event: 553.833 Thread 0x0000021cd0ba7190 Exception <a 'java/lang/ArrayIndexOutOfBoundsException'{0x00000000d5612e90}: Index 1105 out of bounds for length 1105> (0x00000000d5612e90) 
thrown [s\src\hotspot\share\interpreter\interpreterRuntime.cpp, line 439]
Event: 553.898 Thread 0x0000021cd0ba7190 Exception <a 'java/lang/ArrayIndexOutOfBoundsException'{0x00000000d575e930}: Index 1105 out of bounds for length 1105> (0x00000000d575e930) 
thrown [s\src\hotspot\share\interpreter\interpreterRuntime.cpp, line 439]
Event: 556.412 Thread 0x0000021cd0ba6b00 Exception <a 'java/lang/ArrayIndexOutOfBoundsException'{0x00000000d55dea50}: Index 1105 out of bounds for length 1105> (0x00000000d55dea50) 
thrown [s\src\hotspot\share\interpreter\interpreterRuntime.cpp, line 439]
Event: 558.593 Thread 0x0000021cd0ba9260 Exception <a 'java/lang/ArrayIndexOutOfBoundsException'{0x00000000d5657098}: Index 1105 out of bounds for length 1105> (0x00000000d5657098) 
thrown [s\src\hotspot\share\interpreter\interpreterRuntime.cpp, line 439]
Event: 559.017 Thread 0x0000021cd0ba6470 Exception <a 'java/lang/ArrayIndexOutOfBoundsException'{0x00000000d559ef70}: Index 1105 out of bounds for length 1105> (0x00000000d559ef70) 
thrown [s\src\hotspot\share\interpreter\interpreterRuntime.cpp, line 439]
Event: 559.907 Thread 0x0000021cd0ba9260 Exception <a 'java/lang/ArrayIndexOutOfBoundsException'{0x00000000d5595088}: Index 1105 out of bounds for length 1105> (0x00000000d5595088) 
thrown [s\src\hotspot\share\interpreter\interpreterRuntime.cpp, line 439]
Event: 578.956 Thread 0x0000021cfed82030 Implicit null exception at 0x0000021c881f4f23 to 0x0000021c881f5280
Event: 579.446 Thread 0x0000021cfed82030 Exception <a 'java/lang/NoSuchMethodError'{0x00000000d55d89f0}: 'java.lang.Object java.lang.invoke.DirectMethodHandle$Holder.invokeStatic(java.lang.Object, java.lang.Object, int, java.lang.Object, java.lang.Object)'> (0x00000000d55d89f0) 
thrown [s\src\hotspot\share\interpreter\linkResolver.cpp, line 773]
Event: 582.952 Thread 0x0000021cfed826c0 Exception <a 'sun/nio/fs/WindowsException'{0x00000000d559e920}> (0x00000000d559e920) 
thrown [s\src\hotspot\share\prims\jni.cpp, line 520]
Event: 583.171 Thread 0x0000021cfed826c0 Exception <a 'sun/nio/fs/WindowsException'{0x00000000d5591500}> (0x00000000d5591500) 
thrown [s\src\hotspot\share\prims\jni.cpp, line 520]

ZGC Phase Switch (0 events):
No events

VM Operations (20 events):
Event: 583.601 Executing VM operation: ParallelGCFailedAllocation (Allocation Failure)
Event: 583.602 Executing VM operation: ParallelGCFailedAllocation (Allocation Failure) done
Event: 583.609 Executing VM operation: ParallelGCFailedAllocation (Allocation Failure)
Event: 583.610 Executing VM operation: ParallelGCFailedAllocation (Allocation Failure) done
Event: 583.623 Executing VM operation: ParallelGCFailedAllocation (Allocation Failure)
Event: 583.625 Executing VM operation: ParallelGCFailedAllocation (Allocation Failure) done
Event: 583.637 Executing VM operation: ParallelGCFailedAllocation (Allocation Failure)
Event: 583.638 Executing VM operation: ParallelGCFailedAllocation (Allocation Failure) done
Event: 583.645 Executing VM operation: ParallelGCFailedAllocation (Allocation Failure)
Event: 583.647 Executing VM operation: ParallelGCFailedAllocation (Allocation Failure) done
Event: 583.655 Executing VM operation: ParallelGCFailedAllocation (Allocation Failure)
Event: 583.656 Executing VM operation: ParallelGCFailedAllocation (Allocation Failure) done
Event: 594.931 Executing VM operation: ParallelGCFailedAllocation (Allocation Failure)
Event: 594.932 Executing VM operation: ParallelGCFailedAllocation (Allocation Failure) done
Event: 594.936 Executing VM operation: ParallelGCFailedAllocation (Allocation Failure)
Event: 594.937 Executing VM operation: ParallelGCFailedAllocation (Allocation Failure) done
Event: 594.962 Executing VM operation: ParallelGCFailedAllocation (Allocation Failure)
Event: 594.963 Executing VM operation: ParallelGCFailedAllocation (Allocation Failure) done
Event: 595.363 Executing VM operation: ParallelGCFailedAllocation (Allocation Failure)
Event: 596.138 Executing VM operation: ParallelGCFailedAllocation (Allocation Failure) done

Memory protections (0 events):
No events

Nmethod flushes (20 events):
Event: 582.782 Thread 0x0000021cf7d832d0 flushing  nmethod 0x0000021c80ffee90
Event: 582.782 Thread 0x0000021cf7d832d0 flushing  nmethod 0x0000021c81006c90
Event: 582.782 Thread 0x0000021cf7d832d0 flushing  nmethod 0x0000021c81009c10
Event: 582.782 Thread 0x0000021cf7d832d0 flushing  nmethod 0x0000021c8100c890
Event: 582.782 Thread 0x0000021cf7d832d0 flushing  nmethod 0x0000021c8100da90
Event: 582.782 Thread 0x0000021cf7d832d0 flushing  nmethod 0x0000021c8100e490
Event: 582.782 Thread 0x0000021cf7d832d0 flushing  nmethod 0x0000021c81016e10
Event: 582.782 Thread 0x0000021cf7d832d0 flushing  nmethod 0x0000021c81017590
Event: 582.782 Thread 0x0000021cf7d832d0 flushing  nmethod 0x0000021c81018510
Event: 582.782 Thread 0x0000021cf7d832d0 flushing  nmethod 0x0000021c81018f10
Event: 582.782 Thread 0x0000021cf7d832d0 flushing  nmethod 0x0000021c8103e490
Event: 582.782 Thread 0x0000021cf7d832d0 flushing  nmethod 0x0000021c81091110
Event: 582.782 Thread 0x0000021cf7d832d0 flushing  nmethod 0x0000021c81092490
Event: 582.782 Thread 0x0000021cf7d832d0 flushing  nmethod 0x0000021c810ea210
Event: 582.782 Thread 0x0000021cf7d832d0 flushing  nmethod 0x0000021c810eb290
Event: 582.782 Thread 0x0000021cf7d832d0 flushing  nmethod 0x0000021c810ec510
Event: 582.782 Thread 0x0000021cf7d832d0 flushing  nmethod 0x0000021c810f6c10
Event: 582.782 Thread 0x0000021cf7d832d0 flushing  nmethod 0x0000021c810f7e10
Event: 582.782 Thread 0x0000021cf7d832d0 flushing  nmethod 0x0000021c81108e90
Event: 582.782 Thread 0x0000021cf7d832d0 flushing  nmethod 0x0000021c81172890

Events (20 events):
Event: 567.448 Thread 0x0000021cd4184020 Thread added: 0x0000021cd4181e10
Event: 567.452 Thread 0x0000021cd4181070 Thread added: 0x0000021cd41824e0
Event: 572.457 Thread 0x0000021cd41824e0 Thread exited: 0x0000021cd41824e0
Event: 572.458 Thread 0x0000021cd4181070 Thread exited: 0x0000021cd4181070
Event: 576.986 Thread 0x0000021cd4181e10 Thread exited: 0x0000021cd4181e10
Event: 577.506 Thread 0x0000021cd4183280 Thread exited: 0x0000021cd4183280
Event: 579.428 Thread 0x0000021cf7dc8310 Thread added: 0x0000021cd4183950
Event: 579.435 Thread 0x0000021cd4184020 Thread added: 0x0000021cd4181e10
Event: 579.473 Thread 0x0000021cd4184020 Thread added: 0x0000021cd4183280
Event: 579.587 Thread 0x0000021cd4184020 Thread added: 0x0000021cd41824e0
Event: 579.603 Thread 0x0000021cd41824e0 Thread added: 0x0000021cd41809a0
Event: 582.824 Thread 0x0000021cd4184020 Thread exited: 0x0000021cd4184020
Event: 582.831 Thread 0x0000021cfea83790 Thread added: 0x0000021cd0bad400
Event: 582.835 Thread 0x0000021cfea83790 Thread added: 0x0000021cd0bacd70
Event: 583.018 Thread 0x0000021cd0ba98f0 Thread added: 0x0000021cd16190a0
Event: 588.659 Thread 0x0000021cd41809a0 Thread exited: 0x0000021cd41809a0
Event: 593.667 Thread 0x0000021cd41824e0 Thread exited: 0x0000021cd41824e0
Event: 593.667 Thread 0x0000021cd4183280 Thread exited: 0x0000021cd4183280
Event: 593.667 Thread 0x0000021cd4181e10 Thread exited: 0x0000021cd4181e10
Event: 593.667 Thread 0x0000021cd4183950 Thread exited: 0x0000021cd4183950


Dynamic libraries:
0x00007ff647ff0000 - 0x00007ff647ffe000 	c:\Users\Aurora  N. Postrado\.vscode\extensions\redhat.java-1.50.0-win32-x64\jre\21.0.9-win32-x86_64\bin\java.exe
0x00007ff8626e0000 - 0x00007ff862947000 	C:\WINDOWS\SYSTEM32\ntdll.dll
0x00007ff861a70000 - 0x00007ff861b39000 	C:\WINDOWS\System32\KERNEL32.DLL
0x00007ff85f970000 - 0x00007ff85fd5f000 	C:\WINDOWS\System32\KERNELBASE.dll
0x00007ff860010000 - 0x00007ff86015b000 	C:\WINDOWS\System32\ucrtbase.dll
0x00007ff843270000 - 0x00007ff84328e000 	c:\Users\Aurora  N. Postrado\.vscode\extensions\redhat.java-1.50.0-win32-x64\jre\21.0.9-win32-x86_64\bin\VCRUNTIME140.dll
0x00007ff843150000 - 0x00007ff843168000 	c:\Users\Aurora  N. Postrado\.vscode\extensions\redhat.java-1.50.0-win32-x64\jre\21.0.9-win32-x86_64\bin\jli.dll
0x00007ff860810000 - 0x00007ff8609d5000 	C:\WINDOWS\System32\USER32.dll
0x00007ff84f2d0000 - 0x00007ff84f563000 	C:\WINDOWS\WinSxS\amd64_microsoft.windows.common-controls_6595b64144ccf1df_6.0.26100.7309_none_3e05feeae336a044\COMCTL32.dll
0x00007ff860210000 - 0x00007ff860237000 	C:\WINDOWS\System32\win32u.dll
0x00007ff861dc0000 - 0x00007ff861e69000 	C:\WINDOWS\System32\msvcrt.dll
0x00007ff861c00000 - 0x00007ff861c2b000 	C:\WINDOWS\System32\GDI32.dll
0x00007ff85fd70000 - 0x00007ff85fe9c000 	C:\WINDOWS\System32\gdi32full.dll
0x00007ff85f830000 - 0x00007ff85f8d3000 	C:\WINDOWS\System32\msvcp_win.dll
0x00007ff861e70000 - 0x00007ff861ea1000 	C:\WINDOWS\System32\IMM32.DLL
0x00007ff841a10000 - 0x00007ff841a1c000 	c:\Users\Aurora  N. Postrado\.vscode\extensions\redhat.java-1.50.0-win32-x64\jre\21.0.9-win32-x86_64\bin\vcruntime140_1.dll
0x00007ff82e220000 - 0x00007ff82e2ad000 	c:\Users\Aurora  N. Postrado\.vscode\extensions\redhat.java-1.50.0-win32-x64\jre\21.0.9-win32-x86_64\bin\msvcp140.dll
0x00007fffe0c30000 - 0x00007fffe19d0000 	c:\Users\Aurora  N. Postrado\.vscode\extensions\redhat.java-1.50.0-win32-x64\jre\21.0.9-win32-x86_64\bin\server\jvm.dll
0x00007ff861c30000 - 0x00007ff861ce4000 	C:\WINDOWS\System32\ADVAPI32.dll
0x00007ff8619c0000 - 0x00007ff861a66000 	C:\WINDOWS\System32\sechost.dll
0x00007ff8609e0000 - 0x00007ff860af8000 	C:\WINDOWS\System32\RPCRT4.dll
0x00007ff861b40000 - 0x00007ff861bb4000 	C:\WINDOWS\System32\WS2_32.dll
0x00007ff859520000 - 0x00007ff859555000 	C:\WINDOWS\SYSTEM32\WINMM.dll
0x00007ff85f690000 - 0x00007ff85f6ee000 	C:\WINDOWS\SYSTEM32\POWRPROF.dll
0x00007ff859560000 - 0x00007ff85956b000 	C:\WINDOWS\SYSTEM32\VERSION.dll
0x00007ff85f670000 - 0x00007ff85f684000 	C:\WINDOWS\SYSTEM32\UMPDC.dll
0x00007ff85e5e0000 - 0x00007ff85e5fb000 	C:\WINDOWS\SYSTEM32\kernel.appcore.dll
0x00007ff843260000 - 0x00007ff84326a000 	c:\Users\Aurora  N. Postrado\.vscode\extensions\redhat.java-1.50.0-win32-x64\jre\21.0.9-win32-x86_64\bin\jimage.dll
0x00007ff855820000 - 0x00007ff855a62000 	C:\WINDOWS\SYSTEM32\DBGHELP.DLL
0x00007ff860b00000 - 0x00007ff860e86000 	C:\WINDOWS\System32\combase.dll
0x00007ff8618e0000 - 0x00007ff8619b6000 	C:\WINDOWS\System32\OLEAUT32.dll
0x00007ff8555c0000 - 0x00007ff8555fc000 	C:\WINDOWS\SYSTEM32\dbgcore.DLL
0x00007ff860160000 - 0x00007ff860205000 	C:\WINDOWS\System32\bcryptPrimitives.dll
0x00007ff843250000 - 0x00007ff84325f000 	c:\Users\Aurora  N. Postrado\.vscode\extensions\redhat.java-1.50.0-win32-x64\jre\21.0.9-win32-x86_64\bin\instrument.dll
0x00007ff840a00000 - 0x00007ff840a20000 	c:\Users\Aurora  N. Postrado\.vscode\extensions\redhat.java-1.50.0-win32-x64\jre\21.0.9-win32-x86_64\bin\java.dll
0x00007ff861010000 - 0x00007ff861763000 	C:\WINDOWS\System32\SHELL32.dll
0x00007ff85fea0000 - 0x00007ff86000a000 	C:\WINDOWS\System32\wintypes.dll
0x00007ff85d470000 - 0x00007ff85dcce000 	C:\WINDOWS\SYSTEM32\windows.storage.dll
0x00007ff860f10000 - 0x00007ff861004000 	C:\WINDOWS\System32\SHCORE.dll
0x00007ff861870000 - 0x00007ff8618d6000 	C:\WINDOWS\System32\shlwapi.dll
0x00007ff85f750000 - 0x00007ff85f779000 	C:\WINDOWS\SYSTEM32\profapi.dll
0x00007ff846670000 - 0x00007ff846688000 	c:\Users\Aurora  N. Postrado\.vscode\extensions\redhat.java-1.50.0-win32-x64\jre\21.0.9-win32-x86_64\bin\zip.dll
0x00007ff859a60000 - 0x00007ff859a70000 	C:\Users\Aurora  N. Postrado\.vscode\extensions\redhat.java-1.50.0-win32-x64\jre\21.0.9-win32-x86_64\bin\net.dll
0x00007ff856c90000 - 0x00007ff856db8000 	C:\WINDOWS\SYSTEM32\WINHTTP.dll
0x00007ff85eb50000 - 0x00007ff85ebbb000 	C:\WINDOWS\system32\mswsock.dll
0x00007ff859a40000 - 0x00007ff859a56000 	C:\Users\Aurora  N. Postrado\.vscode\extensions\redhat.java-1.50.0-win32-x64\jre\21.0.9-win32-x86_64\bin\nio.dll
0x00007ff846790000 - 0x00007ff8467a0000 	c:\Users\Aurora  N. Postrado\.vscode\extensions\redhat.java-1.50.0-win32-x64\jre\21.0.9-win32-x86_64\bin\verify.dll
0x00007ff8356a0000 - 0x00007ff8356e4000 	C:\Users\Aurora  N. Postrado\AppData\Roaming\Code\User\globalStorage\redhat.java\1.50.0\config_win\org.eclipse.equinox.launcher\org.eclipse.equinox.launcher.win32.win32.x86_64_1.2.1400.v20250801-0854\eclipse_11916.dll
0x00007ff860480000 - 0x00007ff860617000 	C:\WINDOWS\System32\ole32.dll
0x00007ff85ee20000 - 0x00007ff85ee3b000 	C:\WINDOWS\SYSTEM32\CRYPTSP.dll
0x00007ff85e540000 - 0x00007ff85e57a000 	C:\WINDOWS\system32\rsaenh.dll
0x00007ff85ec00000 - 0x00007ff85ec2b000 	C:\WINDOWS\SYSTEM32\USERENV.dll
0x00007ff85f720000 - 0x00007ff85f74a000 	C:\WINDOWS\SYSTEM32\bcrypt.dll
0x00007ff85ee10000 - 0x00007ff85ee1c000 	C:\WINDOWS\SYSTEM32\CRYPTBASE.dll
0x00007ff85dff0000 - 0x00007ff85e024000 	C:\WINDOWS\SYSTEM32\IPHLPAPI.DLL
0x00007ff862010000 - 0x00007ff86201a000 	C:\WINDOWS\System32\NSI.dll
0x00007fffff260000 - 0x00007fffff2a9000 	C:\Users\Aurora  N. Postrado\AppData\Local\Temp\jna-614272698\jna16695954168118565093.dll
0x00007ff860620000 - 0x00007ff860628000 	C:\WINDOWS\System32\PSAPI.DLL
0x00007ff8567c0000 - 0x00007ff8567de000 	C:\WINDOWS\SYSTEM32\dhcpcsvc6.DLL
0x00007ff856790000 - 0x00007ff8567b3000 	C:\WINDOWS\SYSTEM32\dhcpcsvc.DLL

JVMTI agents:
c:\Users\Aurora  N. Postrado\.vscode\extensions\redhat.java-1.50.0-win32-x64\lombok\lombok-1.18.39-4050.jar path:c:\Users\Aurora  N. Postrado\.vscode\extensions\redhat.java-1.50.0-win32-x64\jre\21.0.9-win32-x86_64\bin\instrument.dll, loaded, initialized, instrumentlib options:none

dbghelp: loaded successfully - version: 4.0.5 - missing functions: none
symbol engine: initialized successfully - sym options: 0x614 - pdb path: .;c:\Users\Aurora  N. Postrado\.vscode\extensions\redhat.java-1.50.0-win32-x64\jre\21.0.9-win32-x86_64\bin;C:\WINDOWS\SYSTEM32;C:\WINDOWS\WinSxS\amd64_microsoft.windows.common-controls_6595b64144ccf1df_6.0.26100.7309_none_3e05feeae336a044;c:\Users\Aurora  N. Postrado\.vscode\extensions\redhat.java-1.50.0-win32-x64\jre\21.0.9-win32-x86_64\bin\server;C:\Users\Aurora  N. Postrado\AppData\Roaming\Code\User\globalStorage\redhat.java\1.50.0\config_win\org.eclipse.equinox.launcher\org.eclipse.equinox.launcher.win32.win32.x86_64_1.2.1400.v20250801-0854;C:\Users\Aurora  N. Postrado\AppData\Local\Temp\jna-614272698

VM Arguments:
jvm_args: --add-modules=ALL-SYSTEM --add-opens=java.base/java.util=ALL-UNNAMED --add-opens=java.base/java.lang=ALL-UNNAMED --add-opens=java.base/sun.nio.fs=ALL-UNNAMED -Declipse.application=org.eclipse.jdt.ls.core.id1 -Dosgi.bundles.defaultStartLevel=4 -Declipse.product=org.eclipse.jdt.ls.core.product -Djava.import.generatesMetadataFilesAtProjectRoot=false -DDetectVMInstallationsJob.disabled=true -Dfile.encoding=utf8 -XX:+UseParallelGC -XX:GCTimeRatio=4 -XX:AdaptiveSizePolicyWeight=90 -Dsun.zip.disableMemoryMapping=true -Xmx2G -Xms100m -Xlog:disable -javaagent:c:\Users\Aurora  N. Postrado\.vscode\extensions\redhat.java-1.50.0-win32-x64\lombok\lombok-1.18.39-4050.jar -XX:+HeapDumpOnOutOfMemoryError -XX:HeapDumpPath=c:\Users\Aurora  N. Postrado\AppData\Roaming\Code\User\workspaceStorage\16087328b602278ea996584764c22d24\redhat.java -Daether.dependencyCollector.impl=bf 
java_command: c:\Users\Aurora  N. Postrado\.vscode\extensions\redhat.java-1.50.0-win32-x64\server\plugins\org.eclipse.equinox.launcher_1.7.100.v20251111-0406.jar -configuration c:\Users\Aurora  N. Postrado\AppData\Roaming\Code\User\globalStorage\redhat.java\1.50.0\config_win -data c:\Users\Aurora  N. Postrado\AppData\Roaming\Code\User\workspaceStorage\16087328b602278ea996584764c22d24\redhat.java\jdt_ws --pipe=\\.\pipe\lsp-24a69838078ab426d4beaf5b35fe6664-sock
java_class_path (initial): c:\Users\Aurora  N. Postrado\.vscode\extensions\redhat.java-1.50.0-win32-x64\server\plugins\org.eclipse.equinox.launcher_1.7.100.v20251111-0406.jar
Launcher Type: SUN_STANDARD

[Global flags]
    uintx AdaptiveSizePolicyWeight                 = 90                                        {product} {command line}
     intx CICompilerCount                          = 12                                        {product} {ergonomic}
    uintx GCTimeRatio                              = 4                                         {product} {command line}
     bool HeapDumpOnOutOfMemoryError               = true                                   {manageable} {command line}
    ccstr HeapDumpPath                             = c:\Users\Aurora  N. Postrado\AppData\Roaming\Code\User\workspaceStorage\16087328b602278ea996584764c22d24\redhat.java         {manageable} {command line}
   size_t InitialHeapSize                          = 104857600                                 {product} {command line}
   size_t MaxHeapSize                              = 2147483648                                {product} {command line}
   size_t MaxNewSize                               = 715653120                                 {product} {ergonomic}
   size_t MinHeapDeltaBytes                        = 524288                                    {product} {ergonomic}
   size_t MinHeapSize                              = 104857600                                 {product} {command line}
   size_t NewSize                                  = 34603008                                  {product} {ergonomic}
    uintx NonNMethodCodeHeapSize                   = 7602480                                {pd product} {ergonomic}
    uintx NonProfiledCodeHeapSize                  = 122027880                              {pd product} {ergonomic}
   size_t OldSize                                  = 70254592                                  {product} {ergonomic}
    uintx ProfiledCodeHeapSize                     = 122027880                              {pd product} {ergonomic}
    uintx ReservedCodeCacheSize                    = 251658240                              {pd product} {ergonomic}
     bool SegmentedCodeCache                       = true                                      {product} {ergonomic}
   size_t SoftMaxHeapSize                          = 2147483648                             {manageable} {ergonomic}
     bool UseCompressedOops                        = true                           {product lp64_product} {ergonomic}
     bool UseLargePagesIndividualAllocation        = false                                  {pd product} {ergonomic}
     bool UseParallelGC                            = true                                      {product} {command line}

Logging:
Log output configuration:
 #0: stdout all=off uptime,level,tags foldmultilines=false
 #1: stderr all=off uptime,level,tags foldmultilines=false

Release file:
JAVA_VERSION="21.0.9" 
MODULES="java.base java.compiler java.datatransfer java.xml java.prefs java.desktop java.instrument java.logging java.management java.security.sasl java.naming java.rmi java.management.rmi java.net.http java.scripting java.security.jgss java.transaction.xa java.sql java.sql.rowset java.xml.crypto java.se java.smartcardio jdk.accessibility jdk.internal.jvmstat jdk.attach jdk.charsets jdk.internal.opt jdk.zipfs jdk.compiler jdk.crypto.ec jdk.crypto.cryptoki jdk.crypto.mscapi jdk.dynalink jdk.internal.ed jdk.editpad jdk.hotspot.agent jdk.httpserver jdk.internal.le jdk.internal.vm.ci jdk.internal.vm.compiler jdk.internal.vm.compiler.management jdk.jartool jdk.javadoc jdk.jcmd jdk.management jdk.management.agent jdk.jconsole jdk.jdeps jdk.jdwp.agent jdk.jdi jdk.jfr jdk.jshell jdk.jsobject jdk.jstatd jdk.localedata jdk.management.jfr jdk.naming.dns jdk.naming.rmi jdk.net jdk.nio.mapmode jdk.random jdk.sctp jdk.security.auth jdk.security.jgss jdk.unsupported jdk.unsupported.desktop jdk.xml.dom" 

Environment Variables:
PATH=C:\Program Files\Eclipse Adoptium\jdk-17.0.17.10-hotspot\bin;C:\Windows\system32;C:\Windows;C:\Windows\System32\Wbem;C:\Windows\System32\WindowsPowerShell\v1.0\;C:\Windows\System32\OpenSSH\;C:\Program Files (x86)\NVIDIA Corporation\PhysX\Common;C:\Program Files\NVIDIA Corporation\NVIDIA NvDLISR;C:\WINDOWS\system32;C:\WINDOWS;C:\WINDOWS\System32\Wbem;C:\WINDOWS\System32\WindowsPowerShell\v1.0\;C:\WINDOWS\System32\OpenSSH\;C:\Program Files\Git\cmd;C:\Users\Aurora  N. Postrado\AppData\Local\Microsoft\WindowsApps;C:\Users\Aurora  N. Postrado\AppData\Local\Programs\Microsoft VS Code\bin;C:\Users\Aurora  N. Postrado\AppData\Local\GitHubDesktop\bin
USERNAME=Aurora  N. Postrado
OS=Windows_NT
PROCESSOR_IDENTIFIER=AMD64 Family 23 Model 104 Stepping 1, AuthenticAMD
TMP=C:\Users\AURORA~1.POS\AppData\Local\Temp
TEMP=C:\Users\AURORA~1.POS\AppData\Local\Temp




Periodic native trim disabled

---------------  S Y S T E M  ---------------

OS:
 Windows 11 , 64 bit Build 26100 (10.0.26100.7309)
OS uptime: 0 days 0:15 hours

CPU: total 16 (initial active 16) (16 cores per cpu, 2 threads per core) family 23 model 104 stepping 1 microcode 0x8608103, cx8, cmov, fxsr, ht, mmx, 3dnowpref, sse, sse2, sse3, ssse3, sse4a, sse4.1, sse4.2, popcnt, lzcnt, tsc, tscinvbit, avx, avx2, aes, clmul, bmi1, bmi2, adx, sha, fma, vzeroupper, clflush, clflushopt, rdtscp, rdpid, f16c
Processor Information for the first 16 processors :
  Max Mhz: 1801, Current Mhz: 1801, Mhz Limit: 1801

Memory: 4k page, system-wide physical 7514M (1261M free)
TotalPageFile size 7514M (AvailPageFile size 12M)
current process WorkingSet (physical memory assigned to process): 426M, peak: 514M
current process commit charge ("private bytes"): 500M, peak: 1736M

vm_info: OpenJDK 64-Bit Server VM (21.0.9+10-LTS) for windows-amd64 JRE (21.0.9+10-LTS), built on 2025-10-21T00:00:00Z by "admin" with unknown MS VC++:1942

END.
