#
# There is insufficient memory for the Java Runtime Environment to continue.
# Native memory allocation (malloc) failed to allocate 122896 bytes. Error detail: Chunk::new
# Possible reasons:
#   The system is out of physical RAM or swap space
#   This process is running with CompressedOops enabled, and the Java Heap may be blocking the growth of the native heap
# Possible solutions:
#   Reduce memory load on the system
#   Increase physical memory or swap space
#   Check if swap backing store is full
#   Decrease Java heap size (-Xmx/-Xms)
#   Decrease number of Java threads
#   Decrease Java thread stack sizes (-Xss)
#   Set larger code cache with -XX:ReservedCodeCacheSize=
#   JVM is running with Unscaled Compressed Oops mode in which the Java heap is
#     placed in the first 4GB address space. The Java Heap base address is the
#     maximum limit for the native heap growth. Please use -XX:HeapBaseMinAddress
#     to set the Java Heap base and to place the Java Heap above 4GB virtual address.
# This output file may be truncated or incomplete.
#
#  Out of Memory Error (arena.cpp:168), pid=9728, tid=3916
#
# JRE version: OpenJDK Runtime Environment Temurin-21.0.9+10 (21.0.9+10) (build 21.0.9+10-LTS)
# Java VM: OpenJDK 64-Bit Server VM Temurin-21.0.9+10 (21.0.9+10-LTS, mixed mode, sharing, tiered, compressed oops, compressed class ptrs, parallel gc, windows-amd64)
# No core dump will be written. Minidumps are not enabled by default on client versions of Windows
#

---------------  S U M M A R Y ------------

Command Line: --add-modules=ALL-SYSTEM --add-opens=java.base/java.util=ALL-UNNAMED --add-opens=java.base/java.lang=ALL-UNNAMED --add-opens=java.base/sun.nio.fs=ALL-UNNAMED -Declipse.application=org.eclipse.jdt.ls.core.id1 -Dosgi.bundles.defaultStartLevel=4 -Declipse.product=org.eclipse.jdt.ls.core.product -Djava.import.generatesMetadataFilesAtProjectRoot=false -DDetectVMInstallationsJob.disabled=true -Dfile.encoding=utf8 -XX:+UseParallelGC -XX:GCTimeRatio=4 -XX:AdaptiveSizePolicyWeight=90 -Dsun.zip.disableMemoryMapping=true -Xmx2G -Xms100m -Xlog:disable -javaagent:c:\Users\Aurora  N. Postrado\.vscode\extensions\redhat.java-1.50.0-win32-x64\lombok\lombok-1.18.39-4050.jar -XX:+HeapDumpOnOutOfMemoryError -XX:HeapDumpPath=c:\Users\Aurora  N. Postrado\AppData\Roaming\Code\User\workspaceStorage\16087328b602278ea996584764c22d24\redhat.java -Daether.dependencyCollector.impl=bf c:\Users\Aurora  N. Postrado\.vscode\extensions\redhat.java-1.50.0-win32-x64\server\plugins\org.eclipse.equinox.launcher_1.7.100.v20251111-0406.jar -configuration c:\Users\Aurora  N. Postrado\AppData\Roaming\Code\User\globalStorage\redhat.java\1.50.0\config_win -data c:\Users\Aurora  N. Postrado\AppData\Roaming\Code\User\workspaceStorage\16087328b602278ea996584764c22d24\redhat.java\jdt_ws --pipe=\\.\pipe\lsp-7e9fe9a101e050b5fc9344d26b3f1c73-sock

Host: AMD Ryzen 7 5700U with Radeon Graphics         , 16 cores, 7G,  Windows 11 , 64 bit Build 26100 (10.0.26100.7309)
Time: Fri Dec 12 11:46:12 2025 Malay Peninsula Standard Time elapsed time: 3.754807 seconds (0d 0h 0m 3s)

---------------  T H R E A D  ---------------

Current thread (0x0000019977975ae0):  JavaThread "C2 CompilerThread0" daemon [_thread_in_native, id=3916, stack(0x0000007ea5d00000,0x0000007ea5e00000) (1024K)]


Current CompileTask:
C2:3754  706       4       lombok.patcher.scripts.MethodLevelPatchScript::patch (21 bytes)

Stack: [0x0000007ea5d00000,0x0000007ea5e00000]
Native frames: (J=compiled Java code, j=interpreted, Vv=VM code, C=native code)
V  [jvm.dll+0x6d6e29]
V  [jvm.dll+0x8b4b76]
V  [jvm.dll+0x8b712e]
V  [jvm.dll+0x8b7813]
V  [jvm.dll+0x283d86]
V  [jvm.dll+0xc66ed]
V  [jvm.dll+0xc6c31]
V  [jvm.dll+0x2facee]
V  [jvm.dll+0x5fde44]
V  [jvm.dll+0x255557]
V  [jvm.dll+0x24d994]
V  [jvm.dll+0x24b482]
V  [jvm.dll+0x1cb13e]
V  [jvm.dll+0x25b29d]
V  [jvm.dll+0x25982a]
V  [jvm.dll+0x3f7ea6]
V  [jvm.dll+0x85e9ad]
V  [jvm.dll+0x6d565d]
C  [ucrtbase.dll+0x37b0]
C  [KERNEL32.DLL+0x2e8d7]
C  [ntdll.dll+0x8c53c]


---------------  P R O C E S S  ---------------

Threads class SMR info:
_java_thread_list=0x0000019977a68950, length=14, elements={
0x000001995facfa20, 0x000001997657cec0, 0x000001995fb722c0, 0x000001995fb74730,
0x000001995fb763d0, 0x000001995fb7e9f0, 0x000001995fb7f080, 0x0000019977975ae0,
0x0000019977977d00, 0x0000019977a72720, 0x0000019977acd280, 0x000001995fb7c290,
0x000001995fb7cfb0, 0x0000019977acc4e0
}

Java Threads: ( => current thread )
  0x000001995facfa20 JavaThread "main"                              [_thread_in_vm, id=12228, stack(0x0000007ea5300000,0x0000007ea5400000) (1024K)]
  0x000001997657cec0 JavaThread "Reference Handler"          daemon [_thread_blocked, id=8760, stack(0x0000007ea5700000,0x0000007ea5800000) (1024K)]
  0x000001995fb722c0 JavaThread "Finalizer"                  daemon [_thread_blocked, id=11796, stack(0x0000007ea5800000,0x0000007ea5900000) (1024K)]
  0x000001995fb74730 JavaThread "Signal Dispatcher"          daemon [_thread_blocked, id=5920, stack(0x0000007ea5900000,0x0000007ea5a00000) (1024K)]
  0x000001995fb763d0 JavaThread "Attach Listener"            daemon [_thread_blocked, id=7384, stack(0x0000007ea5a00000,0x0000007ea5b00000) (1024K)]
  0x000001995fb7e9f0 JavaThread "Service Thread"             daemon [_thread_blocked, id=3976, stack(0x0000007ea5b00000,0x0000007ea5c00000) (1024K)]
  0x000001995fb7f080 JavaThread "Monitor Deflation Thread"   daemon [_thread_blocked, id=6380, stack(0x0000007ea5c00000,0x0000007ea5d00000) (1024K)]
=>0x0000019977975ae0 JavaThread "C2 CompilerThread0"         daemon [_thread_in_native, id=3916, stack(0x0000007ea5d00000,0x0000007ea5e00000) (1024K)]
  0x0000019977977d00 JavaThread "C1 CompilerThread0"         daemon [_thread_blocked, id=6528, stack(0x0000007ea5e00000,0x0000007ea5f00000) (1024K)]
  0x0000019977a72720 JavaThread "C1 CompilerThread1"         daemon [_thread_blocked, id=12284, stack(0x0000007ea5f00000,0x0000007ea6000000) (1024K)]
  0x0000019977acd280 JavaThread "C2 CompilerThread1"         daemon [_thread_in_native, id=10052, stack(0x0000007ea6200000,0x0000007ea6300000) (1024K)]
  0x000001995fb7c290 JavaThread "Common-Cleaner"             daemon [_thread_blocked, id=12500, stack(0x0000007ea6300000,0x0000007ea6400000) (1024K)]
  0x000001995fb7cfb0 JavaThread "Notification Thread"        daemon [_thread_blocked, id=8672, stack(0x0000007ea6400000,0x0000007ea6500000) (1024K)]
  0x0000019977acc4e0 JavaThread "C2 CompilerThread2"         daemon [_thread_in_native, id=2332, stack(0x0000007ea6100000,0x0000007ea6200000) (1024K)]
Total: 14

Other Threads:
  0x000001995d6f6540 VMThread "VM Thread"                           [id=8392, stack(0x0000007ea5600000,0x0000007ea5700000) (1024K)]
  0x000001997645ca00 WatcherThread "VM Periodic Task Thread"        [id=6404, stack(0x0000007ea5500000,0x0000007ea5600000) (1024K)]
  0x000001995d6f61a0 WorkerThread "GC Thread#0"                     [id=3084, stack(0x0000007ea5400000,0x0000007ea5500000) (1024K)]
Total: 3

Threads with active compile tasks:
C2 CompilerThread0  3774  706       4       lombok.patcher.scripts.MethodLevelPatchScript::patch (21 bytes)
C2 CompilerThread1  3774  734       4       java.util.HashSet::iterator (13 bytes)
C2 CompilerThread2  3774  721       4       java.lang.String::substring (58 bytes)
Total: 3

VM state: not at safepoint (normal execution)

VM Mutex/Monitor currently owned by a thread:  ([mutex/lock_event])
[0x00007ffdd996b4f0] Metaspace_lock - owner thread: 0x000001995facfa20

Heap address: 0x0000000080000000, size: 2048 MB, Compressed Oops mode: 32-bit

CDS archive(s) mapped at: [0x0000019900000000-0x0000019900ba0000-0x0000019900ba0000), size 12189696, SharedBaseAddress: 0x0000019900000000, ArchiveRelocationMode: 1.
Compressed class space mapped at: 0x0000019901000000-0x0000019941000000, reserved size: 1073741824
Narrow klass base: 0x0000019900000000, Narrow klass shift: 0, Narrow klass range: 0x100000000

GC Precious Log:
 CardTable entry size: 512
 CPUs: 16 total, 16 available
 Memory: 7514M
 Large Page Support: Disabled
 NUMA Support: Disabled
 Compressed Oops: Enabled (32-bit)
 Alignments: Space 512K, Generation 512K, Heap 2M
 Heap Min Capacity: 100M
 Heap Initial Capacity: 100M
 Heap Max Capacity: 2G
 Pre-touch: Disabled
 Parallel Workers: 13

Heap:
 PSYoungGen      total 29696K, used 14476K [0x00000000d5580000, 0x00000000d7680000, 0x0000000100000000)
  eden space 25600K, 56% used [0x00000000d5580000,0x00000000d63a31f8,0x00000000d6e80000)
  from space 4096K, 0% used [0x00000000d7280000,0x00000000d7280000,0x00000000d7680000)
  to   space 4096K, 0% used [0x00000000d6e80000,0x00000000d6e80000,0x00000000d7280000)
 ParOldGen       total 68608K, used 0K [0x0000000080000000, 0x0000000084300000, 0x00000000d5580000)
  object space 68608K, 0% used [0x0000000080000000,0x0000000080000000,0x0000000084300000)
 Metaspace       used 2335K, committed 2496K, reserved 1114112K
  class space    used 232K, committed 320K, reserved 1048576K

Card table byte_map: [0x000001995f470000,0x000001995f880000] _byte_map_base: 0x000001995f070000

Marking Bits: (ParMarkBitMap*) 0x00007ffdd9972460
 Begin Bits: [0x0000019971f80000, 0x0000019973f80000)
 End Bits:   [0x0000019973f80000, 0x0000019975f80000)

Polling page: 0x000001995dd20000

Metaspace:

Usage:
  Non-class:      2.05 MB used.
      Class:    232.75 KB used.
       Both:      2.28 MB used.

Virtual space:
  Non-class space:       64.00 MB reserved,       2.12 MB (  3%) committed,  1 nodes.
      Class space:        1.00 GB reserved,     320.00 KB ( <1%) committed,  1 nodes.
             Both:        1.06 GB reserved,       2.44 MB ( <1%) committed. 

Chunk freelists:
   Non-Class:  11.65 MB
       Class:  15.67 MB
        Both:  27.32 MB

MaxMetaspaceSize: unlimited
CompressedClassSpaceSize: 1.00 GB
Initial GC threshold: 21.00 MB
Current GC threshold: 21.00 MB
CDS: on
 - commit_granule_bytes: 65536.
 - commit_granule_words: 8192.
 - virtual_space_node_default_size: 8388608.
 - enlarge_chunks_in_place: 1.
 - use_allocation_guard: 0.


Internal statistics:

num_allocs_failed_limit: 0.
num_arena_births: 80.
num_arena_deaths: 0.
num_vsnodes_births: 2.
num_vsnodes_deaths: 0.
num_space_committed: 39.
num_space_uncommitted: 0.
num_chunks_returned_to_freelist: 0.
num_chunks_taken_from_freelist: 102.
num_chunk_merges: 0.
num_chunk_splits: 72.
num_chunks_enlarged: 46.
num_inconsistent_stats: 0.

CodeHeap 'non-profiled nmethods': size=119168Kb used=248Kb max_used=248Kb free=118919Kb
 bounds [0x000001996a870000, 0x000001996aae0000, 0x0000019971cd0000]
CodeHeap 'profiled nmethods': size=119104Kb used=1118Kb max_used=1118Kb free=117986Kb
 bounds [0x0000019962cd0000, 0x0000019962f40000, 0x000001996a120000]
CodeHeap 'non-nmethods': size=7488Kb used=1735Kb max_used=2880Kb free=5753Kb
 bounds [0x000001996a120000, 0x000001996a400000, 0x000001996a870000]
CodeCache: size=245760Kb, used=3101Kb, max_used=4246Kb, free=242658Kb
 total_blobs=1160, nmethods=732, adapters=334, full_count=0
Compilation: enabled, stopped_count=0, restarted_count=0

Compilation events (20 events):
Event: 1.734 Thread 0x0000019977a72720 nmethod 722 0x0000019962de2b10 code [0x0000019962de2cc0, 0x0000019962de2f10]
Event: 1.735 Thread 0x0000019977acd280  718       4       java.math.BigInteger::destructiveMulAdd (150 bytes)
Event: 1.735 Thread 0x0000019977a72720  726   !   3       sun.instrument.TransformerManager::transform (100 bytes)
Event: 1.735 Thread 0x0000019977977d00 nmethod 723 0x0000019962de3010 code [0x0000019962de31c0, 0x0000019962de34d0]
Event: 1.735 Thread 0x0000019977a77940 nmethod 724 0x000001996a8aae10 code [0x000001996a8aafa0, 0x000001996a8ab068]
Event: 1.735 Thread 0x0000019977977d00  725       3       sun.instrument.InstrumentationImpl::transform (73 bytes)
Event: 1.735 Thread 0x0000019977a77940  727       3       java.lang.instrument.ClassFileTransformer::transform (15 bytes)
Event: 1.735 Thread 0x0000019977a72720 nmethod 726 0x0000019962de3610 code [0x0000019962de37e0, 0x0000019962de3c70]
Event: 1.735 Thread 0x0000019977a72720  728       3       lombok.eclipse.agent.EclipsePatcher$1::shouldTransform (107 bytes)
Event: 1.735 Thread 0x0000019977a77940 nmethod 727 0x0000019962de3f10 code [0x0000019962de40c0, 0x0000019962de4268]
Event: 1.735 Thread 0x0000019977977d00 nmethod 725 0x0000019962de4390 code [0x0000019962de4560, 0x0000019962de48d8]
Event: 1.736 Thread 0x0000019977a72720 nmethod 728 0x0000019962de4a90 code [0x0000019962de4da0, 0x0000019962de5c18]
Event: 1.736 Thread 0x0000019977acc4e0 nmethod 713 0x000001996a8ab110 code [0x000001996a8ab2a0, 0x000001996a8ab450]
Event: 1.736 Thread 0x0000019977acc4e0  720       4       java.lang.Integer::parseInt (264 bytes)
Event: 1.736 Thread 0x0000019977977d00  729       3       java.util.regex.Pattern::isSupplementary (21 bytes)
Event: 1.736 Thread 0x0000019977a77940  730       3       java.lang.Character::isSurrogate (18 bytes)
Event: 1.737 Thread 0x0000019977977d00 nmethod 729 0x0000019962de6110 code [0x0000019962de62c0, 0x0000019962de6518]
Event: 1.737 Thread 0x0000019977a77940 nmethod 730 0x0000019962de6610 code [0x0000019962de67a0, 0x0000019962de6918]
Event: 1.737 Thread 0x0000019977a77940  731       3       java.util.regex.Pattern::peek (26 bytes)
Event: 1.737 Thread 0x0000019977a77940 nmethod 731 0x0000019962de6990 code [0x0000019962de6b40, 0x0000019962de6d98]

GC Heap History (0 events):
No events

Dll operation events (8 events):
Event: 0.027 Loaded shared library c:\Users\Aurora  N. Postrado\.vscode\extensions\redhat.java-1.50.0-win32-x64\jre\21.0.9-win32-x86_64\bin\java.dll
Event: 0.177 Loaded shared library c:\Users\Aurora  N. Postrado\.vscode\extensions\redhat.java-1.50.0-win32-x64\jre\21.0.9-win32-x86_64\bin\zip.dll
Event: 0.210 Loaded shared library C:\Users\Aurora  N. Postrado\.vscode\extensions\redhat.java-1.50.0-win32-x64\jre\21.0.9-win32-x86_64\bin\instrument.dll
Event: 0.222 Loaded shared library C:\Users\Aurora  N. Postrado\.vscode\extensions\redhat.java-1.50.0-win32-x64\jre\21.0.9-win32-x86_64\bin\net.dll
Event: 0.227 Loaded shared library C:\Users\Aurora  N. Postrado\.vscode\extensions\redhat.java-1.50.0-win32-x64\jre\21.0.9-win32-x86_64\bin\nio.dll
Event: 0.235 Loaded shared library C:\Users\Aurora  N. Postrado\.vscode\extensions\redhat.java-1.50.0-win32-x64\jre\21.0.9-win32-x86_64\bin\zip.dll
Event: 0.274 Loaded shared library C:\Users\Aurora  N. Postrado\.vscode\extensions\redhat.java-1.50.0-win32-x64\jre\21.0.9-win32-x86_64\bin\jimage.dll
Event: 0.401 Loaded shared library c:\Users\Aurora  N. Postrado\.vscode\extensions\redhat.java-1.50.0-win32-x64\jre\21.0.9-win32-x86_64\bin\verify.dll

Deoptimization events (20 events):
Event: 1.720 Thread 0x000001995facfa20 Uncommon trap: trap_request=0xffffffde fr.pc=0x000001996a8a8844 relative=0x0000000000000124
Event: 1.720 Thread 0x000001995facfa20 Uncommon trap: reason=class_check action=maybe_recompile pc=0x000001996a8a8844 method=jdk.internal.misc.Unsafe.allocateUninitializedArray(Ljava/lang/Class;I)Ljava/lang/Object; @ 51 c2
Event: 1.720 Thread 0x000001995facfa20 DEOPT PACKING pc=0x000001996a8a8844 sp=0x0000007ea53fc0b0
Event: 1.720 Thread 0x000001995facfa20 DEOPT UNPACKING pc=0x000001996a173aa2 sp=0x0000007ea53fc028 mode 2
Event: 1.720 Thread 0x000001995facfa20 Uncommon trap: trap_request=0xffffffde fr.pc=0x000001996a8a8844 relative=0x0000000000000124
Event: 1.720 Thread 0x000001995facfa20 Uncommon trap: reason=class_check action=maybe_recompile pc=0x000001996a8a8844 method=jdk.internal.misc.Unsafe.allocateUninitializedArray(Ljava/lang/Class;I)Ljava/lang/Object; @ 51 c2
Event: 1.720 Thread 0x000001995facfa20 DEOPT PACKING pc=0x000001996a8a8844 sp=0x0000007ea53fc0f0
Event: 1.720 Thread 0x000001995facfa20 DEOPT UNPACKING pc=0x000001996a173aa2 sp=0x0000007ea53fc068 mode 2
Event: 1.720 Thread 0x000001995facfa20 Uncommon trap: trap_request=0xffffffde fr.pc=0x000001996a8a8844 relative=0x0000000000000124
Event: 1.720 Thread 0x000001995facfa20 Uncommon trap: reason=class_check action=maybe_recompile pc=0x000001996a8a8844 method=jdk.internal.misc.Unsafe.allocateUninitializedArray(Ljava/lang/Class;I)Ljava/lang/Object; @ 51 c2
Event: 1.720 Thread 0x000001995facfa20 DEOPT PACKING pc=0x000001996a8a8844 sp=0x0000007ea53fc0f0
Event: 1.720 Thread 0x000001995facfa20 DEOPT UNPACKING pc=0x000001996a173aa2 sp=0x0000007ea53fc068 mode 2
Event: 1.720 Thread 0x000001995facfa20 Uncommon trap: trap_request=0xffffffde fr.pc=0x000001996a8a8844 relative=0x0000000000000124
Event: 1.720 Thread 0x000001995facfa20 Uncommon trap: reason=class_check action=maybe_recompile pc=0x000001996a8a8844 method=jdk.internal.misc.Unsafe.allocateUninitializedArray(Ljava/lang/Class;I)Ljava/lang/Object; @ 51 c2
Event: 1.720 Thread 0x000001995facfa20 DEOPT PACKING pc=0x000001996a8a8844 sp=0x0000007ea53fc0f0
Event: 1.720 Thread 0x000001995facfa20 DEOPT UNPACKING pc=0x000001996a173aa2 sp=0x0000007ea53fc068 mode 2
Event: 1.724 Thread 0x000001995facfa20 Uncommon trap: trap_request=0xffffff45 fr.pc=0x000001996a891e50 relative=0x00000000000000b0
Event: 1.724 Thread 0x000001995facfa20 Uncommon trap: reason=unstable_if action=reinterpret pc=0x000001996a891e50 method=java.net.URI.match(CJJ)Z @ 45 c2
Event: 1.724 Thread 0x000001995facfa20 DEOPT PACKING pc=0x000001996a891e50 sp=0x0000007ea53fcfd0
Event: 1.724 Thread 0x000001995facfa20 DEOPT UNPACKING pc=0x000001996a173aa2 sp=0x0000007ea53fcf38 mode 2

Classes loaded (20 events):
Event: 1.732 Loading class java/security/spec/ECFieldF2m done
Event: 1.735 Loading class java/util/LinkedHashMap$LinkedValues
Event: 1.735 Loading class java/util/LinkedHashMap$LinkedValues done
Event: 1.735 Loading class java/util/StringTokenizer
Event: 1.735 Loading class java/util/StringTokenizer done
Event: 1.735 Loading class sun/security/util/DisabledAlgorithmConstraints$KeySizeConstraint
Event: 1.736 Loading class sun/security/util/DisabledAlgorithmConstraints$Constraint
Event: 1.736 Loading class sun/security/util/DisabledAlgorithmConstraints$Constraint done
Event: 1.736 Loading class sun/security/util/DisabledAlgorithmConstraints$KeySizeConstraint done
Event: 1.736 Loading class sun/security/util/DisabledAlgorithmConstraints$Constraint$Operator
Event: 1.736 Loading class sun/security/util/DisabledAlgorithmConstraints$Constraint$Operator done
Event: 1.736 Loading class sun/security/util/DisabledAlgorithmConstraints$DisabledConstraint
Event: 1.736 Loading class sun/security/util/DisabledAlgorithmConstraints$DisabledConstraint done
Event: 1.736 Loading class sun/security/util/DisabledAlgorithmConstraints$Constraints$Holder
Event: 1.736 Loading class sun/security/util/DisabledAlgorithmConstraints$Constraints$Holder done
Event: 1.737 Loading class java/util/regex/Pattern$BnM
Event: 1.737 Loading class java/util/regex/Pattern$BnM done
Event: 1.737 Loading class java/util/regex/Pattern$SliceS
Event: 1.737 Loading class java/util/regex/Pattern$SliceS done
Event: 1.737 Loading class sun/security/util/DisabledAlgorithmConstraints$DenyAfterConstraint

Classes unloaded (0 events):
No events

Classes redefined (0 events):
No events

Internal exceptions (12 events):
Event: 0.169 Thread 0x000001995facfa20 Exception <a 'java/lang/NoSuchMethodError'{0x00000000d57a9df0}: 'void java.lang.invoke.DirectMethodHandle$Holder.invokeStatic(java.lang.Object, java.lang.Object, java.lang.Object)'> (0x00000000d57a9df0) 
thrown [s\src\hotspot\share\interpreter\linkResolver.cpp, line 773]
Event: 0.260 Thread 0x000001995facfa20 Exception <a 'java/lang/NoSuchMethodError'{0x00000000d5a93f90}: 'java.lang.Object java.lang.invoke.Invokers$Holder.invokeExact_MT(java.lang.Object, java.lang.Object, java.lang.Object, java.lang.Object, java.lang.Object)'> (0x00000000d5a93f90) 
thrown [s\src\hotspot\share\interpreter\linkResolver.cpp, line 773]
Event: 0.331 Thread 0x000001995facfa20 Exception <a 'java/lang/NoSuchMethodError'{0x00000000d5b4fd80}: 'int java.lang.invoke.DirectMethodHandle$Holder.invokeSpecial(java.lang.Object, java.lang.Object, java.lang.Object, int)'> (0x00000000d5b4fd80) 
thrown [s\src\hotspot\share\interpreter\linkResolver.cpp, line 773]
Event: 0.335 Thread 0x000001995facfa20 Exception <a 'java/lang/NoSuchMethodError'{0x00000000d5b62768}: 'java.lang.Object java.lang.invoke.DirectMethodHandle$Holder.invokeStatic(java.lang.Object, java.lang.Object, java.lang.Object, java.lang.Object, int)'> (0x00000000d5b62768) 
thrown [s\src\hotspot\share\interpreter\linkResolver.cpp, line 773]
Event: 0.338 Thread 0x000001995facfa20 Exception <a 'java/lang/NoSuchMethodError'{0x00000000d5b6dba8}: 'void java.lang.invoke.DelegatingMethodHandle$Holder.reinvoke_L(java.lang.Object, java.lang.Object, java.lang.Object, int, java.lang.Object)'> (0x00000000d5b6dba8) 
thrown [s\src\hotspot\share\interpreter\linkResolver.cpp, line 773]
Event: 0.339 Thread 0x000001995facfa20 Exception <a 'java/lang/NoSuchMethodError'{0x00000000d5b715e0}: 'int java.lang.invoke.DirectMethodHandle$Holder.invokeSpecial(java.lang.Object, java.lang.Object, java.lang.Object)'> (0x00000000d5b715e0) 
thrown [s\src\hotspot\share\interpreter\linkResolver.cpp, line 773]
Event: 0.347 Thread 0x000001995facfa20 Exception <a 'java/lang/NoSuchMethodError'{0x00000000d5b8a2d0}: 'java.lang.Object java.lang.invoke.DirectMethodHandle$Holder.invokeStatic(java.lang.Object, java.lang.Object, int)'> (0x00000000d5b8a2d0) 
thrown [s\src\hotspot\share\interpreter\linkResolver.cpp, line 773]
Event: 0.348 Thread 0x000001995facfa20 Exception <a 'java/lang/NoSuchMethodError'{0x00000000d5b8ec20}: 'void java.lang.invoke.DirectMethodHandle$Holder.invokeStatic(java.lang.Object, java.lang.Object, int, java.lang.Object)'> (0x00000000d5b8ec20) 
thrown [s\src\hotspot\share\interpreter\linkResolver.cpp, line 773]
Event: 0.348 Thread 0x000001995facfa20 Exception <a 'java/lang/NoSuchMethodError'{0x00000000d5b92a08}: 'void java.lang.invoke.DirectMethodHandle$Holder.invokeSpecial(java.lang.Object, java.lang.Object, java.lang.Object, int, java.lang.Object)'> (0x00000000d5b92a08) 
thrown [s\src\hotspot\share\interpreter\linkResolver.cpp, line 773]
Event: 0.350 Thread 0x000001995facfa20 Exception <a 'java/lang/NoSuchMethodError'{0x00000000d5b95e78}: 'void java.lang.invoke.DelegatingMethodHandle$Holder.delegate(java.lang.Object, java.lang.Object, int, java.lang.Object)'> (0x00000000d5b95e78) 
thrown [s\src\hotspot\share\interpreter\linkResolver.cpp, line 773]
Event: 0.458 Thread 0x000001995facfa20 Exception <a 'java/lang/NoSuchMethodError'{0x00000000d5d64530}: 'void java.lang.invoke.DelegatingMethodHandle$Holder.reinvoke_L(java.lang.Object, java.lang.Object, java.lang.Object, int)'> (0x00000000d5d64530) 
thrown [s\src\hotspot\share\interpreter\linkResolver.cpp, line 773]
Event: 0.688 Thread 0x000001995facfa20 Exception <a 'java/lang/NoSuchMethodError'{0x00000000d62024a8}: 'void java.lang.invoke.DirectMethodHandle$Holder.invokeVirtual(java.lang.Object, java.lang.Object)'> (0x00000000d62024a8) 
thrown [s\src\hotspot\share\interpreter\linkResolver.cpp, line 773]

ZGC Phase Switch (0 events):
No events

VM Operations (7 events):
Event: 0.175 Executing VM operation: HandshakeAllThreads (Deoptimize)
Event: 0.175 Executing VM operation: HandshakeAllThreads (Deoptimize) done
Event: 0.297 Executing VM operation: HandshakeAllThreads (Deoptimize)
Event: 0.297 Executing VM operation: HandshakeAllThreads (Deoptimize) done
Event: 1.312 Executing VM operation: Cleanup
Event: 1.716 Executing VM operation: Cleanup done
Event: 2.729 Executing VM operation: Cleanup

Memory protections (0 events):
No events

Nmethod flushes (0 events):
No events

Events (17 events):
Event: 0.082 Thread 0x000001995facfa20 Thread added: 0x000001995facfa20
Event: 0.117 Thread 0x000001995facfa20 Thread added: 0x000001997657cec0
Event: 0.118 Thread 0x000001995facfa20 Thread added: 0x000001995fb722c0
Event: 0.119 Thread 0x000001995facfa20 Thread added: 0x000001995fb74730
Event: 0.119 Thread 0x000001995facfa20 Thread added: 0x000001995fb763d0
Event: 0.119 Thread 0x000001995facfa20 Thread added: 0x000001995fb7e9f0
Event: 0.119 Thread 0x000001995facfa20 Thread added: 0x000001995fb7f080
Event: 0.119 Thread 0x000001995facfa20 Thread added: 0x0000019977975ae0
Event: 0.119 Thread 0x000001995facfa20 Thread added: 0x0000019977977d00
Event: 0.174 Thread 0x0000019977977d00 Thread added: 0x0000019977a72720
Event: 0.175 Thread 0x0000019977a72720 Thread added: 0x0000019977a77940
Event: 0.176 Thread 0x0000019977a77940 Thread added: 0x0000019977a79140
Event: 0.186 Thread 0x0000019977975ae0 Thread added: 0x0000019977acd280
Event: 0.217 Thread 0x000001995facfa20 Thread added: 0x000001995fb7c290
Event: 0.602 Thread 0x000001995facfa20 Thread added: 0x000001995fb7cfb0
Event: 1.717 Thread 0x0000019977a79140 Thread exited: 0x0000019977a79140
Event: 1.733 Thread 0x0000019977acd280 Thread added: 0x0000019977acc4e0


Dynamic libraries:
0x00007ff7e3ce0000 - 0x00007ff7e3cee000 	c:\Users\Aurora  N. Postrado\.vscode\extensions\redhat.java-1.50.0-win32-x64\jre\21.0.9-win32-x86_64\bin\java.exe
0x00007ffe6ba20000 - 0x00007ffe6bc87000 	C:\WINDOWS\SYSTEM32\ntdll.dll
0x00007ffe6aa70000 - 0x00007ffe6ab39000 	C:\WINDOWS\System32\KERNEL32.DLL
0x00007ffe68f60000 - 0x00007ffe6934f000 	C:\WINDOWS\System32\KERNELBASE.dll
0x00007ffe69390000 - 0x00007ffe694db000 	C:\WINDOWS\System32\ucrtbase.dll
0x00007ffe3c680000 - 0x00007ffe3c698000 	c:\Users\Aurora  N. Postrado\.vscode\extensions\redhat.java-1.50.0-win32-x64\jre\21.0.9-win32-x86_64\bin\jli.dll
0x00007ffe3ad30000 - 0x00007ffe3ad4e000 	c:\Users\Aurora  N. Postrado\.vscode\extensions\redhat.java-1.50.0-win32-x64\jre\21.0.9-win32-x86_64\bin\VCRUNTIME140.dll
0x00007ffe6a170000 - 0x00007ffe6a335000 	C:\WINDOWS\System32\USER32.dll
0x00007ffe57b40000 - 0x00007ffe57dd3000 	C:\WINDOWS\WinSxS\amd64_microsoft.windows.common-controls_6595b64144ccf1df_6.0.26100.7309_none_3e05feeae336a044\COMCTL32.dll
0x00007ffe69360000 - 0x00007ffe69387000 	C:\WINDOWS\System32\win32u.dll
0x00007ffe69b80000 - 0x00007ffe69c29000 	C:\WINDOWS\System32\msvcrt.dll
0x00007ffe6a420000 - 0x00007ffe6a44b000 	C:\WINDOWS\System32\GDI32.dll
0x00007ffe68c00000 - 0x00007ffe68d2c000 	C:\WINDOWS\System32\gdi32full.dll
0x00007ffe694e0000 - 0x00007ffe69583000 	C:\WINDOWS\System32\msvcp_win.dll
0x00007ffe6b8a0000 - 0x00007ffe6b8d1000 	C:\WINDOWS\System32\IMM32.DLL
0x00007ffe5ab60000 - 0x00007ffe5ab6c000 	c:\Users\Aurora  N. Postrado\.vscode\extensions\redhat.java-1.50.0-win32-x64\jre\21.0.9-win32-x86_64\bin\vcruntime140_1.dll
0x00007ffe19c50000 - 0x00007ffe19cdd000 	c:\Users\Aurora  N. Postrado\.vscode\extensions\redhat.java-1.50.0-win32-x64\jre\21.0.9-win32-x86_64\bin\msvcp140.dll
0x00007ffdd8cb0000 - 0x00007ffdd9a50000 	c:\Users\Aurora  N. Postrado\.vscode\extensions\redhat.java-1.50.0-win32-x64\jre\21.0.9-win32-x86_64\bin\server\jvm.dll
0x00007ffe69ac0000 - 0x00007ffe69b74000 	C:\WINDOWS\System32\ADVAPI32.dll
0x00007ffe6a9c0000 - 0x00007ffe6aa66000 	C:\WINDOWS\System32\sechost.dll
0x00007ffe6a450000 - 0x00007ffe6a568000 	C:\WINDOWS\System32\RPCRT4.dll
0x00007ffe6a0d0000 - 0x00007ffe6a144000 	C:\WINDOWS\System32\WS2_32.dll
0x00007ffe689d0000 - 0x00007ffe68a2e000 	C:\WINDOWS\SYSTEM32\POWRPROF.dll
0x00007ffe62180000 - 0x00007ffe621b5000 	C:\WINDOWS\SYSTEM32\WINMM.dll
0x00007ffe621c0000 - 0x00007ffe621cb000 	C:\WINDOWS\SYSTEM32\VERSION.dll
0x00007ffe689b0000 - 0x00007ffe689c4000 	C:\WINDOWS\SYSTEM32\UMPDC.dll
0x00007ffe67920000 - 0x00007ffe6793b000 	C:\WINDOWS\SYSTEM32\kernel.appcore.dll
0x00007ffe5a040000 - 0x00007ffe5a04a000 	c:\Users\Aurora  N. Postrado\.vscode\extensions\redhat.java-1.50.0-win32-x64\jre\21.0.9-win32-x86_64\bin\jimage.dll
0x00007ffe5e950000 - 0x00007ffe5eb92000 	C:\WINDOWS\SYSTEM32\DBGHELP.DLL
0x00007ffe6a570000 - 0x00007ffe6a8f6000 	C:\WINDOWS\System32\combase.dll
0x00007ffe6a340000 - 0x00007ffe6a416000 	C:\WINDOWS\System32\OLEAUT32.dll
0x00007ffe4a380000 - 0x00007ffe4a3bc000 	C:\WINDOWS\SYSTEM32\dbgcore.DLL
0x00007ffe68eb0000 - 0x00007ffe68f55000 	C:\WINDOWS\System32\bcryptPrimitives.dll
0x00007ffe4d0b0000 - 0x00007ffe4d0bf000 	c:\Users\Aurora  N. Postrado\.vscode\extensions\redhat.java-1.50.0-win32-x64\jre\21.0.9-win32-x86_64\bin\instrument.dll
0x00007ffe35c70000 - 0x00007ffe35c90000 	c:\Users\Aurora  N. Postrado\.vscode\extensions\redhat.java-1.50.0-win32-x64\jre\21.0.9-win32-x86_64\bin\java.dll
0x00007ffe6b120000 - 0x00007ffe6b873000 	C:\WINDOWS\System32\SHELL32.dll
0x00007ffe69650000 - 0x00007ffe697ba000 	C:\WINDOWS\System32\wintypes.dll
0x00007ffe667b0000 - 0x00007ffe6700e000 	C:\WINDOWS\SYSTEM32\windows.storage.dll
0x00007ffe699c0000 - 0x00007ffe69ab4000 	C:\WINDOWS\System32\SHCORE.dll
0x00007ffe697c0000 - 0x00007ffe69826000 	C:\WINDOWS\System32\shlwapi.dll
0x00007ffe68a90000 - 0x00007ffe68ab9000 	C:\WINDOWS\SYSTEM32\profapi.dll
0x00007ffe490a0000 - 0x00007ffe490b8000 	c:\Users\Aurora  N. Postrado\.vscode\extensions\redhat.java-1.50.0-win32-x64\jre\21.0.9-win32-x86_64\bin\zip.dll
0x00007ffe4cc30000 - 0x00007ffe4cc40000 	C:\Users\Aurora  N. Postrado\.vscode\extensions\redhat.java-1.50.0-win32-x64\jre\21.0.9-win32-x86_64\bin\net.dll
0x00007ffe5f870000 - 0x00007ffe5f998000 	C:\WINDOWS\SYSTEM32\WINHTTP.dll
0x00007ffe67e90000 - 0x00007ffe67efb000 	C:\WINDOWS\system32\mswsock.dll
0x00007ffe49080000 - 0x00007ffe49096000 	C:\Users\Aurora  N. Postrado\.vscode\extensions\redhat.java-1.50.0-win32-x64\jre\21.0.9-win32-x86_64\bin\nio.dll
0x00007ffe4c6e0000 - 0x00007ffe4c6f0000 	c:\Users\Aurora  N. Postrado\.vscode\extensions\redhat.java-1.50.0-win32-x64\jre\21.0.9-win32-x86_64\bin\verify.dll

JVMTI agents:
c:\Users\Aurora  N. Postrado\.vscode\extensions\redhat.java-1.50.0-win32-x64\lombok\lombok-1.18.39-4050.jar path:c:\Users\Aurora  N. Postrado\.vscode\extensions\redhat.java-1.50.0-win32-x64\jre\21.0.9-win32-x86_64\bin\instrument.dll, loaded, initialized, instrumentlib options:none

dbghelp: loaded successfully - version: 4.0.5 - missing functions: none
symbol engine: initialized successfully - sym options: 0x614 - pdb path: .;c:\Users\Aurora  N. Postrado\.vscode\extensions\redhat.java-1.50.0-win32-x64\jre\21.0.9-win32-x86_64\bin;C:\WINDOWS\SYSTEM32;C:\WINDOWS\WinSxS\amd64_microsoft.windows.common-controls_6595b64144ccf1df_6.0.26100.7309_none_3e05feeae336a044;c:\Users\Aurora  N. Postrado\.vscode\extensions\redhat.java-1.50.0-win32-x64\jre\21.0.9-win32-x86_64\bin\server

VM Arguments:
jvm_args: --add-modules=ALL-SYSTEM --add-opens=java.base/java.util=ALL-UNNAMED --add-opens=java.base/java.lang=ALL-UNNAMED --add-opens=java.base/sun.nio.fs=ALL-UNNAMED -Declipse.application=org.eclipse.jdt.ls.core.id1 -Dosgi.bundles.defaultStartLevel=4 -Declipse.product=org.eclipse.jdt.ls.core.product -Djava.import.generatesMetadataFilesAtProjectRoot=false -DDetectVMInstallationsJob.disabled=true -Dfile.encoding=utf8 -XX:+UseParallelGC -XX:GCTimeRatio=4 -XX:AdaptiveSizePolicyWeight=90 -Dsun.zip.disableMemoryMapping=true -Xmx2G -Xms100m -Xlog:disable -javaagent:c:\Users\Aurora  N. Postrado\.vscode\extensions\redhat.java-1.50.0-win32-x64\lombok\lombok-1.18.39-4050.jar -XX:+HeapDumpOnOutOfMemoryError -XX:HeapDumpPath=c:\Users\Aurora  N. Postrado\AppData\Roaming\Code\User\workspaceStorage\16087328b602278ea996584764c22d24\redhat.java -Daether.dependencyCollector.impl=bf 
java_command: c:\Users\Aurora  N. Postrado\.vscode\extensions\redhat.java-1.50.0-win32-x64\server\plugins\org.eclipse.equinox.launcher_1.7.100.v20251111-0406.jar -configuration c:\Users\Aurora  N. Postrado\AppData\Roaming\Code\User\globalStorage\redhat.java\1.50.0\config_win -data c:\Users\Aurora  N. Postrado\AppData\Roaming\Code\User\workspaceStorage\16087328b602278ea996584764c22d24\redhat.java\jdt_ws --pipe=\\.\pipe\lsp-7e9fe9a101e050b5fc9344d26b3f1c73-sock
java_class_path (initial): c:\Users\Aurora  N. Postrado\.vscode\extensions\redhat.java-1.50.0-win32-x64\server\plugins\org.eclipse.equinox.launcher_1.7.100.v20251111-0406.jar
Launcher Type: SUN_STANDARD

[Global flags]
    uintx AdaptiveSizePolicyWeight                 = 90                                        {product} {command line}
     intx CICompilerCount                          = 12                                        {product} {ergonomic}
    uintx GCTimeRatio                              = 4                                         {product} {command line}
     bool HeapDumpOnOutOfMemoryError               = true                                   {manageable} {command line}
    ccstr HeapDumpPath                             = c:\Users\Aurora  N. Postrado\AppData\Roaming\Code\User\workspaceStorage\16087328b602278ea996584764c22d24\redhat.java         {manageable} {command line}
   size_t InitialHeapSize                          = 104857600                                 {product} {command line}
   size_t MaxHeapSize                              = 2147483648                                {product} {command line}
   size_t MaxNewSize                               = 715653120                                 {product} {ergonomic}
   size_t MinHeapDeltaBytes                        = 524288                                    {product} {ergonomic}
   size_t MinHeapSize                              = 104857600                                 {product} {command line}
   size_t NewSize                                  = 34603008                                  {product} {ergonomic}
    uintx NonNMethodCodeHeapSize                   = 7602480                                {pd product} {ergonomic}
    uintx NonProfiledCodeHeapSize                  = 122027880                              {pd product} {ergonomic}
   size_t OldSize                                  = 70254592                                  {product} {ergonomic}
    uintx ProfiledCodeHeapSize                     = 122027880                              {pd product} {ergonomic}
    uintx ReservedCodeCacheSize                    = 251658240                              {pd product} {ergonomic}
     bool SegmentedCodeCache                       = true                                      {product} {ergonomic}
   size_t SoftMaxHeapSize                          = 2147483648                             {manageable} {ergonomic}
     bool UseCompressedOops                        = true                           {product lp64_product} {ergonomic}
     bool UseLargePagesIndividualAllocation        = false                                  {pd product} {ergonomic}
     bool UseParallelGC                            = true                                      {product} {command line}

Logging:
Log output configuration:
 #0: stdout all=off uptime,level,tags foldmultilines=false
 #1: stderr all=off uptime,level,tags foldmultilines=false

Release file:
JAVA_VERSION="21.0.9" 
MODULES="java.base java.compiler java.datatransfer java.xml java.prefs java.desktop java.instrument java.logging java.management java.security.sasl java.naming java.rmi java.management.rmi java.net.http java.scripting java.security.jgss java.transaction.xa java.sql java.sql.rowset java.xml.crypto java.se java.smartcardio jdk.accessibility jdk.internal.jvmstat jdk.attach jdk.charsets jdk.internal.opt jdk.zipfs jdk.compiler jdk.crypto.ec jdk.crypto.cryptoki jdk.crypto.mscapi jdk.dynalink jdk.internal.ed jdk.editpad jdk.hotspot.agent jdk.httpserver jdk.internal.le jdk.internal.vm.ci jdk.internal.vm.compiler jdk.internal.vm.compiler.management jdk.jartool jdk.javadoc jdk.jcmd jdk.management jdk.management.agent jdk.jconsole jdk.jdeps jdk.jdwp.agent jdk.jdi jdk.jfr jdk.jshell jdk.jsobject jdk.jstatd jdk.localedata jdk.management.jfr jdk.naming.dns jdk.naming.rmi jdk.net jdk.nio.mapmode jdk.random jdk.sctp jdk.security.auth jdk.security.jgss jdk.unsupported jdk.unsupported.desktop jdk.xml.dom" 

Environment Variables:
PATH=C:\Program Files\Eclipse Adoptium\jdk-17.0.17.10-hotspot\bin;C:\Windows\system32;C:\Windows;C:\Windows\System32\Wbem;C:\Windows\System32\WindowsPowerShell\v1.0\;C:\Windows\System32\OpenSSH\;C:\Program Files (x86)\NVIDIA Corporation\PhysX\Common;C:\Program Files\NVIDIA Corporation\NVIDIA NvDLISR;C:\WINDOWS\system32;C:\WINDOWS;C:\WINDOWS\System32\Wbem;C:\WINDOWS\System32\WindowsPowerShell\v1.0\;C:\WINDOWS\System32\OpenSSH\;C:\Program Files\Git\cmd;C:\Users\Aurora  N. Postrado\AppData\Local\Microsoft\WindowsApps;C:\Users\Aurora  N. Postrado\AppData\Local\Programs\Microsoft VS Code\bin;C:\Users\Aurora  N. Postrado\AppData\Local\GitHubDesktop\bin
USERNAME=Aurora  N. Postrado
OS=Windows_NT
PROCESSOR_IDENTIFIER=AMD64 Family 23 Model 104 Stepping 1, AuthenticAMD
TMP=C:\Users\AURORA~1.POS\AppData\Local\Temp
TEMP=C:\Users\AURORA~1.POS\AppData\Local\Temp




Periodic native trim disabled

---------------  S Y S T E M  ---------------

OS:
 Windows 11 , 64 bit Build 26100 (10.0.26100.7309)
OS uptime: 0 days 0:12 hours

CPU: total 16 (initial active 16) (16 cores per cpu, 2 threads per core) family 23 model 104 stepping 1 microcode 0x8608103, cx8, cmov, fxsr, ht, mmx, 3dnowpref, sse, sse2, sse3, ssse3, sse4a, sse4.1, sse4.2, popcnt, lzcnt, tsc, tscinvbit, avx, avx2, aes, clmul, bmi1, bmi2, adx, sha, fma, vzeroupper, clflush, clflushopt, rdtscp, rdpid, f16c
Processor Information for the first 16 processors :
  Max Mhz: 1801, Current Mhz: 1801, Mhz Limit: 1801

Memory: 4k page, system-wide physical 7514M (1424M free)
TotalPageFile size 7514M (AvailPageFile size 1M)
current process WorkingSet (physical memory assigned to process): 56M, peak: 56M
current process commit charge ("private bytes"): 244M, peak: 244M

vm_info: OpenJDK 64-Bit Server VM (21.0.9+10-LTS) for windows-amd64 JRE (21.0.9+10-LTS), built on 2025-10-21T00:00:00Z by "admin" with unknown MS VC++:1942

END.
