#
# There is insufficient memory for the Java Runtime Environment to continue.
# Native memory allocation (malloc) failed to allocate 777056 bytes. Error detail: Chunk::new
# Possible reasons:
#   The system is out of physical RAM or swap space
#   This process is running with CompressedOops enabled, and the Java Heap may be blocking the growth of the native heap
# Possible solutions:
#   Reduce memory load on the system
#   Increase physical memory or swap space
#   Check if swap backing store is full
#   Decrease Java heap size (-Xmx/-Xms)
#   Decrease number of Java threads
#   Decrease Java thread stack sizes (-Xss)
#   Set larger code cache with -XX:ReservedCodeCacheSize=
#   JVM is running with Unscaled Compressed Oops mode in which the Java heap is
#     placed in the first 4GB address space. The Java Heap base address is the
#     maximum limit for the native heap growth. Please use -XX:HeapBaseMinAddress
#     to set the Java Heap base and to place the Java Heap above 4GB virtual address.
# This output file may be truncated or incomplete.
#
#  Out of Memory Error (arena.cpp:168), pid=14896, tid=16940
#
# JRE version: OpenJDK Runtime Environment Temurin-21.0.9+10 (21.0.9+10) (build 21.0.9+10-LTS)
# Java VM: OpenJDK 64-Bit Server VM Temurin-21.0.9+10 (21.0.9+10-LTS, mixed mode, sharing, tiered, compressed oops, compressed class ptrs, parallel gc, windows-amd64)
# No core dump will be written. Minidumps are not enabled by default on client versions of Windows
#

---------------  S U M M A R Y ------------

Command Line: --add-modules=ALL-SYSTEM --add-opens=java.base/java.util=ALL-UNNAMED --add-opens=java.base/java.lang=ALL-UNNAMED --add-opens=java.base/sun.nio.fs=ALL-UNNAMED -Declipse.application=org.eclipse.jdt.ls.core.id1 -Dosgi.bundles.defaultStartLevel=4 -Declipse.product=org.eclipse.jdt.ls.core.product -Djava.import.generatesMetadataFilesAtProjectRoot=false -DDetectVMInstallationsJob.disabled=true -Dfile.encoding=utf8 -XX:+UseParallelGC -XX:GCTimeRatio=4 -XX:AdaptiveSizePolicyWeight=90 -Dsun.zip.disableMemoryMapping=true -Xmx2G -Xms100m -Xlog:disable -javaagent:c:\Users\Aurora  N. Postrado\.vscode\extensions\redhat.java-1.50.0-win32-x64\lombok\lombok-1.18.39-4050.jar -XX:+HeapDumpOnOutOfMemoryError -XX:HeapDumpPath=c:\Users\Aurora  N. Postrado\AppData\Roaming\Code\User\workspaceStorage\16087328b602278ea996584764c22d24\redhat.java -Daether.dependencyCollector.impl=bf c:\Users\Aurora  N. Postrado\.vscode\extensions\redhat.java-1.50.0-win32-x64\server\plugins\org.eclipse.equinox.launcher_1.7.100.v20251111-0406.jar -configuration c:\Users\Aurora  N. Postrado\AppData\Roaming\Code\User\globalStorage\redhat.java\1.50.0\config_win -data c:\Users\Aurora  N. Postrado\AppData\Roaming\Code\User\workspaceStorage\16087328b602278ea996584764c22d24\redhat.java\jdt_ws --pipe=\\.\pipe\lsp-f9e1bbcac838405d6e894c0e1c98a863-sock

Host: AMD Ryzen 7 5700U with Radeon Graphics         , 16 cores, 7G,  Windows 11 , 64 bit Build 26100 (10.0.26100.7309)
Time: Fri Dec 12 12:21:25 2025 Malay Peninsula Standard Time elapsed time: 30.923176 seconds (0d 0h 0m 30s)

---------------  T H R E A D  ---------------

Current thread (0x000001c481bef820):  JavaThread "C2 CompilerThread3" daemon [_thread_in_native, id=16940, stack(0x0000009ea7d00000,0x0000009ea7e00000) (1024K)]


Current CompileTask:
C2:30923 3958       4       java.lang.StackTraceElement::toString (298 bytes)

Stack: [0x0000009ea7d00000,0x0000009ea7e00000]
Native frames: (J=compiled Java code, j=interpreted, Vv=VM code, C=native code)
V  [jvm.dll+0x6d6e29]
V  [jvm.dll+0x8b4b76]
V  [jvm.dll+0x8b712e]
V  [jvm.dll+0x8b7813]
V  [jvm.dll+0x283d86]
V  [jvm.dll+0xc66ed]
V  [jvm.dll+0xc6c31]
V  [jvm.dll+0x3be53b]
V  [jvm.dll+0x38ab92]
V  [jvm.dll+0x389fda]
V  [jvm.dll+0x24bfa0]
V  [jvm.dll+0x24b580]
V  [jvm.dll+0x1cb13e]
V  [jvm.dll+0x25b29d]
V  [jvm.dll+0x25982a]
V  [jvm.dll+0x3f7ea6]
V  [jvm.dll+0x85e9ad]
V  [jvm.dll+0x6d565d]
C  [ucrtbase.dll+0x37b0]
C  [KERNEL32.DLL+0x2e8d7]
C  [ntdll.dll+0x8c53c]


---------------  P R O C E S S  ---------------

Threads class SMR info:
_java_thread_list=0x000001c488f84ea0, length=26, elements={
0x000001c428d0c420, 0x000001c428cbcff0, 0x000001c428db2b40, 0x000001c428db5d10,
0x000001c428db6760, 0x000001c428db8710, 0x000001c428dbbb60, 0x000001c428dc4d70,
0x000001c428dcc3e0, 0x000001c481d98ba0, 0x000001c481e95fc0, 0x000001c488607bf0,
0x000001c488299940, 0x000001c488aa8e20, 0x000001c488ab1070, 0x000001c4838f87b0,
0x000001c481d371f0, 0x000001c488718d80, 0x000001c4882011a0, 0x000001c48346a3a0,
0x000001c488916930, 0x000001c488916fc0, 0x000001c488f58db0, 0x000001c4894ca0b0,
0x000001c481bee3b0, 0x000001c481bef820
}

Java Threads: ( => current thread )
  0x000001c428d0c420 JavaThread "main"                              [_thread_blocked, id=13356, stack(0x0000009ea5500000,0x0000009ea5600000) (1024K)]
  0x000001c428cbcff0 JavaThread "Reference Handler"          daemon [_thread_blocked, id=15628, stack(0x0000009ea5900000,0x0000009ea5a00000) (1024K)]
  0x000001c428db2b40 JavaThread "Finalizer"                  daemon [_thread_blocked, id=15756, stack(0x0000009ea5a00000,0x0000009ea5b00000) (1024K)]
  0x000001c428db5d10 JavaThread "Signal Dispatcher"          daemon [_thread_blocked, id=6924, stack(0x0000009ea5b00000,0x0000009ea5c00000) (1024K)]
  0x000001c428db6760 JavaThread "Attach Listener"            daemon [_thread_blocked, id=17268, stack(0x0000009ea5c00000,0x0000009ea5d00000) (1024K)]
  0x000001c428db8710 JavaThread "Service Thread"             daemon [_thread_blocked, id=2236, stack(0x0000009ea5d00000,0x0000009ea5e00000) (1024K)]
  0x000001c428dbbb60 JavaThread "Monitor Deflation Thread"   daemon [_thread_blocked, id=15156, stack(0x0000009ea5e00000,0x0000009ea5f00000) (1024K)]
  0x000001c428dc4d70 JavaThread "C2 CompilerThread0"         daemon [_thread_blocked, id=3716, stack(0x0000009ea5f00000,0x0000009ea6000000) (1024K)]
  0x000001c428dcc3e0 JavaThread "C1 CompilerThread0"         daemon [_thread_blocked, id=9856, stack(0x0000009ea6000000,0x0000009ea6100000) (1024K)]
  0x000001c481d98ba0 JavaThread "Common-Cleaner"             daemon [_thread_blocked, id=4740, stack(0x0000009ea6400000,0x0000009ea6500000) (1024K)]
  0x000001c481e95fc0 JavaThread "Notification Thread"        daemon [_thread_blocked, id=3588, stack(0x0000009ea6500000,0x0000009ea6600000) (1024K)]
  0x000001c488607bf0 JavaThread "Active Thread: Equinox Container: 658fa621-d9cf-4341-8d6a-936c00a8c250"        [_thread_blocked, id=10036, stack(0x0000009ea7000000,0x0000009ea7100000) (1024K)]
  0x000001c488299940 JavaThread "Refresh Thread: Equinox Container: 658fa621-d9cf-4341-8d6a-936c00a8c250" daemon [_thread_blocked, id=2860, stack(0x0000009ea6100000,0x0000009ea6200000) (1024K)]
  0x000001c488aa8e20 JavaThread "Framework Event Dispatcher: Equinox Container: 658fa621-d9cf-4341-8d6a-936c00a8c250" daemon [_thread_blocked, id=6724, stack(0x0000009ea6200000,0x0000009ea6300000) (1024K)]
  0x000001c488ab1070 JavaThread "Start Level: Equinox Container: 658fa621-d9cf-4341-8d6a-936c00a8c250" daemon [_thread_blocked, id=6060, stack(0x0000009ea6300000,0x0000009ea6400000) (1024K)]
  0x000001c4838f87b0 JavaThread "Bundle File Closer"         daemon [_thread_blocked, id=7684, stack(0x0000009ea6f00000,0x0000009ea7000000) (1024K)]
  0x000001c481d371f0 JavaThread "SCR Component Actor"        daemon [_thread_blocked, id=4428, stack(0x0000009ea7200000,0x0000009ea7300000) (1024K)]
  0x000001c488718d80 JavaThread "C1 CompilerThread1"         daemon [_thread_blocked, id=16624, stack(0x0000009ea7900000,0x0000009ea7a00000) (1024K)]
  0x000001c4882011a0 JavaThread "Worker-JM"                         [_thread_blocked, id=6324, stack(0x0000009ea7400000,0x0000009ea7500000) (1024K)]
  0x000001c48346a3a0 JavaThread "JNA Cleaner"                daemon [_thread_blocked, id=16928, stack(0x0000009ea7600000,0x0000009ea7700000) (1024K)]
  0x000001c488916930 JavaThread "Worker-0: Checking project encoding"        [_thread_blocked, id=16808, stack(0x0000009ea7700000,0x0000009ea7800000) (1024K)]
  0x000001c488916fc0 JavaThread "Worker-1"                          [_thread_blocked, id=8716, stack(0x0000009ea7800000,0x0000009ea7900000) (1024K)]
  0x000001c488f58db0 JavaThread "C2 CompilerThread1"         daemon [_thread_in_native, id=14452, stack(0x0000009ea7a00000,0x0000009ea7b00000) (1024K)]
  0x000001c4894ca0b0 JavaThread "C1 CompilerThread2"         daemon [_thread_blocked, id=16812, stack(0x0000009ea7b00000,0x0000009ea7c00000) (1024K)]
  0x000001c481bee3b0 JavaThread "C2 CompilerThread2"         daemon [_thread_blocked, id=13980, stack(0x0000009ea7c00000,0x0000009ea7d00000) (1024K)]
=>0x000001c481bef820 JavaThread "C2 CompilerThread3"         daemon [_thread_in_native, id=16940, stack(0x0000009ea7d00000,0x0000009ea7e00000) (1024K)]
Total: 26

Other Threads:
  0x000001c426a22870 VMThread "VM Thread"                           [id=9300, stack(0x0000009ea5800000,0x0000009ea5900000) (1024K)]
  0x000001c428d7dcd0 WatcherThread "VM Periodic Task Thread"        [id=16072, stack(0x0000009ea5700000,0x0000009ea5800000) (1024K)]
  0x000001c426a224d0 WorkerThread "GC Thread#0"                     [id=9052, stack(0x0000009ea5600000,0x0000009ea5700000) (1024K)]
  0x000001c426a23350 WorkerThread "GC Thread#1"                     [id=7720, stack(0x0000009ea6800000,0x0000009ea6900000) (1024K)]
  0x000001c426a236f0 WorkerThread "GC Thread#2"                     [id=12844, stack(0x0000009ea6900000,0x0000009ea6a00000) (1024K)]
  0x000001c426a23e30 WorkerThread "GC Thread#3"                     [id=8928, stack(0x0000009ea6a00000,0x0000009ea6b00000) (1024K)]
  0x000001c4837ae7f0 WorkerThread "GC Thread#4"                     [id=5548, stack(0x0000009ea6b00000,0x0000009ea6c00000) (1024K)]
  0x000001c4837b04f0 WorkerThread "GC Thread#5"                     [id=6440, stack(0x0000009ea6c00000,0x0000009ea6d00000) (1024K)]
  0x000001c4837af670 WorkerThread "GC Thread#6"                     [id=17188, stack(0x0000009ea6d00000,0x0000009ea6e00000) (1024K)]
  0x000001c4837ae450 WorkerThread "GC Thread#7"                     [id=1684, stack(0x0000009ea7100000,0x0000009ea7200000) (1024K)]
  0x000001c4837afa10 WorkerThread "GC Thread#8"                     [id=16852, stack(0x0000009ea6600000,0x0000009ea6700000) (1024K)]
  0x000001c4837b0890 WorkerThread "GC Thread#9"                     [id=5784, stack(0x0000009ea6700000,0x0000009ea6800000) (1024K)]
  0x000001c4837b1ab0 WorkerThread "GC Thread#10"                    [id=17400, stack(0x0000009ea6e00000,0x0000009ea6f00000) (1024K)]
  0x000001c4837aeb90 WorkerThread "GC Thread#11"                    [id=16416, stack(0x0000009ea7300000,0x0000009ea7400000) (1024K)]
  0x000001c4837b1710 WorkerThread "GC Thread#12"                    [id=4380, stack(0x0000009ea7500000,0x0000009ea7600000) (1024K)]
Total: 15

Threads with active compile tasks:
C2 CompilerThread1  30957 3979   !   4       java.util.jar.Attributes::read (494 bytes)
C2 CompilerThread2  30957 4027   !   4       org.eclipse.osgi.storage.bundlefile.CloseableBundleFile::lockOpen (113 bytes)
C2 CompilerThread3  30957 3958       4       java.lang.StackTraceElement::toString (298 bytes)
Total: 3

VM state: not at safepoint (normal execution)

VM Mutex/Monitor currently owned by a thread:  ([mutex/lock_event])
[0x00007ffa118cd670] Heap_lock - owner thread: 0x0000000000000000

Heap address: 0x0000000080000000, size: 2048 MB, Compressed Oops mode: 32-bit

CDS archive(s) mapped at: [0x000001c440000000-0x000001c440ba0000-0x000001c440ba0000), size 12189696, SharedBaseAddress: 0x000001c440000000, ArchiveRelocationMode: 1.
Compressed class space mapped at: 0x000001c441000000-0x000001c481000000, reserved size: 1073741824
Narrow klass base: 0x000001c440000000, Narrow klass shift: 0, Narrow klass range: 0x100000000

GC Precious Log:
 CardTable entry size: 512
 CPUs: 16 total, 16 available
 Memory: 7514M
 Large Page Support: Disabled
 NUMA Support: Disabled
 Compressed Oops: Enabled (32-bit)
 Alignments: Space 512K, Generation 512K, Heap 2M
 Heap Min Capacity: 100M
 Heap Initial Capacity: 100M
 Heap Max Capacity: 2G
 Pre-touch: Disabled
 Parallel Workers: 13

Heap:
 PSYoungGen      total 28160K, used 4041K [0x00000000d5580000, 0x00000000d7600000, 0x0000000100000000)
  eden space 24064K, 1% used [0x00000000d5580000,0x00000000d55ef980,0x00000000d6d00000)
  from space 4096K, 87% used [0x00000000d6e00000,0x00000000d7182b28,0x00000000d7200000)
  to   space 4096K, 0% used [0x00000000d7200000,0x00000000d7200000,0x00000000d7600000)
 ParOldGen       total 68608K, used 9646K [0x0000000080000000, 0x0000000084300000, 0x00000000d5580000)
  object space 68608K, 14% used [0x0000000080000000,0x000000008096bb18,0x0000000084300000)
 Metaspace       used 19535K, committed 20288K, reserved 1114112K
  class space    used 2034K, committed 2368K, reserved 1048576K

Card table byte_map: [0x000001c4286b0000,0x000001c428ac0000] _byte_map_base: 0x000001c4282b0000

Marking Bits: (ParMarkBitMap*) 0x00007ffa118d2460
 Begin Bits: [0x000001c43b1c0000, 0x000001c43d1c0000)
 End Bits:   [0x000001c43d1c0000, 0x000001c43f1c0000)

Polling page: 0x000001c426cb0000

Metaspace:

Usage:
  Non-class:     17.09 MB used.
      Class:      1.99 MB used.
       Both:     19.08 MB used.

Virtual space:
  Non-class space:       64.00 MB reserved,      17.50 MB ( 27%) committed,  1 nodes.
      Class space:        1.00 GB reserved,       2.31 MB ( <1%) committed,  1 nodes.
             Both:        1.06 GB reserved,      19.81 MB (  2%) committed. 

Chunk freelists:
   Non-Class:  14.44 MB
       Class:  13.54 MB
        Both:  27.97 MB

MaxMetaspaceSize: unlimited
CompressedClassSpaceSize: 1.00 GB
Initial GC threshold: 21.00 MB
Current GC threshold: 21.00 MB
CDS: on
 - commit_granule_bytes: 65536.
 - commit_granule_words: 8192.
 - virtual_space_node_default_size: 8388608.
 - enlarge_chunks_in_place: 1.
 - use_allocation_guard: 0.


Internal statistics:

num_allocs_failed_limit: 0.
num_arena_births: 594.
num_arena_deaths: 0.
num_vsnodes_births: 2.
num_vsnodes_deaths: 0.
num_space_committed: 317.
num_space_uncommitted: 0.
num_chunks_returned_to_freelist: 0.
num_chunks_taken_from_freelist: 1358.
num_chunk_merges: 0.
num_chunk_splits: 844.
num_chunks_enlarged: 525.
num_inconsistent_stats: 0.

CodeHeap 'non-profiled nmethods': size=119168Kb used=1750Kb max_used=1750Kb free=117417Kb
 bounds [0x000001c433ab0000, 0x000001c433d20000, 0x000001c43af10000]
CodeHeap 'profiled nmethods': size=119104Kb used=8476Kb max_used=8476Kb free=110627Kb
 bounds [0x000001c42bf10000, 0x000001c42c760000, 0x000001c433360000]
CodeHeap 'non-nmethods': size=7488Kb used=2408Kb max_used=2958Kb free=5079Kb
 bounds [0x000001c433360000, 0x000001c433650000, 0x000001c433ab0000]
CodeCache: size=245760Kb, used=12634Kb, max_used=13184Kb, free=233123Kb
 total_blobs=4589, nmethods=4026, adapters=467, full_count=0
Compilation: enabled, stopped_count=0, restarted_count=0

Compilation events (20 events):
Event: 28.897 Thread 0x000001c4894ca0b0 4010       3       java.util.TreeMap$Entry::<init> (25 bytes)
Event: 28.897 Thread 0x000001c488718d80 nmethod 4008 0x000001c42c74e890 code [0x000001c42c74ea40, 0x000001c42c74eb80]
Event: 28.897 Thread 0x000001c4894ca0b0 nmethod 4010 0x000001c42c74ec10 code [0x000001c42c74edc0, 0x000001c42c74ef70]
Event: 28.897 Thread 0x000001c488718d80 4011       1       java.util.concurrent.CopyOnWriteArrayList::getArray (5 bytes)
Event: 28.897 Thread 0x000001c488718d80 nmethod 4011 0x000001c433c63890 code [0x000001c433c63a20, 0x000001c433c63ae8]
Event: 28.898 Thread 0x000001c428dcc3e0 nmethod 4009 0x000001c42c74f010 code [0x000001c42c74f280, 0x000001c42c74fd68]
Event: 28.898 Thread 0x000001c428dcc3e0 4012       3       jdk.internal.reflect.ReflectionFactory::copyMethod (11 bytes)
Event: 28.898 Thread 0x000001c488718d80 4013       3       java.lang.reflect.ReflectAccess::copyMethod (5 bytes)
Event: 28.898 Thread 0x000001c4894ca0b0 4014       3       java.lang.reflect.Method::copy (84 bytes)
Event: 28.899 Thread 0x000001c428dcc3e0 nmethod 4012 0x000001c42c750090 code [0x000001c42c750240, 0x000001c42c750438]
Event: 28.899 Thread 0x000001c488718d80 nmethod 4013 0x000001c42c750590 code [0x000001c42c750740, 0x000001c42c750880]
Event: 28.899 Thread 0x000001c428dcc3e0 4015       3       java.lang.reflect.Method::<init> (68 bytes)
Event: 28.899 Thread 0x000001c4894ca0b0 nmethod 4014 0x000001c42c750990 code [0x000001c42c750b60, 0x000001c42c750ee0]
Event: 28.899 Thread 0x000001c428dcc3e0 nmethod 4015 0x000001c42c751010 code [0x000001c42c7511c0, 0x000001c42c7514d0]
Event: 28.904 Thread 0x000001c428dcc3e0 4019       3       org.eclipse.core.internal.preferences.EclipsePreferences::internalNode (153 bytes)
Event: 28.904 Thread 0x000001c4894ca0b0 4020       3       org.eclipse.core.internal.preferences.EclipsePreferences::parent (9 bytes)
Event: 28.904 Thread 0x000001c4894ca0b0 nmethod 4020 0x000001c42c751610 code [0x000001c42c7517e0, 0x000001c42c751bc0]
Event: 28.905 Thread 0x000001c428dcc3e0 nmethod 4019 0x000001c42c751d90 code [0x000001c42c7521a0, 0x000001c42c754220]
Event: 30.508 Thread 0x000001c4894ca0b0 4021       3       org.osgi.util.tracker.ServiceTracker::getService (33 bytes)
Event: 30.509 Thread 0x000001c4894ca0b0 nmethod 4021 0x000001c42c754d90 code [0x000001c42c754f80, 0x000001c42c755618]

GC Heap History (12 events):
Event: 0.934 GC heap before
{Heap before GC invocations=1 (full 0):
 PSYoungGen      total 29696K, used 25600K [0x00000000d5580000, 0x00000000d7680000, 0x0000000100000000)
  eden space 25600K, 100% used [0x00000000d5580000,0x00000000d6e80000,0x00000000d6e80000)
  from space 4096K, 0% used [0x00000000d7280000,0x00000000d7280000,0x00000000d7680000)
  to   space 4096K, 0% used [0x00000000d6e80000,0x00000000d6e80000,0x00000000d7280000)
 ParOldGen       total 68608K, used 0K [0x0000000080000000, 0x0000000084300000, 0x00000000d5580000)
  object space 68608K, 0% used [0x0000000080000000,0x0000000080000000,0x0000000084300000)
 Metaspace       used 4173K, committed 4416K, reserved 1114112K
  class space    used 453K, committed 576K, reserved 1048576K
}
Event: 0.943 GC heap after
{Heap after GC invocations=1 (full 0):
 PSYoungGen      total 29696K, used 3611K [0x00000000d5580000, 0x00000000d7680000, 0x0000000100000000)
  eden space 25600K, 0% used [0x00000000d5580000,0x00000000d5580000,0x00000000d6e80000)
  from space 4096K, 88% used [0x00000000d6e80000,0x00000000d7206ff8,0x00000000d7280000)
  to   space 4096K, 0% used [0x00000000d7280000,0x00000000d7280000,0x00000000d7680000)
 ParOldGen       total 68608K, used 16K [0x0000000080000000, 0x0000000084300000, 0x00000000d5580000)
  object space 68608K, 0% used [0x0000000080000000,0x0000000080004000,0x0000000084300000)
 Metaspace       used 4173K, committed 4416K, reserved 1114112K
  class space    used 453K, committed 576K, reserved 1048576K
}
Event: 1.494 GC heap before
{Heap before GC invocations=2 (full 0):
 PSYoungGen      total 29696K, used 29211K [0x00000000d5580000, 0x00000000d7680000, 0x0000000100000000)
  eden space 25600K, 100% used [0x00000000d5580000,0x00000000d6e80000,0x00000000d6e80000)
  from space 4096K, 88% used [0x00000000d6e80000,0x00000000d7206ff8,0x00000000d7280000)
  to   space 4096K, 0% used [0x00000000d7280000,0x00000000d7280000,0x00000000d7680000)
 ParOldGen       total 68608K, used 16K [0x0000000080000000, 0x0000000084300000, 0x00000000d5580000)
  object space 68608K, 0% used [0x0000000080000000,0x0000000080004000,0x0000000084300000)
 Metaspace       used 7873K, committed 8192K, reserved 1114112K
  class space    used 812K, committed 960K, reserved 1048576K
}
Event: 1.500 GC heap after
{Heap after GC invocations=2 (full 0):
 PSYoungGen      total 29696K, used 4086K [0x00000000d5580000, 0x00000000d7680000, 0x0000000100000000)
  eden space 25600K, 0% used [0x00000000d5580000,0x00000000d5580000,0x00000000d6e80000)
  from space 4096K, 99% used [0x00000000d7280000,0x00000000d767d810,0x00000000d7680000)
  to   space 4096K, 0% used [0x00000000d6e80000,0x00000000d6e80000,0x00000000d7280000)
 ParOldGen       total 68608K, used 1633K [0x0000000080000000, 0x0000000084300000, 0x00000000d5580000)
  object space 68608K, 2% used [0x0000000080000000,0x00000000801986a8,0x0000000084300000)
 Metaspace       used 7873K, committed 8192K, reserved 1114112K
  class space    used 812K, committed 960K, reserved 1048576K
}
Event: 14.242 GC heap before
{Heap before GC invocations=3 (full 0):
 PSYoungGen      total 29696K, used 29686K [0x00000000d5580000, 0x00000000d7680000, 0x0000000100000000)
  eden space 25600K, 100% used [0x00000000d5580000,0x00000000d6e80000,0x00000000d6e80000)
  from space 4096K, 99% used [0x00000000d7280000,0x00000000d767d810,0x00000000d7680000)
  to   space 4096K, 0% used [0x00000000d6e80000,0x00000000d6e80000,0x00000000d7280000)
 ParOldGen       total 68608K, used 1633K [0x0000000080000000, 0x0000000084300000, 0x00000000d5580000)
  object space 68608K, 2% used [0x0000000080000000,0x00000000801986a8,0x0000000084300000)
 Metaspace       used 9476K, committed 9792K, reserved 1114112K
  class space    used 1005K, committed 1152K, reserved 1048576K
}
Event: 14.252 GC heap after
{Heap after GC invocations=3 (full 0):
 PSYoungGen      total 29696K, used 4082K [0x00000000d5580000, 0x00000000d7680000, 0x0000000100000000)
  eden space 25600K, 0% used [0x00000000d5580000,0x00000000d5580000,0x00000000d6e80000)
  from space 4096K, 99% used [0x00000000d6e80000,0x00000000d727c8a0,0x00000000d7280000)
  to   space 4096K, 0% used [0x00000000d7280000,0x00000000d7280000,0x00000000d7680000)
 ParOldGen       total 68608K, used 4140K [0x0000000080000000, 0x0000000084300000, 0x00000000d5580000)
  object space 68608K, 6% used [0x0000000080000000,0x000000008040b310,0x0000000084300000)
 Metaspace       used 9476K, committed 9792K, reserved 1114112K
  class space    used 1005K, committed 1152K, reserved 1048576K
}
Event: 26.314 GC heap before
{Heap before GC invocations=4 (full 0):
 PSYoungGen      total 29696K, used 29682K [0x00000000d5580000, 0x00000000d7680000, 0x0000000100000000)
  eden space 25600K, 100% used [0x00000000d5580000,0x00000000d6e80000,0x00000000d6e80000)
  from space 4096K, 99% used [0x00000000d6e80000,0x00000000d727c8a0,0x00000000d7280000)
  to   space 4096K, 0% used [0x00000000d7280000,0x00000000d7280000,0x00000000d7680000)
 ParOldGen       total 68608K, used 4140K [0x0000000080000000, 0x0000000084300000, 0x00000000d5580000)
  object space 68608K, 6% used [0x0000000080000000,0x000000008040b310,0x0000000084300000)
 Metaspace       used 11777K, committed 12160K, reserved 1114112K
  class space    used 1228K, committed 1408K, reserved 1048576K
}
Event: 26.320 GC heap after
{Heap after GC invocations=4 (full 0):
 PSYoungGen      total 29696K, used 4086K [0x00000000d5580000, 0x00000000d7680000, 0x0000000100000000)
  eden space 25600K, 0% used [0x00000000d5580000,0x00000000d5580000,0x00000000d6e80000)
  from space 4096K, 99% used [0x00000000d7280000,0x00000000d767db68,0x00000000d7680000)
  to   space 4096K, 0% used [0x00000000d6e80000,0x00000000d6e80000,0x00000000d7280000)
 ParOldGen       total 68608K, used 6574K [0x0000000080000000, 0x0000000084300000, 0x00000000d5580000)
  object space 68608K, 9% used [0x0000000080000000,0x000000008066ba38,0x0000000084300000)
 Metaspace       used 11777K, committed 12160K, reserved 1114112K
  class space    used 1228K, committed 1408K, reserved 1048576K
}
Event: 28.076 GC heap before
{Heap before GC invocations=5 (full 0):
 PSYoungGen      total 29696K, used 29686K [0x00000000d5580000, 0x00000000d7680000, 0x0000000100000000)
  eden space 25600K, 100% used [0x00000000d5580000,0x00000000d6e80000,0x00000000d6e80000)
  from space 4096K, 99% used [0x00000000d7280000,0x00000000d767db68,0x00000000d7680000)
  to   space 4096K, 0% used [0x00000000d6e80000,0x00000000d6e80000,0x00000000d7280000)
 ParOldGen       total 68608K, used 6574K [0x0000000080000000, 0x0000000084300000, 0x00000000d5580000)
  object space 68608K, 9% used [0x0000000080000000,0x000000008066ba38,0x0000000084300000)
 Metaspace       used 15685K, committed 16256K, reserved 1114112K
  class space    used 1607K, committed 1856K, reserved 1048576K
}
Event: 28.081 GC heap after
{Heap after GC invocations=5 (full 0):
 PSYoungGen      total 29184K, used 4078K [0x00000000d5580000, 0x00000000d7a00000, 0x0000000100000000)
  eden space 25088K, 0% used [0x00000000d5580000,0x00000000d5580000,0x00000000d6e00000)
  from space 4096K, 99% used [0x00000000d6e80000,0x00000000d727bbd8,0x00000000d7280000)
  to   space 6144K, 0% used [0x00000000d7400000,0x00000000d7400000,0x00000000d7a00000)
 ParOldGen       total 68608K, used 8090K [0x0000000080000000, 0x0000000084300000, 0x00000000d5580000)
  object space 68608K, 11% used [0x0000000080000000,0x00000000807e6a60,0x0000000084300000)
 Metaspace       used 15685K, committed 16256K, reserved 1114112K
  class space    used 1607K, committed 1856K, reserved 1048576K
}
Event: 28.695 GC heap before
{Heap before GC invocations=6 (full 0):
 PSYoungGen      total 29184K, used 29166K [0x00000000d5580000, 0x00000000d7a00000, 0x0000000100000000)
  eden space 25088K, 100% used [0x00000000d5580000,0x00000000d6e00000,0x00000000d6e00000)
  from space 4096K, 99% used [0x00000000d6e80000,0x00000000d727bbd8,0x00000000d7280000)
  to   space 6144K, 0% used [0x00000000d7400000,0x00000000d7400000,0x00000000d7a00000)
 ParOldGen       total 68608K, used 8090K [0x0000000080000000, 0x0000000084300000, 0x00000000d5580000)
  object space 68608K, 11% used [0x0000000080000000,0x00000000807e6a60,0x0000000084300000)
 Metaspace       used 18873K, committed 19648K, reserved 1114112K
  class space    used 1966K, committed 2304K, reserved 1048576K
}
Event: 28.700 GC heap after
{Heap after GC invocations=6 (full 0):
 PSYoungGen      total 29696K, used 5040K [0x00000000d5580000, 0x00000000d7900000, 0x0000000100000000)
  eden space 24576K, 0% used [0x00000000d5580000,0x00000000d5580000,0x00000000d6d80000)
  from space 5120K, 98% used [0x00000000d7400000,0x00000000d78ec080,0x00000000d7900000)
  to   space 5632K, 0% used [0x00000000d6e00000,0x00000000d6e00000,0x00000000d7380000)
 ParOldGen       total 68608K, used 8098K [0x0000000080000000, 0x0000000084300000, 0x00000000d5580000)
  object space 68608K, 11% used [0x0000000080000000,0x00000000807e8a60,0x0000000084300000)
 Metaspace       used 18873K, committed 19648K, reserved 1114112K
  class space    used 1966K, committed 2304K, reserved 1048576K
}

Dll operation events (10 events):
Event: 0.012 Loaded shared library c:\Users\Aurora  N. Postrado\.vscode\extensions\redhat.java-1.50.0-win32-x64\jre\21.0.9-win32-x86_64\bin\java.dll
Event: 0.074 Loaded shared library c:\Users\Aurora  N. Postrado\.vscode\extensions\redhat.java-1.50.0-win32-x64\jre\21.0.9-win32-x86_64\bin\zip.dll
Event: 0.101 Loaded shared library C:\Users\Aurora  N. Postrado\.vscode\extensions\redhat.java-1.50.0-win32-x64\jre\21.0.9-win32-x86_64\bin\instrument.dll
Event: 0.160 Loaded shared library C:\Users\Aurora  N. Postrado\.vscode\extensions\redhat.java-1.50.0-win32-x64\jre\21.0.9-win32-x86_64\bin\net.dll
Event: 0.214 Loaded shared library C:\Users\Aurora  N. Postrado\.vscode\extensions\redhat.java-1.50.0-win32-x64\jre\21.0.9-win32-x86_64\bin\nio.dll
Event: 0.217 Loaded shared library C:\Users\Aurora  N. Postrado\.vscode\extensions\redhat.java-1.50.0-win32-x64\jre\21.0.9-win32-x86_64\bin\zip.dll
Event: 0.240 Loaded shared library C:\Users\Aurora  N. Postrado\.vscode\extensions\redhat.java-1.50.0-win32-x64\jre\21.0.9-win32-x86_64\bin\jimage.dll
Event: 0.371 Loaded shared library c:\Users\Aurora  N. Postrado\.vscode\extensions\redhat.java-1.50.0-win32-x64\jre\21.0.9-win32-x86_64\bin\verify.dll
Event: 8.257 Loaded shared library C:\Users\Aurora  N. Postrado\AppData\Roaming\Code\User\globalStorage\redhat.java\1.50.0\config_win\org.eclipse.equinox.launcher\org.eclipse.equinox.launcher.win32.win32.x86_64_1.2.1400.v20250801-0854\eclipse_11916.dll
Event: 28.320 Loaded shared library C:\Users\Aurora  N. Postrado\AppData\Local\Temp\jna-614272698\jna14976026825290036210.dll

Deoptimization events (20 events):
Event: 28.801 Thread 0x000001c488ab1070 DEOPT PACKING pc=0x000001c42c379a36 sp=0x0000009ea63ef000
Event: 28.801 Thread 0x000001c488ab1070 DEOPT UNPACKING pc=0x000001c4333b4242 sp=0x0000009ea63ee578 mode 0
Event: 28.805 Thread 0x000001c488ab1070 DEOPT PACKING pc=0x000001c42c379a36 sp=0x0000009ea63ef000
Event: 28.805 Thread 0x000001c488ab1070 DEOPT UNPACKING pc=0x000001c4333b4242 sp=0x0000009ea63ee578 mode 0
Event: 28.808 Thread 0x000001c488ab1070 DEOPT PACKING pc=0x000001c42c379a36 sp=0x0000009ea63ed220
Event: 28.808 Thread 0x000001c488ab1070 DEOPT UNPACKING pc=0x000001c4333b4242 sp=0x0000009ea63ec798 mode 0
Event: 28.811 Thread 0x000001c488ab1070 DEOPT PACKING pc=0x000001c42c379a36 sp=0x0000009ea63ef000
Event: 28.811 Thread 0x000001c488ab1070 DEOPT UNPACKING pc=0x000001c4333b4242 sp=0x0000009ea63ee578 mode 0
Event: 28.813 Thread 0x000001c488ab1070 DEOPT PACKING pc=0x000001c42c379a36 sp=0x0000009ea63ef000
Event: 28.813 Thread 0x000001c488ab1070 DEOPT UNPACKING pc=0x000001c4333b4242 sp=0x0000009ea63ee578 mode 0
Event: 28.816 Thread 0x000001c488ab1070 DEOPT PACKING pc=0x000001c42c379a36 sp=0x0000009ea63ef000
Event: 28.816 Thread 0x000001c488ab1070 DEOPT UNPACKING pc=0x000001c4333b4242 sp=0x0000009ea63ee578 mode 0
Event: 28.819 Thread 0x000001c488ab1070 DEOPT PACKING pc=0x000001c42c379a36 sp=0x0000009ea63ef000
Event: 28.819 Thread 0x000001c488ab1070 DEOPT UNPACKING pc=0x000001c4333b4242 sp=0x0000009ea63ee578 mode 0
Event: 28.820 Thread 0x000001c488ab1070 DEOPT PACKING pc=0x000001c42c2aacc6 sp=0x0000009ea63eefd0
Event: 28.820 Thread 0x000001c488ab1070 DEOPT UNPACKING pc=0x000001c4333b4242 sp=0x0000009ea63ee550 mode 0
Event: 28.820 Thread 0x000001c488ab1070 DEOPT PACKING pc=0x000001c42c379a36 sp=0x0000009ea63ef000
Event: 28.820 Thread 0x000001c488ab1070 DEOPT UNPACKING pc=0x000001c4333b4242 sp=0x0000009ea63ee578 mode 0
Event: 28.822 Thread 0x000001c488ab1070 DEOPT PACKING pc=0x000001c42c379a36 sp=0x0000009ea63eeee0
Event: 28.822 Thread 0x000001c488ab1070 DEOPT UNPACKING pc=0x000001c4333b4242 sp=0x0000009ea63ee458 mode 0

Classes loaded (20 events):
Event: 28.426 Loading class java/lang/ThreadDeath
Event: 28.426 Loading class java/lang/ThreadDeath done
Event: 28.434 Loading class java/util/stream/SortedOps$SizedRefSortingSink
Event: 28.434 Loading class java/util/stream/SortedOps$SizedRefSortingSink done
Event: 28.465 Loading class java/util/concurrent/atomic/Striped64$1
Event: 28.465 Loading class java/util/concurrent/atomic/Striped64$1 done
Event: 28.539 Loading class java/util/BitSet
Event: 28.539 Loading class java/util/BitSet done
Event: 28.545 Loading class sun/net/www/protocol/jrt/JavaRuntimeURLConnection
Event: 28.545 Loading class sun/net/www/protocol/jrt/JavaRuntimeURLConnection done
Event: 28.546 Loading class sun/net/www/protocol/jrt/JavaRuntimeURLConnection$1
Event: 28.546 Loading class sun/net/www/protocol/jrt/JavaRuntimeURLConnection$1 done
Event: 28.568 Loading class java/util/function/UnaryOperator
Event: 28.568 Loading class java/util/function/UnaryOperator done
Event: 28.570 Loading class java/util/ServiceConfigurationError
Event: 28.570 Loading class java/util/ServiceConfigurationError done
Event: 28.584 Loading class java/lang/InheritableThreadLocal
Event: 28.584 Loading class java/lang/InheritableThreadLocal done
Event: 28.623 Loading class java/security/AccessControlException
Event: 28.623 Loading class java/security/AccessControlException done

Classes unloaded (0 events):
No events

Classes redefined (0 events):
No events

Internal exceptions (20 events):
Event: 28.338 Thread 0x000001c488ab1070 Exception <a 'java/lang/NoSuchMethodError'{0x00000000d5cb9500}: 'void java.lang.invoke.DirectMethodHandle$Holder.invokeSpecial(java.lang.Object, java.lang.Object, java.lang.Object, int)'> (0x00000000d5cb9500) 
thrown [s\src\hotspot\share\interpreter\linkResolver.cpp, line 773]
Event: 28.339 Thread 0x000001c488ab1070 Exception <a 'java/lang/NoSuchMethodError'{0x00000000d5cbce90}: 'void java.lang.invoke.DelegatingMethodHandle$Holder.reinvoke_L(java.lang.Object, java.lang.Object, int)'> (0x00000000d5cbce90) 
thrown [s\src\hotspot\share\interpreter\linkResolver.cpp, line 773]
Event: 28.340 Thread 0x000001c488ab1070 Exception <a 'java/lang/NoSuchMethodError'{0x00000000d5cc3b78}: 'int java.lang.invoke.Invokers$Holder.invokeExact_MT(java.lang.Object, java.lang.Object, java.lang.Object)'> (0x00000000d5cc3b78) 
thrown [s\src\hotspot\share\interpreter\linkResolver.cpp, line 773]
Event: 28.371 Thread 0x000001c488ab1070 Exception <a 'java/lang/NoSuchMethodError'{0x00000000d5ddd8c0}: 'void java.lang.invoke.Invokers$Holder.invokeExact_MT(java.lang.Object, java.lang.Object, int, java.lang.Object)'> (0x00000000d5ddd8c0) 
thrown [s\src\hotspot\share\interpreter\linkResolver.cpp, line 773]
Event: 28.424 Thread 0x000001c488ab1070 Exception <a 'java/lang/NoSuchMethodError'{0x00000000d5ef93e8}: 'java.lang.Object java.lang.invoke.DirectMethodHandle$Holder.invokeSpecial(java.lang.Object, java.lang.Object, java.lang.Object, long, java.lang.Object)'> (0x00000000d5ef93e8) 
thrown [s\src\hotspot\share\interpreter\linkResolver.cpp, line 773]
Event: 28.424 Thread 0x000001c488ab1070 Exception <a 'java/lang/NoSuchMethodError'{0x00000000d5f00c30}: 'java.lang.Object java.lang.invoke.DirectMethodHandle$Holder.newInvokeSpecial(java.lang.Object, java.lang.Object, java.lang.Object, long)'> (0x00000000d5f00c30) 
thrown [s\src\hotspot\share\interpreter\linkResolver.cpp, line 773]
Event: 28.424 Thread 0x000001c488ab1070 Exception <a 'java/lang/NoSuchMethodError'{0x00000000d5f04fe0}: 'java.lang.Object java.lang.invoke.DirectMethodHandle$Holder.invokeSpecial(java.lang.Object, java.lang.Object, java.lang.Object, java.lang.Object, long)'> (0x00000000d5f04fe0) 
thrown [s\src\hotspot\share\interpreter\linkResolver.cpp, line 773]
Event: 28.425 Thread 0x000001c488ab1070 Exception <a 'java/lang/NoSuchMethodError'{0x00000000d5f08c00}: 'java.lang.Object java.lang.invoke.Invokers$Holder.linkToTargetMethod(java.lang.Object, java.lang.Object, long, java.lang.Object)'> (0x00000000d5f08c00) 
thrown [s\src\hotspot\share\interpreter\linkResolver.cpp, line 773]
Event: 28.433 Thread 0x000001c488ab1070 Exception <a 'java/lang/NoSuchMethodError'{0x00000000d5f69f70}: 'int java.lang.invoke.DirectMethodHandle$Holder.invokeStaticInit(java.lang.Object, java.lang.Object, java.lang.Object)'> (0x00000000d5f69f70) 
thrown [s\src\hotspot\share\interpreter\linkResolver.cpp, line 773]
Event: 28.442 Thread 0x000001c488ab1070 Exception <a 'java/lang/IncompatibleClassChangeError'{0x00000000d6025908}: Found class java.lang.Object, but interface was expected> (0x00000000d6025908) 
thrown [s\src\hotspot\share\interpreter\linkResolver.cpp, line 840]
Event: 28.446 Thread 0x000001c488ab1070 Exception <a 'java/lang/NoSuchMethodError'{0x00000000d603c628}: 'java.lang.Object java.lang.invoke.DirectMethodHandle$Holder.invokeSpecial(java.lang.Object, java.lang.Object, java.lang.Object, int, java.lang.Object, java.lang.Object)'> (0x00000000d603c628) 
thrown [s\src\hotspot\share\interpreter\linkResolver.cpp, line 773]
Event: 28.447 Thread 0x000001c488ab1070 Exception <a 'java/lang/NoSuchMethodError'{0x00000000d6044040}: 'java.lang.Object java.lang.invoke.DirectMethodHandle$Holder.newInvokeSpecial(java.lang.Object, java.lang.Object, java.lang.Object, int, java.lang.Object)'> (0x00000000d6044040) 
thrown [s\src\hotspot\share\interpreter\linkResolver.cpp, line 773]
Event: 28.447 Thread 0x000001c488ab1070 Exception <a 'java/lang/NoSuchMethodError'{0x00000000d6047fc0}: 'java.lang.Object java.lang.invoke.DirectMethodHandle$Holder.invokeSpecial(java.lang.Object, java.lang.Object, java.lang.Object, java.lang.Object, int, java.lang.Object)'> (0x00000000d6047fc0) 
thrown [s\src\hotspot\share\interpreter\linkResolver.cpp, line 773]
Event: 28.447 Thread 0x000001c488ab1070 Exception <a 'java/lang/NoSuchMethodError'{0x00000000d604bb00}: 'java.lang.Object java.lang.invoke.Invokers$Holder.linkToTargetMethod(java.lang.Object, java.lang.Object, int, java.lang.Object, java.lang.Object)'> (0x00000000d604bb00) 
thrown [s\src\hotspot\share\interpreter\linkResolver.cpp, line 773]
Event: 28.448 Thread 0x000001c488916930 Exception <a 'java/lang/NoSuchMethodError'{0x00000000d5f85438}: 'java.lang.Object java.lang.invoke.DirectMethodHandle$Holder.invokeSpecial(java.lang.Object, java.lang.Object, int, java.lang.Object, java.lang.Object)'> (0x00000000d5f85438) 
thrown [s\src\hotspot\share\interpreter\linkResolver.cpp, line 773]
Event: 28.469 Thread 0x000001c488ab1070 Exception <a 'java/lang/NoSuchMethodError'{0x00000000d615f710}: 'void java.lang.invoke.DirectMethodHandle$Holder.invokeSpecial(java.lang.Object, java.lang.Object, java.lang.Object, java.lang.Object, java.lang.Object)'> (0x00000000d615f710) 
thrown [s\src\hotspot\share\interpreter\linkResolver.cpp, line 773]
Event: 28.626 Thread 0x000001c488ab1070 Exception <a 'java/lang/NoSuchMethodError'{0x00000000d692bb78}: 'java.lang.Object java.lang.invoke.DirectMethodHandle$Holder.invokeInterface(java.lang.Object, java.lang.Object, java.lang.Object)'> (0x00000000d692bb78) 
thrown [s\src\hotspot\share\interpreter\linkResolver.cpp, line 773]
Event: 28.690 Thread 0x000001c488ab1070 Exception <a 'java/lang/NoSuchMethodError'{0x00000000d6d9f558}: 'java.lang.Object java.lang.invoke.Invokers$Holder.linkToTargetMethod(java.lang.Object, long, java.lang.Object, java.lang.Object)'> (0x00000000d6d9f558) 
thrown [s\src\hotspot\share\interpreter\linkResolver.cpp, line 773]
Event: 28.899 Thread 0x000001c488ab1070 Exception <a 'java/io/FileNotFoundException'{0x00000000d6964e20}> (0x00000000d6964e20) 
thrown [s\src\hotspot\share\prims\jni.cpp, line 520]
Event: 28.901 Thread 0x000001c488ab1070 Exception <a 'java/lang/NoSuchMethodError'{0x00000000d696d410}: 'java.lang.Object java.lang.invoke.DirectMethodHandle$Holder.newInvokeSpecial(java.lang.Object, int, java.lang.Object, java.lang.Object)'> (0x00000000d696d410) 
thrown [s\src\hotspot\share\interpreter\linkResolver.cpp, line 773]

ZGC Phase Switch (0 events):
No events

VM Operations (20 events):
Event: 28.076 Executing VM operation: ParallelGCFailedAllocation (Allocation Failure)
Event: 28.082 Executing VM operation: ParallelGCFailedAllocation (Allocation Failure) done
Event: 28.248 Executing VM operation: HandshakeAllThreads (Deoptimize)
Event: 28.248 Executing VM operation: HandshakeAllThreads (Deoptimize) done
Event: 28.326 Executing VM operation: HandshakeAllThreads (Deoptimize)
Event: 28.326 Executing VM operation: HandshakeAllThreads (Deoptimize) done
Event: 28.547 Executing VM operation: HandshakeAllThreads (Deoptimize)
Event: 28.547 Executing VM operation: HandshakeAllThreads (Deoptimize) done
Event: 28.589 Executing VM operation: HandshakeAllThreads (Deoptimize)
Event: 28.589 Executing VM operation: HandshakeAllThreads (Deoptimize) done
Event: 28.596 Executing VM operation: HandshakeAllThreads (Deoptimize)
Event: 28.596 Executing VM operation: HandshakeAllThreads (Deoptimize) done
Event: 28.621 Executing VM operation: HandshakeAllThreads (Deoptimize)
Event: 28.621 Executing VM operation: HandshakeAllThreads (Deoptimize) done
Event: 28.635 Executing VM operation: ICBufferFull
Event: 28.635 Executing VM operation: ICBufferFull done
Event: 28.695 Executing VM operation: ParallelGCFailedAllocation (Allocation Failure)
Event: 28.700 Executing VM operation: ParallelGCFailedAllocation (Allocation Failure) done
Event: 29.713 Executing VM operation: Cleanup
Event: 29.713 Executing VM operation: Cleanup done

Memory protections (0 events):
No events

Nmethod flushes (0 events):
No events

Events (20 events):
Event: 26.287 Thread 0x000001c488ab1070 Thread added: 0x000001c481d371f0
Event: 26.441 Thread 0x000001c428dcc3e0 Thread added: 0x000001c4882011a0
Event: 26.441 Thread 0x000001c428dcc3e0 Thread added: 0x000001c488201840
Event: 26.441 Thread 0x000001c428dcc3e0 Thread added: 0x000001c488835dd0
Event: 26.441 Thread 0x000001c428dcc3e0 Thread added: 0x000001c488836470
Event: 26.441 Thread 0x000001c428dcc3e0 Thread added: 0x000001c481d35e40
Event: 26.623 Thread 0x000001c428dcc3e0 Thread added: 0x000001c488718d80
Event: 26.755 Thread 0x000001c481d35e40 Thread exited: 0x000001c481d35e40
Event: 26.765 Thread 0x000001c488836470 Thread exited: 0x000001c488836470
Event: 26.766 Thread 0x000001c488835dd0 Thread exited: 0x000001c488835dd0
Event: 26.787 Thread 0x000001c488201840 Thread exited: 0x000001c488201840
Event: 26.804 Thread 0x000001c4882011a0 Thread exited: 0x000001c4882011a0
Event: 26.809 Thread 0x000001c488ab1070 Thread added: 0x000001c4882011a0
Event: 28.349 Thread 0x000001c488ab1070 Thread added: 0x000001c48346a3a0
Event: 28.427 Thread 0x000001c488ab1070 Thread added: 0x000001c488916930
Event: 28.449 Thread 0x000001c488ab1070 Thread added: 0x000001c488916fc0
Event: 28.588 Thread 0x000001c488718d80 Thread added: 0x000001c488f58db0
Event: 28.590 Thread 0x000001c488718d80 Thread added: 0x000001c4894ca0b0
Event: 28.839 Thread 0x000001c488718d80 Thread added: 0x000001c481bee3b0
Event: 28.848 Thread 0x000001c481bee3b0 Thread added: 0x000001c481bef820


Dynamic libraries:
0x00007ff723450000 - 0x00007ff72345e000 	c:\Users\Aurora  N. Postrado\.vscode\extensions\redhat.java-1.50.0-win32-x64\jre\21.0.9-win32-x86_64\bin\java.exe
0x00007ffa93f60000 - 0x00007ffa941c7000 	C:\WINDOWS\SYSTEM32\ntdll.dll
0x00007ffa931f0000 - 0x00007ffa932b9000 	C:\WINDOWS\System32\KERNEL32.DLL
0x00007ffa910e0000 - 0x00007ffa914cf000 	C:\WINDOWS\System32\KERNELBASE.dll
0x00007ffa91710000 - 0x00007ffa9185b000 	C:\WINDOWS\System32\ucrtbase.dll
0x00007ffa717a0000 - 0x00007ffa717b8000 	c:\Users\Aurora  N. Postrado\.vscode\extensions\redhat.java-1.50.0-win32-x64\jre\21.0.9-win32-x86_64\bin\jli.dll
0x00007ffa71780000 - 0x00007ffa7179e000 	c:\Users\Aurora  N. Postrado\.vscode\extensions\redhat.java-1.50.0-win32-x64\jre\21.0.9-win32-x86_64\bin\VCRUNTIME140.dll
0x00007ffa93c40000 - 0x00007ffa93e05000 	C:\WINDOWS\System32\USER32.dll
0x00007ffa7f340000 - 0x00007ffa7f5d3000 	C:\WINDOWS\WinSxS\amd64_microsoft.windows.common-controls_6595b64144ccf1df_6.0.26100.7309_none_3e05feeae336a044\COMCTL32.dll
0x00007ffa910b0000 - 0x00007ffa910d7000 	C:\WINDOWS\System32\win32u.dll
0x00007ffa92dc0000 - 0x00007ffa92e69000 	C:\WINDOWS\System32\msvcrt.dll
0x00007ffa92d80000 - 0x00007ffa92dab000 	C:\WINDOWS\System32\GDI32.dll
0x00007ffa91a60000 - 0x00007ffa91b8c000 	C:\WINDOWS\System32\gdi32full.dll
0x00007ffa91660000 - 0x00007ffa91703000 	C:\WINDOWS\System32\msvcp_win.dll
0x00007ffa92be0000 - 0x00007ffa92c11000 	C:\WINDOWS\System32\IMM32.DLL
0x00007ffa79c10000 - 0x00007ffa79c1c000 	c:\Users\Aurora  N. Postrado\.vscode\extensions\redhat.java-1.50.0-win32-x64\jre\21.0.9-win32-x86_64\bin\vcruntime140_1.dll
0x00007ffa70720000 - 0x00007ffa707ad000 	c:\Users\Aurora  N. Postrado\.vscode\extensions\redhat.java-1.50.0-win32-x64\jre\21.0.9-win32-x86_64\bin\msvcp140.dll
0x00007ffa10c10000 - 0x00007ffa119b0000 	c:\Users\Aurora  N. Postrado\.vscode\extensions\redhat.java-1.50.0-win32-x64\jre\21.0.9-win32-x86_64\bin\server\jvm.dll
0x00007ffa93b80000 - 0x00007ffa93c34000 	C:\WINDOWS\System32\ADVAPI32.dll
0x00007ffa93e70000 - 0x00007ffa93f16000 	C:\WINDOWS\System32\sechost.dll
0x00007ffa91ed0000 - 0x00007ffa91fe8000 	C:\WINDOWS\System32\RPCRT4.dll
0x00007ffa91e50000 - 0x00007ffa91ec4000 	C:\WINDOWS\System32\WS2_32.dll
0x00007ffa90f10000 - 0x00007ffa90f6e000 	C:\WINDOWS\SYSTEM32\POWRPROF.dll
0x00007ffa8a6c0000 - 0x00007ffa8a6f5000 	C:\WINDOWS\SYSTEM32\WINMM.dll
0x00007ffa8a700000 - 0x00007ffa8a70b000 	C:\WINDOWS\SYSTEM32\VERSION.dll
0x00007ffa90ef0000 - 0x00007ffa90f04000 	C:\WINDOWS\SYSTEM32\UMPDC.dll
0x00007ffa8fe60000 - 0x00007ffa8fe7b000 	C:\WINDOWS\SYSTEM32\kernel.appcore.dll
0x00007ffa75060000 - 0x00007ffa7506a000 	c:\Users\Aurora  N. Postrado\.vscode\extensions\redhat.java-1.50.0-win32-x64\jre\21.0.9-win32-x86_64\bin\jimage.dll
0x00007ffa86de0000 - 0x00007ffa87022000 	C:\WINDOWS\SYSTEM32\DBGHELP.DLL
0x00007ffa93370000 - 0x00007ffa936f6000 	C:\WINDOWS\System32\combase.dll
0x00007ffa93a20000 - 0x00007ffa93af6000 	C:\WINDOWS\System32\OLEAUT32.dll
0x00007ffa6f7c0000 - 0x00007ffa6f7fc000 	C:\WINDOWS\SYSTEM32\dbgcore.DLL
0x00007ffa91860000 - 0x00007ffa91905000 	C:\WINDOWS\System32\bcryptPrimitives.dll
0x00007ffa74bf0000 - 0x00007ffa74bff000 	c:\Users\Aurora  N. Postrado\.vscode\extensions\redhat.java-1.50.0-win32-x64\jre\21.0.9-win32-x86_64\bin\instrument.dll
0x00007ffa67a10000 - 0x00007ffa67a30000 	c:\Users\Aurora  N. Postrado\.vscode\extensions\redhat.java-1.50.0-win32-x64\jre\21.0.9-win32-x86_64\bin\java.dll
0x00007ffa91ff0000 - 0x00007ffa92743000 	C:\WINDOWS\System32\SHELL32.dll
0x00007ffa91b90000 - 0x00007ffa91cfa000 	C:\WINDOWS\System32\wintypes.dll
0x00007ffa8ecf0000 - 0x00007ffa8f54e000 	C:\WINDOWS\SYSTEM32\windows.storage.dll
0x00007ffa93920000 - 0x00007ffa93a14000 	C:\WINDOWS\System32\SHCORE.dll
0x00007ffa93180000 - 0x00007ffa931e6000 	C:\WINDOWS\System32\shlwapi.dll
0x00007ffa90fd0000 - 0x00007ffa90ff9000 	C:\WINDOWS\SYSTEM32\profapi.dll
0x00007ffa71260000 - 0x00007ffa71278000 	c:\Users\Aurora  N. Postrado\.vscode\extensions\redhat.java-1.50.0-win32-x64\jre\21.0.9-win32-x86_64\bin\zip.dll
0x00007ffa740c0000 - 0x00007ffa740d0000 	C:\Users\Aurora  N. Postrado\.vscode\extensions\redhat.java-1.50.0-win32-x64\jre\21.0.9-win32-x86_64\bin\net.dll
0x00007ffa87db0000 - 0x00007ffa87ed8000 	C:\WINDOWS\SYSTEM32\WINHTTP.dll
0x00007ffa903d0000 - 0x00007ffa9043b000 	C:\WINDOWS\system32\mswsock.dll
0x00007ffa6ac80000 - 0x00007ffa6ac96000 	C:\Users\Aurora  N. Postrado\.vscode\extensions\redhat.java-1.50.0-win32-x64\jre\21.0.9-win32-x86_64\bin\nio.dll
0x00007ffa71770000 - 0x00007ffa71780000 	c:\Users\Aurora  N. Postrado\.vscode\extensions\redhat.java-1.50.0-win32-x64\jre\21.0.9-win32-x86_64\bin\verify.dll
0x00007ffa64910000 - 0x00007ffa64954000 	C:\Users\Aurora  N. Postrado\AppData\Roaming\Code\User\globalStorage\redhat.java\1.50.0\config_win\org.eclipse.equinox.launcher\org.eclipse.equinox.launcher.win32.win32.x86_64_1.2.1400.v20250801-0854\eclipse_11916.dll
0x00007ffa92e70000 - 0x00007ffa93007000 	C:\WINDOWS\System32\ole32.dll
0x00007ffa906a0000 - 0x00007ffa906bb000 	C:\WINDOWS\SYSTEM32\CRYPTSP.dll
0x00007ffa8fdc0000 - 0x00007ffa8fdfa000 	C:\WINDOWS\system32\rsaenh.dll
0x00007ffa90480000 - 0x00007ffa904ab000 	C:\WINDOWS\SYSTEM32\USERENV.dll
0x00007ffa90fa0000 - 0x00007ffa90fca000 	C:\WINDOWS\SYSTEM32\bcrypt.dll
0x00007ffa90690000 - 0x00007ffa9069c000 	C:\WINDOWS\SYSTEM32\CRYPTBASE.dll
0x00007ffa8f8c0000 - 0x00007ffa8f8f4000 	C:\WINDOWS\SYSTEM32\IPHLPAPI.DLL
0x00007ffa93360000 - 0x00007ffa9336a000 	C:\WINDOWS\System32\NSI.dll
0x00007ffa5ab80000 - 0x00007ffa5abc9000 	C:\Users\Aurora  N. Postrado\AppData\Local\Temp\jna-614272698\jna14976026825290036210.dll
0x00007ffa93350000 - 0x00007ffa93358000 	C:\WINDOWS\System32\PSAPI.DLL

JVMTI agents:
c:\Users\Aurora  N. Postrado\.vscode\extensions\redhat.java-1.50.0-win32-x64\lombok\lombok-1.18.39-4050.jar path:c:\Users\Aurora  N. Postrado\.vscode\extensions\redhat.java-1.50.0-win32-x64\jre\21.0.9-win32-x86_64\bin\instrument.dll, loaded, initialized, instrumentlib options:none

dbghelp: loaded successfully - version: 4.0.5 - missing functions: none
symbol engine: initialized successfully - sym options: 0x614 - pdb path: .;c:\Users\Aurora  N. Postrado\.vscode\extensions\redhat.java-1.50.0-win32-x64\jre\21.0.9-win32-x86_64\bin;C:\WINDOWS\SYSTEM32;C:\WINDOWS\WinSxS\amd64_microsoft.windows.common-controls_6595b64144ccf1df_6.0.26100.7309_none_3e05feeae336a044;c:\Users\Aurora  N. Postrado\.vscode\extensions\redhat.java-1.50.0-win32-x64\jre\21.0.9-win32-x86_64\bin\server;C:\Users\Aurora  N. Postrado\AppData\Roaming\Code\User\globalStorage\redhat.java\1.50.0\config_win\org.eclipse.equinox.launcher\org.eclipse.equinox.launcher.win32.win32.x86_64_1.2.1400.v20250801-0854;C:\Users\Aurora  N. Postrado\AppData\Local\Temp\jna-614272698

VM Arguments:
jvm_args: --add-modules=ALL-SYSTEM --add-opens=java.base/java.util=ALL-UNNAMED --add-opens=java.base/java.lang=ALL-UNNAMED --add-opens=java.base/sun.nio.fs=ALL-UNNAMED -Declipse.application=org.eclipse.jdt.ls.core.id1 -Dosgi.bundles.defaultStartLevel=4 -Declipse.product=org.eclipse.jdt.ls.core.product -Djava.import.generatesMetadataFilesAtProjectRoot=false -DDetectVMInstallationsJob.disabled=true -Dfile.encoding=utf8 -XX:+UseParallelGC -XX:GCTimeRatio=4 -XX:AdaptiveSizePolicyWeight=90 -Dsun.zip.disableMemoryMapping=true -Xmx2G -Xms100m -Xlog:disable -javaagent:c:\Users\Aurora  N. Postrado\.vscode\extensions\redhat.java-1.50.0-win32-x64\lombok\lombok-1.18.39-4050.jar -XX:+HeapDumpOnOutOfMemoryError -XX:HeapDumpPath=c:\Users\Aurora  N. Postrado\AppData\Roaming\Code\User\workspaceStorage\16087328b602278ea996584764c22d24\redhat.java -Daether.dependencyCollector.impl=bf 
java_command: c:\Users\Aurora  N. Postrado\.vscode\extensions\redhat.java-1.50.0-win32-x64\server\plugins\org.eclipse.equinox.launcher_1.7.100.v20251111-0406.jar -configuration c:\Users\Aurora  N. Postrado\AppData\Roaming\Code\User\globalStorage\redhat.java\1.50.0\config_win -data c:\Users\Aurora  N. Postrado\AppData\Roaming\Code\User\workspaceStorage\16087328b602278ea996584764c22d24\redhat.java\jdt_ws --pipe=\\.\pipe\lsp-f9e1bbcac838405d6e894c0e1c98a863-sock
java_class_path (initial): c:\Users\Aurora  N. Postrado\.vscode\extensions\redhat.java-1.50.0-win32-x64\server\plugins\org.eclipse.equinox.launcher_1.7.100.v20251111-0406.jar
Launcher Type: SUN_STANDARD

[Global flags]
    uintx AdaptiveSizePolicyWeight                 = 90                                        {product} {command line}
     intx CICompilerCount                          = 12                                        {product} {ergonomic}
    uintx GCTimeRatio                              = 4                                         {product} {command line}
     bool HeapDumpOnOutOfMemoryError               = true                                   {manageable} {command line}
    ccstr HeapDumpPath                             = c:\Users\Aurora  N. Postrado\AppData\Roaming\Code\User\workspaceStorage\16087328b602278ea996584764c22d24\redhat.java         {manageable} {command line}
   size_t InitialHeapSize                          = 104857600                                 {product} {command line}
   size_t MaxHeapSize                              = 2147483648                                {product} {command line}
   size_t MaxNewSize                               = 715653120                                 {product} {ergonomic}
   size_t MinHeapDeltaBytes                        = 524288                                    {product} {ergonomic}
   size_t MinHeapSize                              = 104857600                                 {product} {command line}
   size_t NewSize                                  = 34603008                                  {product} {ergonomic}
    uintx NonNMethodCodeHeapSize                   = 7602480                                {pd product} {ergonomic}
    uintx NonProfiledCodeHeapSize                  = 122027880                              {pd product} {ergonomic}
   size_t OldSize                                  = 70254592                                  {product} {ergonomic}
    uintx ProfiledCodeHeapSize                     = 122027880                              {pd product} {ergonomic}
    uintx ReservedCodeCacheSize                    = 251658240                              {pd product} {ergonomic}
     bool SegmentedCodeCache                       = true                                      {product} {ergonomic}
   size_t SoftMaxHeapSize                          = 2147483648                             {manageable} {ergonomic}
     bool UseCompressedOops                        = true                           {product lp64_product} {ergonomic}
     bool UseLargePagesIndividualAllocation        = false                                  {pd product} {ergonomic}
     bool UseParallelGC                            = true                                      {product} {command line}

Logging:
Log output configuration:
 #0: stdout all=off uptime,level,tags foldmultilines=false
 #1: stderr all=off uptime,level,tags foldmultilines=false

Release file:
JAVA_VERSION="21.0.9" 
MODULES="java.base java.compiler java.datatransfer java.xml java.prefs java.desktop java.instrument java.logging java.management java.security.sasl java.naming java.rmi java.management.rmi java.net.http java.scripting java.security.jgss java.transaction.xa java.sql java.sql.rowset java.xml.crypto java.se java.smartcardio jdk.accessibility jdk.internal.jvmstat jdk.attach jdk.charsets jdk.internal.opt jdk.zipfs jdk.compiler jdk.crypto.ec jdk.crypto.cryptoki jdk.crypto.mscapi jdk.dynalink jdk.internal.ed jdk.editpad jdk.hotspot.agent jdk.httpserver jdk.internal.le jdk.internal.vm.ci jdk.internal.vm.compiler jdk.internal.vm.compiler.management jdk.jartool jdk.javadoc jdk.jcmd jdk.management jdk.management.agent jdk.jconsole jdk.jdeps jdk.jdwp.agent jdk.jdi jdk.jfr jdk.jshell jdk.jsobject jdk.jstatd jdk.localedata jdk.management.jfr jdk.naming.dns jdk.naming.rmi jdk.net jdk.nio.mapmode jdk.random jdk.sctp jdk.security.auth jdk.security.jgss jdk.unsupported jdk.unsupported.desktop jdk.xml.dom" 

Environment Variables:
PATH=C:\Program Files\Eclipse Adoptium\jdk-17.0.17.10-hotspot\bin;C:\Windows\system32;C:\Windows;C:\Windows\System32\Wbem;C:\Windows\System32\WindowsPowerShell\v1.0\;C:\Windows\System32\OpenSSH\;C:\Program Files (x86)\NVIDIA Corporation\PhysX\Common;C:\Program Files\NVIDIA Corporation\NVIDIA NvDLISR;C:\WINDOWS\system32;C:\WINDOWS;C:\WINDOWS\System32\Wbem;C:\WINDOWS\System32\WindowsPowerShell\v1.0\;C:\WINDOWS\System32\OpenSSH\;C:\Program Files\Git\cmd;C:\Users\Aurora  N. Postrado\AppData\Local\Microsoft\WindowsApps;C:\Users\Aurora  N. Postrado\AppData\Local\Programs\Microsoft VS Code\bin;C:\Users\Aurora  N. Postrado\AppData\Local\GitHubDesktop\bin
USERNAME=Aurora  N. Postrado
OS=Windows_NT
PROCESSOR_IDENTIFIER=AMD64 Family 23 Model 104 Stepping 1, AuthenticAMD
TMP=C:\Users\AURORA~1.POS\AppData\Local\Temp
TEMP=C:\Users\AURORA~1.POS\AppData\Local\Temp




Periodic native trim disabled

---------------  S Y S T E M  ---------------

OS:
 Windows 11 , 64 bit Build 26100 (10.0.26100.7309)
OS uptime: 0 days 0:06 hours

CPU: total 16 (initial active 16) (16 cores per cpu, 2 threads per core) family 23 model 104 stepping 1 microcode 0x8608103, cx8, cmov, fxsr, ht, mmx, 3dnowpref, sse, sse2, sse3, ssse3, sse4a, sse4.1, sse4.2, popcnt, lzcnt, tsc, tscinvbit, avx, avx2, aes, clmul, bmi1, bmi2, adx, sha, fma, vzeroupper, clflush, clflushopt, rdtscp, rdpid, f16c
Processor Information for the first 16 processors :
  Max Mhz: 1801, Current Mhz: 1801, Mhz Limit: 1801

Memory: 4k page, system-wide physical 7514M (1743M free)
TotalPageFile size 7514M (AvailPageFile size 16M)
current process WorkingSet (physical memory assigned to process): 142M, peak: 149M
current process commit charge ("private bytes"): 293M, peak: 304M

vm_info: OpenJDK 64-Bit Server VM (21.0.9+10-LTS) for windows-amd64 JRE (21.0.9+10-LTS), built on 2025-10-21T00:00:00Z by "admin" with unknown MS VC++:1942

END.
