#
# There is insufficient memory for the Java Runtime Environment to continue.
# Native memory allocation (malloc) failed to allocate 832176 bytes. Error detail: Chunk::new
# Possible reasons:
#   The system is out of physical RAM or swap space
#   This process is running with CompressedOops enabled, and the Java Heap may be blocking the growth of the native heap
# Possible solutions:
#   Reduce memory load on the system
#   Increase physical memory or swap space
#   Check if swap backing store is full
#   Decrease Java heap size (-Xmx/-Xms)
#   Decrease number of Java threads
#   Decrease Java thread stack sizes (-Xss)
#   Set larger code cache with -XX:ReservedCodeCacheSize=
#   JVM is running with Unscaled Compressed Oops mode in which the Java heap is
#     placed in the first 4GB address space. The Java Heap base address is the
#     maximum limit for the native heap growth. Please use -XX:HeapBaseMinAddress
#     to set the Java Heap base and to place the Java Heap above 4GB virtual address.
# This output file may be truncated or incomplete.
#
#  Out of Memory Error (arena.cpp:168), pid=11892, tid=12300
#
# JRE version: OpenJDK Runtime Environment Temurin-21.0.9+10 (21.0.9+10) (build 21.0.9+10-LTS)
# Java VM: OpenJDK 64-Bit Server VM Temurin-21.0.9+10 (21.0.9+10-LTS, mixed mode, sharing, tiered, compressed oops, compressed class ptrs, parallel gc, windows-amd64)
# No core dump will be written. Minidumps are not enabled by default on client versions of Windows
#

---------------  S U M M A R Y ------------

Command Line: --add-modules=ALL-SYSTEM --add-opens=java.base/java.util=ALL-UNNAMED --add-opens=java.base/java.lang=ALL-UNNAMED --add-opens=java.base/sun.nio.fs=ALL-UNNAMED -Declipse.application=org.eclipse.jdt.ls.core.id1 -Dosgi.bundles.defaultStartLevel=4 -Declipse.product=org.eclipse.jdt.ls.core.product -Djava.import.generatesMetadataFilesAtProjectRoot=false -DDetectVMInstallationsJob.disabled=true -Dfile.encoding=utf8 -XX:+UseParallelGC -XX:GCTimeRatio=4 -XX:AdaptiveSizePolicyWeight=90 -Dsun.zip.disableMemoryMapping=true -Xmx2G -Xms100m -Xlog:disable -javaagent:c:\Users\Aurora  N. Postrado\.vscode\extensions\redhat.java-1.50.0-win32-x64\lombok\lombok-1.18.39-4050.jar -XX:+HeapDumpOnOutOfMemoryError -XX:HeapDumpPath=c:\Users\Aurora  N. Postrado\AppData\Roaming\Code\User\workspaceStorage\16087328b602278ea996584764c22d24\redhat.java -Daether.dependencyCollector.impl=bf c:\Users\Aurora  N. Postrado\.vscode\extensions\redhat.java-1.50.0-win32-x64\server\plugins\org.eclipse.equinox.launcher_1.7.100.v20251111-0406.jar -configuration c:\Users\Aurora  N. Postrado\AppData\Roaming\Code\User\globalStorage\redhat.java\1.50.0\config_win -data c:\Users\Aurora  N. Postrado\AppData\Roaming\Code\User\workspaceStorage\16087328b602278ea996584764c22d24\redhat.java\jdt_ws --pipe=\\.\pipe\lsp-33fae2bda02a1a238ddbf5d30de36e3b-sock

Host: AMD Ryzen 7 5700U with Radeon Graphics         , 16 cores, 7G,  Windows 11 , 64 bit Build 26100 (10.0.26100.7309)
Time: Fri Dec 12 09:47:44 2025 Malay Peninsula Standard Time elapsed time: 15.351014 seconds (0d 0h 0m 15s)

---------------  T H R E A D  ---------------

Current thread (0x0000026de2ffb830):  JavaThread "C2 CompilerThread2" daemon [_thread_in_native, id=12300, stack(0x000000d0bdc00000,0x000000d0bdd00000) (1024K)]


Current CompileTask:
C2:15351 9608       4       org.eclipse.jdt.internal.compiler.classfmt.ModuleInfo::readModuleAttribute (1166 bytes)

Stack: [0x000000d0bdc00000,0x000000d0bdd00000]
Native frames: (J=compiled Java code, j=interpreted, Vv=VM code, C=native code)
V  [jvm.dll+0x6d6e29]
V  [jvm.dll+0x8b4b76]
V  [jvm.dll+0x8b712e]
V  [jvm.dll+0x8b7813]
V  [jvm.dll+0x283d86]
V  [jvm.dll+0xc66ed]
V  [jvm.dll+0xc6c31]
V  [jvm.dll+0x2facee]
V  [jvm.dll+0x5fde44]
V  [jvm.dll+0x255557]
V  [jvm.dll+0x25591d]
V  [jvm.dll+0x24df40]
V  [jvm.dll+0x24b482]
V  [jvm.dll+0x1cb13e]
V  [jvm.dll+0x25b29d]
V  [jvm.dll+0x25982a]
V  [jvm.dll+0x3f7ea6]
V  [jvm.dll+0x85e9ad]
V  [jvm.dll+0x6d565d]
C  [ucrtbase.dll+0x37b0]
C  [KERNEL32.DLL+0x2e8d7]
C  [ntdll.dll+0x8c53c]


---------------  P R O C E S S  ---------------

Threads class SMR info:
_java_thread_list=0x0000026de4abc8d0, length=76, elements={
0x0000026dc368ad10, 0x0000026dc363c610, 0x0000026dc363d320, 0x0000026ddb617ff0,
0x0000026ddb61bf30, 0x0000026ddb61afc0, 0x0000026ddb625ae0, 0x0000026ddb628d30,
0x0000026ddb62af90, 0x0000026ddb8e13e0, 0x0000026de11682f0, 0x0000026de1e658a0,
0x0000026de1eaa1e0, 0x0000026de1a53be0, 0x0000026de1a518c0, 0x0000026de1bedf20,
0x0000026de24b1c00, 0x0000026de20e6040, 0x0000026de1d73c50, 0x0000026de254a040,
0x0000026de1fdf9e0, 0x0000026de1fdecc0, 0x0000026de1fdc560, 0x0000026de2ffb830,
0x0000026de2430070, 0x0000026de1fddfa0, 0x0000026de1fdd910, 0x0000026de1fdcbf0,
0x0000026de1fdd280, 0x0000026de1fde630, 0x0000026de1fdf350, 0x0000026de52d4ec0,
0x0000026de52d5550, 0x0000026de52d3480, 0x0000026de52d6f90, 0x0000026de52d5be0,
0x0000026de52d6270, 0x0000026de52d4830, 0x0000026de52d41a0, 0x0000026de52d6900,
0x0000026de52d3b10, 0x0000026de52d9060, 0x0000026de52d8340, 0x0000026de52d7cb0,
0x0000026de52d89d0, 0x0000026de52d9d80, 0x0000026de52daaa0, 0x0000026de52da410,
0x0000026de52d96f0, 0x0000026de52d7620, 0x0000026de51f26e0, 0x0000026de51f2d70,
0x0000026de51f4e40, 0x0000026de51f54d0, 0x0000026de51f3400, 0x0000026de51f3a90,
0x0000026de51f4120, 0x0000026de51f2050, 0x0000026de51f47b0, 0x0000026de51f6880,
0x0000026de51f8fe0, 0x0000026de51f61f0, 0x0000026de51f75a0, 0x0000026de51f7c30,
0x0000026de51f6f10, 0x0000026de51f82c0, 0x0000026de51f8950, 0x0000026de51f5b60,
0x0000026de51f9670, 0x0000026de335fc70, 0x0000026de33616b0, 0x0000026de33623d0,
0x0000026de4771570, 0x0000026de3361d40, 0x0000026de335ef50, 0x0000026de3362a60
}

Java Threads: ( => current thread )
  0x0000026dc368ad10 JavaThread "main"                              [_thread_blocked, id=14480, stack(0x000000d0bb300000,0x000000d0bb400000) (1024K)]
  0x0000026dc363c610 JavaThread "Reference Handler"          daemon [_thread_blocked, id=18204, stack(0x000000d0bb700000,0x000000d0bb800000) (1024K)]
  0x0000026dc363d320 JavaThread "Finalizer"                  daemon [_thread_blocked, id=4888, stack(0x000000d0bb800000,0x000000d0bb900000) (1024K)]
  0x0000026ddb617ff0 JavaThread "Signal Dispatcher"          daemon [_thread_blocked, id=5448, stack(0x000000d0bb900000,0x000000d0bba00000) (1024K)]
  0x0000026ddb61bf30 JavaThread "Attach Listener"            daemon [_thread_blocked, id=4504, stack(0x000000d0bba00000,0x000000d0bbb00000) (1024K)]
  0x0000026ddb61afc0 JavaThread "Service Thread"             daemon [_thread_blocked, id=11620, stack(0x000000d0bbb00000,0x000000d0bbc00000) (1024K)]
  0x0000026ddb625ae0 JavaThread "Monitor Deflation Thread"   daemon [_thread_blocked, id=16824, stack(0x000000d0bbc00000,0x000000d0bbd00000) (1024K)]
  0x0000026ddb628d30 JavaThread "C2 CompilerThread0"         daemon [_thread_blocked, id=3284, stack(0x000000d0bbd00000,0x000000d0bbe00000) (1024K)]
  0x0000026ddb62af90 JavaThread "C1 CompilerThread0"         daemon [_thread_blocked, id=2536, stack(0x000000d0bbe00000,0x000000d0bbf00000) (1024K)]
  0x0000026ddb8e13e0 JavaThread "Common-Cleaner"             daemon [_thread_blocked, id=17292, stack(0x000000d0bc300000,0x000000d0bc400000) (1024K)]
  0x0000026de11682f0 JavaThread "Notification Thread"        daemon [_thread_blocked, id=13964, stack(0x000000d0bc500000,0x000000d0bc600000) (1024K)]
  0x0000026de1e658a0 JavaThread "Active Thread: Equinox Container: 404c1911-87bf-4763-9528-b5f929d864f9"        [_thread_blocked, id=15652, stack(0x000000d0bcd00000,0x000000d0bce00000) (1024K)]
  0x0000026de1eaa1e0 JavaThread "Refresh Thread: Equinox Container: 404c1911-87bf-4763-9528-b5f929d864f9" daemon [_thread_blocked, id=17660, stack(0x000000d0bce00000,0x000000d0bcf00000) (1024K)]
  0x0000026de1a53be0 JavaThread "Framework Event Dispatcher: Equinox Container: 404c1911-87bf-4763-9528-b5f929d864f9" daemon [_thread_blocked, id=16164, stack(0x000000d0bcf00000,0x000000d0bd000000) (1024K)]
  0x0000026de1a518c0 JavaThread "Start Level: Equinox Container: 404c1911-87bf-4763-9528-b5f929d864f9" daemon [_thread_blocked, id=15076, stack(0x000000d0bd000000,0x000000d0bd100000) (1024K)]
  0x0000026de1bedf20 JavaThread "Bundle File Closer"         daemon [_thread_blocked, id=9868, stack(0x000000d0bd400000,0x000000d0bd500000) (1024K)]
  0x0000026de24b1c00 JavaThread "SCR Component Actor"        daemon [_thread_blocked, id=10688, stack(0x000000d0bd500000,0x000000d0bd600000) (1024K)]
  0x0000026de20e6040 JavaThread "C2 CompilerThread1"         daemon [_thread_blocked, id=8780, stack(0x000000d0bc100000,0x000000d0bc200000) (1024K)]
  0x0000026de1d73c50 JavaThread "Worker-JM"                         [_thread_blocked, id=2284, stack(0x000000d0bc200000,0x000000d0bc300000) (1024K)]
  0x0000026de254a040 JavaThread "JNA Cleaner"                daemon [_thread_blocked, id=7444, stack(0x000000d0bd800000,0x000000d0bd900000) (1024K)]
  0x0000026de1fdf9e0 JavaThread "Worker-0"                          [_thread_blocked, id=14320, stack(0x000000d0bd900000,0x000000d0bda00000) (1024K)]
  0x0000026de1fdecc0 JavaThread "Worker-1: Java indexing... "        [_thread_blocked, id=6516, stack(0x000000d0bda00000,0x000000d0bdb00000) (1024K)]
  0x0000026de1fdc560 JavaThread "Worker-2"                          [_thread_blocked, id=9660, stack(0x000000d0bdb00000,0x000000d0bdc00000) (1024K)]
=>0x0000026de2ffb830 JavaThread "C2 CompilerThread2"         daemon [_thread_in_native, id=12300, stack(0x000000d0bdc00000,0x000000d0bdd00000) (1024K)]
  0x0000026de2430070 JavaThread "C2 CompilerThread3"         daemon [_thread_blocked, id=18296, stack(0x000000d0bdd00000,0x000000d0bde00000) (1024K)]
  0x0000026de1fddfa0 JavaThread "Java indexing"              daemon [_thread_blocked, id=14832, stack(0x000000d0bdf00000,0x000000d0be000000) (1024K)]
  0x0000026de1fdd910 JavaThread "Worker-3: Check JDK Index"         [_thread_blocked, id=15604, stack(0x000000d0be200000,0x000000d0be300000) (1024K)]
  0x0000026de1fdcbf0 JavaThread "Worker-4"                          [_thread_blocked, id=11484, stack(0x000000d0be300000,0x000000d0be400000) (1024K)]
  0x0000026de1fdd280 JavaThread "Thread-1"                   daemon [_thread_in_native, id=8788, stack(0x000000d0be400000,0x000000d0be500000) (1024K)]
  0x0000026de1fde630 JavaThread "Thread-2"                   daemon [_thread_in_native, id=2076, stack(0x000000d0be500000,0x000000d0be600000) (1024K)]
  0x0000026de1fdf350 JavaThread "Thread-3"                   daemon [_thread_in_native, id=7344, stack(0x000000d0be600000,0x000000d0be700000) (1024K)]
  0x0000026de52d4ec0 JavaThread "Thread-4"                   daemon [_thread_in_native, id=6392, stack(0x000000d0be700000,0x000000d0be800000) (1024K)]
  0x0000026de52d5550 JavaThread "Thread-5"                   daemon [_thread_in_native, id=10668, stack(0x000000d0be800000,0x000000d0be900000) (1024K)]
  0x0000026de52d3480 JavaThread "Thread-6"                   daemon [_thread_in_native, id=3300, stack(0x000000d0be900000,0x000000d0bea00000) (1024K)]
  0x0000026de52d6f90 JavaThread "Thread-7"                   daemon [_thread_in_native, id=5888, stack(0x000000d0bea00000,0x000000d0beb00000) (1024K)]
  0x0000026de52d5be0 JavaThread "Thread-8"                   daemon [_thread_in_native, id=16208, stack(0x000000d0beb00000,0x000000d0bec00000) (1024K)]
  0x0000026de52d6270 JavaThread "Thread-9"                   daemon [_thread_in_native, id=3668, stack(0x000000d0bec00000,0x000000d0bed00000) (1024K)]
  0x0000026de52d4830 JavaThread "Thread-10"                  daemon [_thread_in_native, id=3644, stack(0x000000d0bed00000,0x000000d0bee00000) (1024K)]
  0x0000026de52d41a0 JavaThread "Thread-11"                  daemon [_thread_in_native, id=18160, stack(0x000000d0bee00000,0x000000d0bef00000) (1024K)]
  0x0000026de52d6900 JavaThread "Thread-12"                  daemon [_thread_in_native, id=8664, stack(0x000000d0bef00000,0x000000d0bf000000) (1024K)]
  0x0000026de52d3b10 JavaThread "Thread-13"                  daemon [_thread_in_native, id=9760, stack(0x000000d0bf000000,0x000000d0bf100000) (1024K)]
  0x0000026de52d9060 JavaThread "Thread-14"                  daemon [_thread_in_native, id=6816, stack(0x000000d0bf100000,0x000000d0bf200000) (1024K)]
  0x0000026de52d8340 JavaThread "Thread-15"                  daemon [_thread_in_native, id=17904, stack(0x000000d0bf200000,0x000000d0bf300000) (1024K)]
  0x0000026de52d7cb0 JavaThread "Thread-16"                  daemon [_thread_in_native, id=14476, stack(0x000000d0bf300000,0x000000d0bf400000) (1024K)]
  0x0000026de52d89d0 JavaThread "Thread-17"                  daemon [_thread_in_native, id=3960, stack(0x000000d0bf400000,0x000000d0bf500000) (1024K)]
  0x0000026de52d9d80 JavaThread "pool-2-thread-1"                   [_thread_blocked, id=14900, stack(0x000000d0bf500000,0x000000d0bf600000) (1024K)]
  0x0000026de52daaa0 JavaThread "WorkspaceEventsHandler"            [_thread_blocked, id=5716, stack(0x000000d0bf900000,0x000000d0bfa00000) (1024K)]
  0x0000026de52da410 JavaThread "pool-1-thread-1"                   [_thread_blocked, id=14824, stack(0x000000d0bfa00000,0x000000d0bfb00000) (1024K)]
  0x0000026de52d96f0 JavaThread "LocalFile Deleter"          daemon [_thread_blocked, id=8888, stack(0x000000d0bfb00000,0x000000d0bfc00000) (1024K)]
  0x0000026de52d7620 JavaThread "Compiler Source File Reader" daemon [_thread_blocked, id=3524, stack(0x000000d0bfc00000,0x000000d0bfd00000) (1024K)]
  0x0000026de51f26e0 JavaThread "Compiler Source File Reader" daemon [_thread_blocked, id=8496, stack(0x000000d0bfd00000,0x000000d0bfe00000) (1024K)]
  0x0000026de51f2d70 JavaThread "Compiler Source File Reader" daemon [_thread_blocked, id=18212, stack(0x000000d0bfe00000,0x000000d0bff00000) (1024K)]
  0x0000026de51f4e40 JavaThread "Compiler Source File Reader" daemon [_thread_blocked, id=3312, stack(0x000000d0bff00000,0x000000d0c0000000) (1024K)]
  0x0000026de51f54d0 JavaThread "Compiler Source File Reader" daemon [_thread_blocked, id=6892, stack(0x000000d0c0000000,0x000000d0c0100000) (1024K)]
  0x0000026de51f3400 JavaThread "Compiler Source File Reader" daemon [_thread_blocked, id=6112, stack(0x000000d0c0100000,0x000000d0c0200000) (1024K)]
  0x0000026de51f3a90 JavaThread "Compiler Source File Reader" daemon [_thread_blocked, id=9688, stack(0x000000d0c0200000,0x000000d0c0300000) (1024K)]
  0x0000026de51f4120 JavaThread "Compiler Source File Reader" daemon [_thread_blocked, id=7876, stack(0x000000d0c0300000,0x000000d0c0400000) (1024K)]
  0x0000026de51f2050 JavaThread "Compiler Source File Reader" daemon [_thread_blocked, id=5604, stack(0x000000d0c0400000,0x000000d0c0500000) (1024K)]
  0x0000026de51f47b0 JavaThread "Compiler Source File Reader" daemon [_thread_blocked, id=2004, stack(0x000000d0c0500000,0x000000d0c0600000) (1024K)]
  0x0000026de51f6880 JavaThread "Compiler Source File Reader" daemon [_thread_blocked, id=18340, stack(0x000000d0c0600000,0x000000d0c0700000) (1024K)]
  0x0000026de51f8fe0 JavaThread "Compiler Source File Reader" daemon [_thread_blocked, id=6756, stack(0x000000d0c0700000,0x000000d0c0800000) (1024K)]
  0x0000026de51f61f0 JavaThread "Compiler Source File Reader" daemon [_thread_blocked, id=11236, stack(0x000000d0c0800000,0x000000d0c0900000) (1024K)]
  0x0000026de51f75a0 JavaThread "Compiler Source File Reader" daemon [_thread_blocked, id=8712, stack(0x000000d0c0900000,0x000000d0c0a00000) (1024K)]
  0x0000026de51f7c30 JavaThread "Compiler Processing Task"   daemon [_thread_blocked, id=7580, stack(0x000000d0bf800000,0x000000d0bf900000) (1024K)]
  0x0000026de51f6f10 JavaThread "Compiler Class File Writer" daemon [_thread_blocked, id=16488, stack(0x000000d0c0a00000,0x000000d0c0b00000) (1024K)]
  0x0000026de51f82c0 JavaThread "Compiler Class File Writer" daemon [_thread_blocked, id=13980, stack(0x000000d0c0b00000,0x000000d0c0c00000) (1024K)]
  0x0000026de51f8950 JavaThread "Compiler Class File Writer" daemon [_thread_blocked, id=17128, stack(0x000000d0c0c00000,0x000000d0c0d00000) (1024K)]
  0x0000026de51f5b60 JavaThread "Compiler Class File Writer" daemon [_thread_blocked, id=17924, stack(0x000000d0c0d00000,0x000000d0c0e00000) (1024K)]
  0x0000026de51f9670 JavaThread "Compiler Class File Writer" daemon [_thread_blocked, id=3536, stack(0x000000d0c0e00000,0x000000d0c0f00000) (1024K)]
  0x0000026de335fc70 JavaThread "Compiler Class File Writer" daemon [_thread_blocked, id=16784, stack(0x000000d0c0f00000,0x000000d0c1000000) (1024K)]
  0x0000026de33616b0 JavaThread "Compiler Class File Writer" daemon [_thread_blocked, id=7900, stack(0x000000d0c1000000,0x000000d0c1100000) (1024K)]
  0x0000026de33623d0 JavaThread "Compiler Class File Writer" daemon [_thread_blocked, id=11816, stack(0x000000d0c1100000,0x000000d0c1200000) (1024K)]
  0x0000026de4771570 JavaThread "C2 CompilerThread4"         daemon [_thread_in_native, id=10340, stack(0x000000d0bde00000,0x000000d0bdf00000) (1024K)]
  0x0000026de3361d40 JavaThread "ForkJoinPool.commonPool-worker-1" daemon [_thread_blocked, id=13400, stack(0x000000d0c1200000,0x000000d0c1300000) (1024K)]
  0x0000026de335ef50 JavaThread "ForkJoinPool.commonPool-worker-2" daemon [_thread_blocked, id=6024, stack(0x000000d0c1300000,0x000000d0c1400000) (1024K)]
  0x0000026de3362a60 JavaThread "ForkJoinPool.commonPool-worker-3" daemon [_thread_blocked, id=12912, stack(0x000000d0c1400000,0x000000d0c1500000) (1024K)]
Total: 76

Other Threads:
  0x0000026dc374e9a0 VMThread "VM Thread"                           [id=15612, stack(0x000000d0bb600000,0x000000d0bb700000) (1024K)]
  0x0000026dc36f8cb0 WatcherThread "VM Periodic Task Thread"        [id=13220, stack(0x000000d0bb500000,0x000000d0bb600000) (1024K)]
  0x0000026dc36a91c0 WorkerThread "GC Thread#0"                     [id=7316, stack(0x000000d0bb400000,0x000000d0bb500000) (1024K)]
  0x0000026de164ecb0 WorkerThread "GC Thread#1"                     [id=7224, stack(0x000000d0bc700000,0x000000d0bc800000) (1024K)]
  0x0000026de1b904d0 WorkerThread "GC Thread#2"                     [id=16612, stack(0x000000d0bc800000,0x000000d0bc900000) (1024K)]
  0x0000026de1b90870 WorkerThread "GC Thread#3"                     [id=6956, stack(0x000000d0bc900000,0x000000d0bca00000) (1024K)]
  0x0000026de180c8d0 WorkerThread "GC Thread#4"                     [id=11696, stack(0x000000d0bca00000,0x000000d0bcb00000) (1024K)]
  0x0000026de170ac40 WorkerThread "GC Thread#5"                     [id=12440, stack(0x000000d0bcb00000,0x000000d0bcc00000) (1024K)]
  0x0000026de170afe0 WorkerThread "GC Thread#6"                     [id=4268, stack(0x000000d0bcc00000,0x000000d0bcd00000) (1024K)]
  0x0000026de1709680 WorkerThread "GC Thread#7"                     [id=7468, stack(0x000000d0bc600000,0x000000d0bc700000) (1024K)]
  0x0000026de1709a20 WorkerThread "GC Thread#8"                     [id=16932, stack(0x000000d0bd100000,0x000000d0bd200000) (1024K)]
  0x0000026de170a8a0 WorkerThread "GC Thread#9"                     [id=16820, stack(0x000000d0bd200000,0x000000d0bd300000) (1024K)]
  0x0000026de1709dc0 WorkerThread "GC Thread#10"                    [id=16388, stack(0x000000d0bd300000,0x000000d0bd400000) (1024K)]
  0x0000026de170a500 WorkerThread "GC Thread#11"                    [id=6016, stack(0x000000d0bd600000,0x000000d0bd700000) (1024K)]
  0x0000026de20c29f0 WorkerThread "GC Thread#12"                    [id=17572, stack(0x000000d0bd700000,0x000000d0bd800000) (1024K)]
Total: 15

Threads with active compile tasks:
C2 CompilerThread2  15374 9608       4       org.eclipse.jdt.internal.compiler.classfmt.ModuleInfo::readModuleAttribute (1166 bytes)
C2 CompilerThread4  15374 9637       4       org.eclipse.jdt.internal.compiler.lookup.ModuleBinding::getOrCreateDeclaredPackage (136 bytes)
Total: 2

VM state: at safepoint (normal execution)

VM Mutex/Monitor currently owned by a thread:  ([mutex/lock_event])
[0x00007ffe3d66d570] Threads_lock - owner thread: 0x0000026dc374e9a0
[0x00007ffe3d66d670] Heap_lock - owner thread: 0x0000026de1fddfa0

Heap address: 0x0000000080000000, size: 2048 MB, Compressed Oops mode: 32-bit

CDS archive(s) mapped at: [0x0000026d80000000-0x0000026d80ba0000-0x0000026d80ba0000), size 12189696, SharedBaseAddress: 0x0000026d80000000, ArchiveRelocationMode: 1.
Compressed class space mapped at: 0x0000026d81000000-0x0000026dc1000000, reserved size: 1073741824
Narrow klass base: 0x0000026d80000000, Narrow klass shift: 0, Narrow klass range: 0x100000000

GC Precious Log:
 CardTable entry size: 512
 CPUs: 16 total, 16 available
 Memory: 7514M
 Large Page Support: Disabled
 NUMA Support: Disabled
 Compressed Oops: Enabled (32-bit)
 Alignments: Space 512K, Generation 512K, Heap 2M
 Heap Min Capacity: 100M
 Heap Initial Capacity: 100M
 Heap Max Capacity: 2G
 Pre-touch: Disabled
 Parallel Workers: 13

Heap:
 PSYoungGen      total 11264K, used 2042K [0x00000000d5580000, 0x00000000d6300000, 0x0000000100000000)
  eden space 9216K, 0% used [0x00000000d5580000,0x00000000d5580000,0x00000000d5e80000)
  from space 2048K, 99% used [0x00000000d5f00000,0x00000000d60feb68,0x00000000d6100000)
  to   space 2048K, 0% used [0x00000000d6100000,0x00000000d6100000,0x00000000d6300000)
 ParOldGen       total 123904K, used 123764K [0x0000000080000000, 0x0000000087900000, 0x00000000d5580000)
  object space 123904K, 99% used [0x0000000080000000,0x00000000878dd160,0x0000000087900000)
 Metaspace       used 60399K, committed 61760K, reserved 1114112K
  class space    used 6421K, committed 6976K, reserved 1048576K

Card table byte_map: [0x0000026dc3030000,0x0000026dc3440000] _byte_map_base: 0x0000026dc2c30000

Marking Bits: (ParMarkBitMap*) 0x00007ffe3d672460
 Begin Bits: [0x0000026dd5b40000, 0x0000026dd7b40000)
 End Bits:   [0x0000026dd7b40000, 0x0000026dd9b40000)

Polling page: 0x0000026dc14e0000

Metaspace:

Usage:
  Non-class:     52.71 MB used.
      Class:      6.27 MB used.
       Both:     58.98 MB used.

Virtual space:
  Non-class space:       64.00 MB reserved,      53.50 MB ( 84%) committed,  1 nodes.
      Class space:        1.00 GB reserved,       6.81 MB ( <1%) committed,  1 nodes.
             Both:        1.06 GB reserved,      60.31 MB (  6%) committed. 

Chunk freelists:
   Non-Class:  10.06 MB
       Class:  9.13 MB
        Both:  19.19 MB

MaxMetaspaceSize: unlimited
CompressedClassSpaceSize: 1.00 GB
Initial GC threshold: 21.00 MB
Current GC threshold: 97.31 MB
CDS: on
 - commit_granule_bytes: 65536.
 - commit_granule_words: 8192.
 - virtual_space_node_default_size: 8388608.
 - enlarge_chunks_in_place: 1.
 - use_allocation_guard: 0.


Internal statistics:

num_allocs_failed_limit: 9.
num_arena_births: 994.
num_arena_deaths: 14.
num_vsnodes_births: 2.
num_vsnodes_deaths: 0.
num_space_committed: 965.
num_space_uncommitted: 0.
num_chunks_returned_to_freelist: 23.
num_chunks_taken_from_freelist: 3795.
num_chunk_merges: 14.
num_chunk_splits: 2333.
num_chunks_enlarged: 1319.
num_inconsistent_stats: 0.

CodeHeap 'non-profiled nmethods': size=119168Kb used=7000Kb max_used=7000Kb free=112168Kb
 bounds [0x0000026dce430000, 0x0000026dceb10000, 0x0000026dd5890000]
CodeHeap 'profiled nmethods': size=119104Kb used=19285Kb max_used=19285Kb free=99818Kb
 bounds [0x0000026dc6890000, 0x0000026dc7b70000, 0x0000026dcdce0000]
CodeHeap 'non-nmethods': size=7488Kb used=1438Kb max_used=3228Kb free=6050Kb
 bounds [0x0000026dcdce0000, 0x0000026dce020000, 0x0000026dce430000]
CodeCache: size=245760Kb, used=27723Kb, max_used=29513Kb, free=218036Kb
 total_blobs=9548, nmethods=8794, adapters=660, full_count=0
Compilation: enabled, stopped_count=0, restarted_count=0

Compilation events (20 events):
Event: 12.267 Thread 0x0000026ddb628d30 nmethod 9643 0x0000026dceb01310 code [0x0000026dceb014c0, 0x0000026dceb01660]
Event: 12.268 Thread 0x0000026ddb628d30 9654       4       org.eclipse.jdt.internal.compiler.lookup.Scope::environment (8 bytes)
Event: 12.268 Thread 0x0000026ddb62af90 9663       1       org.eclipse.jdt.ls.core.internal.preferences.PreferenceManager::getClientPreferences (5 bytes)
Event: 12.268 Thread 0x0000026de2430070 nmethod 9599 0x0000026dceb01810 code [0x0000026dceb01b60, 0x0000026dceb034d0]
Event: 12.268 Thread 0x0000026ddb62af90 nmethod 9663 0x0000026dceb04510 code [0x0000026dceb046a0, 0x0000026dceb04768]
Event: 12.269 Thread 0x0000026ddb628d30 nmethod 9654 0x0000026dceb04810 code [0x0000026dceb049a0, 0x0000026dceb04a48]
Event: 12.271 Thread 0x0000026ddb62af90 9664       3       sun.nio.ch.Util::getTemporaryDirectBuffer (55 bytes)
Event: 12.271 Thread 0x0000026ddb72cd00 9665       3       sun.nio.ch.Util$BufferCache::get (164 bytes)
Event: 12.271 Thread 0x0000026ddb730a30 9666       3       sun.nio.ch.Util::isBufferTooLarge (8 bytes)
Event: 12.271 Thread 0x0000026ddb730a30 nmethod 9666 0x0000026dc6d70190 code [0x0000026dc6d70340, 0x0000026dc6d70508]
Event: 12.271 Thread 0x0000026ddb730a30 9667       1       org.eclipse.core.internal.jobs.InternalJob::setWaitQueueStamp (6 bytes)
Event: 12.271 Thread 0x0000026de20e6040 nmethod 9649 0x0000026dceb04b10 code [0x0000026dceb04d00, 0x0000026dceb05370]
Event: 12.271 Thread 0x0000026ddb730a30 nmethod 9667 0x0000026dceb05710 code [0x0000026dceb058a0, 0x0000026dceb05968]
Event: 12.271 Thread 0x0000026ddb72cd00 nmethod 9665 0x0000026dc6d6f310 code [0x0000026dc6d6f540, 0x0000026dc6d6fe98]
Event: 12.272 Thread 0x0000026ddb62af90 nmethod 9664 0x0000026dc6d6e190 code [0x0000026dc6d6e420, 0x0000026dc6d6ef90]
Event: 13.325 Thread 0x0000026de20e6040 9668       4       org.eclipse.jdt.internal.compiler.classfmt.MethodInfo::getExceptionTypeNames (16 bytes)
Event: 13.326 Thread 0x0000026de20e6040 nmethod 9668 0x0000026dceb05a10 code [0x0000026dceb05ba0, 0x0000026dceb05c60]
Event: 13.328 Thread 0x0000026ddb62af90 9669       3       org.eclipse.jdt.internal.core.search.indexing.AbstractIndexer::addEnumDeclaration (114 bytes)
Event: 13.329 Thread 0x0000026ddb62af90 nmethod 9669 0x0000026dc6d6bf90 code [0x0000026dc6d6c2e0, 0x0000026dc6d6d828]
Event: 13.329 Thread 0x0000026ddb62af90 9670 %     3       org.eclipse.jdt.internal.core.search.indexing.BinaryIndexer::extractReferenceFromConstantPool @ 15 (358 bytes)

GC Heap History (20 events):
Event: 10.373 GC heap before
{Heap before GC invocations=70 (full 3):
 PSYoungGen      total 15872K, used 15385K [0x00000000d5580000, 0x00000000d6800000, 0x0000000100000000)
  eden space 12800K, 100% used [0x00000000d5580000,0x00000000d6200000,0x00000000d6200000)
  from space 3072K, 84% used [0x00000000d6500000,0x00000000d6786488,0x00000000d6800000)
  to   space 3072K, 0% used [0x00000000d6200000,0x00000000d6200000,0x00000000d6500000)
 ParOldGen       total 100352K, used 100096K [0x0000000080000000, 0x0000000086200000, 0x00000000d5580000)
  object space 100352K, 99% used [0x0000000080000000,0x00000000861c03f0,0x0000000086200000)
 Metaspace       used 59982K, committed 61376K, reserved 1114112K
  class space    used 6375K, committed 6912K, reserved 1048576K
}
Event: 10.377 GC heap after
{Heap after GC invocations=70 (full 3):
 PSYoungGen      total 15872K, used 2963K [0x00000000d5580000, 0x00000000d6800000, 0x0000000100000000)
  eden space 12800K, 0% used [0x00000000d5580000,0x00000000d5580000,0x00000000d6200000)
  from space 3072K, 96% used [0x00000000d6200000,0x00000000d64e4fa0,0x00000000d6500000)
  to   space 3072K, 0% used [0x00000000d6500000,0x00000000d6500000,0x00000000d6800000)
 ParOldGen       total 102912K, used 102446K [0x0000000080000000, 0x0000000086480000, 0x00000000d5580000)
  object space 102912K, 99% used [0x0000000080000000,0x000000008640b888,0x0000000086480000)
 Metaspace       used 59982K, committed 61376K, reserved 1114112K
  class space    used 6375K, committed 6912K, reserved 1048576K
}
Event: 10.450 GC heap before
{Heap before GC invocations=71 (full 3):
 PSYoungGen      total 15872K, used 15763K [0x00000000d5580000, 0x00000000d6800000, 0x0000000100000000)
  eden space 12800K, 100% used [0x00000000d5580000,0x00000000d6200000,0x00000000d6200000)
  from space 3072K, 96% used [0x00000000d6200000,0x00000000d64e4fa0,0x00000000d6500000)
  to   space 3072K, 0% used [0x00000000d6500000,0x00000000d6500000,0x00000000d6800000)
 ParOldGen       total 102912K, used 102446K [0x0000000080000000, 0x0000000086480000, 0x00000000d5580000)
  object space 102912K, 99% used [0x0000000080000000,0x000000008640b888,0x0000000086480000)
 Metaspace       used 60057K, committed 61504K, reserved 1114112K
  class space    used 6391K, committed 6976K, reserved 1048576K
}
Event: 10.455 GC heap after
{Heap after GC invocations=71 (full 3):
 PSYoungGen      total 15872K, used 2947K [0x00000000d5580000, 0x00000000d6800000, 0x0000000100000000)
  eden space 12800K, 0% used [0x00000000d5580000,0x00000000d5580000,0x00000000d6200000)
  from space 3072K, 95% used [0x00000000d6500000,0x00000000d67e0eb0,0x00000000d6800000)
  to   space 3072K, 0% used [0x00000000d6200000,0x00000000d6200000,0x00000000d6500000)
 ParOldGen       total 105472K, used 105197K [0x0000000080000000, 0x0000000086700000, 0x00000000d5580000)
  object space 105472K, 99% used [0x0000000080000000,0x00000000866bb430,0x0000000086700000)
 Metaspace       used 60057K, committed 61504K, reserved 1114112K
  class space    used 6391K, committed 6976K, reserved 1048576K
}
Event: 10.796 GC heap before
{Heap before GC invocations=72 (full 3):
 PSYoungGen      total 15872K, used 14899K [0x00000000d5580000, 0x00000000d6800000, 0x0000000100000000)
  eden space 12800K, 93% used [0x00000000d5580000,0x00000000d612bf78,0x00000000d6200000)
  from space 3072K, 95% used [0x00000000d6500000,0x00000000d67e0eb0,0x00000000d6800000)
  to   space 3072K, 0% used [0x00000000d6200000,0x00000000d6200000,0x00000000d6500000)
 ParOldGen       total 105472K, used 105197K [0x0000000080000000, 0x0000000086700000, 0x00000000d5580000)
  object space 105472K, 99% used [0x0000000080000000,0x00000000866bb430,0x0000000086700000)
 Metaspace       used 60293K, committed 61696K, reserved 1114112K
  class space    used 6416K, committed 6976K, reserved 1048576K
}
Event: 10.800 GC heap after
{Heap after GC invocations=72 (full 3):
 PSYoungGen      total 15872K, used 2720K [0x00000000d5580000, 0x00000000d6800000, 0x0000000100000000)
  eden space 12800K, 0% used [0x00000000d5580000,0x00000000d5580000,0x00000000d6200000)
  from space 3072K, 88% used [0x00000000d6200000,0x00000000d64a8058,0x00000000d6500000)
  to   space 3072K, 0% used [0x00000000d6500000,0x00000000d6500000,0x00000000d6800000)
 ParOldGen       total 108032K, used 107774K [0x0000000080000000, 0x0000000086980000, 0x00000000d5580000)
  object space 108032K, 99% used [0x0000000080000000,0x000000008693fb38,0x0000000086980000)
 Metaspace       used 60293K, committed 61696K, reserved 1114112K
  class space    used 6416K, committed 6976K, reserved 1048576K
}
Event: 11.077 GC heap before
{Heap before GC invocations=73 (full 3):
 PSYoungGen      total 15872K, used 15520K [0x00000000d5580000, 0x00000000d6800000, 0x0000000100000000)
  eden space 12800K, 100% used [0x00000000d5580000,0x00000000d6200000,0x00000000d6200000)
  from space 3072K, 88% used [0x00000000d6200000,0x00000000d64a8058,0x00000000d6500000)
  to   space 3072K, 0% used [0x00000000d6500000,0x00000000d6500000,0x00000000d6800000)
 ParOldGen       total 108032K, used 107774K [0x0000000080000000, 0x0000000086980000, 0x00000000d5580000)
  object space 108032K, 99% used [0x0000000080000000,0x000000008693fb38,0x0000000086980000)
 Metaspace       used 60293K, committed 61696K, reserved 1114112K
  class space    used 6416K, committed 6976K, reserved 1048576K
}
Event: 11.082 GC heap after
{Heap after GC invocations=73 (full 3):
 PSYoungGen      total 11264K, used 3045K [0x00000000d5580000, 0x00000000d7100000, 0x0000000100000000)
  eden space 8192K, 0% used [0x00000000d5580000,0x00000000d5580000,0x00000000d5d80000)
  from space 3072K, 99% used [0x00000000d6500000,0x00000000d67f9620,0x00000000d6800000)
  to   space 7680K, 0% used [0x00000000d5d80000,0x00000000d5d80000,0x00000000d6500000)
 ParOldGen       total 111616K, used 111419K [0x0000000080000000, 0x0000000086d00000, 0x00000000d5580000)
  object space 111616K, 99% used [0x0000000080000000,0x0000000086ccef68,0x0000000086d00000)
 Metaspace       used 60293K, committed 61696K, reserved 1114112K
  class space    used 6416K, committed 6976K, reserved 1048576K
}
Event: 11.177 GC heap before
{Heap before GC invocations=74 (full 3):
 PSYoungGen      total 11264K, used 11237K [0x00000000d5580000, 0x00000000d7100000, 0x0000000100000000)
  eden space 8192K, 100% used [0x00000000d5580000,0x00000000d5d80000,0x00000000d5d80000)
  from space 3072K, 99% used [0x00000000d6500000,0x00000000d67f9620,0x00000000d6800000)
  to   space 7680K, 0% used [0x00000000d5d80000,0x00000000d5d80000,0x00000000d6500000)
 ParOldGen       total 111616K, used 111419K [0x0000000080000000, 0x0000000086d00000, 0x00000000d5580000)
  object space 111616K, 99% used [0x0000000080000000,0x0000000086ccef68,0x0000000086d00000)
 Metaspace       used 60345K, committed 61760K, reserved 1114112K
  class space    used 6419K, committed 6976K, reserved 1048576K
}
Event: 11.181 GC heap after
{Heap after GC invocations=74 (full 3):
 PSYoungGen      total 10240K, used 1906K [0x00000000d5580000, 0x00000000d6580000, 0x0000000100000000)
  eden space 8192K, 0% used [0x00000000d5580000,0x00000000d5580000,0x00000000d5d80000)
  from space 2048K, 93% used [0x00000000d5d80000,0x00000000d5f5cb48,0x00000000d5f80000)
  to   space 4096K, 0% used [0x00000000d6180000,0x00000000d6180000,0x00000000d6580000)
 ParOldGen       total 114688K, used 114522K [0x0000000080000000, 0x0000000087000000, 0x00000000d5580000)
  object space 114688K, 99% used [0x0000000080000000,0x0000000086fd68f0,0x0000000087000000)
 Metaspace       used 60345K, committed 61760K, reserved 1114112K
  class space    used 6419K, committed 6976K, reserved 1048576K
}
Event: 11.203 GC heap before
{Heap before GC invocations=75 (full 3):
 PSYoungGen      total 10240K, used 10098K [0x00000000d5580000, 0x00000000d6580000, 0x0000000100000000)
  eden space 8192K, 100% used [0x00000000d5580000,0x00000000d5d80000,0x00000000d5d80000)
  from space 2048K, 93% used [0x00000000d5d80000,0x00000000d5f5cb48,0x00000000d5f80000)
  to   space 4096K, 0% used [0x00000000d6180000,0x00000000d6180000,0x00000000d6580000)
 ParOldGen       total 114688K, used 114522K [0x0000000080000000, 0x0000000087000000, 0x00000000d5580000)
  object space 114688K, 99% used [0x0000000080000000,0x0000000086fd68f0,0x0000000087000000)
 Metaspace       used 60364K, committed 61760K, reserved 1114112K
  class space    used 6421K, committed 6976K, reserved 1048576K
}
Event: 11.205 GC heap after
{Heap after GC invocations=75 (full 3):
 PSYoungGen      total 10240K, used 1811K [0x00000000d5580000, 0x00000000d6380000, 0x0000000100000000)
  eden space 8192K, 0% used [0x00000000d5580000,0x00000000d5580000,0x00000000d5d80000)
  from space 2048K, 88% used [0x00000000d6180000,0x00000000d6344c88,0x00000000d6380000)
  to   space 2560K, 0% used [0x00000000d5e80000,0x00000000d5e80000,0x00000000d6100000)
 ParOldGen       total 116224K, used 116116K [0x0000000080000000, 0x0000000087180000, 0x00000000d5580000)
  object space 116224K, 99% used [0x0000000080000000,0x0000000087165070,0x0000000087180000)
 Metaspace       used 60364K, committed 61760K, reserved 1114112K
  class space    used 6421K, committed 6976K, reserved 1048576K
}
Event: 11.230 GC heap before
{Heap before GC invocations=76 (full 3):
 PSYoungGen      total 10240K, used 10003K [0x00000000d5580000, 0x00000000d6380000, 0x0000000100000000)
  eden space 8192K, 100% used [0x00000000d5580000,0x00000000d5d80000,0x00000000d5d80000)
  from space 2048K, 88% used [0x00000000d6180000,0x00000000d6344c88,0x00000000d6380000)
  to   space 2560K, 0% used [0x00000000d5e80000,0x00000000d5e80000,0x00000000d6100000)
 ParOldGen       total 116224K, used 116116K [0x0000000080000000, 0x0000000087180000, 0x00000000d5580000)
  object space 116224K, 99% used [0x0000000080000000,0x0000000087165070,0x0000000087180000)
 Metaspace       used 60386K, committed 61760K, reserved 1114112K
  class space    used 6421K, committed 6976K, reserved 1048576K
}
Event: 11.233 GC heap after
{Heap after GC invocations=76 (full 3):
 PSYoungGen      total 10240K, used 1691K [0x00000000d5580000, 0x00000000d6200000, 0x0000000100000000)
  eden space 8192K, 0% used [0x00000000d5580000,0x00000000d5580000,0x00000000d5d80000)
  from space 2048K, 82% used [0x00000000d5e80000,0x00000000d6026d28,0x00000000d6080000)
  to   space 1536K, 0% used [0x00000000d6080000,0x00000000d6080000,0x00000000d6200000)
 ParOldGen       total 117760K, used 117544K [0x0000000080000000, 0x0000000087300000, 0x00000000d5580000)
  object space 117760K, 99% used [0x0000000080000000,0x00000000872ca040,0x0000000087300000)
 Metaspace       used 60386K, committed 61760K, reserved 1114112K
  class space    used 6421K, committed 6976K, reserved 1048576K
}
Event: 11.256 GC heap before
{Heap before GC invocations=77 (full 3):
 PSYoungGen      total 10240K, used 9883K [0x00000000d5580000, 0x00000000d6200000, 0x0000000100000000)
  eden space 8192K, 100% used [0x00000000d5580000,0x00000000d5d80000,0x00000000d5d80000)
  from space 2048K, 82% used [0x00000000d5e80000,0x00000000d6026d28,0x00000000d6080000)
  to   space 1536K, 0% used [0x00000000d6080000,0x00000000d6080000,0x00000000d6200000)
 ParOldGen       total 117760K, used 117544K [0x0000000080000000, 0x0000000087300000, 0x00000000d5580000)
  object space 117760K, 99% used [0x0000000080000000,0x00000000872ca040,0x0000000087300000)
 Metaspace       used 60392K, committed 61760K, reserved 1114112K
  class space    used 6421K, committed 6976K, reserved 1048576K
}
Event: 12.264 GC heap after
{Heap after GC invocations=77 (full 3):
 PSYoungGen      total 9216K, used 1518K [0x00000000d5580000, 0x00000000d6680000, 0x0000000100000000)
  eden space 7680K, 0% used [0x00000000d5580000,0x00000000d5580000,0x00000000d5d00000)
  from space 1536K, 98% used [0x00000000d6080000,0x00000000d61fb908,0x00000000d6200000)
  to   space 3584K, 0% used [0x00000000d5d00000,0x00000000d5d00000,0x00000000d6080000)
 ParOldGen       total 119296K, used 118956K [0x0000000080000000, 0x0000000087480000, 0x00000000d5580000)
  object space 119296K, 99% used [0x0000000080000000,0x000000008742b250,0x0000000087480000)
 Metaspace       used 60392K, committed 61760K, reserved 1114112K
  class space    used 6421K, committed 6976K, reserved 1048576K
}
Event: 12.283 GC heap before
{Heap before GC invocations=78 (full 3):
 PSYoungGen      total 9216K, used 9198K [0x00000000d5580000, 0x00000000d6680000, 0x0000000100000000)
  eden space 7680K, 100% used [0x00000000d5580000,0x00000000d5d00000,0x00000000d5d00000)
  from space 1536K, 98% used [0x00000000d6080000,0x00000000d61fb908,0x00000000d6200000)
  to   space 3584K, 0% used [0x00000000d5d00000,0x00000000d5d00000,0x00000000d6080000)
 ParOldGen       total 119296K, used 118956K [0x0000000080000000, 0x0000000087480000, 0x00000000d5580000)
  object space 119296K, 99% used [0x0000000080000000,0x000000008742b250,0x0000000087480000)
 Metaspace       used 60399K, committed 61760K, reserved 1114112K
  class space    used 6421K, committed 6976K, reserved 1048576K
}
Event: 13.298 GC heap after
{Heap after GC invocations=78 (full 3):
 PSYoungGen      total 11264K, used 1832K [0x00000000d5580000, 0x00000000d6380000, 0x0000000100000000)
  eden space 7680K, 0% used [0x00000000d5580000,0x00000000d5580000,0x00000000d5d00000)
  from space 3584K, 51% used [0x00000000d5d00000,0x00000000d5eca208,0x00000000d6080000)
  to   space 2560K, 0% used [0x00000000d6100000,0x00000000d6100000,0x00000000d6380000)
 ParOldGen       total 120832K, used 120380K [0x0000000080000000, 0x0000000087600000, 0x00000000d5580000)
  object space 120832K, 99% used [0x0000000080000000,0x000000008758f270,0x0000000087600000)
 Metaspace       used 60399K, committed 61760K, reserved 1114112K
  class space    used 6421K, committed 6976K, reserved 1048576K
}
Event: 13.315 GC heap before
{Heap before GC invocations=79 (full 3):
 PSYoungGen      total 11264K, used 9512K [0x00000000d5580000, 0x00000000d6380000, 0x0000000100000000)
  eden space 7680K, 100% used [0x00000000d5580000,0x00000000d5d00000,0x00000000d5d00000)
  from space 3584K, 51% used [0x00000000d5d00000,0x00000000d5eca208,0x00000000d6080000)
  to   space 2560K, 0% used [0x00000000d6100000,0x00000000d6100000,0x00000000d6380000)
 ParOldGen       total 120832K, used 120380K [0x0000000080000000, 0x0000000087600000, 0x00000000d5580000)
  object space 120832K, 99% used [0x0000000080000000,0x000000008758f270,0x0000000087600000)
 Metaspace       used 60399K, committed 61760K, reserved 1114112K
  class space    used 6421K, committed 6976K, reserved 1048576K
}
Event: 13.317 GC heap after
{Heap after GC invocations=79 (full 3):
 PSYoungGen      total 11264K, used 1965K [0x00000000d5580000, 0x00000000d6300000, 0x0000000100000000)
  eden space 9216K, 0% used [0x00000000d5580000,0x00000000d5580000,0x00000000d5e80000)
  from space 2048K, 95% used [0x00000000d6100000,0x00000000d62eb6c0,0x00000000d6300000)
  to   space 2048K, 0% used [0x00000000d5f00000,0x00000000d5f00000,0x00000000d6100000)
 ParOldGen       total 122368K, used 122024K [0x0000000080000000, 0x0000000087780000, 0x00000000d5580000)
  object space 122368K, 99% used [0x0000000080000000,0x000000008772a2e0,0x0000000087780000)
 Metaspace       used 60399K, committed 61760K, reserved 1114112K
  class space    used 6421K, committed 6976K, reserved 1048576K
}

Dll operation events (10 events):
Event: 0.010 Loaded shared library c:\Users\Aurora  N. Postrado\.vscode\extensions\redhat.java-1.50.0-win32-x64\jre\21.0.9-win32-x86_64\bin\java.dll
Event: 0.090 Loaded shared library c:\Users\Aurora  N. Postrado\.vscode\extensions\redhat.java-1.50.0-win32-x64\jre\21.0.9-win32-x86_64\bin\zip.dll
Event: 0.117 Loaded shared library C:\Users\Aurora  N. Postrado\.vscode\extensions\redhat.java-1.50.0-win32-x64\jre\21.0.9-win32-x86_64\bin\instrument.dll
Event: 0.124 Loaded shared library C:\Users\Aurora  N. Postrado\.vscode\extensions\redhat.java-1.50.0-win32-x64\jre\21.0.9-win32-x86_64\bin\net.dll
Event: 0.128 Loaded shared library C:\Users\Aurora  N. Postrado\.vscode\extensions\redhat.java-1.50.0-win32-x64\jre\21.0.9-win32-x86_64\bin\nio.dll
Event: 0.133 Loaded shared library C:\Users\Aurora  N. Postrado\.vscode\extensions\redhat.java-1.50.0-win32-x64\jre\21.0.9-win32-x86_64\bin\zip.dll
Event: 0.154 Loaded shared library C:\Users\Aurora  N. Postrado\.vscode\extensions\redhat.java-1.50.0-win32-x64\jre\21.0.9-win32-x86_64\bin\jimage.dll
Event: 0.242 Loaded shared library c:\Users\Aurora  N. Postrado\.vscode\extensions\redhat.java-1.50.0-win32-x64\jre\21.0.9-win32-x86_64\bin\verify.dll
Event: 1.383 Loaded shared library C:\Users\Aurora  N. Postrado\AppData\Roaming\Code\User\globalStorage\redhat.java\1.50.0\config_win\org.eclipse.equinox.launcher\org.eclipse.equinox.launcher.win32.win32.x86_64_1.2.1400.v20250801-0854\eclipse_11916.dll
Event: 2.868 Loaded shared library C:\Users\Aurora  N. Postrado\AppData\Local\Temp\jna-614272698\jna1761930670300004209.dll

Deoptimization events (20 events):
Event: 10.425 Thread 0x0000026de1fdc560 Uncommon trap: trap_request=0xffffff45 fr.pc=0x0000026dce4fb9bc relative=0x0000000000000a9c
Event: 10.425 Thread 0x0000026de1fdc560 Uncommon trap: reason=unstable_if action=reinterpret pc=0x0000026dce4fb9bc method=org.eclipse.jdt.internal.core.util.WeakHashSet.cleanupGarbageCollectedValues()V @ 140 c2
Event: 10.425 Thread 0x0000026de1fdc560 DEOPT PACKING pc=0x0000026dce4fb9bc sp=0x000000d0bdbfea70
Event: 10.425 Thread 0x0000026de1fdc560 DEOPT UNPACKING pc=0x0000026dcdd33aa2 sp=0x000000d0bdbfe978 mode 2
Event: 11.176 Thread 0x0000026de1fdcbf0 Uncommon trap: trap_request=0xffffff6e fr.pc=0x0000026dceaee654 relative=0x0000000000000194
Event: 11.176 Thread 0x0000026de1fdcbf0 Uncommon trap: reason=loop_limit_check action=maybe_recompile pc=0x0000026dceaee654 method=org.eclipse.jdt.internal.core.util.HashtableOfArrayToObject.hashCode([Ljava/lang/Object;I)I @ 27 c2
Event: 11.176 Thread 0x0000026de1fdcbf0 DEOPT PACKING pc=0x0000026dceaee654 sp=0x000000d0be3fe230
Event: 11.176 Thread 0x0000026de1fdcbf0 DEOPT UNPACKING pc=0x0000026dcdd33aa2 sp=0x000000d0be3fe1b8 mode 2
Event: 11.241 Thread 0x0000026de1fdcbf0 Uncommon trap: trap_request=0xffffffde fr.pc=0x0000026dcea5ecec relative=0x00000000000022ec
Event: 11.241 Thread 0x0000026de1fdcbf0 Uncommon trap: reason=class_check action=maybe_recompile pc=0x0000026dcea5ecec method=org.eclipse.jdt.internal.core.JavaModelCache.getInfo(Lorg/eclipse/jdt/core/IJavaElement;)Lorg/eclipse/jdt/internal/compiler/env/IElementInfo; @ 152 c2
Event: 11.241 Thread 0x0000026de1fdcbf0 DEOPT PACKING pc=0x0000026dcea5ecec sp=0x000000d0be3fe9a0
Event: 11.241 Thread 0x0000026de1fdcbf0 DEOPT UNPACKING pc=0x0000026dcdd33aa2 sp=0x000000d0be3fe920 mode 2
Event: 11.247 Thread 0x0000026de1fdcbf0 Uncommon trap: trap_request=0xffffff45 fr.pc=0x0000026dce5c261c relative=0x000000000000007c
Event: 11.247 Thread 0x0000026de1fdcbf0 Uncommon trap: reason=unstable_if action=reinterpret pc=0x0000026dce5c261c method=org.eclipse.jdt.internal.compiler.classfmt.MethodInfo.getExceptionTypeNames()[[C @ 4 c2
Event: 11.247 Thread 0x0000026de1fdcbf0 DEOPT PACKING pc=0x0000026dce5c261c sp=0x000000d0be3fdc50
Event: 11.247 Thread 0x0000026de1fdcbf0 DEOPT UNPACKING pc=0x0000026dcdd33aa2 sp=0x000000d0be3fdbf0 mode 2
Event: 13.328 Thread 0x0000026de1fddfa0 Uncommon trap: trap_request=0xffffff45 fr.pc=0x0000026dcea3fc60 relative=0x0000000000003500
Event: 13.328 Thread 0x0000026de1fddfa0 Uncommon trap: reason=unstable_if action=reinterpret pc=0x0000026dcea3fc60 method=org.eclipse.jdt.internal.core.search.indexing.BinaryIndexer.extractArgCount([C[CZ)I @ 247 c2
Event: 13.328 Thread 0x0000026de1fddfa0 DEOPT PACKING pc=0x0000026dcea3fc60 sp=0x000000d0bdffef80
Event: 13.328 Thread 0x0000026de1fddfa0 DEOPT UNPACKING pc=0x0000026dcdd33aa2 sp=0x000000d0bdffee90 mode 2

Classes loaded (20 events):
Event: 9.102 Loading class java/lang/UnsupportedClassVersionError
Event: 9.102 Loading class java/lang/UnsupportedClassVersionError done
Event: 9.537 Loading class java/util/Collections$SynchronizedRandomAccessList
Event: 9.537 Loading class java/util/Collections$SynchronizedList
Event: 9.537 Loading class java/util/Collections$SynchronizedList done
Event: 9.537 Loading class java/util/Collections$SynchronizedRandomAccessList done
Event: 9.628 Loading class java/util/concurrent/CompletableFuture$Signaller
Event: 9.628 Loading class java/util/concurrent/CompletableFuture$Signaller done
Event: 9.644 Loading class java/nio/charset/CharacterCodingException
Event: 9.644 Loading class java/nio/charset/CharacterCodingException done
Event: 9.644 Loading class java/io/SequenceInputStream
Event: 9.644 Loading class java/io/SequenceInputStream done
Event: 10.166 Loading class java/util/concurrent/CompletableFuture$UniApply
Event: 10.167 Loading class java/util/concurrent/CompletableFuture$UniApply done
Event: 10.168 Loading class java/util/concurrent/CompletableFuture$UniExceptionally
Event: 10.169 Loading class java/util/concurrent/CompletableFuture$UniExceptionally done
Event: 10.278 Loading class java/util/Hashtable$KeySet
Event: 10.279 Loading class java/util/Hashtable$KeySet done
Event: 10.339 Loading class java/util/HashMap$EntrySpliterator
Event: 10.339 Loading class java/util/HashMap$EntrySpliterator done

Classes unloaded (7 events):
Event: 3.440 Thread 0x0000026dc374e9a0 Unloading class 0x0000026d811ab000 'java/lang/invoke/LambdaForm$MH+0x0000026d811ab000'
Event: 3.440 Thread 0x0000026dc374e9a0 Unloading class 0x0000026d811aac00 'java/lang/invoke/LambdaForm$MH+0x0000026d811aac00'
Event: 3.440 Thread 0x0000026dc374e9a0 Unloading class 0x0000026d811aa800 'java/lang/invoke/LambdaForm$MH+0x0000026d811aa800'
Event: 3.440 Thread 0x0000026dc374e9a0 Unloading class 0x0000026d811aa400 'java/lang/invoke/LambdaForm$MH+0x0000026d811aa400'
Event: 3.440 Thread 0x0000026dc374e9a0 Unloading class 0x0000026d811aa000 'java/lang/invoke/LambdaForm$BMH+0x0000026d811aa000'
Event: 3.440 Thread 0x0000026dc374e9a0 Unloading class 0x0000026d811a9c00 'java/lang/invoke/LambdaForm$DMH+0x0000026d811a9c00'
Event: 3.440 Thread 0x0000026dc374e9a0 Unloading class 0x0000026d811a8800 'java/lang/invoke/LambdaForm$DMH+0x0000026d811a8800'

Classes redefined (0 events):
No events

Internal exceptions (20 events):
Event: 10.406 Thread 0x0000026de1fdc560 Exception <a 'java/lang/NullPointerException'{0x00000000d5a8b028}> (0x00000000d5a8b028) 
thrown [s\src\hotspot\share\interpreter\linkResolver.cpp, line 1372]
Event: 10.406 Thread 0x0000026de1fdc560 Exception <a 'java/lang/NullPointerException'{0x00000000d5a8b6f0}> (0x00000000d5a8b6f0) 
thrown [s\src\hotspot\share\interpreter\linkResolver.cpp, line 1372]
Event: 10.408 Thread 0x0000026de1fdc560 Exception <a 'java/lang/NullPointerException'{0x00000000d5a8be78}> (0x00000000d5a8be78) 
thrown [s\src\hotspot\share\interpreter\linkResolver.cpp, line 1372]
Event: 10.409 Thread 0x0000026de1fdc560 Exception <a 'java/lang/NullPointerException'{0x00000000d5a8c918}> (0x00000000d5a8c918) 
thrown [s\src\hotspot\share\interpreter\linkResolver.cpp, line 1372]
Event: 10.409 Thread 0x0000026de1fdc560 Exception <a 'java/lang/NullPointerException'{0x00000000d5a8d900}> (0x00000000d5a8d900) 
thrown [s\src\hotspot\share\interpreter\linkResolver.cpp, line 1372]
Event: 10.410 Thread 0x0000026de1fdc560 Exception <a 'java/lang/NullPointerException'{0x00000000d5a8e1e8}> (0x00000000d5a8e1e8) 
thrown [s\src\hotspot\share\interpreter\linkResolver.cpp, line 1372]
Event: 10.410 Thread 0x0000026de1fdc560 Exception <a 'java/lang/NullPointerException'{0x00000000d5a8ee90}> (0x00000000d5a8ee90) 
thrown [s\src\hotspot\share\interpreter\linkResolver.cpp, line 1372]
Event: 10.411 Thread 0x0000026de1fdc560 Exception <a 'java/lang/NullPointerException'{0x00000000d5a8f650}> (0x00000000d5a8f650) 
thrown [s\src\hotspot\share\interpreter\linkResolver.cpp, line 1372]
Event: 10.412 Thread 0x0000026de1fdc560 Exception <a 'java/lang/NullPointerException'{0x00000000d5b57238}> (0x00000000d5b57238) 
thrown [s\src\hotspot\share\interpreter\linkResolver.cpp, line 1372]
Event: 10.412 Thread 0x0000026de1fdc560 Exception <a 'java/lang/NullPointerException'{0x00000000d5b57d48}> (0x00000000d5b57d48) 
thrown [s\src\hotspot\share\interpreter\linkResolver.cpp, line 1372]
Event: 10.412 Thread 0x0000026de1fdc560 Exception <a 'java/lang/NullPointerException'{0x00000000d5b58510}> (0x00000000d5b58510) 
thrown [s\src\hotspot\share\interpreter\linkResolver.cpp, line 1372]
Event: 10.413 Thread 0x0000026de1fdc560 Exception <a 'java/lang/NullPointerException'{0x00000000d5b59880}> (0x00000000d5b59880) 
thrown [s\src\hotspot\share\interpreter\linkResolver.cpp, line 1372]
Event: 10.414 Thread 0x0000026de1fdc560 Exception <a 'java/lang/NullPointerException'{0x00000000d5c03aa8}> (0x00000000d5c03aa8) 
thrown [s\src\hotspot\share\interpreter\linkResolver.cpp, line 1372]
Event: 10.414 Thread 0x0000026de1fdc560 Exception <a 'java/lang/NullPointerException'{0x00000000d5c04838}> (0x00000000d5c04838) 
thrown [s\src\hotspot\share\interpreter\linkResolver.cpp, line 1372]
Event: 10.414 Thread 0x0000026de1fdc560 Exception <a 'java/lang/NullPointerException'{0x00000000d5c051c8}> (0x00000000d5c051c8) 
thrown [s\src\hotspot\share\interpreter\linkResolver.cpp, line 1372]
Event: 10.415 Thread 0x0000026de1fdc560 Exception <a 'java/lang/NullPointerException'{0x00000000d5c06598}> (0x00000000d5c06598) 
thrown [s\src\hotspot\share\interpreter\linkResolver.cpp, line 1372]
Event: 10.415 Thread 0x0000026de1fdc560 Exception <a 'java/lang/NullPointerException'{0x00000000d5c06ae0}> (0x00000000d5c06ae0) 
thrown [s\src\hotspot\share\interpreter\linkResolver.cpp, line 1372]
Event: 10.415 Thread 0x0000026de1fdc560 Exception <a 'java/lang/NullPointerException'{0x00000000d5c07528}> (0x00000000d5c07528) 
thrown [s\src\hotspot\share\interpreter\linkResolver.cpp, line 1372]
Event: 10.464 Thread 0x0000026de1fdc560 Exception <a 'java/lang/NoSuchMethodError'{0x00000000d55be9e8}: 'java.lang.Object java.lang.invoke.DirectMethodHandle$Holder.invokeStatic(java.lang.Object, java.lang.Object, int, java.lang.Object)'> (0x00000000d55be9e8) 
thrown [s\src\hotspot\share\interpreter\linkResolver.cpp, line 773]
Event: 10.465 Thread 0x0000026de1fdc560 Exception <a 'java/lang/NoSuchMethodError'{0x00000000d55c54c0}: 'java.lang.Object java.lang.invoke.DirectMethodHandle$Holder.newInvokeSpecial(java.lang.Object, java.lang.Object, int)'> (0x00000000d55c54c0) 
thrown [s\src\hotspot\share\interpreter\linkResolver.cpp, line 773]

ZGC Phase Switch (0 events):
No events

VM Operations (20 events):
Event: 10.455 Executing VM operation: ParallelGCFailedAllocation (Allocation Failure) done
Event: 10.455 Executing VM operation: HandshakeAllThreads (Deoptimize)
Event: 10.456 Executing VM operation: HandshakeAllThreads (Deoptimize) done
Event: 10.796 Executing VM operation: ParallelGCFailedAllocation (Allocation Failure)
Event: 10.800 Executing VM operation: ParallelGCFailedAllocation (Allocation Failure) done
Event: 11.077 Executing VM operation: ParallelGCFailedAllocation (Allocation Failure)
Event: 11.082 Executing VM operation: ParallelGCFailedAllocation (Allocation Failure) done
Event: 11.177 Executing VM operation: ParallelGCFailedAllocation (Allocation Failure)
Event: 11.181 Executing VM operation: ParallelGCFailedAllocation (Allocation Failure) done
Event: 11.203 Executing VM operation: ParallelGCFailedAllocation (Allocation Failure)
Event: 11.205 Executing VM operation: ParallelGCFailedAllocation (Allocation Failure) done
Event: 11.230 Executing VM operation: ParallelGCFailedAllocation (Allocation Failure)
Event: 11.233 Executing VM operation: ParallelGCFailedAllocation (Allocation Failure) done
Event: 11.256 Executing VM operation: ParallelGCFailedAllocation (Allocation Failure)
Event: 12.264 Executing VM operation: ParallelGCFailedAllocation (Allocation Failure) done
Event: 12.283 Executing VM operation: ParallelGCFailedAllocation (Allocation Failure)
Event: 13.298 Executing VM operation: ParallelGCFailedAllocation (Allocation Failure) done
Event: 13.315 Executing VM operation: ParallelGCFailedAllocation (Allocation Failure)
Event: 13.317 Executing VM operation: ParallelGCFailedAllocation (Allocation Failure) done
Event: 14.329 Executing VM operation: Cleanup

Memory protections (0 events):
No events

Nmethod flushes (20 events):
Event: 9.726 Thread 0x0000026dc374e9a0 flushing  nmethod 0x0000026dc72dbe90
Event: 9.726 Thread 0x0000026dc374e9a0 flushing  nmethod 0x0000026dc7302c90
Event: 9.726 Thread 0x0000026dc374e9a0 flushing  nmethod 0x0000026dc7325490
Event: 9.726 Thread 0x0000026dc374e9a0 flushing  nmethod 0x0000026dc735b890
Event: 9.726 Thread 0x0000026dc374e9a0 flushing  nmethod 0x0000026dc735c290
Event: 9.726 Thread 0x0000026dc374e9a0 flushing  nmethod 0x0000026dc735dd90
Event: 9.726 Thread 0x0000026dc374e9a0 flushing  nmethod 0x0000026dc735f690
Event: 9.726 Thread 0x0000026dc374e9a0 flushing  nmethod 0x0000026dc735fb10
Event: 9.726 Thread 0x0000026dc374e9a0 flushing  nmethod 0x0000026dc735fe90
Event: 9.726 Thread 0x0000026dc374e9a0 flushing  nmethod 0x0000026dc7360890
Event: 9.726 Thread 0x0000026dc374e9a0 flushing  nmethod 0x0000026dc7363010
Event: 9.726 Thread 0x0000026dc374e9a0 flushing  nmethod 0x0000026dc7369090
Event: 9.726 Thread 0x0000026dc374e9a0 flushing  nmethod 0x0000026dc736b810
Event: 9.726 Thread 0x0000026dc374e9a0 flushing  nmethod 0x0000026dc736c010
Event: 9.726 Thread 0x0000026dc374e9a0 flushing  nmethod 0x0000026dc7377e90
Event: 9.726 Thread 0x0000026dc374e9a0 flushing  nmethod 0x0000026dc737a490
Event: 9.726 Thread 0x0000026dc374e9a0 flushing  nmethod 0x0000026dc737f290
Event: 9.726 Thread 0x0000026dc374e9a0 flushing  nmethod 0x0000026dc73b8e90
Event: 9.726 Thread 0x0000026dc374e9a0 flushing  nmethod 0x0000026dc73bd790
Event: 9.726 Thread 0x0000026dc374e9a0 flushing  nmethod 0x0000026dc73dd690

Events (20 events):
Event: 6.911 Thread 0x0000026de1fdf9e0 Thread added: 0x0000026de51f8950
Event: 6.911 Thread 0x0000026de1fdf9e0 Thread added: 0x0000026de51f5b60
Event: 6.912 Thread 0x0000026de1fdf9e0 Thread added: 0x0000026de51f9670
Event: 6.919 Thread 0x0000026de1fdf9e0 Thread added: 0x0000026de335fc70
Event: 6.957 Thread 0x0000026de1fdf9e0 Thread added: 0x0000026de33616b0
Event: 6.974 Thread 0x0000026de1fdf9e0 Thread added: 0x0000026de33623d0
Event: 7.489 Thread 0x0000026de53f10b0 Thread exited: 0x0000026de53f10b0
Event: 7.766 Thread 0x0000026de57f5e70 Thread exited: 0x0000026de57f5e70
Event: 8.347 Thread 0x0000026de3033030 Thread exited: 0x0000026de3033030
Event: 8.694 Thread 0x0000026ddb730a30 Thread added: 0x0000026de4771570
Event: 8.749 Thread 0x0000026ddb72cd00 Thread added: 0x0000026de47707d0
Event: 8.853 Thread 0x0000026de2ffb830 Thread added: 0x0000026de47729e0
Event: 10.168 Thread 0x0000026de52da410 Thread added: 0x0000026de3361d40
Event: 10.176 Thread 0x0000026de52da410 Thread added: 0x0000026de335ef50
Event: 10.184 Thread 0x0000026de52da410 Thread added: 0x0000026de3362a60
Event: 10.946 Thread 0x0000026de47707d0 Thread exited: 0x0000026de47707d0
Event: 10.946 Thread 0x0000026de47729e0 Thread exited: 0x0000026de47729e0
Event: 11.144 Thread 0x0000026ddb905b00 Thread exited: 0x0000026ddb905b00
Event: 13.325 Thread 0x0000026ddb730a30 Thread exited: 0x0000026ddb730a30
Event: 13.328 Thread 0x0000026ddb72cd00 Thread exited: 0x0000026ddb72cd00


Dynamic libraries:
0x00007ff77e740000 - 0x00007ff77e74e000 	c:\Users\Aurora  N. Postrado\.vscode\extensions\redhat.java-1.50.0-win32-x64\jre\21.0.9-win32-x86_64\bin\java.exe
0x00007ffedc8c0000 - 0x00007ffedcb27000 	C:\WINDOWS\SYSTEM32\ntdll.dll
0x00007ffedae50000 - 0x00007ffedaf19000 	C:\WINDOWS\System32\KERNEL32.DLL
0x00007ffed9a10000 - 0x00007ffed9dff000 	C:\WINDOWS\System32\KERNELBASE.dll
0x00007ffed9e10000 - 0x00007ffed9f5b000 	C:\WINDOWS\System32\ucrtbase.dll
0x00007ffed6b20000 - 0x00007ffed6b38000 	c:\Users\Aurora  N. Postrado\.vscode\extensions\redhat.java-1.50.0-win32-x64\jre\21.0.9-win32-x86_64\bin\jli.dll
0x00007ffed6b00000 - 0x00007ffed6b1e000 	c:\Users\Aurora  N. Postrado\.vscode\extensions\redhat.java-1.50.0-win32-x64\jre\21.0.9-win32-x86_64\bin\VCRUNTIME140.dll
0x00007ffedc680000 - 0x00007ffedc845000 	C:\WINDOWS\System32\USER32.dll
0x00007ffeda4b0000 - 0x00007ffeda4d7000 	C:\WINDOWS\System32\win32u.dll
0x00007ffec8ed0000 - 0x00007ffec9163000 	C:\WINDOWS\WinSxS\amd64_microsoft.windows.common-controls_6595b64144ccf1df_6.0.26100.7309_none_3e05feeae336a044\COMCTL32.dll
0x00007ffedb740000 - 0x00007ffedb76b000 	C:\WINDOWS\System32\GDI32.dll
0x00007ffed9f60000 - 0x00007ffeda08c000 	C:\WINDOWS\System32\gdi32full.dll
0x00007ffedbe10000 - 0x00007ffedbeb9000 	C:\WINDOWS\System32\msvcrt.dll
0x00007ffeda400000 - 0x00007ffeda4a3000 	C:\WINDOWS\System32\msvcp_win.dll
0x00007ffedb7e0000 - 0x00007ffedb811000 	C:\WINDOWS\System32\IMM32.DLL
0x00007ffed6ba0000 - 0x00007ffed6bac000 	c:\Users\Aurora  N. Postrado\.vscode\extensions\redhat.java-1.50.0-win32-x64\jre\21.0.9-win32-x86_64\bin\vcruntime140_1.dll
0x00007ffecd500000 - 0x00007ffecd58d000 	c:\Users\Aurora  N. Postrado\.vscode\extensions\redhat.java-1.50.0-win32-x64\jre\21.0.9-win32-x86_64\bin\msvcp140.dll
0x00007ffe3c9b0000 - 0x00007ffe3d750000 	c:\Users\Aurora  N. Postrado\.vscode\extensions\redhat.java-1.50.0-win32-x64\jre\21.0.9-win32-x86_64\bin\server\jvm.dll
0x00007ffedb680000 - 0x00007ffedb734000 	C:\WINDOWS\System32\ADVAPI32.dll
0x00007ffedc130000 - 0x00007ffedc1d6000 	C:\WINDOWS\System32\sechost.dll
0x00007ffedab00000 - 0x00007ffedac18000 	C:\WINDOWS\System32\RPCRT4.dll
0x00007ffedbec0000 - 0x00007ffedbf34000 	C:\WINDOWS\System32\WS2_32.dll
0x00007ffed9870000 - 0x00007ffed98ce000 	C:\WINDOWS\SYSTEM32\POWRPROF.dll
0x00007ffed3020000 - 0x00007ffed3055000 	C:\WINDOWS\SYSTEM32\WINMM.dll
0x00007ffed3060000 - 0x00007ffed306b000 	C:\WINDOWS\SYSTEM32\VERSION.dll
0x00007ffed9850000 - 0x00007ffed9864000 	C:\WINDOWS\SYSTEM32\UMPDC.dll
0x00007ffed87c0000 - 0x00007ffed87db000 	C:\WINDOWS\SYSTEM32\kernel.appcore.dll
0x00007ffed4ab0000 - 0x00007ffed4aba000 	c:\Users\Aurora  N. Postrado\.vscode\extensions\redhat.java-1.50.0-win32-x64\jre\21.0.9-win32-x86_64\bin\jimage.dll
0x00007ffecf7c0000 - 0x00007ffecfa02000 	C:\WINDOWS\SYSTEM32\DBGHELP.DLL
0x00007ffedb920000 - 0x00007ffedbca6000 	C:\WINDOWS\System32\combase.dll
0x00007ffedbcb0000 - 0x00007ffedbd86000 	C:\WINDOWS\System32\OLEAUT32.dll
0x00007ffeb4c00000 - 0x00007ffeb4c3c000 	C:\WINDOWS\SYSTEM32\dbgcore.DLL
0x00007ffeda120000 - 0x00007ffeda1c5000 	C:\WINDOWS\System32\bcryptPrimitives.dll
0x00007ffed3ca0000 - 0x00007ffed3caf000 	c:\Users\Aurora  N. Postrado\.vscode\extensions\redhat.java-1.50.0-win32-x64\jre\21.0.9-win32-x86_64\bin\instrument.dll
0x00007ffecd4e0000 - 0x00007ffecd500000 	c:\Users\Aurora  N. Postrado\.vscode\extensions\redhat.java-1.50.0-win32-x64\jre\21.0.9-win32-x86_64\bin\java.dll
0x00007ffedaf20000 - 0x00007ffedb673000 	C:\WINDOWS\System32\SHELL32.dll
0x00007ffeda1d0000 - 0x00007ffeda33a000 	C:\WINDOWS\System32\wintypes.dll
0x00007ffed7650000 - 0x00007ffed7eae000 	C:\WINDOWS\SYSTEM32\windows.storage.dll
0x00007ffedb820000 - 0x00007ffedb914000 	C:\WINDOWS\System32\SHCORE.dll
0x00007ffedb770000 - 0x00007ffedb7d6000 	C:\WINDOWS\System32\shlwapi.dll
0x00007ffed9930000 - 0x00007ffed9959000 	C:\WINDOWS\SYSTEM32\profapi.dll
0x00007ffebbb10000 - 0x00007ffebbb28000 	c:\Users\Aurora  N. Postrado\.vscode\extensions\redhat.java-1.50.0-win32-x64\jre\21.0.9-win32-x86_64\bin\zip.dll
0x00007ffed32e0000 - 0x00007ffed32f0000 	C:\Users\Aurora  N. Postrado\.vscode\extensions\redhat.java-1.50.0-win32-x64\jre\21.0.9-win32-x86_64\bin\net.dll
0x00007ffed0710000 - 0x00007ffed0838000 	C:\WINDOWS\SYSTEM32\WINHTTP.dll
0x00007ffed8d30000 - 0x00007ffed8d9b000 	C:\WINDOWS\system32\mswsock.dll
0x00007ffecd4c0000 - 0x00007ffecd4d6000 	C:\Users\Aurora  N. Postrado\.vscode\extensions\redhat.java-1.50.0-win32-x64\jre\21.0.9-win32-x86_64\bin\nio.dll
0x00007ffecd4b0000 - 0x00007ffecd4c0000 	c:\Users\Aurora  N. Postrado\.vscode\extensions\redhat.java-1.50.0-win32-x64\jre\21.0.9-win32-x86_64\bin\verify.dll
0x00007ffebc5e0000 - 0x00007ffebc624000 	C:\Users\Aurora  N. Postrado\AppData\Roaming\Code\User\globalStorage\redhat.java\1.50.0\config_win\org.eclipse.equinox.launcher\org.eclipse.equinox.launcher.win32.win32.x86_64_1.2.1400.v20250801-0854\eclipse_11916.dll
0x00007ffedc4c0000 - 0x00007ffedc657000 	C:\WINDOWS\System32\ole32.dll
0x00007ffed8ff0000 - 0x00007ffed900b000 	C:\WINDOWS\SYSTEM32\CRYPTSP.dll
0x00007ffed8720000 - 0x00007ffed875a000 	C:\WINDOWS\system32\rsaenh.dll
0x00007ffed8de0000 - 0x00007ffed8e0b000 	C:\WINDOWS\SYSTEM32\USERENV.dll
0x00007ffed9900000 - 0x00007ffed992a000 	C:\WINDOWS\SYSTEM32\bcrypt.dll
0x00007ffed9010000 - 0x00007ffed901c000 	C:\WINDOWS\SYSTEM32\CRYPTBASE.dll
0x00007ffed81d0000 - 0x00007ffed8204000 	C:\WINDOWS\SYSTEM32\IPHLPAPI.DLL
0x00007ffedc030000 - 0x00007ffedc03a000 	C:\WINDOWS\System32\NSI.dll
0x00007ffebbe10000 - 0x00007ffebbe59000 	C:\Users\Aurora  N. Postrado\AppData\Local\Temp\jna-614272698\jna1761930670300004209.dll
0x00007ffedaaf0000 - 0x00007ffedaaf8000 	C:\WINDOWS\System32\PSAPI.DLL
0x00007ffed06e0000 - 0x00007ffed06fe000 	C:\WINDOWS\SYSTEM32\dhcpcsvc6.DLL
0x00007ffed06b0000 - 0x00007ffed06d3000 	C:\WINDOWS\SYSTEM32\dhcpcsvc.DLL

JVMTI agents:
c:\Users\Aurora  N. Postrado\.vscode\extensions\redhat.java-1.50.0-win32-x64\lombok\lombok-1.18.39-4050.jar path:c:\Users\Aurora  N. Postrado\.vscode\extensions\redhat.java-1.50.0-win32-x64\jre\21.0.9-win32-x86_64\bin\instrument.dll, loaded, initialized, instrumentlib options:none

dbghelp: loaded successfully - version: 4.0.5 - missing functions: none
symbol engine: initialized successfully - sym options: 0x614 - pdb path: .;c:\Users\Aurora  N. Postrado\.vscode\extensions\redhat.java-1.50.0-win32-x64\jre\21.0.9-win32-x86_64\bin;C:\WINDOWS\SYSTEM32;C:\WINDOWS\WinSxS\amd64_microsoft.windows.common-controls_6595b64144ccf1df_6.0.26100.7309_none_3e05feeae336a044;c:\Users\Aurora  N. Postrado\.vscode\extensions\redhat.java-1.50.0-win32-x64\jre\21.0.9-win32-x86_64\bin\server;C:\Users\Aurora  N. Postrado\AppData\Roaming\Code\User\globalStorage\redhat.java\1.50.0\config_win\org.eclipse.equinox.launcher\org.eclipse.equinox.launcher.win32.win32.x86_64_1.2.1400.v20250801-0854;C:\Users\Aurora  N. Postrado\AppData\Local\Temp\jna-614272698

VM Arguments:
jvm_args: --add-modules=ALL-SYSTEM --add-opens=java.base/java.util=ALL-UNNAMED --add-opens=java.base/java.lang=ALL-UNNAMED --add-opens=java.base/sun.nio.fs=ALL-UNNAMED -Declipse.application=org.eclipse.jdt.ls.core.id1 -Dosgi.bundles.defaultStartLevel=4 -Declipse.product=org.eclipse.jdt.ls.core.product -Djava.import.generatesMetadataFilesAtProjectRoot=false -DDetectVMInstallationsJob.disabled=true -Dfile.encoding=utf8 -XX:+UseParallelGC -XX:GCTimeRatio=4 -XX:AdaptiveSizePolicyWeight=90 -Dsun.zip.disableMemoryMapping=true -Xmx2G -Xms100m -Xlog:disable -javaagent:c:\Users\Aurora  N. Postrado\.vscode\extensions\redhat.java-1.50.0-win32-x64\lombok\lombok-1.18.39-4050.jar -XX:+HeapDumpOnOutOfMemoryError -XX:HeapDumpPath=c:\Users\Aurora  N. Postrado\AppData\Roaming\Code\User\workspaceStorage\16087328b602278ea996584764c22d24\redhat.java -Daether.dependencyCollector.impl=bf 
java_command: c:\Users\Aurora  N. Postrado\.vscode\extensions\redhat.java-1.50.0-win32-x64\server\plugins\org.eclipse.equinox.launcher_1.7.100.v20251111-0406.jar -configuration c:\Users\Aurora  N. Postrado\AppData\Roaming\Code\User\globalStorage\redhat.java\1.50.0\config_win -data c:\Users\Aurora  N. Postrado\AppData\Roaming\Code\User\workspaceStorage\16087328b602278ea996584764c22d24\redhat.java\jdt_ws --pipe=\\.\pipe\lsp-33fae2bda02a1a238ddbf5d30de36e3b-sock
java_class_path (initial): c:\Users\Aurora  N. Postrado\.vscode\extensions\redhat.java-1.50.0-win32-x64\server\plugins\org.eclipse.equinox.launcher_1.7.100.v20251111-0406.jar
Launcher Type: SUN_STANDARD

[Global flags]
    uintx AdaptiveSizePolicyWeight                 = 90                                        {product} {command line}
     intx CICompilerCount                          = 12                                        {product} {ergonomic}
    uintx GCTimeRatio                              = 4                                         {product} {command line}
     bool HeapDumpOnOutOfMemoryError               = true                                   {manageable} {command line}
    ccstr HeapDumpPath                             = c:\Users\Aurora  N. Postrado\AppData\Roaming\Code\User\workspaceStorage\16087328b602278ea996584764c22d24\redhat.java         {manageable} {command line}
   size_t InitialHeapSize                          = 104857600                                 {product} {command line}
   size_t MaxHeapSize                              = 2147483648                                {product} {command line}
   size_t MaxNewSize                               = 715653120                                 {product} {ergonomic}
   size_t MinHeapDeltaBytes                        = 524288                                    {product} {ergonomic}
   size_t MinHeapSize                              = 104857600                                 {product} {command line}
   size_t NewSize                                  = 34603008                                  {product} {ergonomic}
    uintx NonNMethodCodeHeapSize                   = 7602480                                {pd product} {ergonomic}
    uintx NonProfiledCodeHeapSize                  = 122027880                              {pd product} {ergonomic}
   size_t OldSize                                  = 70254592                                  {product} {ergonomic}
    uintx ProfiledCodeHeapSize                     = 122027880                              {pd product} {ergonomic}
    uintx ReservedCodeCacheSize                    = 251658240                              {pd product} {ergonomic}
     bool SegmentedCodeCache                       = true                                      {product} {ergonomic}
   size_t SoftMaxHeapSize                          = 2147483648                             {manageable} {ergonomic}
     bool UseCompressedOops                        = true                           {product lp64_product} {ergonomic}
     bool UseLargePagesIndividualAllocation        = false                                  {pd product} {ergonomic}
     bool UseParallelGC                            = true                                      {product} {command line}

Logging:
Log output configuration:
 #0: stdout all=off uptime,level,tags foldmultilines=false
 #1: stderr all=off uptime,level,tags foldmultilines=false

Release file:
JAVA_VERSION="21.0.9" 
MODULES="java.base java.compiler java.datatransfer java.xml java.prefs java.desktop java.instrument java.logging java.management java.security.sasl java.naming java.rmi java.management.rmi java.net.http java.scripting java.security.jgss java.transaction.xa java.sql java.sql.rowset java.xml.crypto java.se java.smartcardio jdk.accessibility jdk.internal.jvmstat jdk.attach jdk.charsets jdk.internal.opt jdk.zipfs jdk.compiler jdk.crypto.ec jdk.crypto.cryptoki jdk.crypto.mscapi jdk.dynalink jdk.internal.ed jdk.editpad jdk.hotspot.agent jdk.httpserver jdk.internal.le jdk.internal.vm.ci jdk.internal.vm.compiler jdk.internal.vm.compiler.management jdk.jartool jdk.javadoc jdk.jcmd jdk.management jdk.management.agent jdk.jconsole jdk.jdeps jdk.jdwp.agent jdk.jdi jdk.jfr jdk.jshell jdk.jsobject jdk.jstatd jdk.localedata jdk.management.jfr jdk.naming.dns jdk.naming.rmi jdk.net jdk.nio.mapmode jdk.random jdk.sctp jdk.security.auth jdk.security.jgss jdk.unsupported jdk.unsupported.desktop jdk.xml.dom" 

Environment Variables:
PATH=C:\Program Files\Eclipse Adoptium\jdk-17.0.17.10-hotspot\bin;C:\Windows\system32;C:\Windows;C:\Windows\System32\Wbem;C:\Windows\System32\WindowsPowerShell\v1.0\;C:\Windows\System32\OpenSSH\;C:\Program Files (x86)\NVIDIA Corporation\PhysX\Common;C:\Program Files\NVIDIA Corporation\NVIDIA NvDLISR;C:\WINDOWS\system32;C:\WINDOWS;C:\WINDOWS\System32\Wbem;C:\WINDOWS\System32\WindowsPowerShell\v1.0\;C:\WINDOWS\System32\OpenSSH\;C:\Program Files\Git\cmd;C:\Users\Aurora  N. Postrado\AppData\Local\Microsoft\WindowsApps;C:\Users\Aurora  N. Postrado\AppData\Local\Programs\Microsoft VS Code\bin;C:\Users\Aurora  N. Postrado\AppData\Local\GitHubDesktop\bin
USERNAME=Aurora  N. Postrado
OS=Windows_NT
PROCESSOR_IDENTIFIER=AMD64 Family 23 Model 104 Stepping 1, AuthenticAMD
TMP=C:\Users\AURORA~1.POS\AppData\Local\Temp
TEMP=C:\Users\AURORA~1.POS\AppData\Local\Temp




Periodic native trim disabled

---------------  S Y S T E M  ---------------

OS:
 Windows 11 , 64 bit Build 26100 (10.0.26100.7309)
OS uptime: 0 days 0:05 hours

CPU: total 16 (initial active 16) (16 cores per cpu, 2 threads per core) family 23 model 104 stepping 1 microcode 0x8608103, cx8, cmov, fxsr, ht, mmx, 3dnowpref, sse, sse2, sse3, ssse3, sse4a, sse4.1, sse4.2, popcnt, lzcnt, tsc, tscinvbit, avx, avx2, aes, clmul, bmi1, bmi2, adx, sha, fma, vzeroupper, clflush, clflushopt, rdtscp, rdpid, f16c
Processor Information for the first 16 processors :
  Max Mhz: 1801, Current Mhz: 1801, Mhz Limit: 1801

Memory: 4k page, system-wide physical 7514M (1695M free)
TotalPageFile size 7514M (AvailPageFile size 5M)
current process WorkingSet (physical memory assigned to process): 412M, peak: 430M
current process commit charge ("private bytes"): 476M, peak: 494M

vm_info: OpenJDK 64-Bit Server VM (21.0.9+10-LTS) for windows-amd64 JRE (21.0.9+10-LTS), built on 2025-10-21T00:00:00Z by "admin" with unknown MS VC++:1942

END.
