#
# There is insufficient memory for the Java Runtime Environment to continue.
# Native memory allocation (malloc) failed to allocate 937616 bytes. Error detail: Chunk::new
# Possible reasons:
#   The system is out of physical RAM or swap space
#   This process is running with CompressedOops enabled, and the Java Heap may be blocking the growth of the native heap
# Possible solutions:
#   Reduce memory load on the system
#   Increase physical memory or swap space
#   Check if swap backing store is full
#   Decrease Java heap size (-Xmx/-Xms)
#   Decrease number of Java threads
#   Decrease Java thread stack sizes (-Xss)
#   Set larger code cache with -XX:ReservedCodeCacheSize=
#   JVM is running with Unscaled Compressed Oops mode in which the Java heap is
#     placed in the first 4GB address space. The Java Heap base address is the
#     maximum limit for the native heap growth. Please use -XX:HeapBaseMinAddress
#     to set the Java Heap base and to place the Java Heap above 4GB virtual address.
# This output file may be truncated or incomplete.
#
#  Out of Memory Error (arena.cpp:168), pid=15328, tid=15636
#
# JRE version: OpenJDK Runtime Environment Temurin-21.0.9+10 (21.0.9+10) (build 21.0.9+10-LTS)
# Java VM: OpenJDK 64-Bit Server VM Temurin-21.0.9+10 (21.0.9+10-LTS, mixed mode, sharing, tiered, compressed oops, compressed class ptrs, parallel gc, windows-amd64)
# No core dump will be written. Minidumps are not enabled by default on client versions of Windows
#

---------------  S U M M A R Y ------------

Command Line: --add-modules=ALL-SYSTEM --add-opens=java.base/java.util=ALL-UNNAMED --add-opens=java.base/java.lang=ALL-UNNAMED --add-opens=java.base/sun.nio.fs=ALL-UNNAMED -Declipse.application=org.eclipse.jdt.ls.core.id1 -Dosgi.bundles.defaultStartLevel=4 -Declipse.product=org.eclipse.jdt.ls.core.product -Djava.import.generatesMetadataFilesAtProjectRoot=false -DDetectVMInstallationsJob.disabled=true -Dfile.encoding=utf8 -XX:+UseParallelGC -XX:GCTimeRatio=4 -XX:AdaptiveSizePolicyWeight=90 -Dsun.zip.disableMemoryMapping=true -Xmx2G -Xms100m -Xlog:disable -javaagent:c:\Users\Aurora  N. Postrado\.vscode\extensions\redhat.java-1.50.0-win32-x64\lombok\lombok-1.18.39-4050.jar -XX:+HeapDumpOnOutOfMemoryError -XX:HeapDumpPath=c:\Users\Aurora  N. Postrado\AppData\Roaming\Code\User\workspaceStorage\16087328b602278ea996584764c22d24\redhat.java -Daether.dependencyCollector.impl=bf c:\Users\Aurora  N. Postrado\.vscode\extensions\redhat.java-1.50.0-win32-x64\server\plugins\org.eclipse.equinox.launcher_1.7.100.v20251111-0406.jar -configuration c:\Users\Aurora  N. Postrado\AppData\Roaming\Code\User\globalStorage\redhat.java\1.50.0\config_win -data c:\Users\Aurora  N. Postrado\AppData\Roaming\Code\User\workspaceStorage\16087328b602278ea996584764c22d24\redhat.java\jdt_ws --pipe=\\.\pipe\lsp-f0c0575c461c9f715586d10393ee39cc-sock

Host: AMD Ryzen 7 5700U with Radeon Graphics         , 16 cores, 7G,  Windows 11 , 64 bit Build 26100 (10.0.26100.7309)
Time: Fri Dec 12 11:13:31 2025 Malay Peninsula Standard Time elapsed time: 7.161179 seconds (0d 0h 0m 7s)

---------------  T H R E A D  ---------------

Current thread (0x000002cb86935020):  JavaThread "C2 CompilerThread0" daemon [_thread_in_native, id=15636, stack(0x000000feae200000,0x000000feae300000) (1024K)]


Current CompileTask:
C2:7161 4517       4       org.lombokweb.asm.ClassReader::readMethod (1070 bytes)

Stack: [0x000000feae200000,0x000000feae300000]
Native frames: (J=compiled Java code, j=interpreted, Vv=VM code, C=native code)
V  [jvm.dll+0x6d6e29]
V  [jvm.dll+0x8b4b76]
V  [jvm.dll+0x8b712e]
V  [jvm.dll+0x8b7813]
V  [jvm.dll+0x283d86]
V  [jvm.dll+0xc66ed]
V  [jvm.dll+0xc6c31]
V  [jvm.dll+0x2facee]
V  [jvm.dll+0x5fde44]
V  [jvm.dll+0x255557]
V  [jvm.dll+0x25591d]
V  [jvm.dll+0x24df40]
V  [jvm.dll+0x24b482]
V  [jvm.dll+0x1cb13e]
V  [jvm.dll+0x25b29d]
V  [jvm.dll+0x25982a]
V  [jvm.dll+0x3f7ea6]
V  [jvm.dll+0x85e9ad]
V  [jvm.dll+0x6d565d]
C  [ucrtbase.dll+0x37b0]
C  [KERNEL32.DLL+0x2e8d7]
C  [ntdll.dll+0x8c53c]


---------------  P R O C E S S  ---------------

Threads class SMR info:
_java_thread_list=0x000002cb8d4ca720, length=26, elements={
0x000002cb2d87d520, 0x000002cb4432e120, 0x000002cb868f3f40, 0x000002cb868f9920,
0x000002cb868fa4a0, 0x000002cb86900bd0, 0x000002cb86922cc0, 0x000002cb86935020,
0x000002cb8693b270, 0x000002cb86a396e0, 0x000002cb86b89d50, 0x000002cb8c04b7e0,
0x000002cb8c886360, 0x000002cb8c888ac0, 0x000002cb8c8869f0, 0x000002cb8c887710,
0x000002cb8c885640, 0x000002cb8c885cd0, 0x000002cb8c887080, 0x000002cb8c887da0,
0x000002cb8c888430, 0x000002cb8d6ec360, 0x000002cb8d6ed080, 0x000002cb8e727960,
0x000002cb8ddfb3d0, 0x000002cb8d6ed710
}

Java Threads: ( => current thread )
  0x000002cb2d87d520 JavaThread "main"                              [_thread_blocked, id=7716, stack(0x000000fead800000,0x000000fead900000) (1024K)]
  0x000002cb4432e120 JavaThread "Reference Handler"          daemon [_thread_blocked, id=10448, stack(0x000000feadc00000,0x000000feadd00000) (1024K)]
  0x000002cb868f3f40 JavaThread "Finalizer"                  daemon [_thread_blocked, id=7880, stack(0x000000feadd00000,0x000000feade00000) (1024K)]
  0x000002cb868f9920 JavaThread "Signal Dispatcher"          daemon [_thread_blocked, id=6516, stack(0x000000feade00000,0x000000feadf00000) (1024K)]
  0x000002cb868fa4a0 JavaThread "Attach Listener"            daemon [_thread_blocked, id=12460, stack(0x000000feadf00000,0x000000feae000000) (1024K)]
  0x000002cb86900bd0 JavaThread "Service Thread"             daemon [_thread_blocked, id=12068, stack(0x000000feae000000,0x000000feae100000) (1024K)]
  0x000002cb86922cc0 JavaThread "Monitor Deflation Thread"   daemon [_thread_blocked, id=15936, stack(0x000000feae100000,0x000000feae200000) (1024K)]
=>0x000002cb86935020 JavaThread "C2 CompilerThread0"         daemon [_thread_in_native, id=15636, stack(0x000000feae200000,0x000000feae300000) (1024K)]
  0x000002cb8693b270 JavaThread "C1 CompilerThread0"         daemon [_thread_blocked, id=5588, stack(0x000000feae300000,0x000000feae400000) (1024K)]
  0x000002cb86a396e0 JavaThread "C1 CompilerThread1"         daemon [_thread_blocked, id=14980, stack(0x000000feae400000,0x000000feae500000) (1024K)]
  0x000002cb86b89d50 JavaThread "Common-Cleaner"             daemon [_thread_blocked, id=15000, stack(0x000000feae700000,0x000000feae800000) (1024K)]
  0x000002cb8c04b7e0 JavaThread "Notification Thread"        daemon [_thread_blocked, id=14696, stack(0x000000feae900000,0x000000feaea00000) (1024K)]
  0x000002cb8c886360 JavaThread "Active Thread: Equinox Container: 764af12f-58cc-4ac8-b567-25ed7d58201c"        [_thread_blocked, id=7908, stack(0x000000feaf200000,0x000000feaf300000) (1024K)]
  0x000002cb8c888ac0 JavaThread "Refresh Thread: Equinox Container: 764af12f-58cc-4ac8-b567-25ed7d58201c" daemon [_thread_blocked, id=15004, stack(0x000000feaf400000,0x000000feaf500000) (1024K)]
  0x000002cb8c8869f0 JavaThread "Framework Event Dispatcher: Equinox Container: 764af12f-58cc-4ac8-b567-25ed7d58201c" daemon [_thread_blocked, id=2552, stack(0x000000feaf500000,0x000000feaf600000) (1024K)]
  0x000002cb8c887710 JavaThread "Start Level: Equinox Container: 764af12f-58cc-4ac8-b567-25ed7d58201c" daemon [_thread_blocked, id=15056, stack(0x000000feaf600000,0x000000feaf700000) (1024K)]
  0x000002cb8c885640 JavaThread "Bundle File Closer"         daemon [_thread_blocked, id=1680, stack(0x000000feafa00000,0x000000feafb00000) (1024K)]
  0x000002cb8c885cd0 JavaThread "SCR Component Actor"        daemon [_thread_blocked, id=14916, stack(0x000000feaf100000,0x000000feaf200000) (1024K)]
  0x000002cb8c887080 JavaThread "Worker-JM"                         [_thread_blocked, id=2364, stack(0x000000feafe00000,0x000000feaff00000) (1024K)]
  0x000002cb8c887da0 JavaThread "JNA Cleaner"                daemon [_thread_blocked, id=3484, stack(0x000000feafd00000,0x000000feafe00000) (1024K)]
  0x000002cb8c888430 JavaThread "Worker-0: Updating Maven Dependencies"        [_thread_blocked, id=10772, stack(0x000000feaff00000,0x000000feb0000000) (1024K)]
  0x000002cb8d6ec360 JavaThread "Worker-1: Repository registry initialization"        [_thread_blocked, id=13188, stack(0x000000feb0000000,0x000000feb0100000) (1024K)]
  0x000002cb8d6ed080 JavaThread "Worker-2: Building"                [_thread_blocked, id=2444, stack(0x000000feb0100000,0x000000feb0200000) (1024K)]
  0x000002cb8e727960 JavaThread "C2 CompilerThread1"         daemon [_thread_blocked, id=4548, stack(0x000000feae600000,0x000000feae700000) (1024K)]
  0x000002cb8ddfb3d0 JavaThread "C2 CompilerThread2"         daemon [_thread_blocked, id=8212, stack(0x000000feaea00000,0x000000feaeb00000) (1024K)]
  0x000002cb8d6ed710 JavaThread "Worker-3"                          [_thread_blocked, id=15988, stack(0x000000feb0200000,0x000000feb0300000) (1024K)]
Total: 26

Other Threads:
  0x000002cb44314980 VMThread "VM Thread"                           [id=2936, stack(0x000000feadb00000,0x000000feadc00000) (1024K)] _threads_hazard_ptr=0x000002cb8d4ca720
  0x000002cb2d8e80b0 WatcherThread "VM Periodic Task Thread"        [id=3836, stack(0x000000feada00000,0x000000feadb00000) (1024K)]
  0x000002cb2d89a7c0 WorkerThread "GC Thread#0"                     [id=7580, stack(0x000000fead900000,0x000000feada00000) (1024K)]
  0x000002cb8ccb1710 WorkerThread "GC Thread#1"                     [id=3044, stack(0x000000feaeb00000,0x000000feaec00000) (1024K)]
  0x000002cb8ca21160 WorkerThread "GC Thread#2"                     [id=12340, stack(0x000000feaec00000,0x000000feaed00000) (1024K)]
  0x000002cb8c73c7c0 WorkerThread "GC Thread#3"                     [id=14660, stack(0x000000feaed00000,0x000000feaee00000) (1024K)]
  0x000002cb8c73cb60 WorkerThread "GC Thread#4"                     [id=11760, stack(0x000000feaee00000,0x000000feaef00000) (1024K)]
  0x000002cb8c73cf00 WorkerThread "GC Thread#5"                     [id=16296, stack(0x000000feaef00000,0x000000feaf000000) (1024K)]
  0x000002cb8c7dc560 WorkerThread "GC Thread#6"                     [id=12676, stack(0x000000feaf000000,0x000000feaf100000) (1024K)]
  0x000002cb8cab2630 WorkerThread "GC Thread#7"                     [id=9004, stack(0x000000feaf300000,0x000000feaf400000) (1024K)]
  0x000002cb8cab3bf0 WorkerThread "GC Thread#8"                     [id=9444, stack(0x000000feaf700000,0x000000feaf800000) (1024K)]
  0x000002cb8cab2290 WorkerThread "GC Thread#9"                     [id=2916, stack(0x000000feaf800000,0x000000feaf900000) (1024K)]
  0x000002cb8cab3850 WorkerThread "GC Thread#10"                    [id=12300, stack(0x000000feaf900000,0x000000feafa00000) (1024K)]
  0x000002cb8cab34b0 WorkerThread "GC Thread#11"                    [id=5288, stack(0x000000feafb00000,0x000000feafc00000) (1024K)]
  0x000002cb8cab2d70 WorkerThread "GC Thread#12"                    [id=13296, stack(0x000000feafc00000,0x000000feafd00000) (1024K)]
Total: 15

Threads with active compile tasks:
C2 CompilerThread0  9206 4517       4       org.lombokweb.asm.ClassReader::readMethod (1070 bytes)
C2 CompilerThread1  9206 4521       4       lombok.patcher.PatchScript$MethodPatcher::visitMethod (158 bytes)
C2 CompilerThread2  9206 4524       4       org.lombokweb.asm.MethodWriter::<init> (232 bytes)
Total: 3

VM state: synchronizing (normal execution)

VM Mutex/Monitor currently owned by a thread:  ([mutex/lock_event])
[0x00007fffe44bd570] Threads_lock - owner thread: 0x000002cb44314980

Heap address: 0x0000000080000000, size: 2048 MB, Compressed Oops mode: 32-bit

CDS archive(s) mapped at: [0x000002cb45000000-0x000002cb45ba0000-0x000002cb45ba0000), size 12189696, SharedBaseAddress: 0x000002cb45000000, ArchiveRelocationMode: 1.
Compressed class space mapped at: 0x000002cb46000000-0x000002cb86000000, reserved size: 1073741824
Narrow klass base: 0x000002cb45000000, Narrow klass shift: 0, Narrow klass range: 0x100000000

GC Precious Log:
 CardTable entry size: 512
 CPUs: 16 total, 16 available
 Memory: 7514M
 Large Page Support: Disabled
 NUMA Support: Disabled
 Compressed Oops: Enabled (32-bit)
 Alignments: Space 512K, Generation 512K, Heap 2M
 Heap Min Capacity: 100M
 Heap Initial Capacity: 100M
 Heap Max Capacity: 2G
 Pre-touch: Disabled
 Parallel Workers: 13

Heap:
 PSYoungGen      total 25088K, used 24028K [0x00000000d5580000, 0x00000000d7180000, 0x0000000100000000)
  eden space 22528K, 96% used [0x00000000d5580000,0x00000000d6aa9188,0x00000000d6b80000)
  from space 2560K, 92% used [0x00000000d6c00000,0x00000000d6e4e0a8,0x00000000d6e80000)
  to   space 3072K, 0% used [0x00000000d6e80000,0x00000000d6e80000,0x00000000d7180000)
 ParOldGen       total 68608K, used 14911K [0x0000000080000000, 0x0000000084300000, 0x00000000d5580000)
  object space 68608K, 21% used [0x0000000080000000,0x0000000080e8fc18,0x0000000084300000)
 Metaspace       used 27283K, committed 28160K, reserved 1114112K
  class space    used 2677K, committed 3072K, reserved 1048576K

Card table byte_map: [0x000002cb2d220000,0x000002cb2d630000] _byte_map_base: 0x000002cb2ce20000

Marking Bits: (ParMarkBitMap*) 0x00007fffe44c2460
 Begin Bits: [0x000002cb3fd30000, 0x000002cb41d30000)
 End Bits:   [0x000002cb41d30000, 0x000002cb43d30000)

Polling page: 0x000002cb2ba50000

Metaspace:

Usage:
  Non-class:     24.03 MB used.
      Class:      2.61 MB used.
       Both:     26.64 MB used.

Virtual space:
  Non-class space:       64.00 MB reserved,      24.50 MB ( 38%) committed,  1 nodes.
      Class space:        1.00 GB reserved,       3.00 MB ( <1%) committed,  1 nodes.
             Both:        1.06 GB reserved,      27.50 MB (  3%) committed. 

Chunk freelists:
   Non-Class:  6.90 MB
       Class:  12.93 MB
        Both:  19.83 MB

MaxMetaspaceSize: unlimited
CompressedClassSpaceSize: 1.00 GB
Initial GC threshold: 21.00 MB
Current GC threshold: 35.00 MB
CDS: on
 - commit_granule_bytes: 65536.
 - commit_granule_words: 8192.
 - virtual_space_node_default_size: 8388608.
 - enlarge_chunks_in_place: 1.
 - use_allocation_guard: 0.


Internal statistics:

num_allocs_failed_limit: 3.
num_arena_births: 680.
num_arena_deaths: 14.
num_vsnodes_births: 2.
num_vsnodes_deaths: 0.
num_space_committed: 440.
num_space_uncommitted: 0.
num_chunks_returned_to_freelist: 17.
num_chunks_taken_from_freelist: 1772.
num_chunk_merges: 9.
num_chunk_splits: 1133.
num_chunks_enlarged: 727.
num_inconsistent_stats: 0.

CodeHeap 'non-profiled nmethods': size=119168Kb used=2104Kb max_used=2104Kb free=117064Kb
 bounds [0x000002cb38620000, 0x000002cb38890000, 0x000002cb3fa80000]
CodeHeap 'profiled nmethods': size=119104Kb used=9718Kb max_used=9718Kb free=109385Kb
 bounds [0x000002cb30a80000, 0x000002cb31400000, 0x000002cb37ed0000]
CodeHeap 'non-nmethods': size=7488Kb used=1899Kb max_used=3037Kb free=5588Kb
 bounds [0x000002cb37ed0000, 0x000002cb381d0000, 0x000002cb38620000]
CodeCache: size=245760Kb, used=13721Kb, max_used=14859Kb, free=232037Kb
 total_blobs=5222, nmethods=4594, adapters=533, full_count=0
Compilation: enabled, stopped_count=0, restarted_count=0

Compilation events (20 events):
Event: 5.121 Thread 0x000002cb86a396e0 4564  s    3       java.lang.Throwable::getCause (17 bytes)
Event: 5.121 Thread 0x000002cb8693b270 nmethod 4563 0x000002cb313e0f90 code [0x000002cb313e1140, 0x000002cb313e1308]
Event: 5.121 Thread 0x000002cb86a396e0 nmethod 4564 0x000002cb313e1390 code [0x000002cb313e1540, 0x000002cb313e1760]
Event: 5.121 Thread 0x000002cb8693b270 4565       1       org.eclipse.osgi.framework.log.FrameworkLogEntry::getStackCode (5 bytes)
Event: 5.121 Thread 0x000002cb8693b270 nmethod 4565 0x000002cb3882a610 code [0x000002cb3882a7a0, 0x000002cb3882a868]
Event: 5.124 Thread 0x000002cb86a396e0 4566       3       java.io.BufferedInputStream::implRead (112 bytes)
Event: 5.125 Thread 0x000002cb86a396e0 nmethod 4566 0x000002cb313e1810 code [0x000002cb313e1a40, 0x000002cb313e2188]
Event: 5.127 Thread 0x000002cb86a396e0 4567       3       java.lang.invoke.MethodHandles$Lookup::maybeBindCaller (72 bytes)
Event: 5.128 Thread 0x000002cb86a396e0 nmethod 4567 0x000002cb313e2410 code [0x000002cb313e2640, 0x000002cb313e2d98]
Event: 5.128 Thread 0x000002cb86a396e0 4569       3       jdk.internal.org.objectweb.asm.Frame::execute (2305 bytes)
Event: 5.129 Thread 0x000002cb8693b270 4570       3       java.lang.invoke.LambdaForm$Name::<init> (19 bytes)
Event: 5.130 Thread 0x000002cb8693b270 nmethod 4570 0x000002cb313e3090 code [0x000002cb313e32c0, 0x000002cb313e3aa8]
Event: 5.132 Thread 0x000002cb8693b270 4571       3       org.eclipse.osgi.internal.framework.FilterImpl::newInstance (12 bytes)
Event: 5.133 Thread 0x000002cb8693b270 nmethod 4571 0x000002cb313e3e10 code [0x000002cb313e4000, 0x000002cb313e4458]
Event: 5.133 Thread 0x000002cb8693b270 4572       3       org.eclipse.osgi.internal.framework.FilterImpl$Parser::<init> (23 bytes)
Event: 5.133 Thread 0x000002cb86a396e0 nmethod 4569 0x000002cb313e4610 code [0x000002cb313e5440, 0x000002cb313eb8c0]
Event: 5.133 Thread 0x000002cb86a396e0 4573   !   3       org.eclipse.osgi.internal.framework.FilterImpl$Parser::parse (68 bytes)
Event: 5.134 Thread 0x000002cb8693b270 nmethod 4572 0x000002cb313ed590 code [0x000002cb313ed760, 0x000002cb313edae0]
Event: 5.134 Thread 0x000002cb86a396e0 nmethod 4573 0x000002cb313edc90 code [0x000002cb313edee0, 0x000002cb313ee628]
Event: 5.136 Thread 0x000002cb8693b270 4579       3       java.lang.invoke.LambdaForm$BasicType::basicType (187 bytes)

GC Heap History (20 events):
Event: 1.349 GC heap before
{Heap before GC invocations=3 (full 0):
 PSYoungGen      total 29696K, used 29670K [0x00000000d5580000, 0x00000000d7680000, 0x0000000100000000)
  eden space 25600K, 100% used [0x00000000d5580000,0x00000000d6e80000,0x00000000d6e80000)
  from space 4096K, 99% used [0x00000000d7280000,0x00000000d7679800,0x00000000d7680000)
  to   space 4096K, 0% used [0x00000000d6e80000,0x00000000d6e80000,0x00000000d7280000)
 ParOldGen       total 68608K, used 1641K [0x0000000080000000, 0x0000000084300000, 0x00000000d5580000)
  object space 68608K, 2% used [0x0000000080000000,0x000000008019a6a8,0x0000000084300000)
 Metaspace       used 9481K, committed 9792K, reserved 1114112K
  class space    used 1007K, committed 1152K, reserved 1048576K
}
Event: 1.356 GC heap after
{Heap after GC invocations=3 (full 0):
 PSYoungGen      total 29696K, used 4072K [0x00000000d5580000, 0x00000000d7680000, 0x0000000100000000)
  eden space 25600K, 0% used [0x00000000d5580000,0x00000000d5580000,0x00000000d6e80000)
  from space 4096K, 99% used [0x00000000d6e80000,0x00000000d727a088,0x00000000d7280000)
  to   space 4096K, 0% used [0x00000000d7280000,0x00000000d7280000,0x00000000d7680000)
 ParOldGen       total 68608K, used 4083K [0x0000000080000000, 0x0000000084300000, 0x00000000d5580000)
  object space 68608K, 5% used [0x0000000080000000,0x00000000803fcfd0,0x0000000084300000)
 Metaspace       used 9481K, committed 9792K, reserved 1114112K
  class space    used 1007K, committed 1152K, reserved 1048576K
}
Event: 1.815 GC heap before
{Heap before GC invocations=4 (full 0):
 PSYoungGen      total 29696K, used 29672K [0x00000000d5580000, 0x00000000d7680000, 0x0000000100000000)
  eden space 25600K, 100% used [0x00000000d5580000,0x00000000d6e80000,0x00000000d6e80000)
  from space 4096K, 99% used [0x00000000d6e80000,0x00000000d727a088,0x00000000d7280000)
  to   space 4096K, 0% used [0x00000000d7280000,0x00000000d7280000,0x00000000d7680000)
 ParOldGen       total 68608K, used 4083K [0x0000000080000000, 0x0000000084300000, 0x00000000d5580000)
  object space 68608K, 5% used [0x0000000080000000,0x00000000803fcfd0,0x0000000084300000)
 Metaspace       used 11719K, committed 12160K, reserved 1114112K
  class space    used 1225K, committed 1408K, reserved 1048576K
}
Event: 1.820 GC heap after
{Heap after GC invocations=4 (full 0):
 PSYoungGen      total 29696K, used 4079K [0x00000000d5580000, 0x00000000d7680000, 0x0000000100000000)
  eden space 25600K, 0% used [0x00000000d5580000,0x00000000d5580000,0x00000000d6e80000)
  from space 4096K, 99% used [0x00000000d7280000,0x00000000d767be38,0x00000000d7680000)
  to   space 4096K, 0% used [0x00000000d6e80000,0x00000000d6e80000,0x00000000d7280000)
 ParOldGen       total 68608K, used 6546K [0x0000000080000000, 0x0000000084300000, 0x00000000d5580000)
  object space 68608K, 9% used [0x0000000080000000,0x0000000080664b98,0x0000000084300000)
 Metaspace       used 11719K, committed 12160K, reserved 1114112K
  class space    used 1225K, committed 1408K, reserved 1048576K
}
Event: 2.253 GC heap before
{Heap before GC invocations=5 (full 0):
 PSYoungGen      total 29696K, used 29679K [0x00000000d5580000, 0x00000000d7680000, 0x0000000100000000)
  eden space 25600K, 100% used [0x00000000d5580000,0x00000000d6e80000,0x00000000d6e80000)
  from space 4096K, 99% used [0x00000000d7280000,0x00000000d767be38,0x00000000d7680000)
  to   space 4096K, 0% used [0x00000000d6e80000,0x00000000d6e80000,0x00000000d7280000)
 ParOldGen       total 68608K, used 6546K [0x0000000080000000, 0x0000000084300000, 0x00000000d5580000)
  object space 68608K, 9% used [0x0000000080000000,0x0000000080664b98,0x0000000084300000)
 Metaspace       used 15632K, committed 16192K, reserved 1114112K
  class space    used 1601K, committed 1856K, reserved 1048576K
}
Event: 2.257 GC heap after
{Heap after GC invocations=5 (full 0):
 PSYoungGen      total 29184K, used 4090K [0x00000000d5580000, 0x00000000d7a00000, 0x0000000100000000)
  eden space 25088K, 0% used [0x00000000d5580000,0x00000000d5580000,0x00000000d6e00000)
  from space 4096K, 99% used [0x00000000d6e80000,0x00000000d727eb70,0x00000000d7280000)
  to   space 6144K, 0% used [0x00000000d7400000,0x00000000d7400000,0x00000000d7a00000)
 ParOldGen       total 68608K, used 8039K [0x0000000080000000, 0x0000000084300000, 0x00000000d5580000)
  object space 68608K, 11% used [0x0000000080000000,0x00000000807d9db0,0x0000000084300000)
 Metaspace       used 15632K, committed 16192K, reserved 1114112K
  class space    used 1601K, committed 1856K, reserved 1048576K
}
Event: 2.745 GC heap before
{Heap before GC invocations=6 (full 0):
 PSYoungGen      total 29184K, used 29178K [0x00000000d5580000, 0x00000000d7a00000, 0x0000000100000000)
  eden space 25088K, 100% used [0x00000000d5580000,0x00000000d6e00000,0x00000000d6e00000)
  from space 4096K, 99% used [0x00000000d6e80000,0x00000000d727eb70,0x00000000d7280000)
  to   space 6144K, 0% used [0x00000000d7400000,0x00000000d7400000,0x00000000d7a00000)
 ParOldGen       total 68608K, used 8039K [0x0000000080000000, 0x0000000084300000, 0x00000000d5580000)
  object space 68608K, 11% used [0x0000000080000000,0x00000000807d9db0,0x0000000084300000)
 Metaspace       used 18789K, committed 19520K, reserved 1114112K
  class space    used 1957K, committed 2240K, reserved 1048576K
}
Event: 2.750 GC heap after
{Heap after GC invocations=6 (full 0):
 PSYoungGen      total 29696K, used 5101K [0x00000000d5580000, 0x00000000d7900000, 0x0000000100000000)
  eden space 24576K, 0% used [0x00000000d5580000,0x00000000d5580000,0x00000000d6d80000)
  from space 5120K, 99% used [0x00000000d7400000,0x00000000d78fb7c0,0x00000000d7900000)
  to   space 5632K, 0% used [0x00000000d6e00000,0x00000000d6e00000,0x00000000d7380000)
 ParOldGen       total 68608K, used 8047K [0x0000000080000000, 0x0000000084300000, 0x00000000d5580000)
  object space 68608K, 11% used [0x0000000080000000,0x00000000807dbdb0,0x0000000084300000)
 Metaspace       used 18789K, committed 19520K, reserved 1114112K
  class space    used 1957K, committed 2240K, reserved 1048576K
}
Event: 3.083 GC heap before
{Heap before GC invocations=7 (full 0):
 PSYoungGen      total 29696K, used 29677K [0x00000000d5580000, 0x00000000d7900000, 0x0000000100000000)
  eden space 24576K, 100% used [0x00000000d5580000,0x00000000d6d80000,0x00000000d6d80000)
  from space 5120K, 99% used [0x00000000d7400000,0x00000000d78fb7c0,0x00000000d7900000)
  to   space 5632K, 0% used [0x00000000d6e00000,0x00000000d6e00000,0x00000000d7380000)
 ParOldGen       total 68608K, used 8047K [0x0000000080000000, 0x0000000084300000, 0x00000000d5580000)
  object space 68608K, 11% used [0x0000000080000000,0x00000000807dbdb0,0x0000000084300000)
 Metaspace       used 19564K, committed 20352K, reserved 1114112K
  class space    used 2038K, committed 2368K, reserved 1048576K
}
Event: 3.090 GC heap after
{Heap after GC invocations=7 (full 0):
 PSYoungGen      total 28160K, used 3733K [0x00000000d5580000, 0x00000000d7600000, 0x0000000100000000)
  eden space 24064K, 0% used [0x00000000d5580000,0x00000000d5580000,0x00000000d6d00000)
  from space 4096K, 91% used [0x00000000d6e00000,0x00000000d71a5530,0x00000000d7200000)
  to   space 4096K, 0% used [0x00000000d7200000,0x00000000d7200000,0x00000000d7600000)
 ParOldGen       total 68608K, used 9549K [0x0000000080000000, 0x0000000084300000, 0x00000000d5580000)
  object space 68608K, 13% used [0x0000000080000000,0x0000000080953668,0x0000000084300000)
 Metaspace       used 19564K, committed 20352K, reserved 1114112K
  class space    used 2038K, committed 2368K, reserved 1048576K
}
Event: 3.437 GC heap before
{Heap before GC invocations=8 (full 0):
 PSYoungGen      total 28160K, used 27797K [0x00000000d5580000, 0x00000000d7600000, 0x0000000100000000)
  eden space 24064K, 100% used [0x00000000d5580000,0x00000000d6d00000,0x00000000d6d00000)
  from space 4096K, 91% used [0x00000000d6e00000,0x00000000d71a5530,0x00000000d7200000)
  to   space 4096K, 0% used [0x00000000d7200000,0x00000000d7200000,0x00000000d7600000)
 ParOldGen       total 68608K, used 9549K [0x0000000080000000, 0x0000000084300000, 0x00000000d5580000)
  object space 68608K, 13% used [0x0000000080000000,0x0000000080953668,0x0000000084300000)
 Metaspace       used 20625K, committed 21504K, reserved 1114112K
  class space    used 2170K, committed 2560K, reserved 1048576K
}
Event: 3.439 GC heap after
{Heap after GC invocations=8 (full 0):
 PSYoungGen      total 26624K, used 2849K [0x00000000d5580000, 0x00000000d7500000, 0x0000000100000000)
  eden space 23552K, 0% used [0x00000000d5580000,0x00000000d5580000,0x00000000d6c80000)
  from space 3072K, 92% used [0x00000000d7200000,0x00000000d74c8440,0x00000000d7500000)
  to   space 3584K, 0% used [0x00000000d6e00000,0x00000000d6e00000,0x00000000d7180000)
 ParOldGen       total 68608K, used 10585K [0x0000000080000000, 0x0000000084300000, 0x00000000d5580000)
  object space 68608K, 15% used [0x0000000080000000,0x0000000080a564a8,0x0000000084300000)
 Metaspace       used 20625K, committed 21504K, reserved 1114112K
  class space    used 2170K, committed 2560K, reserved 1048576K
}
Event: 3.451 GC heap before
{Heap before GC invocations=9 (full 0):
 PSYoungGen      total 26624K, used 3610K [0x00000000d5580000, 0x00000000d7500000, 0x0000000100000000)
  eden space 23552K, 3% used [0x00000000d5580000,0x00000000d563e688,0x00000000d6c80000)
  from space 3072K, 92% used [0x00000000d7200000,0x00000000d74c8440,0x00000000d7500000)
  to   space 3584K, 0% used [0x00000000d6e00000,0x00000000d6e00000,0x00000000d7180000)
 ParOldGen       total 68608K, used 10585K [0x0000000080000000, 0x0000000084300000, 0x00000000d5580000)
  object space 68608K, 15% used [0x0000000080000000,0x0000000080a564a8,0x0000000084300000)
 Metaspace       used 20637K, committed 21504K, reserved 1114112K
  class space    used 2171K, committed 2560K, reserved 1048576K
}
Event: 3.453 GC heap after
{Heap after GC invocations=9 (full 0):
 PSYoungGen      total 25600K, used 1620K [0x00000000d5580000, 0x00000000d7280000, 0x0000000100000000)
  eden space 23552K, 0% used [0x00000000d5580000,0x00000000d5580000,0x00000000d6c80000)
  from space 2048K, 79% used [0x00000000d6e00000,0x00000000d6f95118,0x00000000d7000000)
  to   space 2560K, 0% used [0x00000000d7000000,0x00000000d7000000,0x00000000d7280000)
 ParOldGen       total 68608K, used 11944K [0x0000000080000000, 0x0000000084300000, 0x00000000d5580000)
  object space 68608K, 17% used [0x0000000080000000,0x0000000080baa250,0x0000000084300000)
 Metaspace       used 20637K, committed 21504K, reserved 1114112K
  class space    used 2171K, committed 2560K, reserved 1048576K
}
Event: 3.453 GC heap before
{Heap before GC invocations=10 (full 1):
 PSYoungGen      total 25600K, used 1620K [0x00000000d5580000, 0x00000000d7280000, 0x0000000100000000)
  eden space 23552K, 0% used [0x00000000d5580000,0x00000000d5580000,0x00000000d6c80000)
  from space 2048K, 79% used [0x00000000d6e00000,0x00000000d6f95118,0x00000000d7000000)
  to   space 2560K, 0% used [0x00000000d7000000,0x00000000d7000000,0x00000000d7280000)
 ParOldGen       total 68608K, used 11944K [0x0000000080000000, 0x0000000084300000, 0x00000000d5580000)
  object space 68608K, 17% used [0x0000000080000000,0x0000000080baa250,0x0000000084300000)
 Metaspace       used 20637K, committed 21504K, reserved 1114112K
  class space    used 2171K, committed 2560K, reserved 1048576K
}
Event: 3.495 GC heap after
{Heap after GC invocations=10 (full 1):
 PSYoungGen      total 25600K, used 0K [0x00000000d5580000, 0x00000000d7280000, 0x0000000100000000)
  eden space 23552K, 0% used [0x00000000d5580000,0x00000000d5580000,0x00000000d6c80000)
  from space 2048K, 0% used [0x00000000d6e00000,0x00000000d6e00000,0x00000000d7000000)
  to   space 2560K, 0% used [0x00000000d7000000,0x00000000d7000000,0x00000000d7280000)
 ParOldGen       total 68608K, used 12812K [0x0000000080000000, 0x0000000084300000, 0x00000000d5580000)
  object space 68608K, 18% used [0x0000000080000000,0x0000000080c83138,0x0000000084300000)
 Metaspace       used 20624K, committed 21504K, reserved 1114112K
  class space    used 2167K, committed 2560K, reserved 1048576K
}
Event: 3.761 GC heap before
{Heap before GC invocations=11 (full 1):
 PSYoungGen      total 25600K, used 23552K [0x00000000d5580000, 0x00000000d7280000, 0x0000000100000000)
  eden space 23552K, 100% used [0x00000000d5580000,0x00000000d6c80000,0x00000000d6c80000)
  from space 2048K, 0% used [0x00000000d6e00000,0x00000000d6e00000,0x00000000d7000000)
  to   space 2560K, 0% used [0x00000000d7000000,0x00000000d7000000,0x00000000d7280000)
 ParOldGen       total 68608K, used 12812K [0x0000000080000000, 0x0000000084300000, 0x00000000d5580000)
  object space 68608K, 18% used [0x0000000080000000,0x0000000080c83138,0x0000000084300000)
 Metaspace       used 22322K, committed 23104K, reserved 1114112K
  class space    used 2312K, committed 2624K, reserved 1048576K
}
Event: 3.763 GC heap after
{Heap after GC invocations=11 (full 1):
 PSYoungGen      total 25600K, used 2547K [0x00000000d5580000, 0x00000000d7300000, 0x0000000100000000)
  eden space 23040K, 0% used [0x00000000d5580000,0x00000000d5580000,0x00000000d6c00000)
  from space 2560K, 99% used [0x00000000d7000000,0x00000000d727cc60,0x00000000d7280000)
  to   space 3584K, 0% used [0x00000000d6c00000,0x00000000d6c00000,0x00000000d6f80000)
 ParOldGen       total 68608K, used 13424K [0x0000000080000000, 0x0000000084300000, 0x00000000d5580000)
  object space 68608K, 19% used [0x0000000080000000,0x0000000080d1c3b0,0x0000000084300000)
 Metaspace       used 22322K, committed 23104K, reserved 1114112K
  class space    used 2312K, committed 2624K, reserved 1048576K
}
Event: 4.029 GC heap before
{Heap before GC invocations=12 (full 1):
 PSYoungGen      total 25600K, used 25587K [0x00000000d5580000, 0x00000000d7300000, 0x0000000100000000)
  eden space 23040K, 100% used [0x00000000d5580000,0x00000000d6c00000,0x00000000d6c00000)
  from space 2560K, 99% used [0x00000000d7000000,0x00000000d727cc60,0x00000000d7280000)
  to   space 3584K, 0% used [0x00000000d6c00000,0x00000000d6c00000,0x00000000d6f80000)
 ParOldGen       total 68608K, used 13424K [0x0000000080000000, 0x0000000084300000, 0x00000000d5580000)
  object space 68608K, 19% used [0x0000000080000000,0x0000000080d1c3b0,0x0000000084300000)
 Metaspace       used 25691K, committed 26496K, reserved 1114112K
  class space    used 2565K, committed 2944K, reserved 1048576K
}
Event: 4.031 GC heap after
{Heap after GC invocations=12 (full 1):
 PSYoungGen      total 25088K, used 2360K [0x00000000d5580000, 0x00000000d7180000, 0x0000000100000000)
  eden space 22528K, 0% used [0x00000000d5580000,0x00000000d5580000,0x00000000d6b80000)
  from space 2560K, 92% used [0x00000000d6c00000,0x00000000d6e4e0a8,0x00000000d6e80000)
  to   space 3072K, 0% used [0x00000000d6e80000,0x00000000d6e80000,0x00000000d7180000)
 ParOldGen       total 68608K, used 14911K [0x0000000080000000, 0x0000000084300000, 0x00000000d5580000)
  object space 68608K, 21% used [0x0000000080000000,0x0000000080e8fc18,0x0000000084300000)
 Metaspace       used 25691K, committed 26496K, reserved 1114112K
  class space    used 2565K, committed 2944K, reserved 1048576K
}

Dll operation events (10 events):
Event: 0.015 Loaded shared library c:\Users\Aurora  N. Postrado\.vscode\extensions\redhat.java-1.50.0-win32-x64\jre\21.0.9-win32-x86_64\bin\java.dll
Event: 0.096 Loaded shared library c:\Users\Aurora  N. Postrado\.vscode\extensions\redhat.java-1.50.0-win32-x64\jre\21.0.9-win32-x86_64\bin\zip.dll
Event: 0.115 Loaded shared library C:\Users\Aurora  N. Postrado\.vscode\extensions\redhat.java-1.50.0-win32-x64\jre\21.0.9-win32-x86_64\bin\instrument.dll
Event: 0.121 Loaded shared library C:\Users\Aurora  N. Postrado\.vscode\extensions\redhat.java-1.50.0-win32-x64\jre\21.0.9-win32-x86_64\bin\net.dll
Event: 0.123 Loaded shared library C:\Users\Aurora  N. Postrado\.vscode\extensions\redhat.java-1.50.0-win32-x64\jre\21.0.9-win32-x86_64\bin\nio.dll
Event: 0.126 Loaded shared library C:\Users\Aurora  N. Postrado\.vscode\extensions\redhat.java-1.50.0-win32-x64\jre\21.0.9-win32-x86_64\bin\zip.dll
Event: 0.142 Loaded shared library C:\Users\Aurora  N. Postrado\.vscode\extensions\redhat.java-1.50.0-win32-x64\jre\21.0.9-win32-x86_64\bin\jimage.dll
Event: 0.203 Loaded shared library c:\Users\Aurora  N. Postrado\.vscode\extensions\redhat.java-1.50.0-win32-x64\jre\21.0.9-win32-x86_64\bin\verify.dll
Event: 1.084 Loaded shared library C:\Users\Aurora  N. Postrado\AppData\Roaming\Code\User\globalStorage\redhat.java\1.50.0\config_win\org.eclipse.equinox.launcher\org.eclipse.equinox.launcher.win32.win32.x86_64_1.2.1400.v20250801-0854\eclipse_11916.dll
Event: 2.432 Loaded shared library C:\Users\Aurora  N. Postrado\AppData\Local\Temp\jna-614272698\jna8165681348336132458.dll

Deoptimization events (20 events):
Event: 3.635 Thread 0x000002cb8c887710 DEOPT PACKING pc=0x000002cb3877a5f0 sp=0x000000feaf6f7f60
Event: 3.635 Thread 0x000002cb8c887710 DEOPT UNPACKING pc=0x000002cb37f23aa2 sp=0x000000feaf6f7ee8 mode 2
Event: 3.686 Thread 0x000002cb8d6ed080 DEOPT PACKING pc=0x000002cb3114bd3e sp=0x000000feb01fe420
Event: 3.686 Thread 0x000002cb8d6ed080 DEOPT UNPACKING pc=0x000002cb37f24242 sp=0x000000feb01fd960 mode 0
Event: 3.730 Thread 0x000002cb8c887710 Uncommon trap: trap_request=0xffffff45 fr.pc=0x000002cb3881b39c relative=0x000000000000079c
Event: 3.730 Thread 0x000002cb8c887710 Uncommon trap: reason=unstable_if action=reinterpret pc=0x000002cb3881b39c method=org.lombokweb.asm.ClassReader.readUTF8(I[C)Ljava/lang/String; @ 11 c2
Event: 3.730 Thread 0x000002cb8c887710 DEOPT PACKING pc=0x000002cb3881b39c sp=0x000000feaf6ef740
Event: 3.730 Thread 0x000002cb8c887710 DEOPT UNPACKING pc=0x000002cb37f23aa2 sp=0x000000feaf6ef728 mode 2
Event: 3.988 Thread 0x000002cb8c887710 Uncommon trap: trap_request=0xffffff45 fr.pc=0x000002cb3882716c relative=0x000000000000014c
Event: 3.988 Thread 0x000002cb8c887710 Uncommon trap: reason=unstable_if action=reinterpret pc=0x000002cb3882716c method=org.lombokweb.asm.ByteVector.putByteArray([BII)Lorg/lombokweb/asm/ByteVector; @ 20 c2
Event: 3.988 Thread 0x000002cb8c887710 DEOPT PACKING pc=0x000002cb3882716c sp=0x000000feaf6f2890
Event: 3.988 Thread 0x000002cb8c887710 DEOPT UNPACKING pc=0x000002cb37f23aa2 sp=0x000000feaf6f2860 mode 2
Event: 3.988 Thread 0x000002cb8c887710 Uncommon trap: trap_request=0xffffff45 fr.pc=0x000002cb38826aa4 relative=0x0000000000000364
Event: 3.988 Thread 0x000002cb8c887710 Uncommon trap: reason=unstable_if action=reinterpret pc=0x000002cb38826aa4 method=org.lombokweb.asm.Label.resolve([BLorg/lombokweb/asm/ByteVector;I)Z @ 81 c2
Event: 3.988 Thread 0x000002cb8c887710 DEOPT PACKING pc=0x000002cb38826aa4 sp=0x000000feaf6f2920
Event: 3.988 Thread 0x000002cb8c887710 DEOPT UNPACKING pc=0x000002cb37f23aa2 sp=0x000000feaf6f2828 mode 2
Event: 5.132 Thread 0x000002cb8d6ec360 Uncommon trap: trap_request=0xffffff45 fr.pc=0x000002cb3879c59c relative=0x000000000000007c
Event: 5.132 Thread 0x000002cb8d6ec360 Uncommon trap: reason=unstable_if action=reinterpret pc=0x000002cb3879c59c method=java.lang.invoke.LambdaForm$BasicType.basicType(C)Ljava/lang/invoke/LambdaForm$BasicType; @ 1 c2
Event: 5.132 Thread 0x000002cb8d6ec360 DEOPT PACKING pc=0x000002cb3879c59c sp=0x000000feb00fd4b0
Event: 5.133 Thread 0x000002cb8d6ec360 DEOPT UNPACKING pc=0x000002cb37f23aa2 sp=0x000000feb00fd448 mode 2

Classes loaded (20 events):
Event: 3.774 Loading class java/io/FileWriter
Event: 3.774 Loading class java/io/FileWriter done
Event: 3.780 Loading class java/lang/NegativeArraySizeException
Event: 3.781 Loading class java/lang/NegativeArraySizeException done
Event: 5.126 Loading class java/lang/runtime/ObjectMethods
Event: 5.127 Loading class java/lang/runtime/ObjectMethods done
Event: 5.127 Loading class org/w3c/dom/DOMException
Event: 5.128 Loading class org/w3c/dom/DOMException done
Event: 5.129 Loading class java/lang/invoke/MethodHandleImpl$Makers
Event: 5.129 Loading class java/lang/invoke/MethodHandleImpl$Makers done
Event: 5.129 Loading class java/lang/invoke/MethodHandleImpl$Makers$1
Event: 5.129 Loading class java/lang/invoke/MethodHandleImpl$Makers$1 done
Event: 5.129 Loading class java/lang/invoke/MethodHandleImpl$Makers$2
Event: 5.129 Loading class java/lang/invoke/MethodHandleImpl$Makers$2 done
Event: 5.129 Loading class java/lang/invoke/MethodHandleImpl$Makers$3
Event: 5.129 Loading class java/lang/invoke/MethodHandleImpl$Makers$3 done
Event: 5.129 Loading class java/lang/StringIndexOutOfBoundsException
Event: 5.130 Loading class java/lang/StringIndexOutOfBoundsException done
Event: 5.134 Loading class java/lang/runtime/ObjectMethods$1
Event: 5.134 Loading class java/lang/runtime/ObjectMethods$1 done

Classes unloaded (7 events):
Event: 3.458 Thread 0x000002cb44314980 Unloading class 0x000002cb461a8c00 'java/lang/invoke/LambdaForm$MH+0x000002cb461a8c00'
Event: 3.458 Thread 0x000002cb44314980 Unloading class 0x000002cb461a8800 'java/lang/invoke/LambdaForm$MH+0x000002cb461a8800'
Event: 3.458 Thread 0x000002cb44314980 Unloading class 0x000002cb461a8400 'java/lang/invoke/LambdaForm$MH+0x000002cb461a8400'
Event: 3.458 Thread 0x000002cb44314980 Unloading class 0x000002cb461a8000 'java/lang/invoke/LambdaForm$MH+0x000002cb461a8000'
Event: 3.458 Thread 0x000002cb44314980 Unloading class 0x000002cb461a7c00 'java/lang/invoke/LambdaForm$BMH+0x000002cb461a7c00'
Event: 3.458 Thread 0x000002cb44314980 Unloading class 0x000002cb461a7800 'java/lang/invoke/LambdaForm$DMH+0x000002cb461a7800'
Event: 3.458 Thread 0x000002cb44314980 Unloading class 0x000002cb461a6400 'java/lang/invoke/LambdaForm$DMH+0x000002cb461a6400'

Classes redefined (0 events):
No events

Internal exceptions (20 events):
Event: 2.502 Thread 0x000002cb8c887710 Exception <a 'java/lang/NoSuchMethodError'{0x00000000d610adb8}: 'java.lang.Object java.lang.invoke.DirectMethodHandle$Holder.newInvokeSpecial(java.lang.Object, java.lang.Object, java.lang.Object, int, java.lang.Object)'> (0x00000000d610adb8) 
thrown [s\src\hotspot\share\interpreter\linkResolver.cpp, line 773]
Event: 2.502 Thread 0x000002cb8c887710 Exception <a 'java/lang/NoSuchMethodError'{0x00000000d610ed38}: 'java.lang.Object java.lang.invoke.DirectMethodHandle$Holder.invokeSpecial(java.lang.Object, java.lang.Object, java.lang.Object, java.lang.Object, int, java.lang.Object)'> (0x00000000d610ed38) 
thrown [s\src\hotspot\share\interpreter\linkResolver.cpp, line 773]
Event: 2.502 Thread 0x000002cb8c887710 Exception <a 'java/lang/NoSuchMethodError'{0x00000000d6112878}: 'java.lang.Object java.lang.invoke.Invokers$Holder.linkToTargetMethod(java.lang.Object, java.lang.Object, int, java.lang.Object, java.lang.Object)'> (0x00000000d6112878) 
thrown [s\src\hotspot\share\interpreter\linkResolver.cpp, line 773]
Event: 2.502 Thread 0x000002cb8c888430 Exception <a 'java/lang/NoSuchMethodError'{0x00000000d604c998}: 'java.lang.Object java.lang.invoke.DirectMethodHandle$Holder.invokeSpecial(java.lang.Object, java.lang.Object, int, java.lang.Object, java.lang.Object)'> (0x00000000d604c998) 
thrown [s\src\hotspot\share\interpreter\linkResolver.cpp, line 773]
Event: 2.516 Thread 0x000002cb8c887710 Exception <a 'java/lang/NoSuchMethodError'{0x00000000d62261d8}: 'void java.lang.invoke.DirectMethodHandle$Holder.invokeSpecial(java.lang.Object, java.lang.Object, java.lang.Object, java.lang.Object, java.lang.Object)'> (0x00000000d62261d8) 
thrown [s\src\hotspot\share\interpreter\linkResolver.cpp, line 773]
Event: 2.677 Thread 0x000002cb8c887710 Exception <a 'java/lang/NoSuchMethodError'{0x00000000d69e71b8}: 'java.lang.Object java.lang.invoke.DirectMethodHandle$Holder.invokeInterface(java.lang.Object, java.lang.Object, java.lang.Object)'> (0x00000000d69e71b8) 
thrown [s\src\hotspot\share\interpreter\linkResolver.cpp, line 773]
Event: 2.756 Thread 0x000002cb8c887710 Exception <a 'java/lang/NoSuchMethodError'{0x00000000d55daad0}: 'java.lang.Object java.lang.invoke.Invokers$Holder.linkToTargetMethod(java.lang.Object, long, java.lang.Object, java.lang.Object)'> (0x00000000d55daad0) 
thrown [s\src\hotspot\share\interpreter\linkResolver.cpp, line 773]
Event: 3.008 Thread 0x000002cb8c887710 Exception <a 'java/io/FileNotFoundException'{0x00000000d6a221e8}> (0x00000000d6a221e8) 
thrown [s\src\hotspot\share\prims\jni.cpp, line 520]
Event: 3.011 Thread 0x000002cb8c887710 Exception <a 'java/lang/NoSuchMethodError'{0x00000000d6a2a7d8}: 'java.lang.Object java.lang.invoke.DirectMethodHandle$Holder.newInvokeSpecial(java.lang.Object, int, java.lang.Object, java.lang.Object)'> (0x00000000d6a2a7d8) 
thrown [s\src\hotspot\share\interpreter\linkResolver.cpp, line 773]
Event: 3.406 Thread 0x000002cb8c887710 Exception <a 'java/lang/NoSuchMethodError'{0x00000000d6c14068}: 'long java.lang.invoke.Invokers$Holder.invokeExact_MT(java.lang.Object, java.lang.Object)'> (0x00000000d6c14068) 
thrown [s\src\hotspot\share\interpreter\linkResolver.cpp, line 773]
Event: 3.635 Thread 0x000002cb8c887710 Exception <a 'java/lang/NoSuchMethodError'{0x00000000d5e33918}: 'double java.lang.invoke.DirectMethodHandle$Holder.invokeStatic(java.lang.Object, java.lang.Object)'> (0x00000000d5e33918) 
thrown [s\src\hotspot\share\interpreter\linkResolver.cpp, line 773]
Event: 3.635 Thread 0x000002cb8c887710 Exception <a 'java/lang/NoSuchMethodError'{0x00000000d5e36fa8}: 'double java.lang.invoke.DirectMethodHandle$Holder.invokeStaticInit(java.lang.Object, java.lang.Object)'> (0x00000000d5e36fa8) 
thrown [s\src\hotspot\share\interpreter\linkResolver.cpp, line 773]
Event: 3.667 Thread 0x000002cb8d6ed080 Exception <a 'java/lang/NoSuchMethodError'{0x00000000d60ba550}: 'java.lang.Object java.lang.invoke.DirectMethodHandle$Holder.newInvokeSpecial(java.lang.Object, java.lang.Object, java.lang.Object, java.lang.Object, java.lang.Object)'> (0x00000000d60ba550) 
thrown [s\src\hotspot\share\interpreter\linkResolver.cpp, line 773]
Event: 3.988 Thread 0x000002cb8c887710 Implicit null exception at 0x000002cb38827075 to 0x000002cb38827150
Event: 5.127 Thread 0x000002cb8d6ec360 Exception <a 'java/lang/NoSuchMethodError'{0x00000000d68b72f8}: 'java.lang.Object java.lang.invoke.DirectMethodHandle$Holder.invokeStaticInit(java.lang.Object, java.lang.Object, java.lang.Object, java.lang.Object, java.lang.Object, java.lang.Object, java.lang.Object)'> (0x00000000d68b72f8) 
thrown [s\src\hotspot\share\interpreter\linkResolver.cpp, line 773]
Event: 5.128 Thread 0x000002cb8d6ec360 Exception <a 'java/lang/NoSuchMethodError'{0x00000000d68cb080}: 'java.lang.Object java.lang.invoke.Invokers$Holder.invoke_MT(java.lang.Object, java.lang.Object, java.lang.Object, java.lang.Object, java.lang.Object, java.lang.Object, java.lang.Object, java.lang.Object, java.lang.Object)'> (0x00000000d68cb080) 
thrown [s\src\hotspot\share\interpreter\linkResolver.cpp, line 773]
Event: 5.135 Thread 0x000002cb8d6ec360 Exception <a 'java/lang/NoSuchMethodError'{0x00000000d69a8710}: 'int java.lang.invoke.DirectMethodHandle$Holder.invokeVirtual(java.lang.Object, java.lang.Object, java.lang.Object)'> (0x00000000d69a8710) 
thrown [s\src\hotspot\share\interpreter\linkResolver.cpp, line 773]
Event: 5.135 Thread 0x000002cb8d6ec360 Exception <a 'java/lang/NoSuchMethodError'{0x00000000d69ac630}: 'int java.lang.invoke.DirectMethodHandle$Holder.invokeStaticInit(java.lang.Object, int, int)'> (0x00000000d69ac630) 
thrown [s\src\hotspot\share\interpreter\linkResolver.cpp, line 773]
Event: 5.136 Thread 0x000002cb8d6ec360 Exception <a 'java/lang/NoSuchMethodError'{0x00000000d69c2f80}: 'int java.lang.invoke.DirectMethodHandle$Holder.invokeStaticInit(java.lang.Object, long, long)'> (0x00000000d69c2f80) 
thrown [s\src\hotspot\share\interpreter\linkResolver.cpp, line 773]
Event: 5.136 Thread 0x000002cb8d6ec360 Exception <a 'java/lang/NoSuchMethodError'{0x00000000d69d8c80}: 'int java.lang.invoke.DirectMethodHandle$Holder.invokeStaticInit(java.lang.Object, float, float)'> (0x00000000d69d8c80) 
thrown [s\src\hotspot\share\interpreter\linkResolver.cpp, line 773]

ZGC Phase Switch (0 events):
No events

VM Operations (20 events):
Event: 2.634 Executing VM operation: HandshakeAllThreads (Deoptimize) done
Event: 2.657 Executing VM operation: ICBufferFull
Event: 2.657 Executing VM operation: ICBufferFull done
Event: 2.745 Executing VM operation: ParallelGCFailedAllocation (Allocation Failure)
Event: 2.750 Executing VM operation: ParallelGCFailedAllocation (Allocation Failure) done
Event: 3.083 Executing VM operation: ParallelGCFailedAllocation (Allocation Failure)
Event: 3.090 Executing VM operation: ParallelGCFailedAllocation (Allocation Failure) done
Event: 3.437 Executing VM operation: ParallelGCFailedAllocation (Allocation Failure)
Event: 3.439 Executing VM operation: ParallelGCFailedAllocation (Allocation Failure) done
Event: 3.451 Executing VM operation: CollectForMetadataAllocation (Metadata GC Threshold)
Event: 3.495 Executing VM operation: CollectForMetadataAllocation (Metadata GC Threshold) done
Event: 3.615 Executing VM operation: HandshakeAllThreads (Deoptimize)
Event: 3.615 Executing VM operation: HandshakeAllThreads (Deoptimize) done
Event: 3.761 Executing VM operation: ParallelGCFailedAllocation (Allocation Failure)
Event: 3.763 Executing VM operation: ParallelGCFailedAllocation (Allocation Failure) done
Event: 4.029 Executing VM operation: ParallelGCFailedAllocation (Allocation Failure)
Event: 4.031 Executing VM operation: ParallelGCFailedAllocation (Allocation Failure) done
Event: 5.040 Executing VM operation: Cleanup
Event: 5.119 Executing VM operation: Cleanup done
Event: 6.131 Executing VM operation: Cleanup

Memory protections (0 events):
No events

Nmethod flushes (0 events):
No events

Events (20 events):
Event: 1.821 Thread 0x000002cb8c29a290 Thread exited: 0x000002cb8c29a290
Event: 1.821 Thread 0x000002cb86a90d50 Thread exited: 0x000002cb86a90d50
Event: 1.877 Thread 0x000002cb86935020 Thread added: 0x000002cb8d0f6c60
Event: 1.877 Thread 0x000002cb86935020 Thread added: 0x000002cb8d0f7300
Event: 1.877 Thread 0x000002cb86935020 Thread added: 0x000002cb8d356f50
Event: 1.877 Thread 0x000002cb86935020 Thread added: 0x000002cb8d0e29d0
Event: 2.070 Thread 0x000002cb8c887710 Thread added: 0x000002cb8c887080
Event: 2.093 Thread 0x000002cb8d0e29d0 Thread exited: 0x000002cb8d0e29d0
Event: 2.130 Thread 0x000002cb8d356f50 Thread exited: 0x000002cb8d356f50
Event: 2.454 Thread 0x000002cb8c887710 Thread added: 0x000002cb8c887da0
Event: 2.485 Thread 0x000002cb8c887710 Thread added: 0x000002cb8c888430
Event: 2.502 Thread 0x000002cb8c887710 Thread added: 0x000002cb8d6ec360
Event: 2.503 Thread 0x000002cb8c887710 Thread added: 0x000002cb8d6ed080
Event: 3.884 Thread 0x000002cb8d0f7300 Thread exited: 0x000002cb8d0f7300
Event: 3.884 Thread 0x000002cb8d0f6c60 Thread exited: 0x000002cb8d0f6c60
Event: 4.101 Thread 0x000002cb8693b270 Thread added: 0x000002cb8e727960
Event: 4.101 Thread 0x000002cb8693b270 Thread added: 0x000002cb8ddfb3d0
Event: 5.118 Thread 0x000002cb8d6ec360 Thread added: 0x000002cb8d6ed710
Event: 5.119 Thread 0x000002cb86bad000 Thread exited: 0x000002cb86bad000
Event: 5.120 Thread 0x000002cb86a447b0 Thread exited: 0x000002cb86a447b0


Dynamic libraries:
0x00007ff647ff0000 - 0x00007ff647ffe000 	c:\Users\Aurora  N. Postrado\.vscode\extensions\redhat.java-1.50.0-win32-x64\jre\21.0.9-win32-x86_64\bin\java.exe
0x00007ff8626e0000 - 0x00007ff862947000 	C:\WINDOWS\SYSTEM32\ntdll.dll
0x00007ff861a70000 - 0x00007ff861b39000 	C:\WINDOWS\System32\KERNEL32.DLL
0x00007ff85f970000 - 0x00007ff85fd5f000 	C:\WINDOWS\System32\KERNELBASE.dll
0x00007ff860010000 - 0x00007ff86015b000 	C:\WINDOWS\System32\ucrtbase.dll
0x00007ff859a60000 - 0x00007ff859a78000 	c:\Users\Aurora  N. Postrado\.vscode\extensions\redhat.java-1.50.0-win32-x64\jre\21.0.9-win32-x86_64\bin\jli.dll
0x00007ff859a40000 - 0x00007ff859a5e000 	c:\Users\Aurora  N. Postrado\.vscode\extensions\redhat.java-1.50.0-win32-x64\jre\21.0.9-win32-x86_64\bin\VCRUNTIME140.dll
0x00007ff860810000 - 0x00007ff8609d5000 	C:\WINDOWS\System32\USER32.dll
0x00007ff84f2d0000 - 0x00007ff84f563000 	C:\WINDOWS\WinSxS\amd64_microsoft.windows.common-controls_6595b64144ccf1df_6.0.26100.7309_none_3e05feeae336a044\COMCTL32.dll
0x00007ff860210000 - 0x00007ff860237000 	C:\WINDOWS\System32\win32u.dll
0x00007ff861dc0000 - 0x00007ff861e69000 	C:\WINDOWS\System32\msvcrt.dll
0x00007ff861c00000 - 0x00007ff861c2b000 	C:\WINDOWS\System32\GDI32.dll
0x00007ff85fd70000 - 0x00007ff85fe9c000 	C:\WINDOWS\System32\gdi32full.dll
0x00007ff85f830000 - 0x00007ff85f8d3000 	C:\WINDOWS\System32\msvcp_win.dll
0x00007ff861e70000 - 0x00007ff861ea1000 	C:\WINDOWS\System32\IMM32.DLL
0x00007ff85c850000 - 0x00007ff85c85c000 	c:\Users\Aurora  N. Postrado\.vscode\extensions\redhat.java-1.50.0-win32-x64\jre\21.0.9-win32-x86_64\bin\vcruntime140_1.dll
0x00007ff846670000 - 0x00007ff8466fd000 	c:\Users\Aurora  N. Postrado\.vscode\extensions\redhat.java-1.50.0-win32-x64\jre\21.0.9-win32-x86_64\bin\msvcp140.dll
0x00007fffe3800000 - 0x00007fffe45a0000 	c:\Users\Aurora  N. Postrado\.vscode\extensions\redhat.java-1.50.0-win32-x64\jre\21.0.9-win32-x86_64\bin\server\jvm.dll
0x00007ff861c30000 - 0x00007ff861ce4000 	C:\WINDOWS\System32\ADVAPI32.dll
0x00007ff8619c0000 - 0x00007ff861a66000 	C:\WINDOWS\System32\sechost.dll
0x00007ff8609e0000 - 0x00007ff860af8000 	C:\WINDOWS\System32\RPCRT4.dll
0x00007ff861b40000 - 0x00007ff861bb4000 	C:\WINDOWS\System32\WS2_32.dll
0x00007ff85f690000 - 0x00007ff85f6ee000 	C:\WINDOWS\SYSTEM32\POWRPROF.dll
0x00007ff859560000 - 0x00007ff85956b000 	C:\WINDOWS\SYSTEM32\VERSION.dll
0x00007ff859520000 - 0x00007ff859555000 	C:\WINDOWS\SYSTEM32\WINMM.dll
0x00007ff85f670000 - 0x00007ff85f684000 	C:\WINDOWS\SYSTEM32\UMPDC.dll
0x00007ff85e5e0000 - 0x00007ff85e5fb000 	C:\WINDOWS\SYSTEM32\kernel.appcore.dll
0x00007ff85c2f0000 - 0x00007ff85c2fa000 	c:\Users\Aurora  N. Postrado\.vscode\extensions\redhat.java-1.50.0-win32-x64\jre\21.0.9-win32-x86_64\bin\jimage.dll
0x00007ff855820000 - 0x00007ff855a62000 	C:\WINDOWS\SYSTEM32\DBGHELP.DLL
0x00007ff860b00000 - 0x00007ff860e86000 	C:\WINDOWS\System32\combase.dll
0x00007ff8618e0000 - 0x00007ff8619b6000 	C:\WINDOWS\System32\OLEAUT32.dll
0x00007ff8555c0000 - 0x00007ff8555fc000 	C:\WINDOWS\SYSTEM32\dbgcore.DLL
0x00007ff860160000 - 0x00007ff860205000 	C:\WINDOWS\System32\bcryptPrimitives.dll
0x00007ff85c2e0000 - 0x00007ff85c2ef000 	c:\Users\Aurora  N. Postrado\.vscode\extensions\redhat.java-1.50.0-win32-x64\jre\21.0.9-win32-x86_64\bin\instrument.dll
0x00007ff85a620000 - 0x00007ff85a640000 	c:\Users\Aurora  N. Postrado\.vscode\extensions\redhat.java-1.50.0-win32-x64\jre\21.0.9-win32-x86_64\bin\java.dll
0x00007ff861010000 - 0x00007ff861763000 	C:\WINDOWS\System32\SHELL32.dll
0x00007ff85fea0000 - 0x00007ff86000a000 	C:\WINDOWS\System32\wintypes.dll
0x00007ff85d470000 - 0x00007ff85dcce000 	C:\WINDOWS\SYSTEM32\windows.storage.dll
0x00007ff860f10000 - 0x00007ff861004000 	C:\WINDOWS\System32\SHCORE.dll
0x00007ff861870000 - 0x00007ff8618d6000 	C:\WINDOWS\System32\shlwapi.dll
0x00007ff85f750000 - 0x00007ff85f779000 	C:\WINDOWS\SYSTEM32\profapi.dll
0x00007ff85a600000 - 0x00007ff85a618000 	c:\Users\Aurora  N. Postrado\.vscode\extensions\redhat.java-1.50.0-win32-x64\jre\21.0.9-win32-x86_64\bin\zip.dll
0x00007ff85c210000 - 0x00007ff85c220000 	C:\Users\Aurora  N. Postrado\.vscode\extensions\redhat.java-1.50.0-win32-x64\jre\21.0.9-win32-x86_64\bin\net.dll
0x00007ff856c90000 - 0x00007ff856db8000 	C:\WINDOWS\SYSTEM32\WINHTTP.dll
0x00007ff85eb50000 - 0x00007ff85ebbb000 	C:\WINDOWS\system32\mswsock.dll
0x00007ff85a5e0000 - 0x00007ff85a5f6000 	C:\Users\Aurora  N. Postrado\.vscode\extensions\redhat.java-1.50.0-win32-x64\jre\21.0.9-win32-x86_64\bin\nio.dll
0x00007ff85a5d0000 - 0x00007ff85a5e0000 	c:\Users\Aurora  N. Postrado\.vscode\extensions\redhat.java-1.50.0-win32-x64\jre\21.0.9-win32-x86_64\bin\verify.dll
0x00007ff8356a0000 - 0x00007ff8356e4000 	C:\Users\Aurora  N. Postrado\AppData\Roaming\Code\User\globalStorage\redhat.java\1.50.0\config_win\org.eclipse.equinox.launcher\org.eclipse.equinox.launcher.win32.win32.x86_64_1.2.1400.v20250801-0854\eclipse_11916.dll
0x00007ff860480000 - 0x00007ff860617000 	C:\WINDOWS\System32\ole32.dll
0x00007ff85ee20000 - 0x00007ff85ee3b000 	C:\WINDOWS\SYSTEM32\CRYPTSP.dll
0x00007ff85e540000 - 0x00007ff85e57a000 	C:\WINDOWS\system32\rsaenh.dll
0x00007ff85ec00000 - 0x00007ff85ec2b000 	C:\WINDOWS\SYSTEM32\USERENV.dll
0x00007ff85f720000 - 0x00007ff85f74a000 	C:\WINDOWS\SYSTEM32\bcrypt.dll
0x00007ff85ee10000 - 0x00007ff85ee1c000 	C:\WINDOWS\SYSTEM32\CRYPTBASE.dll
0x00007ff85dff0000 - 0x00007ff85e024000 	C:\WINDOWS\SYSTEM32\IPHLPAPI.DLL
0x00007ff862010000 - 0x00007ff86201a000 	C:\WINDOWS\System32\NSI.dll
0x00007ff835650000 - 0x00007ff835699000 	C:\Users\Aurora  N. Postrado\AppData\Local\Temp\jna-614272698\jna8165681348336132458.dll
0x00007ff860620000 - 0x00007ff860628000 	C:\WINDOWS\System32\PSAPI.DLL

JVMTI agents:
c:\Users\Aurora  N. Postrado\.vscode\extensions\redhat.java-1.50.0-win32-x64\lombok\lombok-1.18.39-4050.jar path:c:\Users\Aurora  N. Postrado\.vscode\extensions\redhat.java-1.50.0-win32-x64\jre\21.0.9-win32-x86_64\bin\instrument.dll, loaded, initialized, instrumentlib options:none

dbghelp: loaded successfully - version: 4.0.5 - missing functions: none
symbol engine: initialized successfully - sym options: 0x614 - pdb path: .;c:\Users\Aurora  N. Postrado\.vscode\extensions\redhat.java-1.50.0-win32-x64\jre\21.0.9-win32-x86_64\bin;C:\WINDOWS\SYSTEM32;C:\WINDOWS\WinSxS\amd64_microsoft.windows.common-controls_6595b64144ccf1df_6.0.26100.7309_none_3e05feeae336a044;c:\Users\Aurora  N. Postrado\.vscode\extensions\redhat.java-1.50.0-win32-x64\jre\21.0.9-win32-x86_64\bin\server;C:\Users\Aurora  N. Postrado\AppData\Roaming\Code\User\globalStorage\redhat.java\1.50.0\config_win\org.eclipse.equinox.launcher\org.eclipse.equinox.launcher.win32.win32.x86_64_1.2.1400.v20250801-0854;C:\Users\Aurora  N. Postrado\AppData\Local\Temp\jna-614272698

VM Arguments:
jvm_args: --add-modules=ALL-SYSTEM --add-opens=java.base/java.util=ALL-UNNAMED --add-opens=java.base/java.lang=ALL-UNNAMED --add-opens=java.base/sun.nio.fs=ALL-UNNAMED -Declipse.application=org.eclipse.jdt.ls.core.id1 -Dosgi.bundles.defaultStartLevel=4 -Declipse.product=org.eclipse.jdt.ls.core.product -Djava.import.generatesMetadataFilesAtProjectRoot=false -DDetectVMInstallationsJob.disabled=true -Dfile.encoding=utf8 -XX:+UseParallelGC -XX:GCTimeRatio=4 -XX:AdaptiveSizePolicyWeight=90 -Dsun.zip.disableMemoryMapping=true -Xmx2G -Xms100m -Xlog:disable -javaagent:c:\Users\Aurora  N. Postrado\.vscode\extensions\redhat.java-1.50.0-win32-x64\lombok\lombok-1.18.39-4050.jar -XX:+HeapDumpOnOutOfMemoryError -XX:HeapDumpPath=c:\Users\Aurora  N. Postrado\AppData\Roaming\Code\User\workspaceStorage\16087328b602278ea996584764c22d24\redhat.java -Daether.dependencyCollector.impl=bf 
java_command: c:\Users\Aurora  N. Postrado\.vscode\extensions\redhat.java-1.50.0-win32-x64\server\plugins\org.eclipse.equinox.launcher_1.7.100.v20251111-0406.jar -configuration c:\Users\Aurora  N. Postrado\AppData\Roaming\Code\User\globalStorage\redhat.java\1.50.0\config_win -data c:\Users\Aurora  N. Postrado\AppData\Roaming\Code\User\workspaceStorage\16087328b602278ea996584764c22d24\redhat.java\jdt_ws --pipe=\\.\pipe\lsp-f0c0575c461c9f715586d10393ee39cc-sock
java_class_path (initial): c:\Users\Aurora  N. Postrado\.vscode\extensions\redhat.java-1.50.0-win32-x64\server\plugins\org.eclipse.equinox.launcher_1.7.100.v20251111-0406.jar
Launcher Type: SUN_STANDARD

[Global flags]
    uintx AdaptiveSizePolicyWeight                 = 90                                        {product} {command line}
     intx CICompilerCount                          = 12                                        {product} {ergonomic}
    uintx GCTimeRatio                              = 4                                         {product} {command line}
     bool HeapDumpOnOutOfMemoryError               = true                                   {manageable} {command line}
    ccstr HeapDumpPath                             = c:\Users\Aurora  N. Postrado\AppData\Roaming\Code\User\workspaceStorage\16087328b602278ea996584764c22d24\redhat.java         {manageable} {command line}
   size_t InitialHeapSize                          = 104857600                                 {product} {command line}
   size_t MaxHeapSize                              = 2147483648                                {product} {command line}
   size_t MaxNewSize                               = 715653120                                 {product} {ergonomic}
   size_t MinHeapDeltaBytes                        = 524288                                    {product} {ergonomic}
   size_t MinHeapSize                              = 104857600                                 {product} {command line}
   size_t NewSize                                  = 34603008                                  {product} {ergonomic}
    uintx NonNMethodCodeHeapSize                   = 7602480                                {pd product} {ergonomic}
    uintx NonProfiledCodeHeapSize                  = 122027880                              {pd product} {ergonomic}
   size_t OldSize                                  = 70254592                                  {product} {ergonomic}
    uintx ProfiledCodeHeapSize                     = 122027880                              {pd product} {ergonomic}
    uintx ReservedCodeCacheSize                    = 251658240                              {pd product} {ergonomic}
     bool SegmentedCodeCache                       = true                                      {product} {ergonomic}
   size_t SoftMaxHeapSize                          = 2147483648                             {manageable} {ergonomic}
     bool UseCompressedOops                        = true                           {product lp64_product} {ergonomic}
     bool UseLargePagesIndividualAllocation        = false                                  {pd product} {ergonomic}
     bool UseParallelGC                            = true                                      {product} {command line}

Logging:
Log output configuration:
 #0: stdout all=off uptime,level,tags foldmultilines=false
 #1: stderr all=off uptime,level,tags foldmultilines=false

Release file:
JAVA_VERSION="21.0.9" 
MODULES="java.base java.compiler java.datatransfer java.xml java.prefs java.desktop java.instrument java.logging java.management java.security.sasl java.naming java.rmi java.management.rmi java.net.http java.scripting java.security.jgss java.transaction.xa java.sql java.sql.rowset java.xml.crypto java.se java.smartcardio jdk.accessibility jdk.internal.jvmstat jdk.attach jdk.charsets jdk.internal.opt jdk.zipfs jdk.compiler jdk.crypto.ec jdk.crypto.cryptoki jdk.crypto.mscapi jdk.dynalink jdk.internal.ed jdk.editpad jdk.hotspot.agent jdk.httpserver jdk.internal.le jdk.internal.vm.ci jdk.internal.vm.compiler jdk.internal.vm.compiler.management jdk.jartool jdk.javadoc jdk.jcmd jdk.management jdk.management.agent jdk.jconsole jdk.jdeps jdk.jdwp.agent jdk.jdi jdk.jfr jdk.jshell jdk.jsobject jdk.jstatd jdk.localedata jdk.management.jfr jdk.naming.dns jdk.naming.rmi jdk.net jdk.nio.mapmode jdk.random jdk.sctp jdk.security.auth jdk.security.jgss jdk.unsupported jdk.unsupported.desktop jdk.xml.dom" 

Environment Variables:
PATH=C:\Program Files\Eclipse Adoptium\jdk-17.0.17.10-hotspot\bin;C:\Windows\system32;C:\Windows;C:\Windows\System32\Wbem;C:\Windows\System32\WindowsPowerShell\v1.0\;C:\Windows\System32\OpenSSH\;C:\Program Files (x86)\NVIDIA Corporation\PhysX\Common;C:\Program Files\NVIDIA Corporation\NVIDIA NvDLISR;C:\WINDOWS\system32;C:\WINDOWS;C:\WINDOWS\System32\Wbem;C:\WINDOWS\System32\WindowsPowerShell\v1.0\;C:\WINDOWS\System32\OpenSSH\;C:\Program Files\Git\cmd;C:\Users\Aurora  N. Postrado\AppData\Local\Microsoft\WindowsApps;C:\Users\Aurora  N. Postrado\AppData\Local\Programs\Microsoft VS Code\bin;C:\Users\Aurora  N. Postrado\AppData\Local\GitHubDesktop\bin
USERNAME=Aurora  N. Postrado
OS=Windows_NT
PROCESSOR_IDENTIFIER=AMD64 Family 23 Model 104 Stepping 1, AuthenticAMD
TMP=C:\Users\AURORA~1.POS\AppData\Local\Temp
TEMP=C:\Users\AURORA~1.POS\AppData\Local\Temp




Periodic native trim disabled

---------------  S Y S T E M  ---------------

OS:
 Windows 11 , 64 bit Build 26100 (10.0.26100.7309)
OS uptime: 0 days 0:15 hours

CPU: total 16 (initial active 16) (16 cores per cpu, 2 threads per core) family 23 model 104 stepping 1 microcode 0x8608103, cx8, cmov, fxsr, ht, mmx, 3dnowpref, sse, sse2, sse3, ssse3, sse4a, sse4.1, sse4.2, popcnt, lzcnt, tsc, tscinvbit, avx, avx2, aes, clmul, bmi1, bmi2, adx, sha, fma, vzeroupper, clflush, clflushopt, rdtscp, rdpid, f16c
Processor Information for the first 16 processors :
  Max Mhz: 1801, Current Mhz: 1801, Mhz Limit: 1801

Memory: 4k page, system-wide physical 7514M (1288M free)
TotalPageFile size 7514M (AvailPageFile size 5M)
current process WorkingSet (physical memory assigned to process): 166M, peak: 166M
current process commit charge ("private bytes"): 310M, peak: 310M

vm_info: OpenJDK 64-Bit Server VM (21.0.9+10-LTS) for windows-amd64 JRE (21.0.9+10-LTS), built on 2025-10-21T00:00:00Z by "admin" with unknown MS VC++:1942

END.
