#
# There is insufficient memory for the Java Runtime Environment to continue.
# Native memory allocation (malloc) failed to allocate 1774896 bytes. Error detail: Chunk::new
# Possible reasons:
#   The system is out of physical RAM or swap space
#   This process is running with CompressedOops enabled, and the Java Heap may be blocking the growth of the native heap
# Possible solutions:
#   Reduce memory load on the system
#   Increase physical memory or swap space
#   Check if swap backing store is full
#   Decrease Java heap size (-Xmx/-Xms)
#   Decrease number of Java threads
#   Decrease Java thread stack sizes (-Xss)
#   Set larger code cache with -XX:ReservedCodeCacheSize=
#   JVM is running with Unscaled Compressed Oops mode in which the Java heap is
#     placed in the first 4GB address space. The Java Heap base address is the
#     maximum limit for the native heap growth. Please use -XX:HeapBaseMinAddress
#     to set the Java Heap base and to place the Java Heap above 4GB virtual address.
# This output file may be truncated or incomplete.
#
#  Out of Memory Error (arena.cpp:168), pid=7944, tid=12064
#
# JRE version: OpenJDK Runtime Environment Temurin-21.0.9+10 (21.0.9+10) (build 21.0.9+10-LTS)
# Java VM: OpenJDK 64-Bit Server VM Temurin-21.0.9+10 (21.0.9+10-LTS, mixed mode, sharing, tiered, compressed oops, compressed class ptrs, parallel gc, windows-amd64)
# No core dump will be written. Minidumps are not enabled by default on client versions of Windows
#

---------------  S U M M A R Y ------------

Command Line: --add-modules=ALL-SYSTEM --add-opens=java.base/java.util=ALL-UNNAMED --add-opens=java.base/java.lang=ALL-UNNAMED --add-opens=java.base/sun.nio.fs=ALL-UNNAMED -Declipse.application=org.eclipse.jdt.ls.core.id1 -Dosgi.bundles.defaultStartLevel=4 -Declipse.product=org.eclipse.jdt.ls.core.product -Djava.import.generatesMetadataFilesAtProjectRoot=false -DDetectVMInstallationsJob.disabled=true -Dfile.encoding=utf8 -XX:+UseParallelGC -XX:GCTimeRatio=4 -XX:AdaptiveSizePolicyWeight=90 -Dsun.zip.disableMemoryMapping=true -Xmx2G -Xms100m -Xlog:disable -javaagent:c:\Users\Aurora  N. Postrado\.vscode\extensions\redhat.java-1.50.0-win32-x64\lombok\lombok-1.18.39-4050.jar c:\Users\Aurora  N. Postrado\.vscode\extensions\redhat.java-1.50.0-win32-x64\server\plugins\org.eclipse.equinox.launcher_1.7.100.v20251111-0406.jar -configuration c:\Users\Aurora  N. Postrado\AppData\Roaming\Code\User\globalStorage\redhat.java\1.50.0\config_ss_win -data c:\Users\Aurora  N. Postrado\AppData\Roaming\Code\User\workspaceStorage\16087328b602278ea996584764c22d24\redhat.java\ss_ws --pipe=\\.\pipe\lsp-266a01b1c6ccdc0629c93bd1f66304ec-sock

Host: AMD Ryzen 7 5700U with Radeon Graphics         , 16 cores, 7G,  Windows 11 , 64 bit Build 26100 (10.0.26100.7309)
Time: Fri Dec 12 11:46:07 2025 Malay Peninsula Standard Time elapsed time: 10.077544 seconds (0d 0h 0m 10s)

---------------  T H R E A D  ---------------

Current thread (0x0000014d384ec500):  JavaThread "C2 CompilerThread0" daemon [_thread_in_native, id=12064, stack(0x00000023e1000000,0x00000023e1100000) (1024K)]


Current CompileTask:
C2:10077 5093 %     4       org.lombokweb.asm.SymbolTable::<init> @ 98 (554 bytes)

Stack: [0x00000023e1000000,0x00000023e1100000]
Native frames: (J=compiled Java code, j=interpreted, Vv=VM code, C=native code)
V  [jvm.dll+0x6d6e29]
V  [jvm.dll+0x8b4b76]
V  [jvm.dll+0x8b712e]
V  [jvm.dll+0x8b7813]
V  [jvm.dll+0x283d86]
V  [jvm.dll+0xc66ed]
V  [jvm.dll+0xc6c31]
V  [jvm.dll+0x3be501]
V  [jvm.dll+0x38ab92]
V  [jvm.dll+0x389fda]
V  [jvm.dll+0x24bfa0]
V  [jvm.dll+0x24b580]
V  [jvm.dll+0x1cb13e]
V  [jvm.dll+0x25b29d]
V  [jvm.dll+0x25982a]
V  [jvm.dll+0x3f7ea6]
V  [jvm.dll+0x85e9ad]
V  [jvm.dll+0x6d565d]
C  [ucrtbase.dll+0x37b0]
C  [KERNEL32.DLL+0x2e8d7]
C  [ntdll.dll+0x8c53c]


---------------  P R O C E S S  ---------------

Threads class SMR info:
_java_thread_list=0x0000014d991e5730, length=48, elements={
0x0000014d35ff7560, 0x0000014d4ec2d740, 0x0000014d384d0b20, 0x0000014d384d47a0,
0x0000014d384d51f0, 0x0000014d384d7100, 0x0000014d384e35c0, 0x0000014d384ec500,
0x0000014d384ee240, 0x0000014d912809a0, 0x0000014d913be3f0, 0x0000014d9700da20,
0x0000014d9790b2d0, 0x0000014d97a0fec0, 0x0000014d97aa93c0, 0x0000014d912a6b00,
0x0000014d97c67140, 0x0000014d97b93470, 0x0000014d97d149a0, 0x0000014d97d153d0,
0x0000014d979208c0, 0x0000014d97920230, 0x0000014d979215e0, 0x0000014d97922300,
0x0000014d97921c70, 0x0000014d97922990, 0x0000014d97923020, 0x0000014d979236b0,
0x0000014d99525160, 0x0000014d99526510, 0x0000014d99523db0, 0x0000014d995257f0,
0x0000014d99524440, 0x0000014d99524ad0, 0x0000014d99526ba0, 0x0000014d99525e80,
0x0000014d99527230, 0x0000014d99661aa0, 0x0000014d99662e50, 0x0000014d996606f0,
0x0000014d99660060, 0x0000014d99662130, 0x0000014d996627c0, 0x0000014d99013f50,
0x0000014d97307140, 0x0000014d99a669b0, 0x0000014d998a1c10, 0x0000014d995a7700
}

Java Threads: ( => current thread )
  0x0000014d35ff7560 JavaThread "main"                              [_thread_blocked, id=3416, stack(0x00000023e0600000,0x00000023e0700000) (1024K)]
  0x0000014d4ec2d740 JavaThread "Reference Handler"          daemon [_thread_blocked, id=6160, stack(0x00000023e0a00000,0x00000023e0b00000) (1024K)]
  0x0000014d384d0b20 JavaThread "Finalizer"                  daemon [_thread_blocked, id=2196, stack(0x00000023e0b00000,0x00000023e0c00000) (1024K)]
  0x0000014d384d47a0 JavaThread "Signal Dispatcher"          daemon [_thread_blocked, id=7708, stack(0x00000023e0c00000,0x00000023e0d00000) (1024K)]
  0x0000014d384d51f0 JavaThread "Attach Listener"            daemon [_thread_blocked, id=10148, stack(0x00000023e0d00000,0x00000023e0e00000) (1024K)]
  0x0000014d384d7100 JavaThread "Service Thread"             daemon [_thread_blocked, id=4780, stack(0x00000023e0e00000,0x00000023e0f00000) (1024K)]
  0x0000014d384e35c0 JavaThread "Monitor Deflation Thread"   daemon [_thread_blocked, id=7008, stack(0x00000023e0f00000,0x00000023e1000000) (1024K)]
=>0x0000014d384ec500 JavaThread "C2 CompilerThread0"         daemon [_thread_in_native, id=12064, stack(0x00000023e1000000,0x00000023e1100000) (1024K)]
  0x0000014d384ee240 JavaThread "C1 CompilerThread0"         daemon [_thread_blocked, id=6612, stack(0x00000023e1100000,0x00000023e1200000) (1024K)]
  0x0000014d912809a0 JavaThread "C1 CompilerThread1"         daemon [_thread_blocked, id=13876, stack(0x00000023e1200000,0x00000023e1300000) (1024K)]
  0x0000014d913be3f0 JavaThread "Common-Cleaner"             daemon [_thread_blocked, id=11656, stack(0x00000023e1500000,0x00000023e1600000) (1024K)]
  0x0000014d9700da20 JavaThread "Notification Thread"        daemon [_thread_blocked, id=12140, stack(0x00000023e1700000,0x00000023e1800000) (1024K)]
  0x0000014d9790b2d0 JavaThread "Active Thread: Equinox Container: 0b104db0-5888-4efb-9cad-da832dd0513d"        [_thread_blocked, id=12052, stack(0x00000023e1900000,0x00000023e1a00000) (1024K)]
  0x0000014d97a0fec0 JavaThread "Framework Event Dispatcher: Equinox Container: 0b104db0-5888-4efb-9cad-da832dd0513d" daemon [_thread_blocked, id=8728, stack(0x00000023e2100000,0x00000023e2200000) (1024K)]
  0x0000014d97aa93c0 JavaThread "Start Level: Equinox Container: 0b104db0-5888-4efb-9cad-da832dd0513d" daemon [_thread_blocked, id=12320, stack(0x00000023e2200000,0x00000023e2300000) (1024K)]
  0x0000014d912a6b00 JavaThread "SCR Component Actor"        daemon [_thread_blocked, id=10600, stack(0x00000023e1400000,0x00000023e1500000) (1024K)]
  0x0000014d97c67140 JavaThread "Worker-JM"                         [_thread_blocked, id=3152, stack(0x00000023e2600000,0x00000023e2700000) (1024K)]
  0x0000014d97b93470 JavaThread "JNA Cleaner"                daemon [_thread_blocked, id=12068, stack(0x00000023e1800000,0x00000023e1900000) (1024K)]
  0x0000014d97d149a0 JavaThread "Worker-0"                          [_thread_blocked, id=9368, stack(0x00000023e2300000,0x00000023e2400000) (1024K)]
  0x0000014d97d153d0 JavaThread "Worker-1"                          [_thread_blocked, id=3776, stack(0x00000023e2400000,0x00000023e2500000) (1024K)]
  0x0000014d979208c0 JavaThread "Worker-2"                          [_thread_blocked, id=6400, stack(0x00000023e2c00000,0x00000023e2d00000) (1024K)]
  0x0000014d97920230 JavaThread "Thread-1"                   daemon [_thread_in_native, id=10172, stack(0x00000023e2f00000,0x00000023e3000000) (1024K)]
  0x0000014d979215e0 JavaThread "Thread-2"                   daemon [_thread_in_native, id=11060, stack(0x00000023e3000000,0x00000023e3100000) (1024K)]
  0x0000014d97922300 JavaThread "Thread-3"                   daemon [_thread_in_native, id=8668, stack(0x00000023e3100000,0x00000023e3200000) (1024K)]
  0x0000014d97921c70 JavaThread "Thread-4"                   daemon [_thread_in_native, id=13500, stack(0x00000023e3200000,0x00000023e3300000) (1024K)]
  0x0000014d97922990 JavaThread "Thread-5"                   daemon [_thread_in_native, id=5376, stack(0x00000023e3300000,0x00000023e3400000) (1024K)]
  0x0000014d97923020 JavaThread "Thread-6"                   daemon [_thread_in_native, id=6764, stack(0x00000023e3400000,0x00000023e3500000) (1024K)]
  0x0000014d979236b0 JavaThread "Thread-7"                   daemon [_thread_in_native, id=6972, stack(0x00000023e3500000,0x00000023e3600000) (1024K)]
  0x0000014d99525160 JavaThread "Thread-8"                   daemon [_thread_in_native, id=13672, stack(0x00000023e3600000,0x00000023e3700000) (1024K)]
  0x0000014d99526510 JavaThread "Thread-9"                   daemon [_thread_in_native, id=6416, stack(0x00000023e3700000,0x00000023e3800000) (1024K)]
  0x0000014d99523db0 JavaThread "Thread-10"                  daemon [_thread_in_native, id=12132, stack(0x00000023e3800000,0x00000023e3900000) (1024K)]
  0x0000014d995257f0 JavaThread "Thread-11"                  daemon [_thread_in_native, id=12296, stack(0x00000023e3900000,0x00000023e3a00000) (1024K)]
  0x0000014d99524440 JavaThread "Thread-12"                  daemon [_thread_in_native, id=7056, stack(0x00000023e3a00000,0x00000023e3b00000) (1024K)]
  0x0000014d99524ad0 JavaThread "Thread-13"                  daemon [_thread_in_native, id=8216, stack(0x00000023e3b00000,0x00000023e3c00000) (1024K)]
  0x0000014d99526ba0 JavaThread "Thread-14"                  daemon [_thread_in_native, id=6228, stack(0x00000023e3c00000,0x00000023e3d00000) (1024K)]
  0x0000014d99525e80 JavaThread "Thread-15"                  daemon [_thread_in_native, id=6232, stack(0x00000023e3d00000,0x00000023e3e00000) (1024K)]
  0x0000014d99527230 JavaThread "Thread-16"                  daemon [_thread_in_native, id=7912, stack(0x00000023e3e00000,0x00000023e3f00000) (1024K)]
  0x0000014d99661aa0 JavaThread "Thread-17"                  daemon [_thread_in_native, id=9632, stack(0x00000023e3f00000,0x00000023e4000000) (1024K)]
  0x0000014d99662e50 JavaThread "pool-2-thread-1"                   [_thread_blocked, id=7960, stack(0x00000023e4000000,0x00000023e4100000) (1024K)]
  0x0000014d996606f0 JavaThread "WorkspaceEventsHandler"            [_thread_blocked, id=10032, stack(0x00000023e4100000,0x00000023e4200000) (1024K)]
  0x0000014d99660060 JavaThread "pool-1-thread-1"                   [_thread_in_Java, id=13228, stack(0x00000023e4200000,0x00000023e4300000) (1024K)]
  0x0000014d99662130 JavaThread "ForkJoinPool.commonPool-worker-1" daemon [_thread_blocked, id=11704, stack(0x00000023e2500000,0x00000023e2600000) (1024K)]
  0x0000014d996627c0 JavaThread "ForkJoinPool.commonPool-worker-2" daemon [_thread_blocked, id=3568, stack(0x00000023e4300000,0x00000023e4400000) (1024K)]
  0x0000014d99013f50 JavaThread "C2 CompilerThread1"         daemon [_thread_in_native, id=1560, stack(0x00000023e4400000,0x00000023e4500000) (1024K)]
  0x0000014d97307140 JavaThread "C2 CompilerThread2"         daemon [_thread_in_native, id=2368, stack(0x00000023e4500000,0x00000023e4600000) (1024K)]
  0x0000014d99a669b0 JavaThread "C2 CompilerThread3"         daemon [_thread_blocked, id=14092, stack(0x00000023e4600000,0x00000023e4700000) (1024K)]
  0x0000014d998a1c10 JavaThread "C2 CompilerThread4"         daemon [_thread_blocked, id=3176, stack(0x00000023e4700000,0x00000023e4800000) (1024K)]
  0x0000014d995a7700 JavaThread "C2 CompilerThread5"         daemon [_thread_blocked, id=7032, stack(0x00000023e4800000,0x00000023e4900000) (1024K)]
Total: 48

Other Threads:
  0x0000014d384ceaa0 VMThread "VM Thread"                           [id=12332, stack(0x00000023e0900000,0x00000023e0a00000) (1024K)]
  0x0000014d4eb0ca00 WatcherThread "VM Periodic Task Thread"        [id=10868, stack(0x00000023e0800000,0x00000023e0900000) (1024K)]
  0x0000014d38448f80 WorkerThread "GC Thread#0"                     [id=5128, stack(0x00000023e0700000,0x00000023e0800000) (1024K)]
  0x0000014d978cae10 WorkerThread "GC Thread#1"                     [id=9488, stack(0x00000023e1a00000,0x00000023e1b00000) (1024K)]
  0x0000014d97a760d0 WorkerThread "GC Thread#2"                     [id=3148, stack(0x00000023e1b00000,0x00000023e1c00000) (1024K)]
  0x0000014d97a76470 WorkerThread "GC Thread#3"                     [id=14316, stack(0x00000023e1c00000,0x00000023e1d00000) (1024K)]
  0x0000014d9788dad0 WorkerThread "GC Thread#4"                     [id=10380, stack(0x00000023e1d00000,0x00000023e1e00000) (1024K)]
  0x0000014d9788de70 WorkerThread "GC Thread#5"                     [id=3312, stack(0x00000023e1e00000,0x00000023e1f00000) (1024K)]
  0x0000014d974b94a0 WorkerThread "GC Thread#6"                     [id=5636, stack(0x00000023e1f00000,0x00000023e2000000) (1024K)]
  0x0000014d979ff5d0 WorkerThread "GC Thread#7"                     [id=2900, stack(0x00000023e2000000,0x00000023e2100000) (1024K)]
  0x0000014d979ff970 WorkerThread "GC Thread#8"                     [id=2328, stack(0x00000023e2700000,0x00000023e2800000) (1024K)]
  0x0000014d979ffd10 WorkerThread "GC Thread#9"                     [id=7296, stack(0x00000023e2800000,0x00000023e2900000) (1024K)]
  0x0000014d97a000b0 WorkerThread "GC Thread#10"                    [id=8020, stack(0x00000023e2900000,0x00000023e2a00000) (1024K)]
  0x0000014d97a007f0 WorkerThread "GC Thread#11"                    [id=5064, stack(0x00000023e2a00000,0x00000023e2b00000) (1024K)]
  0x0000014d979fee90 WorkerThread "GC Thread#12"                    [id=14252, stack(0x00000023e2b00000,0x00000023e2c00000) (1024K)]
Total: 15

Threads with active compile tasks:
C2 CompilerThread0  10100 5093 %     4       org.lombokweb.asm.SymbolTable::<init> @ 98 (554 bytes)
C2 CompilerThread1  10100 5127       4       org.lombokweb.asm.ClassReader::readMethod (1070 bytes)
C2 CompilerThread2  10100 5155 %     4       org.lombokweb.asm.ClassReader::readCode @ 2037 (5117 bytes)
C2 CompilerThread5  10100 5231       4       org.eclipse.osgi.internal.loader.BundleLoader::findClass (8 bytes)
Total: 4

VM state: not at safepoint (normal execution)

VM Mutex/Monitor currently owned by a thread:  ([mutex/lock_event])
[0x00007ffdd996c1f0] MultiArray_lock - owner thread: 0x0000014d99660060

Heap address: 0x0000000080000000, size: 2048 MB, Compressed Oops mode: 32-bit

CDS archive(s) mapped at: [0x0000014d4f000000-0x0000014d4fba0000-0x0000014d4fba0000), size 12189696, SharedBaseAddress: 0x0000014d4f000000, ArchiveRelocationMode: 1.
Compressed class space mapped at: 0x0000014d50000000-0x0000014d90000000, reserved size: 1073741824
Narrow klass base: 0x0000014d4f000000, Narrow klass shift: 0, Narrow klass range: 0x100000000

GC Precious Log:
 CardTable entry size: 512
 CPUs: 16 total, 16 available
 Memory: 7514M
 Large Page Support: Disabled
 NUMA Support: Disabled
 Compressed Oops: Enabled (32-bit)
 Alignments: Space 512K, Generation 512K, Heap 2M
 Heap Min Capacity: 100M
 Heap Initial Capacity: 100M
 Heap Max Capacity: 2G
 Pre-touch: Disabled
 Parallel Workers: 13

Heap:
 PSYoungGen      total 20992K, used 16649K [0x00000000d5580000, 0x00000000d6b80000, 0x0000000100000000)
  eden space 19456K, 79% used [0x00000000d5580000,0x00000000d648d5d8,0x00000000d6880000)
  from space 1536K, 80% used [0x00000000d6880000,0x00000000d69b4f80,0x00000000d6a00000)
  to   space 1536K, 0% used [0x00000000d6a00000,0x00000000d6a00000,0x00000000d6b80000)
 ParOldGen       total 68608K, used 30319K [0x0000000080000000, 0x0000000084300000, 0x00000000d5580000)
  object space 68608K, 44% used [0x0000000080000000,0x0000000081d9bce8,0x0000000084300000)
 Metaspace       used 38117K, committed 39104K, reserved 1114112K
  class space    used 3866K, committed 4352K, reserved 1048576K

Card table byte_map: [0x0000014d37ce0000,0x0000014d380f0000] _byte_map_base: 0x0000014d378e0000

Marking Bits: (ParMarkBitMap*) 0x00007ffdd9972460
 Begin Bits: [0x0000014d4a630000, 0x0000014d4c630000)
 End Bits:   [0x0000014d4c630000, 0x0000014d4e630000)

Polling page: 0x0000014d36170000

Metaspace:

Usage:
  Non-class:     33.45 MB used.
      Class:      3.78 MB used.
       Both:     37.22 MB used.

Virtual space:
  Non-class space:       64.00 MB reserved,      33.94 MB ( 53%) committed,  1 nodes.
      Class space:        1.00 GB reserved,       4.25 MB ( <1%) committed,  1 nodes.
             Both:        1.06 GB reserved,      38.19 MB (  4%) committed. 

Chunk freelists:
   Non-Class:  13.76 MB
       Class:  11.80 MB
        Both:  25.56 MB

MaxMetaspaceSize: unlimited
CompressedClassSpaceSize: 1.00 GB
Initial GC threshold: 21.00 MB
Current GC threshold: 58.38 MB
CDS: on
 - commit_granule_bytes: 65536.
 - commit_granule_words: 8192.
 - virtual_space_node_default_size: 8388608.
 - enlarge_chunks_in_place: 1.
 - use_allocation_guard: 0.


Internal statistics:

num_allocs_failed_limit: 6.
num_arena_births: 790.
num_arena_deaths: 70.
num_vsnodes_births: 2.
num_vsnodes_deaths: 0.
num_space_committed: 611.
num_space_uncommitted: 0.
num_chunks_returned_to_freelist: 100.
num_chunks_taken_from_freelist: 2475.
num_chunk_merges: 15.
num_chunk_splits: 1515.
num_chunks_enlarged: 896.
num_inconsistent_stats: 0.

CodeHeap 'non-profiled nmethods': size=119168Kb used=2747Kb max_used=2747Kb free=116420Kb
 bounds [0x0000014d431d0000, 0x0000014d434a0000, 0x0000014d4a630000]
CodeHeap 'profiled nmethods': size=119104Kb used=10400Kb max_used=10586Kb free=108704Kb
 bounds [0x0000014d3b630000, 0x0000014d3c0c0000, 0x0000014d42a80000]
CodeHeap 'non-nmethods': size=7488Kb used=1950Kb max_used=3139Kb free=5537Kb
 bounds [0x0000014d42a80000, 0x0000014d42da0000, 0x0000014d431d0000]
CodeCache: size=245760Kb, used=15097Kb, max_used=16472Kb, free=230661Kb
 total_blobs=5513, nmethods=4832, adapters=586, full_count=0
Compilation: enabled, stopped_count=0, restarted_count=0

Compilation events (20 events):
Event: 9.073 Thread 0x0000014d91281040 5220       3       java.util.IdentityHashMap::get (60 bytes)
Event: 9.073 Thread 0x0000014d998a1c10 nmethod 5211 0x0000014d432c3a10 code [0x0000014d432c3ba0, 0x0000014d432c3d40]
Event: 9.073 Thread 0x0000014d914537d0 nmethod 5217 0x0000014d3b650990 code [0x0000014d3b650ca0, 0x0000014d3b651aa0]
Event: 9.073 Thread 0x0000014d998a1c10 5213       4       java.lang.invoke.LambdaFormEditor$Transform::equals (32 bytes)
Event: 9.073 Thread 0x0000014d912809a0 nmethod 5218 0x0000014d3b65d910 code [0x0000014d3b65db60, 0x0000014d3b65e470]
Event: 9.073 Thread 0x0000014d91281040 nmethod 5220 0x0000014d3b65ce90 code [0x0000014d3b65d080, 0x0000014d3b65d4d0]
Event: 9.074 Thread 0x0000014d914537d0 5222       3       lombok.core.configuration.FileSystemSourceCache::ensureContent (48 bytes)
Event: 9.074 Thread 0x0000014d912809a0 5223       3       lombok.core.configuration.ConfigurationFile$RegularConfigurationFile::parent (39 bytes)
Event: 9.074 Thread 0x0000014d91281040 5224       3       lombok.core.configuration.FileSystemSourceCache::access$0 (7 bytes)
Event: 9.074 Thread 0x0000014d91281040 nmethod 5224 0x0000014d3b6ab610 code [0x0000014d3b6ab7c0, 0x0000014d3b6ab8e0]
Event: 9.074 Thread 0x0000014d91281040 5225   !   3       lombok.core.configuration.FileSystemSourceCache::parseIfNeccesary (124 bytes)
Event: 9.074 Thread 0x0000014d914537d0 nmethod 5222 0x0000014d3b740190 code [0x0000014d3b7403a0, 0x0000014d3b7409b0]
Event: 9.074 Thread 0x0000014d914537d0 5226       3       lombok.core.configuration.FileSystemSourceCache$1::parsed (13 bytes)
Event: 9.074 Thread 0x0000014d914537d0 nmethod 5226 0x0000014d3b652d10 code [0x0000014d3b652ec0, 0x0000014d3b653060]
Event: 9.074 Thread 0x0000014d998a1c10 nmethod 5213 0x0000014d432c3610 code [0x0000014d432c37a0, 0x0000014d432c3968]
Event: 9.074 Thread 0x0000014d912809a0 nmethod 5223 0x0000014d3b7c4110 code [0x0000014d3b7c4340, 0x0000014d3b7c49a8]
Event: 9.074 Thread 0x0000014d998a1c10 5221       4       java.util.ArrayDeque::isEmpty (17 bytes)
Event: 9.075 Thread 0x0000014d91281040 nmethod 5225 0x0000014d3b7c3790 code [0x0000014d3b7c3980, 0x0000014d3b7c3ed0]
Event: 9.075 Thread 0x0000014d384ee240 nmethod 5219 0x0000014d3b89b810 code [0x0000014d3b89bae0, 0x0000014d3b89cc68]
Event: 9.075 Thread 0x0000014d998a1c10 nmethod 5221 0x0000014d432c3310 code [0x0000014d432c34a0, 0x0000014d432c3540]

GC Heap History (20 events):
Event: 6.614 GC heap before
{Heap before GC invocations=14 (full 1):
 PSYoungGen      total 25088K, used 24642K [0x00000000d5580000, 0x00000000d7180000, 0x0000000100000000)
  eden space 22016K, 100% used [0x00000000d5580000,0x00000000d6b00000,0x00000000d6b00000)
  from space 3072K, 85% used [0x00000000d6e80000,0x00000000d7110860,0x00000000d7180000)
  to   space 3072K, 0% used [0x00000000d6b80000,0x00000000d6b80000,0x00000000d6e80000)
 ParOldGen       total 68608K, used 17890K [0x0000000080000000, 0x0000000084300000, 0x00000000d5580000)
  object space 68608K, 26% used [0x0000000080000000,0x0000000081178968,0x0000000084300000)
 Metaspace       used 32446K, committed 33344K, reserved 1114112K
  class space    used 3290K, committed 3712K, reserved 1048576K
}
Event: 6.621 GC heap after
{Heap after GC invocations=14 (full 1):
 PSYoungGen      total 24576K, used 2304K [0x00000000d5580000, 0x00000000d7000000, 0x0000000100000000)
  eden space 22016K, 0% used [0x00000000d5580000,0x00000000d5580000,0x00000000d6b00000)
  from space 2560K, 90% used [0x00000000d6b80000,0x00000000d6dc0000,0x00000000d6e00000)
  to   space 2048K, 0% used [0x00000000d6e00000,0x00000000d6e00000,0x00000000d7000000)
 ParOldGen       total 68608K, used 20320K [0x0000000080000000, 0x0000000084300000, 0x00000000d5580000)
  object space 68608K, 29% used [0x0000000080000000,0x00000000813d81c8,0x0000000084300000)
 Metaspace       used 32446K, committed 33344K, reserved 1114112K
  class space    used 3290K, committed 3712K, reserved 1048576K
}
Event: 6.692 GC heap before
{Heap before GC invocations=15 (full 1):
 PSYoungGen      total 24576K, used 24320K [0x00000000d5580000, 0x00000000d7000000, 0x0000000100000000)
  eden space 22016K, 100% used [0x00000000d5580000,0x00000000d6b00000,0x00000000d6b00000)
  from space 2560K, 90% used [0x00000000d6b80000,0x00000000d6dc0000,0x00000000d6e00000)
  to   space 2048K, 0% used [0x00000000d6e00000,0x00000000d6e00000,0x00000000d7000000)
 ParOldGen       total 68608K, used 20320K [0x0000000080000000, 0x0000000084300000, 0x00000000d5580000)
  object space 68608K, 29% used [0x0000000080000000,0x00000000813d81c8,0x0000000084300000)
 Metaspace       used 32458K, committed 33344K, reserved 1114112K
  class space    used 3290K, committed 3712K, reserved 1048576K
}
Event: 6.698 GC heap after
{Heap after GC invocations=15 (full 1):
 PSYoungGen      total 22016K, used 2048K [0x00000000d5580000, 0x00000000d7500000, 0x0000000100000000)
  eden space 19968K, 0% used [0x00000000d5580000,0x00000000d5580000,0x00000000d6900000)
  from space 2048K, 100% used [0x00000000d6e00000,0x00000000d7000000,0x00000000d7000000)
  to   space 5120K, 0% used [0x00000000d6900000,0x00000000d6900000,0x00000000d6e00000)
 ParOldGen       total 68608K, used 22569K [0x0000000080000000, 0x0000000084300000, 0x00000000d5580000)
  object space 68608K, 32% used [0x0000000080000000,0x000000008160a558,0x0000000084300000)
 Metaspace       used 32458K, committed 33344K, reserved 1114112K
  class space    used 3290K, committed 3712K, reserved 1048576K
}
Event: 6.809 GC heap before
{Heap before GC invocations=16 (full 1):
 PSYoungGen      total 22016K, used 22016K [0x00000000d5580000, 0x00000000d7500000, 0x0000000100000000)
  eden space 19968K, 100% used [0x00000000d5580000,0x00000000d6900000,0x00000000d6900000)
  from space 2048K, 100% used [0x00000000d6e00000,0x00000000d7000000,0x00000000d7000000)
  to   space 5120K, 0% used [0x00000000d6900000,0x00000000d6900000,0x00000000d6e00000)
 ParOldGen       total 68608K, used 22569K [0x0000000080000000, 0x0000000084300000, 0x00000000d5580000)
  object space 68608K, 32% used [0x0000000080000000,0x000000008160a558,0x0000000084300000)
 Metaspace       used 32535K, committed 33472K, reserved 1114112K
  class space    used 3292K, committed 3712K, reserved 1048576K
}
Event: 6.814 GC heap after
{Heap after GC invocations=16 (full 1):
 PSYoungGen      total 22528K, used 2048K [0x00000000d5580000, 0x00000000d6f00000, 0x0000000100000000)
  eden space 19968K, 0% used [0x00000000d5580000,0x00000000d5580000,0x00000000d6900000)
  from space 2560K, 80% used [0x00000000d6900000,0x00000000d6b00010,0x00000000d6b80000)
  to   space 3072K, 0% used [0x00000000d6c00000,0x00000000d6c00000,0x00000000d6f00000)
 ParOldGen       total 68608K, used 24446K [0x0000000080000000, 0x0000000084300000, 0x00000000d5580000)
  object space 68608K, 35% used [0x0000000080000000,0x00000000817dfba0,0x0000000084300000)
 Metaspace       used 32535K, committed 33472K, reserved 1114112K
  class space    used 3292K, committed 3712K, reserved 1048576K
}
Event: 6.917 GC heap before
{Heap before GC invocations=17 (full 1):
 PSYoungGen      total 22528K, used 22016K [0x00000000d5580000, 0x00000000d6f00000, 0x0000000100000000)
  eden space 19968K, 100% used [0x00000000d5580000,0x00000000d6900000,0x00000000d6900000)
  from space 2560K, 80% used [0x00000000d6900000,0x00000000d6b00010,0x00000000d6b80000)
  to   space 3072K, 0% used [0x00000000d6c00000,0x00000000d6c00000,0x00000000d6f00000)
 ParOldGen       total 68608K, used 24446K [0x0000000080000000, 0x0000000084300000, 0x00000000d5580000)
  object space 68608K, 35% used [0x0000000080000000,0x00000000817dfba0,0x0000000084300000)
 Metaspace       used 32620K, committed 33536K, reserved 1114112K
  class space    used 3292K, committed 3712K, reserved 1048576K
}
Event: 6.923 GC heap after
{Heap after GC invocations=17 (full 1):
 PSYoungGen      total 22016K, used 1930K [0x00000000d5580000, 0x00000000d6e00000, 0x0000000100000000)
  eden space 19968K, 0% used [0x00000000d5580000,0x00000000d5580000,0x00000000d6900000)
  from space 2048K, 94% used [0x00000000d6c00000,0x00000000d6de2b00,0x00000000d6e00000)
  to   space 2560K, 0% used [0x00000000d6900000,0x00000000d6900000,0x00000000d6b80000)
 ParOldGen       total 68608K, used 26406K [0x0000000080000000, 0x0000000084300000, 0x00000000d5580000)
  object space 68608K, 38% used [0x0000000080000000,0x00000000819c9bb0,0x0000000084300000)
 Metaspace       used 32620K, committed 33536K, reserved 1114112K
  class space    used 3292K, committed 3712K, reserved 1048576K
}
Event: 7.201 GC heap before
{Heap before GC invocations=18 (full 1):
 PSYoungGen      total 22016K, used 21898K [0x00000000d5580000, 0x00000000d6e00000, 0x0000000100000000)
  eden space 19968K, 100% used [0x00000000d5580000,0x00000000d6900000,0x00000000d6900000)
  from space 2048K, 94% used [0x00000000d6c00000,0x00000000d6de2b00,0x00000000d6e00000)
  to   space 2560K, 0% used [0x00000000d6900000,0x00000000d6900000,0x00000000d6b80000)
 ParOldGen       total 68608K, used 26406K [0x0000000080000000, 0x0000000084300000, 0x00000000d5580000)
  object space 68608K, 38% used [0x0000000080000000,0x00000000819c9bb0,0x0000000084300000)
 Metaspace       used 33382K, committed 34304K, reserved 1114112K
  class space    used 3383K, committed 3840K, reserved 1048576K
}
Event: 7.208 GC heap after
{Heap after GC invocations=18 (full 1):
 PSYoungGen      total 22016K, used 1632K [0x00000000d5580000, 0x00000000d6d00000, 0x0000000100000000)
  eden space 19968K, 0% used [0x00000000d5580000,0x00000000d5580000,0x00000000d6900000)
  from space 2048K, 79% used [0x00000000d6900000,0x00000000d6a98000,0x00000000d6b00000)
  to   space 2048K, 0% used [0x00000000d6b00000,0x00000000d6b00000,0x00000000d6d00000)
 ParOldGen       total 68608K, used 28167K [0x0000000080000000, 0x0000000084300000, 0x00000000d5580000)
  object space 68608K, 41% used [0x0000000080000000,0x0000000081b81db0,0x0000000084300000)
 Metaspace       used 33382K, committed 34304K, reserved 1114112K
  class space    used 3383K, committed 3840K, reserved 1048576K
}
Event: 7.674 GC heap before
{Heap before GC invocations=19 (full 1):
 PSYoungGen      total 22016K, used 10812K [0x00000000d5580000, 0x00000000d6d00000, 0x0000000100000000)
  eden space 19968K, 45% used [0x00000000d5580000,0x00000000d5e77370,0x00000000d6900000)
  from space 2048K, 79% used [0x00000000d6900000,0x00000000d6a98000,0x00000000d6b00000)
  to   space 2048K, 0% used [0x00000000d6b00000,0x00000000d6b00000,0x00000000d6d00000)
 ParOldGen       total 68608K, used 28167K [0x0000000080000000, 0x0000000084300000, 0x00000000d5580000)
  object space 68608K, 41% used [0x0000000080000000,0x0000000081b81db0,0x0000000084300000)
 Metaspace       used 34947K, committed 35840K, reserved 1114112K
  class space    used 3533K, committed 3968K, reserved 1048576K
}
Event: 7.679 GC heap after
{Heap after GC invocations=19 (full 1):
 PSYoungGen      total 20992K, used 709K [0x00000000d5580000, 0x00000000d6c00000, 0x0000000100000000)
  eden space 19968K, 0% used [0x00000000d5580000,0x00000000d5580000,0x00000000d6900000)
  from space 1024K, 69% used [0x00000000d6b00000,0x00000000d6bb1568,0x00000000d6c00000)
  to   space 1536K, 0% used [0x00000000d6900000,0x00000000d6900000,0x00000000d6a80000)
 ParOldGen       total 68608K, used 29591K [0x0000000080000000, 0x0000000084300000, 0x00000000d5580000)
  object space 68608K, 43% used [0x0000000080000000,0x0000000081ce5f58,0x0000000084300000)
 Metaspace       used 34947K, committed 35840K, reserved 1114112K
  class space    used 3533K, committed 3968K, reserved 1048576K
}
Event: 7.679 GC heap before
{Heap before GC invocations=20 (full 2):
 PSYoungGen      total 20992K, used 709K [0x00000000d5580000, 0x00000000d6c00000, 0x0000000100000000)
  eden space 19968K, 0% used [0x00000000d5580000,0x00000000d5580000,0x00000000d6900000)
  from space 1024K, 69% used [0x00000000d6b00000,0x00000000d6bb1568,0x00000000d6c00000)
  to   space 1536K, 0% used [0x00000000d6900000,0x00000000d6900000,0x00000000d6a80000)
 ParOldGen       total 68608K, used 29591K [0x0000000080000000, 0x0000000084300000, 0x00000000d5580000)
  object space 68608K, 43% used [0x0000000080000000,0x0000000081ce5f58,0x0000000084300000)
 Metaspace       used 34947K, committed 35840K, reserved 1114112K
  class space    used 3533K, committed 3968K, reserved 1048576K
}
Event: 7.751 GC heap after
{Heap after GC invocations=20 (full 2):
 PSYoungGen      total 20992K, used 0K [0x00000000d5580000, 0x00000000d6c00000, 0x0000000100000000)
  eden space 19968K, 0% used [0x00000000d5580000,0x00000000d5580000,0x00000000d6900000)
  from space 1024K, 0% used [0x00000000d6b00000,0x00000000d6b00000,0x00000000d6c00000)
  to   space 1536K, 0% used [0x00000000d6900000,0x00000000d6900000,0x00000000d6a80000)
 ParOldGen       total 68608K, used 28279K [0x0000000080000000, 0x0000000084300000, 0x00000000d5580000)
  object space 68608K, 41% used [0x0000000080000000,0x0000000081b9ddd8,0x0000000084300000)
 Metaspace       used 34898K, committed 35840K, reserved 1114112K
  class space    used 3519K, committed 3968K, reserved 1048576K
}
Event: 8.552 GC heap before
{Heap before GC invocations=21 (full 2):
 PSYoungGen      total 20992K, used 19968K [0x00000000d5580000, 0x00000000d6c00000, 0x0000000100000000)
  eden space 19968K, 100% used [0x00000000d5580000,0x00000000d6900000,0x00000000d6900000)
  from space 1024K, 0% used [0x00000000d6b00000,0x00000000d6b00000,0x00000000d6c00000)
  to   space 1536K, 0% used [0x00000000d6900000,0x00000000d6900000,0x00000000d6a80000)
 ParOldGen       total 68608K, used 28279K [0x0000000080000000, 0x0000000084300000, 0x00000000d5580000)
  object space 68608K, 41% used [0x0000000080000000,0x0000000081b9ddd8,0x0000000084300000)
 Metaspace       used 35693K, committed 36608K, reserved 1114112K
  class space    used 3640K, committed 4096K, reserved 1048576K
}
Event: 8.553 GC heap after
{Heap after GC invocations=21 (full 2):
 PSYoungGen      total 21504K, used 384K [0x00000000d5580000, 0x00000000d6b80000, 0x0000000100000000)
  eden space 19968K, 0% used [0x00000000d5580000,0x00000000d5580000,0x00000000d6900000)
  from space 1536K, 25% used [0x00000000d6900000,0x00000000d6960000,0x00000000d6a80000)
  to   space 1024K, 0% used [0x00000000d6a80000,0x00000000d6a80000,0x00000000d6b80000)
 ParOldGen       total 68608K, used 28287K [0x0000000080000000, 0x0000000084300000, 0x00000000d5580000)
  object space 68608K, 41% used [0x0000000080000000,0x0000000081b9fdd8,0x0000000084300000)
 Metaspace       used 35693K, committed 36608K, reserved 1114112K
  class space    used 3640K, committed 4096K, reserved 1048576K
}
Event: 8.827 GC heap before
{Heap before GC invocations=22 (full 2):
 PSYoungGen      total 21504K, used 20266K [0x00000000d5580000, 0x00000000d6b80000, 0x0000000100000000)
  eden space 19968K, 99% used [0x00000000d5580000,0x00000000d68eab70,0x00000000d6900000)
  from space 1536K, 25% used [0x00000000d6900000,0x00000000d6960000,0x00000000d6a80000)
  to   space 1024K, 0% used [0x00000000d6a80000,0x00000000d6a80000,0x00000000d6b80000)
 ParOldGen       total 68608K, used 28287K [0x0000000080000000, 0x0000000084300000, 0x00000000d5580000)
  object space 68608K, 41% used [0x0000000080000000,0x0000000081b9fdd8,0x0000000084300000)
 Metaspace       used 36787K, committed 37696K, reserved 1114112K
  class space    used 3727K, committed 4160K, reserved 1048576K
}
Event: 8.828 GC heap after
{Heap after GC invocations=22 (full 2):
 PSYoungGen      total 20480K, used 1008K [0x00000000d5580000, 0x00000000d6d00000, 0x0000000100000000)
  eden space 19456K, 0% used [0x00000000d5580000,0x00000000d5580000,0x00000000d6880000)
  from space 1024K, 98% used [0x00000000d6a80000,0x00000000d6b7c088,0x00000000d6b80000)
  to   space 2048K, 0% used [0x00000000d6880000,0x00000000d6880000,0x00000000d6a80000)
 ParOldGen       total 68608K, used 29014K [0x0000000080000000, 0x0000000084300000, 0x00000000d5580000)
  object space 68608K, 42% used [0x0000000080000000,0x0000000081c55950,0x0000000084300000)
 Metaspace       used 36787K, committed 37696K, reserved 1114112K
  class space    used 3727K, committed 4160K, reserved 1048576K
}
Event: 8.884 GC heap before
{Heap before GC invocations=23 (full 2):
 PSYoungGen      total 20480K, used 20356K [0x00000000d5580000, 0x00000000d6d00000, 0x0000000100000000)
  eden space 19456K, 99% used [0x00000000d5580000,0x00000000d6865078,0x00000000d6880000)
  from space 1024K, 98% used [0x00000000d6a80000,0x00000000d6b7c088,0x00000000d6b80000)
  to   space 2048K, 0% used [0x00000000d6880000,0x00000000d6880000,0x00000000d6a80000)
 ParOldGen       total 68608K, used 29014K [0x0000000080000000, 0x0000000084300000, 0x00000000d5580000)
  object space 68608K, 42% used [0x0000000080000000,0x0000000081c55950,0x0000000084300000)
 Metaspace       used 36799K, committed 37696K, reserved 1114112K
  class space    used 3727K, committed 4160K, reserved 1048576K
}
Event: 8.886 GC heap after
{Heap after GC invocations=23 (full 2):
 PSYoungGen      total 20992K, used 1235K [0x00000000d5580000, 0x00000000d6b80000, 0x0000000100000000)
  eden space 19456K, 0% used [0x00000000d5580000,0x00000000d5580000,0x00000000d6880000)
  from space 1536K, 80% used [0x00000000d6880000,0x00000000d69b4f80,0x00000000d6a00000)
  to   space 1536K, 0% used [0x00000000d6a00000,0x00000000d6a00000,0x00000000d6b80000)
 ParOldGen       total 68608K, used 30319K [0x0000000080000000, 0x0000000084300000, 0x00000000d5580000)
  object space 68608K, 44% used [0x0000000080000000,0x0000000081d9bce8,0x0000000084300000)
 Metaspace       used 36799K, committed 37696K, reserved 1114112K
  class space    used 3727K, committed 4160K, reserved 1048576K
}

Dll operation events (10 events):
Event: 0.020 Loaded shared library c:\Users\Aurora  N. Postrado\.vscode\extensions\redhat.java-1.50.0-win32-x64\jre\21.0.9-win32-x86_64\bin\java.dll
Event: 0.144 Loaded shared library c:\Users\Aurora  N. Postrado\.vscode\extensions\redhat.java-1.50.0-win32-x64\jre\21.0.9-win32-x86_64\bin\zip.dll
Event: 0.168 Loaded shared library C:\Users\Aurora  N. Postrado\.vscode\extensions\redhat.java-1.50.0-win32-x64\jre\21.0.9-win32-x86_64\bin\instrument.dll
Event: 0.174 Loaded shared library C:\Users\Aurora  N. Postrado\.vscode\extensions\redhat.java-1.50.0-win32-x64\jre\21.0.9-win32-x86_64\bin\net.dll
Event: 0.177 Loaded shared library C:\Users\Aurora  N. Postrado\.vscode\extensions\redhat.java-1.50.0-win32-x64\jre\21.0.9-win32-x86_64\bin\nio.dll
Event: 0.181 Loaded shared library C:\Users\Aurora  N. Postrado\.vscode\extensions\redhat.java-1.50.0-win32-x64\jre\21.0.9-win32-x86_64\bin\zip.dll
Event: 0.199 Loaded shared library C:\Users\Aurora  N. Postrado\.vscode\extensions\redhat.java-1.50.0-win32-x64\jre\21.0.9-win32-x86_64\bin\jimage.dll
Event: 0.286 Loaded shared library c:\Users\Aurora  N. Postrado\.vscode\extensions\redhat.java-1.50.0-win32-x64\jre\21.0.9-win32-x86_64\bin\verify.dll
Event: 1.723 Loaded shared library C:\Users\Aurora  N. Postrado\AppData\Roaming\Code\User\globalStorage\redhat.java\1.50.0\config_ss_win\org.eclipse.equinox.launcher\org.eclipse.equinox.launcher.win32.win32.x86_64_1.2.1400.v20250801-0854\eclipse_11916.dll
Event: 3.113 Loaded shared library C:\Users\Aurora  N. Postrado\AppData\Local\Temp\jna-614272698\jna3678908215960874557.dll

Deoptimization events (20 events):
Event: 9.048 Thread 0x0000014d99662130 Uncommon trap: trap_request=0xffffffcc fr.pc=0x0000014d4325d848 relative=0x0000000000001b68
Event: 9.048 Thread 0x0000014d996627c0 Uncommon trap: trap_request=0xffffffcc fr.pc=0x0000014d4325d848 relative=0x0000000000001b68
Event: 9.048 Thread 0x0000014d99662130 Uncommon trap: reason=intrinsic_or_type_checked_inlining action=make_not_entrant pc=0x0000014d4325d848 method=java.util.ArrayList$SubList.toArray([Ljava/lang/Object;)[Ljava/lang/Object; @ 58 c2
Event: 9.048 Thread 0x0000014d996627c0 Uncommon trap: reason=intrinsic_or_type_checked_inlining action=make_not_entrant pc=0x0000014d4325d848 method=java.util.ArrayList$SubList.toArray([Ljava/lang/Object;)[Ljava/lang/Object; @ 58 c2
Event: 9.048 Thread 0x0000014d99662130 DEOPT PACKING pc=0x0000014d4325d848 sp=0x00000023e25fdb30
Event: 9.048 Thread 0x0000014d99662130 DEOPT UNPACKING pc=0x0000014d42ad3aa2 sp=0x00000023e25fda68 mode 2
Event: 9.048 Thread 0x0000014d996627c0 DEOPT PACKING pc=0x0000014d4325d848 sp=0x00000023e43fdc50
Event: 9.048 Thread 0x0000014d996627c0 DEOPT UNPACKING pc=0x0000014d42ad3aa2 sp=0x00000023e43fdb88 mode 2
Event: 9.069 Thread 0x0000014d996627c0 Uncommon trap: trap_request=0xffffff54 fr.pc=0x0000014d43255c3c relative=0x000000000000009c
Event: 9.069 Thread 0x0000014d99662130 Uncommon trap: trap_request=0xffffff54 fr.pc=0x0000014d43255c3c relative=0x000000000000009c
Event: 9.069 Thread 0x0000014d99660060 Uncommon trap: trap_request=0xffffff54 fr.pc=0x0000014d43255c3c relative=0x000000000000009c
Event: 9.069 Thread 0x0000014d996627c0 Uncommon trap: reason=speculate_null_assert action=make_not_entrant pc=0x0000014d43255c3c method=java.lang.invoke.LambdaFormEditor.getInCache(Ljava/lang/invoke/LambdaFormEditor$TransformKey;)Ljava/lang/invoke/LambdaForm; @ 37 c2
Event: 9.069 Thread 0x0000014d99662130 Uncommon trap: reason=speculate_null_assert action=make_not_entrant pc=0x0000014d43255c3c method=java.lang.invoke.LambdaFormEditor.getInCache(Ljava/lang/invoke/LambdaFormEditor$TransformKey;)Ljava/lang/invoke/LambdaForm; @ 37 c2
Event: 9.069 Thread 0x0000014d99660060 Uncommon trap: reason=speculate_null_assert action=make_not_entrant pc=0x0000014d43255c3c method=java.lang.invoke.LambdaFormEditor.getInCache(Ljava/lang/invoke/LambdaFormEditor$TransformKey;)Ljava/lang/invoke/LambdaForm; @ 37 c2
Event: 9.069 Thread 0x0000014d99660060 DEOPT PACKING pc=0x0000014d43255c3c sp=0x00000023e42fc830
Event: 9.070 Thread 0x0000014d996627c0 DEOPT PACKING pc=0x0000014d43255c3c sp=0x00000023e43fd4d0
Event: 9.070 Thread 0x0000014d99660060 DEOPT UNPACKING pc=0x0000014d42ad3aa2 sp=0x00000023e42fc790 mode 2
Event: 9.070 Thread 0x0000014d996627c0 DEOPT UNPACKING pc=0x0000014d42ad3aa2 sp=0x00000023e43fd430 mode 2
Event: 9.070 Thread 0x0000014d99662130 DEOPT PACKING pc=0x0000014d43255c3c sp=0x00000023e25fd3b0
Event: 9.070 Thread 0x0000014d99662130 DEOPT UNPACKING pc=0x0000014d42ad3aa2 sp=0x00000023e25fd310 mode 2

Classes loaded (20 events):
Event: 6.416 Loading class java/lang/invoke/MethodHandleImpl$CountingWrapper
Event: 6.416 Loading class java/lang/invoke/MethodHandleImpl$CountingWrapper done
Event: 6.434 Loading class java/util/AbstractList$ListItr
Event: 6.435 Loading class java/util/AbstractList$ListItr done
Event: 6.444 Loading class java/util/concurrent/locks/ReentrantReadWriteLock$Sync$HoldCounter
Event: 6.444 Loading class java/util/concurrent/locks/ReentrantReadWriteLock$Sync$HoldCounter done
Event: 6.458 Loading class java/nio/channels/Channels$ReadableByteChannelImpl
Event: 6.458 Loading class java/nio/channels/Channels$ReadableByteChannelImpl done
Event: 6.459 Loading class java/nio/channels/NonWritableChannelException
Event: 6.460 Loading class java/nio/channels/NonWritableChannelException done
Event: 6.727 Loading class java/lang/invoke/MethodHandleImpl$CountingWrapper$1
Event: 6.727 Loading class java/lang/invoke/MethodHandleImpl$CountingWrapper$1 done
Event: 7.112 Loading class java/lang/ExceptionInInitializerError
Event: 7.112 Loading class java/lang/ExceptionInInitializerError done
Event: 7.401 Loading class sun/misc/Unsafe
Event: 7.402 Loading class sun/misc/Unsafe done
Event: 8.059 Loading class java/util/Vector$1
Event: 8.059 Loading class java/util/Vector$1 done
Event: 8.675 Loading class java/util/regex/Pattern$Caret
Event: 8.675 Loading class java/util/regex/Pattern$Caret done

Classes unloaded (20 events):
Event: 7.689 Thread 0x0000014d384ceaa0 Unloading class 0x0000014d5038c400 'java/lang/invoke/LambdaForm$MH+0x0000014d5038c400'
Event: 7.689 Thread 0x0000014d384ceaa0 Unloading class 0x0000014d5038bc00 'java/lang/invoke/LambdaForm$DMH+0x0000014d5038bc00'
Event: 7.689 Thread 0x0000014d384ceaa0 Unloading class 0x0000014d5038b400 'java/lang/invoke/LambdaForm$MH+0x0000014d5038b400'
Event: 7.689 Thread 0x0000014d384ceaa0 Unloading class 0x0000014d5038ac00 'java/lang/invoke/LambdaForm$MH+0x0000014d5038ac00'
Event: 7.689 Thread 0x0000014d384ceaa0 Unloading class 0x0000014d5038a800 'java/lang/invoke/LambdaForm$MH+0x0000014d5038a800'
Event: 7.689 Thread 0x0000014d384ceaa0 Unloading class 0x0000014d5038a400 'java/lang/invoke/LambdaForm$MH+0x0000014d5038a400'
Event: 7.689 Thread 0x0000014d384ceaa0 Unloading class 0x0000014d50389c00 'java/lang/invoke/LambdaForm$MH+0x0000014d50389c00'
Event: 7.689 Thread 0x0000014d384ceaa0 Unloading class 0x0000014d50389000 'java/lang/invoke/LambdaForm$MH+0x0000014d50389000'
Event: 7.689 Thread 0x0000014d384ceaa0 Unloading class 0x0000014d50388c00 'java/lang/invoke/LambdaForm$MH+0x0000014d50388c00'
Event: 7.689 Thread 0x0000014d384ceaa0 Unloading class 0x0000014d50388400 'java/lang/invoke/LambdaForm$DMH+0x0000014d50388400'
Event: 7.689 Thread 0x0000014d384ceaa0 Unloading class 0x0000014d50387800 'java/lang/invoke/LambdaForm$MH+0x0000014d50387800'
Event: 7.689 Thread 0x0000014d384ceaa0 Unloading class 0x0000014d50384000 'java/lang/invoke/LambdaForm$MH+0x0000014d50384000'
Event: 7.689 Thread 0x0000014d384ceaa0 Unloading class 0x0000014d50383800 'java/lang/invoke/LambdaForm$MH+0x0000014d50383800'
Event: 7.689 Thread 0x0000014d384ceaa0 Unloading class 0x0000014d50383000 'java/lang/invoke/LambdaForm$MH+0x0000014d50383000'
Event: 7.689 Thread 0x0000014d384ceaa0 Unloading class 0x0000014d50382800 'java/lang/invoke/LambdaForm$MH+0x0000014d50382800'
Event: 7.689 Thread 0x0000014d384ceaa0 Unloading class 0x0000014d50382400 'java/lang/invoke/LambdaForm$MH+0x0000014d50382400'
Event: 7.689 Thread 0x0000014d384ceaa0 Unloading class 0x0000014d50381800 'java/lang/invoke/LambdaForm$MH+0x0000014d50381800'
Event: 7.689 Thread 0x0000014d384ceaa0 Unloading class 0x0000014d50381400 'java/lang/invoke/LambdaForm$MH+0x0000014d50381400'
Event: 7.689 Thread 0x0000014d384ceaa0 Unloading class 0x0000014d50380800 'java/lang/invoke/LambdaForm$MH+0x0000014d50380800'
Event: 7.689 Thread 0x0000014d384ceaa0 Unloading class 0x0000014d50380400 'java/lang/invoke/LambdaForm$DMH+0x0000014d50380400'

Classes redefined (0 events):
No events

Internal exceptions (20 events):
Event: 6.233 Thread 0x0000014d996627c0 Exception <a 'java/lang/NoSuchMethodError'{0x00000000d6715520}: 'int java.lang.invoke.DirectMethodHandle$Holder.invokeStaticInit(java.lang.Object, double, double)'> (0x00000000d6715520) 
thrown [s\src\hotspot\share\interpreter\linkResolver.cpp, line 773]
Event: 6.234 Thread 0x0000014d996627c0 Exception <a 'java/lang/NoSuchMethodError'{0x00000000d6719fb8}: 'int java.lang.invoke.DirectMethodHandle$Holder.invokeStatic(java.lang.Object, long)'> (0x00000000d6719fb8) 
thrown [s\src\hotspot\share\interpreter\linkResolver.cpp, line 773]
Event: 6.242 Thread 0x0000014d99662130 Exception <a 'java/lang/NoSuchMethodError'{0x00000000d6764b10}: 'int java.lang.invoke.Invokers$Holder.linkToTargetMethod(java.lang.Object, java.lang.Object)'> (0x00000000d6764b10) 
thrown [s\src\hotspot\share\interpreter\linkResolver.cpp, line 773]
Event: 6.242 Thread 0x0000014d99660060 Exception <a 'java/lang/NoSuchMethodError'{0x00000000d674a710}: 'int java.lang.invoke.Invokers$Holder.linkToTargetMethod(java.lang.Object, java.lang.Object)'> (0x00000000d674a710) 
thrown [s\src\hotspot\share\interpreter\linkResolver.cpp, line 773]
Event: 6.243 Thread 0x0000014d996627c0 Exception <a 'java/lang/NoSuchMethodError'{0x00000000d6762990}: 'int java.lang.invoke.Invokers$Holder.linkToTargetMethod(java.lang.Object, java.lang.Object)'> (0x00000000d6762990) 
thrown [s\src\hotspot\share\interpreter\linkResolver.cpp, line 773]
Event: 6.409 Thread 0x0000014d996627c0 Exception <a 'java/lang/NoSuchMethodError'{0x00000000d5ba6088}: 'int java.lang.invoke.DirectMethodHandle$Holder.invokeSpecial(java.lang.Object, java.lang.Object, java.lang.Object, java.lang.Object)'> (0x00000000d5ba6088) 
thrown [s\src\hotspot\share\interpreter\linkResolver.cpp, line 773]
Event: 6.409 Thread 0x0000014d99660060 Exception <a 'java/lang/NoSuchMethodError'{0x00000000d5bac920}: 'int java.lang.invoke.DirectMethodHandle$Holder.invokeSpecial(java.lang.Object, java.lang.Object, java.lang.Object, java.lang.Object)'> (0x00000000d5bac920) 
thrown [s\src\hotspot\share\interpreter\linkResolver.cpp, line 773]
Event: 6.414 Thread 0x0000014d996627c0 Exception <a 'java/lang/NoSuchMethodError'{0x00000000d5bcd668}: 'java.lang.Object java.lang.invoke.DirectMethodHandle$Holder.invokeStatic(java.lang.Object, int, java.lang.Object, java.lang.Object)'> (0x00000000d5bcd668) 
thrown [s\src\hotspot\share\interpreter\linkResolver.cpp, line 773]
Event: 6.414 Thread 0x0000014d99660060 Exception <a 'java/lang/NoSuchMethodError'{0x00000000d5bba130}: 'java.lang.Object java.lang.invoke.DirectMethodHandle$Holder.invokeStatic(java.lang.Object, int, java.lang.Object, java.lang.Object)'> (0x00000000d5bba130) 
thrown [s\src\hotspot\share\interpreter\linkResolver.cpp, line 773]
Event: 6.415 Thread 0x0000014d99660060 Exception <a 'java/lang/NoSuchMethodError'{0x00000000d5bbdbb8}: 'java.lang.Object java.lang.invoke.DelegatingMethodHandle$Holder.delegate(java.lang.Object, int, java.lang.Object, java.lang.Object)'> (0x00000000d5bbdbb8) 
thrown [s\src\hotspot\share\interpreter\linkResolver.cpp, line 773]
Event: 6.415 Thread 0x0000014d996627c0 Exception <a 'java/lang/NoSuchMethodError'{0x00000000d5c0fec0}: 'java.lang.Object java.lang.invoke.DelegatingMethodHandle$Holder.delegate(java.lang.Object, int, java.lang.Object, java.lang.Object)'> (0x00000000d5c0fec0) 
thrown [s\src\hotspot\share\interpreter\linkResolver.cpp, line 773]
Event: 6.418 Thread 0x0000014d99660060 Implicit null exception at 0x0000014d4338f5e4 to 0x0000014d4338f8b8
Event: 6.418 Thread 0x0000014d996627c0 Implicit null exception at 0x0000014d4338f5e4 to 0x0000014d4338f8b8
Event: 6.422 Thread 0x0000014d996627c0 Exception <a 'java/lang/NoSuchMethodError'{0x00000000d5c3d868}: 'int java.lang.invoke.Invokers$Holder.linkToTargetMethod(java.lang.Object, java.lang.Object, java.lang.Object)'> (0x00000000d5c3d868) 
thrown [s\src\hotspot\share\interpreter\linkResolver.cpp, line 773]
Event: 6.422 Thread 0x0000014d99660060 Exception <a 'java/lang/NoSuchMethodError'{0x00000000d5c20820}: 'int java.lang.invoke.Invokers$Holder.linkToTargetMethod(java.lang.Object, java.lang.Object, java.lang.Object)'> (0x00000000d5c20820) 
thrown [s\src\hotspot\share\interpreter\linkResolver.cpp, line 773]
Event: 7.562 Thread 0x0000014d996627c0 Exception <a 'java/lang/LinkageError'{0x00000000d5cbb940}: loader lombok.launch.ShadowClassLoader @70e19293 attempted duplicate class definition for lombok.launch.PatchFixesHider$Transform. (lombok.launch.PatchFixesHider$Transform is in unnamed module of loader lombok.launch.ShadowClassLoader @70e19293, parent loader org.eclipse.osgi.internal.loader.EquinoxClassLoader @48ca9d7c)> (0x00000000d5cbb940) 
thrown [s\src\hotspot\share\classfile\systemDictionary.cpp, line 1682]
Event: 7.563 Thread 0x0000014d99660060 Exception <a 'java/lang/LinkageError'{0x00000000d5cef258}: loader lombok.launch.ShadowClassLoader @70e19293 attempted duplicate class definition for lombok.launch.PatchFixesHider$Transform. (lombok.launch.PatchFixesHider$Transform is in unnamed module of loader lombok.launch.ShadowClassLoader @70e19293, parent loader org.eclipse.osgi.internal.loader.EquinoxClassLoader @48ca9d7c)> (0x00000000d5cef258) 
thrown [s\src\hotspot\share\classfile\systemDictionary.cpp, line 1682]
Event: 8.619 Thread 0x0000014d99662130 Implicit null exception at 0x0000014d433a2c9d to 0x0000014d433a37f8
Event: 8.766 Thread 0x0000014d996627c0 Exception <a 'java/lang/LinkageError'{0x00000000d5f06510}: loader lombok.launch.ShadowClassLoader @70e19293 attempted duplicate class definition for lombok.launch.PatchFixesHider$ValPortal. (lombok.launch.PatchFixesHider$ValPortal is in unnamed module of loader lombok.launch.ShadowClassLoader @70e19293, parent loader org.eclipse.osgi.internal.loader.EquinoxClassLoader @48ca9d7c)> (0x00000000d5f06510) 
thrown [s\src\hotspot\share\classfile\systemDictionary.cpp, line 1682]
Event: 8.766 Thread 0x0000014d99662130 Exception <a 'java/lang/LinkageError'{0x00000000d5ece150}: loader lombok.launch.ShadowClassLoader @70e19293 attempted duplicate class definition for lombok.launch.PatchFixesHider$ValPortal. (lombok.launch.PatchFixesHider$ValPortal is in unnamed module of loader lombok.launch.ShadowClassLoader @70e19293, parent loader org.eclipse.osgi.internal.loader.EquinoxClassLoader @48ca9d7c)> (0x00000000d5ece150) 
thrown [s\src\hotspot\share\classfile\systemDictionary.cpp, line 1682]

ZGC Phase Switch (0 events):
No events

VM Operations (20 events):
Event: 6.916 Executing VM operation: ParallelGCFailedAllocation (Allocation Failure)
Event: 6.924 Executing VM operation: ParallelGCFailedAllocation (Allocation Failure) done
Event: 7.073 Executing VM operation: HandshakeAllThreads (Deoptimize)
Event: 7.073 Executing VM operation: HandshakeAllThreads (Deoptimize) done
Event: 7.201 Executing VM operation: ParallelGCFailedAllocation (Allocation Failure)
Event: 7.208 Executing VM operation: ParallelGCFailedAllocation (Allocation Failure) done
Event: 7.443 Executing VM operation: HandshakeAllThreads (Deoptimize)
Event: 7.443 Executing VM operation: HandshakeAllThreads (Deoptimize) done
Event: 7.674 Executing VM operation: CollectForMetadataAllocation (Metadata GC Threshold)
Event: 7.751 Executing VM operation: CollectForMetadataAllocation (Metadata GC Threshold) done
Event: 8.551 Executing VM operation: ParallelGCFailedAllocation (Allocation Failure)
Event: 8.553 Executing VM operation: ParallelGCFailedAllocation (Allocation Failure) done
Event: 8.827 Executing VM operation: ParallelGCFailedAllocation (Allocation Failure)
Event: 8.828 Executing VM operation: ParallelGCFailedAllocation (Allocation Failure) done
Event: 8.884 Executing VM operation: ParallelGCFailedAllocation (Allocation Failure)
Event: 8.886 Executing VM operation: ParallelGCFailedAllocation (Allocation Failure) done
Event: 9.049 Executing VM operation: HandshakeAllThreads (Deoptimize)
Event: 9.049 Executing VM operation: HandshakeAllThreads (Deoptimize) done
Event: 10.050 Executing VM operation: Cleanup
Event: 10.050 Executing VM operation: Cleanup done

Memory protections (0 events):
No events

Nmethod flushes (20 events):
Event: 7.711 Thread 0x0000014d384ceaa0 flushing  nmethod 0x0000014d3b99da10
Event: 7.711 Thread 0x0000014d384ceaa0 flushing  nmethod 0x0000014d3b9a9f90
Event: 7.711 Thread 0x0000014d384ceaa0 flushing  nmethod 0x0000014d3b9cdb10
Event: 7.711 Thread 0x0000014d384ceaa0 flushing  nmethod 0x0000014d3b9cde10
Event: 7.711 Thread 0x0000014d384ceaa0 flushing  nmethod 0x0000014d3b9cf110
Event: 7.711 Thread 0x0000014d384ceaa0 flushing  nmethod 0x0000014d3b9d4910
Event: 7.711 Thread 0x0000014d384ceaa0 flushing  nmethod 0x0000014d3b9e5890
Event: 7.711 Thread 0x0000014d384ceaa0 flushing  nmethod 0x0000014d3ba5ef10
Event: 7.711 Thread 0x0000014d384ceaa0 flushing  nmethod 0x0000014d3bac4410
Event: 7.711 Thread 0x0000014d384ceaa0 flushing  nmethod 0x0000014d3bac4d10
Event: 7.711 Thread 0x0000014d384ceaa0 flushing  nmethod 0x0000014d3bac7790
Event: 7.711 Thread 0x0000014d384ceaa0 flushing  nmethod 0x0000014d3baf7510
Event: 7.711 Thread 0x0000014d384ceaa0 flushing  nmethod 0x0000014d3baf8790
Event: 7.711 Thread 0x0000014d384ceaa0 flushing  nmethod 0x0000014d3bafda90
Event: 7.711 Thread 0x0000014d384ceaa0 flushing  nmethod 0x0000014d3bb2c690
Event: 7.711 Thread 0x0000014d384ceaa0 flushing  nmethod 0x0000014d3bb40810
Event: 7.711 Thread 0x0000014d384ceaa0 flushing  nmethod 0x0000014d3bb82f90
Event: 7.711 Thread 0x0000014d384ceaa0 flushing  nmethod 0x0000014d3bb83a10
Event: 7.711 Thread 0x0000014d384ceaa0 flushing  nmethod 0x0000014d3bb85610
Event: 7.711 Thread 0x0000014d384ceaa0 flushing  nmethod 0x0000014d3bb97a10

Events (20 events):
Event: 4.783 Thread 0x0000014d35ff7560 Thread added: 0x0000014d996606f0
Event: 4.784 Thread 0x0000014d35ff7560 Thread added: 0x0000014d99660060
Event: 4.790 Thread 0x0000014d912809a0 Thread added: 0x0000014d99fc7380
Event: 5.496 Thread 0x0000014d99fc7380 Thread exited: 0x0000014d99fc7380
Event: 5.498 Thread 0x0000014d97d53a90 Thread exited: 0x0000014d97d53a90
Event: 5.981 Thread 0x0000014d99660060 Thread added: 0x0000014d99662130
Event: 6.048 Thread 0x0000014d99660060 Thread added: 0x0000014d996627c0
Event: 6.161 Thread 0x0000014d912809a0 Thread added: 0x0000014d99013f50
Event: 6.165 Thread 0x0000014d99013f50 Thread added: 0x0000014d97307140
Event: 6.329 Thread 0x0000014d912809a0 Thread added: 0x0000014d998a1c10
Event: 6.329 Thread 0x0000014d912809a0 Thread added: 0x0000014d986f81e0
Event: 6.329 Thread 0x0000014d912809a0 Thread added: 0x0000014d97432100
Event: 7.308 Thread 0x0000014d97432100 Thread exited: 0x0000014d97432100
Event: 7.674 Thread 0x0000014d986f81e0 Thread exited: 0x0000014d986f81e0
Event: 8.029 Thread 0x0000014d998a1c10 Thread exited: 0x0000014d998a1c10
Event: 8.642 Thread 0x0000014d97307140 Thread exited: 0x0000014d97307140
Event: 8.825 Thread 0x0000014d914537d0 Thread added: 0x0000014d97307140
Event: 8.839 Thread 0x0000014d99013f50 Thread added: 0x0000014d99a669b0
Event: 8.843 Thread 0x0000014d97307140 Thread added: 0x0000014d998a1c10
Event: 8.875 Thread 0x0000014d998a1c10 Thread added: 0x0000014d995a7700


Dynamic libraries:
0x00007ff7e3ce0000 - 0x00007ff7e3cee000 	c:\Users\Aurora  N. Postrado\.vscode\extensions\redhat.java-1.50.0-win32-x64\jre\21.0.9-win32-x86_64\bin\java.exe
0x00007ffe6ba20000 - 0x00007ffe6bc87000 	C:\WINDOWS\SYSTEM32\ntdll.dll
0x00007ffe6aa70000 - 0x00007ffe6ab39000 	C:\WINDOWS\System32\KERNEL32.DLL
0x00007ffe68f60000 - 0x00007ffe6934f000 	C:\WINDOWS\System32\KERNELBASE.dll
0x00007ffe69390000 - 0x00007ffe694db000 	C:\WINDOWS\System32\ucrtbase.dll
0x00007ffe3c680000 - 0x00007ffe3c698000 	c:\Users\Aurora  N. Postrado\.vscode\extensions\redhat.java-1.50.0-win32-x64\jre\21.0.9-win32-x86_64\bin\jli.dll
0x00007ffe3ad30000 - 0x00007ffe3ad4e000 	c:\Users\Aurora  N. Postrado\.vscode\extensions\redhat.java-1.50.0-win32-x64\jre\21.0.9-win32-x86_64\bin\VCRUNTIME140.dll
0x00007ffe6a170000 - 0x00007ffe6a335000 	C:\WINDOWS\System32\USER32.dll
0x00007ffe57b40000 - 0x00007ffe57dd3000 	C:\WINDOWS\WinSxS\amd64_microsoft.windows.common-controls_6595b64144ccf1df_6.0.26100.7309_none_3e05feeae336a044\COMCTL32.dll
0x00007ffe69360000 - 0x00007ffe69387000 	C:\WINDOWS\System32\win32u.dll
0x00007ffe69b80000 - 0x00007ffe69c29000 	C:\WINDOWS\System32\msvcrt.dll
0x00007ffe6a420000 - 0x00007ffe6a44b000 	C:\WINDOWS\System32\GDI32.dll
0x00007ffe68c00000 - 0x00007ffe68d2c000 	C:\WINDOWS\System32\gdi32full.dll
0x00007ffe694e0000 - 0x00007ffe69583000 	C:\WINDOWS\System32\msvcp_win.dll
0x00007ffe6b8a0000 - 0x00007ffe6b8d1000 	C:\WINDOWS\System32\IMM32.DLL
0x00007ffe5ab60000 - 0x00007ffe5ab6c000 	c:\Users\Aurora  N. Postrado\.vscode\extensions\redhat.java-1.50.0-win32-x64\jre\21.0.9-win32-x86_64\bin\vcruntime140_1.dll
0x00007ffe19c50000 - 0x00007ffe19cdd000 	c:\Users\Aurora  N. Postrado\.vscode\extensions\redhat.java-1.50.0-win32-x64\jre\21.0.9-win32-x86_64\bin\msvcp140.dll
0x00007ffdd8cb0000 - 0x00007ffdd9a50000 	c:\Users\Aurora  N. Postrado\.vscode\extensions\redhat.java-1.50.0-win32-x64\jre\21.0.9-win32-x86_64\bin\server\jvm.dll
0x00007ffe69ac0000 - 0x00007ffe69b74000 	C:\WINDOWS\System32\ADVAPI32.dll
0x00007ffe6a9c0000 - 0x00007ffe6aa66000 	C:\WINDOWS\System32\sechost.dll
0x00007ffe6a450000 - 0x00007ffe6a568000 	C:\WINDOWS\System32\RPCRT4.dll
0x00007ffe6a0d0000 - 0x00007ffe6a144000 	C:\WINDOWS\System32\WS2_32.dll
0x00007ffe689d0000 - 0x00007ffe68a2e000 	C:\WINDOWS\SYSTEM32\POWRPROF.dll
0x00007ffe62180000 - 0x00007ffe621b5000 	C:\WINDOWS\SYSTEM32\WINMM.dll
0x00007ffe621c0000 - 0x00007ffe621cb000 	C:\WINDOWS\SYSTEM32\VERSION.dll
0x00007ffe689b0000 - 0x00007ffe689c4000 	C:\WINDOWS\SYSTEM32\UMPDC.dll
0x00007ffe67920000 - 0x00007ffe6793b000 	C:\WINDOWS\SYSTEM32\kernel.appcore.dll
0x00007ffe5a040000 - 0x00007ffe5a04a000 	c:\Users\Aurora  N. Postrado\.vscode\extensions\redhat.java-1.50.0-win32-x64\jre\21.0.9-win32-x86_64\bin\jimage.dll
0x00007ffe5e950000 - 0x00007ffe5eb92000 	C:\WINDOWS\SYSTEM32\DBGHELP.DLL
0x00007ffe6a570000 - 0x00007ffe6a8f6000 	C:\WINDOWS\System32\combase.dll
0x00007ffe6a340000 - 0x00007ffe6a416000 	C:\WINDOWS\System32\OLEAUT32.dll
0x00007ffe4a380000 - 0x00007ffe4a3bc000 	C:\WINDOWS\SYSTEM32\dbgcore.DLL
0x00007ffe68eb0000 - 0x00007ffe68f55000 	C:\WINDOWS\System32\bcryptPrimitives.dll
0x00007ffe4d0b0000 - 0x00007ffe4d0bf000 	c:\Users\Aurora  N. Postrado\.vscode\extensions\redhat.java-1.50.0-win32-x64\jre\21.0.9-win32-x86_64\bin\instrument.dll
0x00007ffe35c70000 - 0x00007ffe35c90000 	c:\Users\Aurora  N. Postrado\.vscode\extensions\redhat.java-1.50.0-win32-x64\jre\21.0.9-win32-x86_64\bin\java.dll
0x00007ffe6b120000 - 0x00007ffe6b873000 	C:\WINDOWS\System32\SHELL32.dll
0x00007ffe69650000 - 0x00007ffe697ba000 	C:\WINDOWS\System32\wintypes.dll
0x00007ffe667b0000 - 0x00007ffe6700e000 	C:\WINDOWS\SYSTEM32\windows.storage.dll
0x00007ffe699c0000 - 0x00007ffe69ab4000 	C:\WINDOWS\System32\SHCORE.dll
0x00007ffe697c0000 - 0x00007ffe69826000 	C:\WINDOWS\System32\shlwapi.dll
0x00007ffe68a90000 - 0x00007ffe68ab9000 	C:\WINDOWS\SYSTEM32\profapi.dll
0x00007ffe1fd70000 - 0x00007ffe1fd88000 	c:\Users\Aurora  N. Postrado\.vscode\extensions\redhat.java-1.50.0-win32-x64\jre\21.0.9-win32-x86_64\bin\zip.dll
0x00007ffe4cc30000 - 0x00007ffe4cc40000 	C:\Users\Aurora  N. Postrado\.vscode\extensions\redhat.java-1.50.0-win32-x64\jre\21.0.9-win32-x86_64\bin\net.dll
0x00007ffe5f870000 - 0x00007ffe5f998000 	C:\WINDOWS\SYSTEM32\WINHTTP.dll
0x00007ffe67e90000 - 0x00007ffe67efb000 	C:\WINDOWS\system32\mswsock.dll
0x00007ffe1c6d0000 - 0x00007ffe1c6e6000 	C:\Users\Aurora  N. Postrado\.vscode\extensions\redhat.java-1.50.0-win32-x64\jre\21.0.9-win32-x86_64\bin\nio.dll
0x00007ffe4c6e0000 - 0x00007ffe4c6f0000 	c:\Users\Aurora  N. Postrado\.vscode\extensions\redhat.java-1.50.0-win32-x64\jre\21.0.9-win32-x86_64\bin\verify.dll
0x00007ffe35200000 - 0x00007ffe35244000 	C:\Users\Aurora  N. Postrado\AppData\Roaming\Code\User\globalStorage\redhat.java\1.50.0\config_ss_win\org.eclipse.equinox.launcher\org.eclipse.equinox.launcher.win32.win32.x86_64_1.2.1400.v20250801-0854\eclipse_11916.dll
0x00007ffe6af20000 - 0x00007ffe6b0b7000 	C:\WINDOWS\System32\ole32.dll
0x00007ffe68150000 - 0x00007ffe6816b000 	C:\WINDOWS\SYSTEM32\CRYPTSP.dll
0x00007ffe67880000 - 0x00007ffe678ba000 	C:\WINDOWS\system32\rsaenh.dll
0x00007ffe67f40000 - 0x00007ffe67f6b000 	C:\WINDOWS\SYSTEM32\USERENV.dll
0x00007ffe68a60000 - 0x00007ffe68a8a000 	C:\WINDOWS\SYSTEM32\bcrypt.dll
0x00007ffe68170000 - 0x00007ffe6817c000 	C:\WINDOWS\SYSTEM32\CRYPTBASE.dll
0x00007ffe67330000 - 0x00007ffe67364000 	C:\WINDOWS\SYSTEM32\IPHLPAPI.DLL
0x00007ffe69930000 - 0x00007ffe6993a000 	C:\WINDOWS\System32\NSI.dll
0x00007ffe1c7e0000 - 0x00007ffe1c829000 	C:\Users\Aurora  N. Postrado\AppData\Local\Temp\jna-614272698\jna3678908215960874557.dll
0x00007ffe6a150000 - 0x00007ffe6a158000 	C:\WINDOWS\System32\PSAPI.DLL
0x00007ffe5f840000 - 0x00007ffe5f85e000 	C:\WINDOWS\SYSTEM32\dhcpcsvc6.DLL
0x00007ffe5f810000 - 0x00007ffe5f833000 	C:\WINDOWS\SYSTEM32\dhcpcsvc.DLL

JVMTI agents:
c:\Users\Aurora  N. Postrado\.vscode\extensions\redhat.java-1.50.0-win32-x64\lombok\lombok-1.18.39-4050.jar path:c:\Users\Aurora  N. Postrado\.vscode\extensions\redhat.java-1.50.0-win32-x64\jre\21.0.9-win32-x86_64\bin\instrument.dll, loaded, initialized, instrumentlib options:none

dbghelp: loaded successfully - version: 4.0.5 - missing functions: none
symbol engine: initialized successfully - sym options: 0x614 - pdb path: .;c:\Users\Aurora  N. Postrado\.vscode\extensions\redhat.java-1.50.0-win32-x64\jre\21.0.9-win32-x86_64\bin;C:\WINDOWS\SYSTEM32;C:\WINDOWS\WinSxS\amd64_microsoft.windows.common-controls_6595b64144ccf1df_6.0.26100.7309_none_3e05feeae336a044;c:\Users\Aurora  N. Postrado\.vscode\extensions\redhat.java-1.50.0-win32-x64\jre\21.0.9-win32-x86_64\bin\server;C:\Users\Aurora  N. Postrado\AppData\Roaming\Code\User\globalStorage\redhat.java\1.50.0\config_ss_win\org.eclipse.equinox.launcher\org.eclipse.equinox.launcher.win32.win32.x86_64_1.2.1400.v20250801-0854;C:\Users\Aurora  N. Postrado\AppData\Local\Temp\jna-614272698

VM Arguments:
jvm_args: --add-modules=ALL-SYSTEM --add-opens=java.base/java.util=ALL-UNNAMED --add-opens=java.base/java.lang=ALL-UNNAMED --add-opens=java.base/sun.nio.fs=ALL-UNNAMED -Declipse.application=org.eclipse.jdt.ls.core.id1 -Dosgi.bundles.defaultStartLevel=4 -Declipse.product=org.eclipse.jdt.ls.core.product -Djava.import.generatesMetadataFilesAtProjectRoot=false -DDetectVMInstallationsJob.disabled=true -Dfile.encoding=utf8 -XX:+UseParallelGC -XX:GCTimeRatio=4 -XX:AdaptiveSizePolicyWeight=90 -Dsun.zip.disableMemoryMapping=true -Xmx2G -Xms100m -Xlog:disable -javaagent:c:\Users\Aurora  N. Postrado\.vscode\extensions\redhat.java-1.50.0-win32-x64\lombok\lombok-1.18.39-4050.jar 
java_command: c:\Users\Aurora  N. Postrado\.vscode\extensions\redhat.java-1.50.0-win32-x64\server\plugins\org.eclipse.equinox.launcher_1.7.100.v20251111-0406.jar -configuration c:\Users\Aurora  N. Postrado\AppData\Roaming\Code\User\globalStorage\redhat.java\1.50.0\config_ss_win -data c:\Users\Aurora  N. Postrado\AppData\Roaming\Code\User\workspaceStorage\16087328b602278ea996584764c22d24\redhat.java\ss_ws --pipe=\\.\pipe\lsp-266a01b1c6ccdc0629c93bd1f66304ec-sock
java_class_path (initial): c:\Users\Aurora  N. Postrado\.vscode\extensions\redhat.java-1.50.0-win32-x64\server\plugins\org.eclipse.equinox.launcher_1.7.100.v20251111-0406.jar
Launcher Type: SUN_STANDARD

[Global flags]
    uintx AdaptiveSizePolicyWeight                 = 90                                        {product} {command line}
     intx CICompilerCount                          = 12                                        {product} {ergonomic}
    uintx GCTimeRatio                              = 4                                         {product} {command line}
   size_t InitialHeapSize                          = 104857600                                 {product} {command line}
   size_t MaxHeapSize                              = 2147483648                                {product} {command line}
   size_t MaxNewSize                               = 715653120                                 {product} {ergonomic}
   size_t MinHeapDeltaBytes                        = 524288                                    {product} {ergonomic}
   size_t MinHeapSize                              = 104857600                                 {product} {command line}
   size_t NewSize                                  = 34603008                                  {product} {ergonomic}
    uintx NonNMethodCodeHeapSize                   = 7602480                                {pd product} {ergonomic}
    uintx NonProfiledCodeHeapSize                  = 122027880                              {pd product} {ergonomic}
   size_t OldSize                                  = 70254592                                  {product} {ergonomic}
    uintx ProfiledCodeHeapSize                     = 122027880                              {pd product} {ergonomic}
    uintx ReservedCodeCacheSize                    = 251658240                              {pd product} {ergonomic}
     bool SegmentedCodeCache                       = true                                      {product} {ergonomic}
   size_t SoftMaxHeapSize                          = 2147483648                             {manageable} {ergonomic}
     bool UseCompressedOops                        = true                           {product lp64_product} {ergonomic}
     bool UseLargePagesIndividualAllocation        = false                                  {pd product} {ergonomic}
     bool UseParallelGC                            = true                                      {product} {command line}

Logging:
Log output configuration:
 #0: stdout all=off uptime,level,tags foldmultilines=false
 #1: stderr all=off uptime,level,tags foldmultilines=false

Release file:
JAVA_VERSION="21.0.9" 
MODULES="java.base java.compiler java.datatransfer java.xml java.prefs java.desktop java.instrument java.logging java.management java.security.sasl java.naming java.rmi java.management.rmi java.net.http java.scripting java.security.jgss java.transaction.xa java.sql java.sql.rowset java.xml.crypto java.se java.smartcardio jdk.accessibility jdk.internal.jvmstat jdk.attach jdk.charsets jdk.internal.opt jdk.zipfs jdk.compiler jdk.crypto.ec jdk.crypto.cryptoki jdk.crypto.mscapi jdk.dynalink jdk.internal.ed jdk.editpad jdk.hotspot.agent jdk.httpserver jdk.internal.le jdk.internal.vm.ci jdk.internal.vm.compiler jdk.internal.vm.compiler.management jdk.jartool jdk.javadoc jdk.jcmd jdk.management jdk.management.agent jdk.jconsole jdk.jdeps jdk.jdwp.agent jdk.jdi jdk.jfr jdk.jshell jdk.jsobject jdk.jstatd jdk.localedata jdk.management.jfr jdk.naming.dns jdk.naming.rmi jdk.net jdk.nio.mapmode jdk.random jdk.sctp jdk.security.auth jdk.security.jgss jdk.unsupported jdk.unsupported.desktop jdk.xml.dom" 

Environment Variables:
PATH=C:\Program Files\Eclipse Adoptium\jdk-17.0.17.10-hotspot\bin;C:\Windows\system32;C:\Windows;C:\Windows\System32\Wbem;C:\Windows\System32\WindowsPowerShell\v1.0\;C:\Windows\System32\OpenSSH\;C:\Program Files (x86)\NVIDIA Corporation\PhysX\Common;C:\Program Files\NVIDIA Corporation\NVIDIA NvDLISR;C:\WINDOWS\system32;C:\WINDOWS;C:\WINDOWS\System32\Wbem;C:\WINDOWS\System32\WindowsPowerShell\v1.0\;C:\WINDOWS\System32\OpenSSH\;C:\Program Files\Git\cmd;C:\Users\Aurora  N. Postrado\AppData\Local\Microsoft\WindowsApps;C:\Users\Aurora  N. Postrado\AppData\Local\Programs\Microsoft VS Code\bin;C:\Users\Aurora  N. Postrado\AppData\Local\GitHubDesktop\bin
USERNAME=Aurora  N. Postrado
OS=Windows_NT
PROCESSOR_IDENTIFIER=AMD64 Family 23 Model 104 Stepping 1, AuthenticAMD
TMP=C:\Users\AURORA~1.POS\AppData\Local\Temp
TEMP=C:\Users\AURORA~1.POS\AppData\Local\Temp




Periodic native trim disabled

---------------  S Y S T E M  ---------------

OS:
 Windows 11 , 64 bit Build 26100 (10.0.26100.7309)
OS uptime: 0 days 0:12 hours

CPU: total 16 (initial active 16) (16 cores per cpu, 2 threads per core) family 23 model 104 stepping 1 microcode 0x8608103, cx8, cmov, fxsr, ht, mmx, 3dnowpref, sse, sse2, sse3, ssse3, sse4a, sse4.1, sse4.2, popcnt, lzcnt, tsc, tscinvbit, avx, avx2, aes, clmul, bmi1, bmi2, adx, sha, fma, vzeroupper, clflush, clflushopt, rdtscp, rdpid, f16c
Processor Information for the first 16 processors :
  Max Mhz: 1801, Current Mhz: 1801, Mhz Limit: 1801

Memory: 4k page, system-wide physical 7514M (1270M free)
TotalPageFile size 7514M (AvailPageFile size 7M)
current process WorkingSet (physical memory assigned to process): 219M, peak: 223M
current process commit charge ("private bytes"): 344M, peak: 349M

vm_info: OpenJDK 64-Bit Server VM (21.0.9+10-LTS) for windows-amd64 JRE (21.0.9+10-LTS), built on 2025-10-21T00:00:00Z by "admin" with unknown MS VC++:1942

END.
