#
# There is insufficient memory for the Java Runtime Environment to continue.
# Native memory allocation (malloc) failed to allocate 682816 bytes. Error detail: Chunk::new
# Possible reasons:
#   The system is out of physical RAM or swap space
#   This process is running with CompressedOops enabled, and the Java Heap may be blocking the growth of the native heap
# Possible solutions:
#   Reduce memory load on the system
#   Increase physical memory or swap space
#   Check if swap backing store is full
#   Decrease Java heap size (-Xmx/-Xms)
#   Decrease number of Java threads
#   Decrease Java thread stack sizes (-Xss)
#   Set larger code cache with -XX:ReservedCodeCacheSize=
#   JVM is running with Unscaled Compressed Oops mode in which the Java heap is
#     placed in the first 4GB address space. The Java Heap base address is the
#     maximum limit for the native heap growth. Please use -XX:HeapBaseMinAddress
#     to set the Java Heap base and to place the Java Heap above 4GB virtual address.
# This output file may be truncated or incomplete.
#
#  Out of Memory Error (arena.cpp:168), pid=8264, tid=3268
#
# JRE version: OpenJDK Runtime Environment Temurin-21.0.9+10 (21.0.9+10) (build 21.0.9+10-LTS)
# Java VM: OpenJDK 64-Bit Server VM Temurin-21.0.9+10 (21.0.9+10-LTS, mixed mode, sharing, tiered, compressed oops, compressed class ptrs, parallel gc, windows-amd64)
# No core dump will be written. Minidumps are not enabled by default on client versions of Windows
#

---------------  S U M M A R Y ------------

Command Line: --add-modules=ALL-SYSTEM --add-opens=java.base/java.util=ALL-UNNAMED --add-opens=java.base/java.lang=ALL-UNNAMED --add-opens=java.base/sun.nio.fs=ALL-UNNAMED -Declipse.application=org.eclipse.jdt.ls.core.id1 -Dosgi.bundles.defaultStartLevel=4 -Declipse.product=org.eclipse.jdt.ls.core.product -Djava.import.generatesMetadataFilesAtProjectRoot=false -DDetectVMInstallationsJob.disabled=true -Dfile.encoding=utf8 -XX:+UseParallelGC -XX:GCTimeRatio=4 -XX:AdaptiveSizePolicyWeight=90 -Dsun.zip.disableMemoryMapping=true -Xmx2G -Xms100m -Xlog:disable -javaagent:c:\Users\Aurora  N. Postrado\.vscode\extensions\redhat.java-1.50.0-win32-x64\lombok\lombok-1.18.39-4050.jar -XX:+HeapDumpOnOutOfMemoryError -XX:HeapDumpPath=c:\Users\Aurora  N. Postrado\AppData\Roaming\Code\User\workspaceStorage\16087328b602278ea996584764c22d24\redhat.java -Daether.dependencyCollector.impl=bf c:\Users\Aurora  N. Postrado\.vscode\extensions\redhat.java-1.50.0-win32-x64\server\plugins\org.eclipse.equinox.launcher_1.7.100.v20251111-0406.jar -configuration c:\Users\Aurora  N. Postrado\AppData\Roaming\Code\User\globalStorage\redhat.java\1.50.0\config_win -data c:\Users\Aurora  N. Postrado\AppData\Roaming\Code\User\workspaceStorage\16087328b602278ea996584764c22d24\redhat.java\jdt_ws --pipe=\\.\pipe\lsp-65e7111018e31ed501caabed2f7cf4e8-sock

Host: AMD Ryzen 7 5700U with Radeon Graphics         , 16 cores, 7G,  Windows 11 , 64 bit Build 26100 (10.0.26100.7309)
Time: Fri Dec 12 09:50:47 2025 Malay Peninsula Standard Time elapsed time: 51.382545 seconds (0d 0h 0m 51s)

---------------  T H R E A D  ---------------

Current thread (0x000001fa0a83a400):  JavaThread "C2 CompilerThread0" daemon [_thread_in_native, id=3268, stack(0x000000b5e6600000,0x000000b5e6700000) (1024K)]


Current CompileTask:
C2:51382 9948       4       org.eclipse.jdt.internal.compiler.lookup.BinaryTypeBinding::createMethod (1666 bytes)

Stack: [0x000000b5e6600000,0x000000b5e6700000]
Native frames: (J=compiled Java code, j=interpreted, Vv=VM code, C=native code)
V  [jvm.dll+0x6d6e29]
V  [jvm.dll+0x8b4b76]
V  [jvm.dll+0x8b712e]
V  [jvm.dll+0x8b7813]
V  [jvm.dll+0x283d86]
V  [jvm.dll+0xc66ed]
V  [jvm.dll+0xc6c31]
V  [jvm.dll+0x2facee]
V  [jvm.dll+0x5fde44]
V  [jvm.dll+0x255557]
V  [jvm.dll+0x25591d]
V  [jvm.dll+0x24df40]
V  [jvm.dll+0x24b482]
V  [jvm.dll+0x1cb13e]
V  [jvm.dll+0x25b29d]
V  [jvm.dll+0x25982a]
V  [jvm.dll+0x3f7ea6]
V  [jvm.dll+0x85e9ad]
V  [jvm.dll+0x6d565d]
C  [ucrtbase.dll+0x37b0]
C  [KERNEL32.DLL+0x2e8d7]
C  [ntdll.dll+0x8c53c]


---------------  P R O C E S S  ---------------

Threads class SMR info:
_java_thread_list=0x000001fa7864bfd0, length=86, elements={
0x000001fa0a77c2b0, 0x000001fa0a72e520, 0x000001fa0a823f60, 0x000001fa0a828410,
0x000001fa0a82cfe0, 0x000001fa0a830a40, 0x000001fa0a832630, 0x000001fa0a83a400,
0x000001fa0a83d560, 0x000001fa638651a0, 0x000001fa690781d0, 0x000001fa6943a0f0,
0x000001fa69438d40, 0x000001fa6943ae10, 0x000001fa6943b4a0, 0x000001fa694393d0,
0x000001fa69439a60, 0x000001fa69438020, 0x000001fa6943a780, 0x000001fa694386b0,
0x000001fa6a5de1a0, 0x000001fa6a5de830, 0x000001fa6a5df550, 0x000001fa6a5e0900,
0x000001fa6a5deec0, 0x000001fa6a5dfbe0, 0x000001fa6a5e0270, 0x000001fa6a5e0f90,
0x000001fa6a5ddb10, 0x000001fa6de46260, 0x000001fa6de47610, 0x000001fa6de489c0,
0x000001fa6de496e0, 0x000001fa6de47ca0, 0x000001fa6de49d70, 0x000001fa6de468f0,
0x000001fa6de4a400, 0x000001fa6de48330, 0x000001fa6de46f80, 0x000001fa6de4aa90,
0x000001fa6de4b120, 0x000001fa6de49050, 0x000001fa6de4be40, 0x000001fa6de4c4d0,
0x000001fa6de4b7b0, 0x000001fa6de4cb60, 0x000001fa6de4d1f0, 0x000001fa6de4d880,
0x000001fa6e294780, 0x000001fa6e2961c0, 0x000001fa6e294e10, 0x000001fa6e2954a0,
0x000001fa6e295b30, 0x000001fa6e297570, 0x000001fa6e2940f0, 0x000001fa6e299640,
0x000001fa6e299cd0, 0x000001fa6e298920, 0x000001fa6e297c00, 0x000001fa6e298290,
0x000001fa6e296850, 0x000001fa6e296ee0, 0x000001fa6e29b080, 0x000001fa6e29a360,
0x000001fa6e29b710, 0x000001fa6e29a9f0, 0x000001fa6f022700, 0x000001fa6f023420,
0x000001fa6f0219e0, 0x000001fa6f0275c0, 0x000001fa6394d3e0, 0x000001fa6f027c50,
0x000001fa6f026210, 0x000001fa6f024e60, 0x000001fa6f0268a0, 0x000001fa6f026f30,
0x000001fa6f028970, 0x000001fa6f029000, 0x000001fa6addd630, 0x000001fa6394b8a0,
0x000001fa6394bf70, 0x000001fa6394b1d0, 0x000001fa6394cd10, 0x000001fa6adde350,
0x000001fa6394e180, 0x000001fa6394c640
}

Java Threads: ( => current thread )
  0x000001fa0a77c2b0 JavaThread "main"                              [_thread_blocked, id=2000, stack(0x000000b5e5c00000,0x000000b5e5d00000) (1024K)]
  0x000001fa0a72e520 JavaThread "Reference Handler"          daemon [_thread_blocked, id=10336, stack(0x000000b5e6000000,0x000000b5e6100000) (1024K)]
  0x000001fa0a823f60 JavaThread "Finalizer"                  daemon [_thread_blocked, id=6488, stack(0x000000b5e6100000,0x000000b5e6200000) (1024K)]
  0x000001fa0a828410 JavaThread "Signal Dispatcher"          daemon [_thread_blocked, id=10844, stack(0x000000b5e6200000,0x000000b5e6300000) (1024K)]
  0x000001fa0a82cfe0 JavaThread "Attach Listener"            daemon [_thread_blocked, id=9300, stack(0x000000b5e6300000,0x000000b5e6400000) (1024K)]
  0x000001fa0a830a40 JavaThread "Service Thread"             daemon [_thread_blocked, id=18408, stack(0x000000b5e6400000,0x000000b5e6500000) (1024K)]
  0x000001fa0a832630 JavaThread "Monitor Deflation Thread"   daemon [_thread_blocked, id=18064, stack(0x000000b5e6500000,0x000000b5e6600000) (1024K)]
=>0x000001fa0a83a400 JavaThread "C2 CompilerThread0"         daemon [_thread_in_native, id=3268, stack(0x000000b5e6600000,0x000000b5e6700000) (1024K)]
  0x000001fa0a83d560 JavaThread "C1 CompilerThread0"         daemon [_thread_in_native, id=17668, stack(0x000000b5e6700000,0x000000b5e6800000) (1024K)]
  0x000001fa638651a0 JavaThread "Common-Cleaner"             daemon [_thread_blocked, id=8016, stack(0x000000b5e6b00000,0x000000b5e6c00000) (1024K)]
  0x000001fa690781d0 JavaThread "Notification Thread"        daemon [_thread_blocked, id=17068, stack(0x000000b5e6d00000,0x000000b5e6e00000) (1024K)]
  0x000001fa6943a0f0 JavaThread "Active Thread: Equinox Container: 88533cb8-846f-4b64-b527-2d6257ae9ce9"        [_thread_blocked, id=16340, stack(0x000000b5e7700000,0x000000b5e7800000) (1024K)]
  0x000001fa69438d40 JavaThread "Refresh Thread: Equinox Container: 88533cb8-846f-4b64-b527-2d6257ae9ce9" daemon [_thread_blocked, id=5708, stack(0x000000b5e7900000,0x000000b5e7a00000) (1024K)]
  0x000001fa6943ae10 JavaThread "Framework Event Dispatcher: Equinox Container: 88533cb8-846f-4b64-b527-2d6257ae9ce9" daemon [_thread_blocked, id=8036, stack(0x000000b5e7a00000,0x000000b5e7b00000) (1024K)]
  0x000001fa6943b4a0 JavaThread "Start Level: Equinox Container: 88533cb8-846f-4b64-b527-2d6257ae9ce9" daemon [_thread_blocked, id=6460, stack(0x000000b5e7b00000,0x000000b5e7c00000) (1024K)]
  0x000001fa694393d0 JavaThread "Bundle File Closer"         daemon [_thread_blocked, id=18388, stack(0x000000b5e7f00000,0x000000b5e8000000) (1024K)]
  0x000001fa69439a60 JavaThread "SCR Component Actor"        daemon [_thread_blocked, id=10328, stack(0x000000b5e8000000,0x000000b5e8100000) (1024K)]
  0x000001fa69438020 JavaThread "Worker-JM"                         [_thread_blocked, id=17672, stack(0x000000b5e8200000,0x000000b5e8300000) (1024K)]
  0x000001fa6943a780 JavaThread "JNA Cleaner"                daemon [_thread_blocked, id=7256, stack(0x000000b5e7000000,0x000000b5e7100000) (1024K)]
  0x000001fa694386b0 JavaThread "Worker-0"                          [_thread_blocked, id=5216, stack(0x000000b5e8400000,0x000000b5e8500000) (1024K)]
  0x000001fa6a5de1a0 JavaThread "Worker-1"                          [_thread_blocked, id=4476, stack(0x000000b5e8500000,0x000000b5e8600000) (1024K)]
  0x000001fa6a5de830 JavaThread "Worker-2"                          [_thread_blocked, id=3592, stack(0x000000b5e8600000,0x000000b5e8700000) (1024K)]
  0x000001fa6a5df550 JavaThread "Java indexing"              daemon [_thread_blocked, id=1560, stack(0x000000b5e6f00000,0x000000b5e7000000) (1024K)]
  0x000001fa6a5e0900 JavaThread "Worker-3: Initialize workspace"        [_thread_blocked, id=2936, stack(0x000000b5e8b00000,0x000000b5e8c00000) (1024K)]
  0x000001fa6a5deec0 JavaThread "Worker-4"                          [_thread_blocked, id=10752, stack(0x000000b5e8c00000,0x000000b5e8d00000) (1024K)]
  0x000001fa6a5dfbe0 JavaThread "Thread-1"                   daemon [_thread_in_native, id=3260, stack(0x000000b5e8d00000,0x000000b5e8e00000) (1024K)]
  0x000001fa6a5e0270 JavaThread "Thread-2"                   daemon [_thread_in_native, id=17484, stack(0x000000b5e8e00000,0x000000b5e8f00000) (1024K)]
  0x000001fa6a5e0f90 JavaThread "Thread-3"                   daemon [_thread_in_native, id=16916, stack(0x000000b5e8f00000,0x000000b5e9000000) (1024K)]
  0x000001fa6a5ddb10 JavaThread "Thread-4"                   daemon [_thread_in_native, id=18360, stack(0x000000b5e9000000,0x000000b5e9100000) (1024K)]
  0x000001fa6de46260 JavaThread "Thread-5"                   daemon [_thread_in_native, id=1628, stack(0x000000b5e9100000,0x000000b5e9200000) (1024K)]
  0x000001fa6de47610 JavaThread "Thread-6"                   daemon [_thread_in_native, id=17256, stack(0x000000b5e9200000,0x000000b5e9300000) (1024K)]
  0x000001fa6de489c0 JavaThread "Thread-7"                   daemon [_thread_in_native, id=15864, stack(0x000000b5e9300000,0x000000b5e9400000) (1024K)]
  0x000001fa6de496e0 JavaThread "Thread-8"                   daemon [_thread_in_native, id=15208, stack(0x000000b5e9400000,0x000000b5e9500000) (1024K)]
  0x000001fa6de47ca0 JavaThread "Thread-9"                   daemon [_thread_in_native, id=17584, stack(0x000000b5e9500000,0x000000b5e9600000) (1024K)]
  0x000001fa6de49d70 JavaThread "Thread-10"                  daemon [_thread_in_native, id=13956, stack(0x000000b5e9600000,0x000000b5e9700000) (1024K)]
  0x000001fa6de468f0 JavaThread "Thread-11"                  daemon [_thread_in_native, id=2512, stack(0x000000b5e9700000,0x000000b5e9800000) (1024K)]
  0x000001fa6de4a400 JavaThread "Thread-12"                  daemon [_thread_in_native, id=16764, stack(0x000000b5e9800000,0x000000b5e9900000) (1024K)]
  0x000001fa6de48330 JavaThread "Thread-13"                  daemon [_thread_in_native, id=6952, stack(0x000000b5e9900000,0x000000b5e9a00000) (1024K)]
  0x000001fa6de46f80 JavaThread "Thread-14"                  daemon [_thread_in_native, id=4520, stack(0x000000b5e9a00000,0x000000b5e9b00000) (1024K)]
  0x000001fa6de4aa90 JavaThread "Thread-15"                  daemon [_thread_in_native, id=9388, stack(0x000000b5e9b00000,0x000000b5e9c00000) (1024K)]
  0x000001fa6de4b120 JavaThread "Thread-16"                  daemon [_thread_in_native, id=11212, stack(0x000000b5e9c00000,0x000000b5e9d00000) (1024K)]
  0x000001fa6de49050 JavaThread "Thread-17"                  daemon [_thread_in_native, id=14072, stack(0x000000b5e9d00000,0x000000b5e9e00000) (1024K)]
  0x000001fa6de4be40 JavaThread "pool-2-thread-1"                   [_thread_blocked, id=4600, stack(0x000000b5e9e00000,0x000000b5e9f00000) (1024K)]
  0x000001fa6de4c4d0 JavaThread "WorkspaceEventsHandler"            [_thread_blocked, id=6264, stack(0x000000b5ea200000,0x000000b5ea300000) (1024K)]
  0x000001fa6de4b7b0 JavaThread "pool-1-thread-1"                   [_thread_in_vm, id=2168, stack(0x000000b5ea300000,0x000000b5ea400000) (1024K)]
  0x000001fa6de4cb60 JavaThread "LocalFile Deleter"          daemon [_thread_blocked, id=7432, stack(0x000000b5ea400000,0x000000b5ea500000) (1024K)]
  0x000001fa6de4d1f0 JavaThread "Compiler Source File Reader" daemon [_thread_blocked, id=1568, stack(0x000000b5ea500000,0x000000b5ea600000) (1024K)]
  0x000001fa6de4d880 JavaThread "Compiler Source File Reader" daemon [_thread_blocked, id=1848, stack(0x000000b5ea600000,0x000000b5ea700000) (1024K)]
  0x000001fa6e294780 JavaThread "Compiler Source File Reader" daemon [_thread_blocked, id=15060, stack(0x000000b5ea700000,0x000000b5ea800000) (1024K)]
  0x000001fa6e2961c0 JavaThread "Compiler Source File Reader" daemon [_thread_blocked, id=18188, stack(0x000000b5ea800000,0x000000b5ea900000) (1024K)]
  0x000001fa6e294e10 JavaThread "Compiler Source File Reader" daemon [_thread_blocked, id=2580, stack(0x000000b5ea900000,0x000000b5eaa00000) (1024K)]
  0x000001fa6e2954a0 JavaThread "Compiler Source File Reader" daemon [_thread_blocked, id=8560, stack(0x000000b5eaa00000,0x000000b5eab00000) (1024K)]
  0x000001fa6e295b30 JavaThread "Compiler Source File Reader" daemon [_thread_blocked, id=15520, stack(0x000000b5eab00000,0x000000b5eac00000) (1024K)]
  0x000001fa6e297570 JavaThread "Compiler Source File Reader" daemon [_thread_blocked, id=15524, stack(0x000000b5eac00000,0x000000b5ead00000) (1024K)]
  0x000001fa6e2940f0 JavaThread "Compiler Source File Reader" daemon [_thread_blocked, id=14136, stack(0x000000b5ead00000,0x000000b5eae00000) (1024K)]
  0x000001fa6e299640 JavaThread "Compiler Source File Reader" daemon [_thread_blocked, id=11776, stack(0x000000b5eae00000,0x000000b5eaf00000) (1024K)]
  0x000001fa6e299cd0 JavaThread "Compiler Source File Reader" daemon [_thread_blocked, id=16080, stack(0x000000b5eaf00000,0x000000b5eb000000) (1024K)]
  0x000001fa6e298920 JavaThread "Compiler Source File Reader" daemon [_thread_blocked, id=4536, stack(0x000000b5eb000000,0x000000b5eb100000) (1024K)]
  0x000001fa6e297c00 JavaThread "Compiler Source File Reader" daemon [_thread_blocked, id=15512, stack(0x000000b5eb100000,0x000000b5eb200000) (1024K)]
  0x000001fa6e298290 JavaThread "Compiler Source File Reader" daemon [_thread_blocked, id=10024, stack(0x000000b5eb200000,0x000000b5eb300000) (1024K)]
  0x000001fa6e296850 JavaThread "Compiler Processing Task"   daemon [_thread_blocked, id=3208, stack(0x000000b5eb300000,0x000000b5eb400000) (1024K)]
  0x000001fa6e296ee0 JavaThread "Compiler Class File Writer" daemon [_thread_blocked, id=18000, stack(0x000000b5eb400000,0x000000b5eb500000) (1024K)]
  0x000001fa6e29b080 JavaThread "Compiler Class File Writer" daemon [_thread_blocked, id=18276, stack(0x000000b5eb500000,0x000000b5eb600000) (1024K)]
  0x000001fa6e29a360 JavaThread "Compiler Class File Writer" daemon [_thread_blocked, id=1372, stack(0x000000b5eb600000,0x000000b5eb700000) (1024K)]
  0x000001fa6e29b710 JavaThread "Compiler Class File Writer" daemon [_thread_blocked, id=1992, stack(0x000000b5eb700000,0x000000b5eb800000) (1024K)]
  0x000001fa6e29a9f0 JavaThread "Compiler Class File Writer" daemon [_thread_blocked, id=17252, stack(0x000000b5eb800000,0x000000b5eb900000) (1024K)]
  0x000001fa6f022700 JavaThread "Compiler Class File Writer" daemon [_thread_blocked, id=6364, stack(0x000000b5eb900000,0x000000b5eba00000) (1024K)]
  0x000001fa6f023420 JavaThread "Compiler Class File Writer" daemon [_thread_blocked, id=16140, stack(0x000000b5eba00000,0x000000b5ebb00000) (1024K)]
  0x000001fa6f0219e0 JavaThread "Compiler Class File Writer" daemon [_thread_blocked, id=13376, stack(0x000000b5ebb00000,0x000000b5ebc00000) (1024K)]
  0x000001fa6f0275c0 JavaThread "ForkJoinPool.commonPool-worker-1" daemon [_thread_blocked, id=15036, stack(0x000000b5ebc00000,0x000000b5ebd00000) (1024K)]
  0x000001fa6394d3e0 JavaThread "C2 CompilerThread1"         daemon [_thread_in_native, id=12708, stack(0x000000b5e6800000,0x000000b5e6900000) (1024K)]
  0x000001fa6f027c50 JavaThread "ForkJoinPool.commonPool-worker-2" daemon [_thread_blocked, id=5040, stack(0x000000b5e6900000,0x000000b5e6a00000) (1024K)]
  0x000001fa6f026210 JavaThread "ForkJoinPool.commonPool-worker-3" daemon [_thread_blocked, id=12976, stack(0x000000b5e6a00000,0x000000b5e6b00000) (1024K)]
  0x000001fa6f024e60 JavaThread "ForkJoinPool.commonPool-worker-4" daemon [_thread_in_Java, id=1960, stack(0x000000b5e6c00000,0x000000b5e6d00000) (1024K)]
  0x000001fa6f0268a0 JavaThread "ForkJoinPool.commonPool-worker-5" daemon [_thread_blocked, id=11692, stack(0x000000b5e6e00000,0x000000b5e6f00000) (1024K)]
  0x000001fa6f026f30 JavaThread "ForkJoinPool.commonPool-worker-6" daemon [_thread_blocked, id=13408, stack(0x000000b5e8700000,0x000000b5e8800000) (1024K)]
  0x000001fa6f028970 JavaThread "ForkJoinPool.commonPool-worker-7" daemon [_thread_blocked, id=16108, stack(0x000000b5e8800000,0x000000b5e8900000) (1024K)]
  0x000001fa6f029000 JavaThread "ForkJoinPool.commonPool-worker-8" daemon [_thread_blocked, id=6276, stack(0x000000b5e9f00000,0x000000b5ea000000) (1024K)]
  0x000001fa6addd630 JavaThread "ForkJoinPool.commonPool-worker-9" daemon [_thread_blocked, id=13088, stack(0x000000b5ea000000,0x000000b5ea100000) (1024K)]
  0x000001fa6394b8a0 JavaThread "C2 CompilerThread2"         daemon [_thread_in_native, id=8576, stack(0x000000b5ebd00000,0x000000b5ebe00000) (1024K)]
  0x000001fa6394bf70 JavaThread "C2 CompilerThread3"         daemon [_thread_in_native, id=16392, stack(0x000000b5ebe00000,0x000000b5ebf00000) (1024K)]
  0x000001fa6394b1d0 JavaThread "C1 CompilerThread1"         daemon [_thread_in_native, id=7740, stack(0x000000b5ea100000,0x000000b5ea200000) (1024K)]
  0x000001fa6394cd10 JavaThread "C1 CompilerThread2"         daemon [_thread_blocked, id=5796, stack(0x000000b5ebf00000,0x000000b5ec000000) (1024K)]
  0x000001fa6adde350 JavaThread "Worker-5"                          [_thread_blocked, id=15636, stack(0x000000b5ec000000,0x000000b5ec100000) (1024K)]
  0x000001fa6394e180 JavaThread "C2 CompilerThread4"         daemon [_thread_in_native, id=4572, stack(0x000000b5ec100000,0x000000b5ec200000) (1024K)]
  0x000001fa6394c640 JavaThread "C2 CompilerThread5"         daemon [_thread_in_native, id=2272, stack(0x000000b5ec200000,0x000000b5ec300000) (1024K)]
Total: 86

Other Threads:
  0x000001fa0a7137b0 VMThread "VM Thread"                           [id=2336, stack(0x000000b5e5f00000,0x000000b5e6000000) (1024K)]
  0x000001fa0a60ca00 WatcherThread "VM Periodic Task Thread"        [id=11240, stack(0x000000b5e5e00000,0x000000b5e5f00000) (1024K)]
  0x000001fa0a79d320 WorkerThread "GC Thread#0"                     [id=7312, stack(0x000000b5e5d00000,0x000000b5e5e00000) (1024K)]
  0x000001fa69448000 WorkerThread "GC Thread#1"                     [id=8216, stack(0x000000b5e7100000,0x000000b5e7200000) (1024K)]
  0x000001fa694485b0 WorkerThread "GC Thread#2"                     [id=18184, stack(0x000000b5e7200000,0x000000b5e7300000) (1024K)]
  0x000001fa69448950 WorkerThread "GC Thread#3"                     [id=6372, stack(0x000000b5e7300000,0x000000b5e7400000) (1024K)]
  0x000001fa69988be0 WorkerThread "GC Thread#4"                     [id=8740, stack(0x000000b5e7400000,0x000000b5e7500000) (1024K)]
  0x000001fa694450e0 WorkerThread "GC Thread#5"                     [id=15156, stack(0x000000b5e7500000,0x000000b5e7600000) (1024K)]
  0x000001fa694462a0 WorkerThread "GC Thread#6"                     [id=18080, stack(0x000000b5e7600000,0x000000b5e7700000) (1024K)]
  0x000001fa698b9510 WorkerThread "GC Thread#7"                     [id=10176, stack(0x000000b5e7800000,0x000000b5e7900000) (1024K)]
  0x000001fa6a2f03a0 WorkerThread "GC Thread#8"                     [id=6744, stack(0x000000b5e7c00000,0x000000b5e7d00000) (1024K)]
  0x000001fa6a3e6150 WorkerThread "GC Thread#9"                     [id=2520, stack(0x000000b5e7d00000,0x000000b5e7e00000) (1024K)]
  0x000001fa6a3e6c30 WorkerThread "GC Thread#10"                    [id=7968, stack(0x000000b5e7e00000,0x000000b5e7f00000) (1024K)]
  0x000001fa6a3e7ab0 WorkerThread "GC Thread#11"                    [id=7888, stack(0x000000b5e8100000,0x000000b5e8200000) (1024K)]
  0x000001fa6a3e7710 WorkerThread "GC Thread#12"                    [id=13196, stack(0x000000b5e8300000,0x000000b5e8400000) (1024K)]
Total: 15

Threads with active compile tasks:
C2 CompilerThread0  54445 9948       4       org.eclipse.jdt.internal.compiler.lookup.BinaryTypeBinding::createMethod (1666 bytes)
C2 CompilerThread1  54445 10010 %     4       org.lombokweb.asm.ClassReader::readCode @ 92 (5117 bytes)
C2 CompilerThread2  54446 10133       4       org.eclipse.jdt.internal.core.JavaElement::getElementInfo (27 bytes)
C2 CompilerThread3  54446 10009       4       org.lombokweb.asm.SymbolTable::<init> (554 bytes)
C1 CompilerThread1  54446 10229       3       java.io.Reader::<init> (27 bytes)
C2 CompilerThread4  54446 10080       4       java.net.URI::decode (376 bytes)
C2 CompilerThread5  54446 10210       4       java.io.Writer::write (11 bytes)
Total: 7

VM state: not at safepoint (normal execution)

VM Mutex/Monitor currently owned by a thread: None

Heap address: 0x0000000080000000, size: 2048 MB, Compressed Oops mode: 32-bit

CDS archive(s) mapped at: [0x000001fa22000000-0x000001fa22ba0000-0x000001fa22ba0000), size 12189696, SharedBaseAddress: 0x000001fa22000000, ArchiveRelocationMode: 1.
Compressed class space mapped at: 0x000001fa23000000-0x000001fa63000000, reserved size: 1073741824
Narrow klass base: 0x000001fa22000000, Narrow klass shift: 0, Narrow klass range: 0x100000000

GC Precious Log:
 CardTable entry size: 512
 CPUs: 16 total, 16 available
 Memory: 7514M
 Large Page Support: Disabled
 NUMA Support: Disabled
 Compressed Oops: Enabled (32-bit)
 Alignments: Space 512K, Generation 512K, Heap 2M
 Heap Min Capacity: 100M
 Heap Initial Capacity: 100M
 Heap Max Capacity: 2G
 Pre-touch: Disabled
 Parallel Workers: 13

Heap:
 PSYoungGen      total 12288K, used 8520K [0x00000000d5580000, 0x00000000d6580000, 0x0000000100000000)
  eden space 11264K, 66% used [0x00000000d5580000,0x00000000d5cd6198,0x00000000d6080000)
  from space 1024K, 98% used [0x00000000d6200000,0x00000000d62fc030,0x00000000d6300000)
  to   space 1536K, 0% used [0x00000000d6080000,0x00000000d6080000,0x00000000d6200000)
 ParOldGen       total 378880K, used 378626K [0x0000000080000000, 0x0000000097200000, 0x00000000d5580000)
  object space 378880K, 99% used [0x0000000080000000,0x00000000971c09d8,0x0000000097200000)
 Metaspace       used 61165K, committed 62528K, reserved 1114112K
  class space    used 6515K, committed 7104K, reserved 1048576K

Card table byte_map: [0x000001fa0a120000,0x000001fa0a530000] _byte_map_base: 0x000001fa09d20000

Marking Bits: (ParMarkBitMap*) 0x00007ffe3d672460
 Begin Bits: [0x000001fa1cc30000, 0x000001fa1ec30000)
 End Bits:   [0x000001fa1ec30000, 0x000001fa20c30000)

Polling page: 0x000001fa08570000

Metaspace:

Usage:
  Non-class:     53.37 MB used.
      Class:      6.36 MB used.
       Both:     59.73 MB used.

Virtual space:
  Non-class space:       64.00 MB reserved,      54.12 MB ( 85%) committed,  1 nodes.
      Class space:        1.00 GB reserved,       6.94 MB ( <1%) committed,  1 nodes.
             Both:        1.06 GB reserved,      61.06 MB (  6%) committed. 

Chunk freelists:
   Non-Class:  9.42 MB
       Class:  9.10 MB
        Both:  18.52 MB

MaxMetaspaceSize: unlimited
CompressedClassSpaceSize: 1.00 GB
Initial GC threshold: 21.00 MB
Current GC threshold: 96.50 MB
CDS: on
 - commit_granule_bytes: 65536.
 - commit_granule_words: 8192.
 - virtual_space_node_default_size: 8388608.
 - enlarge_chunks_in_place: 1.
 - use_allocation_guard: 0.


Internal statistics:

num_allocs_failed_limit: 6.
num_arena_births: 990.
num_arena_deaths: 14.
num_vsnodes_births: 2.
num_vsnodes_deaths: 0.
num_space_committed: 977.
num_space_uncommitted: 0.
num_chunks_returned_to_freelist: 20.
num_chunks_taken_from_freelist: 3867.
num_chunk_merges: 11.
num_chunk_splits: 2335.
num_chunks_enlarged: 1291.
num_inconsistent_stats: 0.

CodeHeap 'non-profiled nmethods': size=119168Kb used=7552Kb max_used=7552Kb free=111615Kb
 bounds [0x000001fa15520000, 0x000001fa15c90000, 0x000001fa1c980000]
CodeHeap 'profiled nmethods': size=119104Kb used=21055Kb max_used=21055Kb free=98049Kb
 bounds [0x000001fa0d980000, 0x000001fa0ee20000, 0x000001fa14dd0000]
CodeHeap 'non-nmethods': size=7488Kb used=2563Kb max_used=3214Kb free=4924Kb
 bounds [0x000001fa14dd0000, 0x000001fa15100000, 0x000001fa15520000]
CodeCache: size=245760Kb, used=31170Kb, max_used=31821Kb, free=214588Kb
 total_blobs=10107, nmethods=9350, adapters=661, full_count=0
Compilation: enabled, stopped_count=0, restarted_count=0

Compilation events (20 events):
Event: 49.372 Thread 0x000001fa6394cd10 10180       3       org.eclipse.jdt.internal.compiler.parser.Parser::resetModifiers (24 bytes)
Event: 49.373 Thread 0x000001fa6394cd10 nmethod 10180 0x000001fa0edf1c90 code [0x000001fa0edf1e20, 0x000001fa0edf1f50]
Event: 49.375 Thread 0x000001fa0a83d560 10181       3       org.eclipse.jdt.internal.core.NameLookup::trim (31 bytes)
Event: 49.376 Thread 0x000001fa6394cd10 10182       1       org.eclipse.jdt.internal.compiler.ast.AbstractMethodDeclaration::isClinit (2 bytes)
Event: 49.376 Thread 0x000001fa0a83d560 nmethod 10181 0x000001fa0edf2010 code [0x000001fa0edf2200, 0x000001fa0edf27f8]
Event: 49.376 Thread 0x000001fa6394cd10 nmethod 10182 0x000001fa15c7d310 code [0x000001fa15c7d4a0, 0x000001fa15c7d568]
Event: 49.377 Thread 0x000001fa6394cd10 10183       3       java.util.regex.Pattern::newSlice (181 bytes)
Event: 49.377 Thread 0x000001fa6394b1d0 10184       1       org.eclipse.jdt.internal.core.JavaModelManager::getJavaModel (5 bytes)
Event: 49.377 Thread 0x000001fa0a83d560 10185       3       org.eclipse.jdt.internal.core.BinaryMember::<init> (7 bytes)
Event: 49.377 Thread 0x000001fa6394b1d0 nmethod 10184 0x000001fa15c7d610 code [0x000001fa15c7d7a0, 0x000001fa15c7d868]
Event: 49.377 Thread 0x000001fa6394b1d0 10187       3       org.eclipse.osgi.internal.framework.EquinoxBundle::resolve (37 bytes)
Event: 49.377 Thread 0x000001fa0a83d560 nmethod 10185 0x000001fa0edf2a10 code [0x000001fa0edf2be0, 0x000001fa0edf2e78]
Event: 49.377 Thread 0x000001fa0a83d560 10188       3       org.eclipse.jdt.internal.compiler.lookup.LookupEnvironment::computePackageFrom (584 bytes)
Event: 49.378 Thread 0x000001fa6394b1d0 nmethod 10187 0x000001fa0edf3010 code [0x000001fa0edf3220, 0x000001fa0edf37a0]
Event: 49.378 Thread 0x000001fa6394b1d0 10189       3       org.eclipse.jdt.internal.compiler.lookup.SignatureWrapper::computeEnd (248 bytes)
Event: 49.378 Thread 0x000001fa6394cd10 nmethod 10183 0x000001fa0edf3a10 code [0x000001fa0edf3d60, 0x000001fa0edf51e0]
Event: 49.378 Thread 0x000001fa6394b1d0 nmethod 10189 0x000001fa0edf5990 code [0x000001fa0edf5b80, 0x000001fa0edf6128]
Event: 49.378 Thread 0x000001fa6394b1d0 10186   !   3       org.eclipse.core.internal.registry.ConfigurationElementHandle::createExecutableExtension (58 bytes)
Event: 49.378 Thread 0x000001fa6394cd10 10190       3       org.eclipse.jdt.internal.compiler.lookup.ModuleBinding$UnNamedModule::canAccess (77 bytes)
Event: 49.379 Thread 0x000001fa6394cd10 nmethod 10190 0x000001fa0edf6390 code [0x000001fa0edf65e0, 0x000001fa0edf6f50]

GC Heap History (20 events):
Event: 40.809 GC heap before
{Heap before GC invocations=210 (full 3):
 PSYoungGen      total 5632K, used 5605K [0x00000000d5580000, 0x00000000d5f00000, 0x0000000100000000)
  eden space 3072K, 100% used [0x00000000d5580000,0x00000000d5880000,0x00000000d5880000)
  from space 2560K, 98% used [0x00000000d5b80000,0x00000000d5df9658,0x00000000d5e00000)
  to   space 3072K, 0% used [0x00000000d5880000,0x00000000d5880000,0x00000000d5b80000)
 ParOldGen       total 359936K, used 359635K [0x0000000080000000, 0x0000000095f80000, 0x00000000d5580000)
  object space 359936K, 99% used [0x0000000080000000,0x0000000095f34fc8,0x0000000095f80000)
 Metaspace       used 58266K, committed 59520K, reserved 1114112K
  class space    used 6164K, committed 6720K, reserved 1048576K
}
Event: 40.812 GC heap after
{Heap after GC invocations=210 (full 3):
 PSYoungGen      total 6144K, used 1184K [0x00000000d5580000, 0x00000000d5d80000, 0x0000000100000000)
  eden space 3072K, 0% used [0x00000000d5580000,0x00000000d5580000,0x00000000d5880000)
  from space 3072K, 38% used [0x00000000d5880000,0x00000000d59a8000,0x00000000d5b80000)
  to   space 2048K, 0% used [0x00000000d5b80000,0x00000000d5b80000,0x00000000d5d80000)
 ParOldGen       total 362496K, used 362314K [0x0000000080000000, 0x0000000096200000, 0x00000000d5580000)
  object space 362496K, 99% used [0x0000000080000000,0x00000000961d2a20,0x0000000096200000)
 Metaspace       used 58266K, committed 59520K, reserved 1114112K
  class space    used 6164K, committed 6720K, reserved 1048576K
}
Event: 40.815 GC heap before
{Heap before GC invocations=211 (full 3):
 PSYoungGen      total 6144K, used 4256K [0x00000000d5580000, 0x00000000d5d80000, 0x0000000100000000)
  eden space 3072K, 100% used [0x00000000d5580000,0x00000000d5880000,0x00000000d5880000)
  from space 3072K, 38% used [0x00000000d5880000,0x00000000d59a8000,0x00000000d5b80000)
  to   space 2048K, 0% used [0x00000000d5b80000,0x00000000d5b80000,0x00000000d5d80000)
 ParOldGen       total 362496K, used 362314K [0x0000000080000000, 0x0000000096200000, 0x00000000d5580000)
  object space 362496K, 99% used [0x0000000080000000,0x00000000961d2a20,0x0000000096200000)
 Metaspace       used 58266K, committed 59520K, reserved 1114112K
  class space    used 6164K, committed 6720K, reserved 1048576K
}
Event: 40.817 GC heap after
{Heap after GC invocations=211 (full 3):
 PSYoungGen      total 5632K, used 1152K [0x00000000d5580000, 0x00000000d5d00000, 0x0000000100000000)
  eden space 4096K, 0% used [0x00000000d5580000,0x00000000d5580000,0x00000000d5980000)
  from space 1536K, 75% used [0x00000000d5b80000,0x00000000d5ca0000,0x00000000d5d00000)
  to   space 1536K, 0% used [0x00000000d5a00000,0x00000000d5a00000,0x00000000d5b80000)
 ParOldGen       total 363520K, used 363370K [0x0000000080000000, 0x0000000096300000, 0x00000000d5580000)
  object space 363520K, 99% used [0x0000000080000000,0x00000000962daa20,0x0000000096300000)
 Metaspace       used 58266K, committed 59520K, reserved 1114112K
  class space    used 6164K, committed 6720K, reserved 1048576K
}
Event: 40.829 GC heap before
{Heap before GC invocations=212 (full 3):
 PSYoungGen      total 5632K, used 5248K [0x00000000d5580000, 0x00000000d5d00000, 0x0000000100000000)
  eden space 4096K, 100% used [0x00000000d5580000,0x00000000d5980000,0x00000000d5980000)
  from space 1536K, 75% used [0x00000000d5b80000,0x00000000d5ca0000,0x00000000d5d00000)
  to   space 1536K, 0% used [0x00000000d5a00000,0x00000000d5a00000,0x00000000d5b80000)
 ParOldGen       total 363520K, used 363370K [0x0000000080000000, 0x0000000096300000, 0x00000000d5580000)
  object space 363520K, 99% used [0x0000000080000000,0x00000000962daa20,0x0000000096300000)
 Metaspace       used 58270K, committed 59520K, reserved 1114112K
  class space    used 6165K, committed 6720K, reserved 1048576K
}
Event: 40.833 GC heap after
{Heap after GC invocations=212 (full 3):
 PSYoungGen      total 6144K, used 1525K [0x00000000d5580000, 0x00000000d6580000, 0x0000000100000000)
  eden space 4608K, 0% used [0x00000000d5580000,0x00000000d5580000,0x00000000d5a00000)
  from space 1536K, 99% used [0x00000000d5a00000,0x00000000d5b7d4d0,0x00000000d5b80000)
  to   space 5632K, 0% used [0x00000000d6000000,0x00000000d6000000,0x00000000d6580000)
 ParOldGen       total 367104K, used 366810K [0x0000000080000000, 0x0000000096680000, 0x00000000d5580000)
  object space 367104K, 99% used [0x0000000080000000,0x0000000096636a20,0x0000000096680000)
 Metaspace       used 58270K, committed 59520K, reserved 1114112K
  class space    used 6165K, committed 6720K, reserved 1048576K
}
Event: 40.846 GC heap before
{Heap before GC invocations=213 (full 3):
 PSYoungGen      total 6144K, used 6133K [0x00000000d5580000, 0x00000000d6580000, 0x0000000100000000)
  eden space 4608K, 100% used [0x00000000d5580000,0x00000000d5a00000,0x00000000d5a00000)
  from space 1536K, 99% used [0x00000000d5a00000,0x00000000d5b7d4d0,0x00000000d5b80000)
  to   space 5632K, 0% used [0x00000000d6000000,0x00000000d6000000,0x00000000d6580000)
 ParOldGen       total 367104K, used 366810K [0x0000000080000000, 0x0000000096680000, 0x00000000d5580000)
  object space 367104K, 99% used [0x0000000080000000,0x0000000096636a20,0x0000000096680000)
 Metaspace       used 58277K, committed 59520K, reserved 1114112K
  class space    used 6165K, committed 6720K, reserved 1048576K
}
Event: 40.850 GC heap after
{Heap after GC invocations=213 (full 3):
 PSYoungGen      total 10752K, used 4709K [0x00000000d5580000, 0x00000000d6500000, 0x0000000100000000)
  eden space 5632K, 0% used [0x00000000d5580000,0x00000000d5580000,0x00000000d5b00000)
  from space 5120K, 91% used [0x00000000d6000000,0x00000000d64997b0,0x00000000d6500000)
  to   space 5120K, 0% used [0x00000000d5b00000,0x00000000d5b00000,0x00000000d6000000)
 ParOldGen       total 368640K, used 368504K [0x0000000080000000, 0x0000000096800000, 0x00000000d5580000)
  object space 368640K, 99% used [0x0000000080000000,0x00000000967de260,0x0000000096800000)
 Metaspace       used 58277K, committed 59520K, reserved 1114112K
  class space    used 6165K, committed 6720K, reserved 1048576K
}
Event: 40.866 GC heap before
{Heap before GC invocations=214 (full 3):
 PSYoungGen      total 10752K, used 10341K [0x00000000d5580000, 0x00000000d6500000, 0x0000000100000000)
  eden space 5632K, 100% used [0x00000000d5580000,0x00000000d5b00000,0x00000000d5b00000)
  from space 5120K, 91% used [0x00000000d6000000,0x00000000d64997b0,0x00000000d6500000)
  to   space 5120K, 0% used [0x00000000d5b00000,0x00000000d5b00000,0x00000000d6000000)
 ParOldGen       total 368640K, used 368504K [0x0000000080000000, 0x0000000096800000, 0x00000000d5580000)
  object space 368640K, 99% used [0x0000000080000000,0x00000000967de260,0x0000000096800000)
 Metaspace       used 58293K, committed 59584K, reserved 1114112K
  class space    used 6165K, committed 6720K, reserved 1048576K
}
Event: 40.870 GC heap after
{Heap after GC invocations=214 (full 3):
 PSYoungGen      total 10752K, used 5112K [0x00000000d5580000, 0x00000000d6d00000, 0x0000000100000000)
  eden space 5632K, 0% used [0x00000000d5580000,0x00000000d5580000,0x00000000d5b00000)
  from space 5120K, 99% used [0x00000000d5b00000,0x00000000d5ffe368,0x00000000d6000000)
  to   space 8704K, 0% used [0x00000000d6480000,0x00000000d6480000,0x00000000d6d00000)
 ParOldGen       total 371712K, used 371287K [0x0000000080000000, 0x0000000096b00000, 0x00000000d5580000)
  object space 371712K, 99% used [0x0000000080000000,0x0000000096a95d30,0x0000000096b00000)
 Metaspace       used 58293K, committed 59584K, reserved 1114112K
  class space    used 6165K, committed 6720K, reserved 1048576K
}
Event: 40.917 GC heap before
{Heap before GC invocations=215 (full 3):
 PSYoungGen      total 10752K, used 10744K [0x00000000d5580000, 0x00000000d6d00000, 0x0000000100000000)
  eden space 5632K, 99% used [0x00000000d5580000,0x00000000d5afffc0,0x00000000d5b00000)
  from space 5120K, 99% used [0x00000000d5b00000,0x00000000d5ffe368,0x00000000d6000000)
  to   space 8704K, 0% used [0x00000000d6480000,0x00000000d6480000,0x00000000d6d00000)
 ParOldGen       total 371712K, used 371287K [0x0000000080000000, 0x0000000096b00000, 0x00000000d5580000)
  object space 371712K, 99% used [0x0000000080000000,0x0000000096a95d30,0x0000000096b00000)
 Metaspace       used 58394K, committed 59712K, reserved 1114112K
  class space    used 6183K, committed 6784K, reserved 1048576K
}
Event: 40.921 GC heap after
{Heap after GC invocations=215 (full 3):
 PSYoungGen      total 9216K, used 2242K [0x00000000d5580000, 0x00000000d6700000, 0x0000000100000000)
  eden space 6656K, 0% used [0x00000000d5580000,0x00000000d5580000,0x00000000d5c00000)
  from space 2560K, 87% used [0x00000000d6480000,0x00000000d66b0908,0x00000000d6700000)
  to   space 4608K, 0% used [0x00000000d5e00000,0x00000000d5e00000,0x00000000d6280000)
 ParOldGen       total 375808K, used 375420K [0x0000000080000000, 0x0000000096f00000, 0x00000000d5580000)
  object space 375808K, 99% used [0x0000000080000000,0x0000000096e9f218,0x0000000096f00000)
 Metaspace       used 58394K, committed 59712K, reserved 1114112K
  class space    used 6183K, committed 6784K, reserved 1048576K
}
Event: 40.961 GC heap before
{Heap before GC invocations=216 (full 3):
 PSYoungGen      total 9216K, used 8896K [0x00000000d5580000, 0x00000000d6700000, 0x0000000100000000)
  eden space 6656K, 99% used [0x00000000d5580000,0x00000000d5bff8d0,0x00000000d5c00000)
  from space 2560K, 87% used [0x00000000d6480000,0x00000000d66b0908,0x00000000d6700000)
  to   space 4608K, 0% used [0x00000000d5e00000,0x00000000d5e00000,0x00000000d6280000)
 ParOldGen       total 375808K, used 375420K [0x0000000080000000, 0x0000000096f00000, 0x00000000d5580000)
  object space 375808K, 99% used [0x0000000080000000,0x0000000096e9f218,0x0000000096f00000)
 Metaspace       used 58735K, committed 60032K, reserved 1114112K
  class space    used 6238K, committed 6784K, reserved 1048576K
}
Event: 41.974 GC heap after
{Heap after GC invocations=216 (full 3):
 PSYoungGen      total 12800K, used 1379K [0x00000000d5580000, 0x00000000d6500000, 0x0000000100000000)
  eden space 8192K, 0% used [0x00000000d5580000,0x00000000d5580000,0x00000000d5d80000)
  from space 4608K, 29% used [0x00000000d5e00000,0x00000000d5f58f08,0x00000000d6280000)
  to   space 2560K, 0% used [0x00000000d6280000,0x00000000d6280000,0x00000000d6500000)
 ParOldGen       total 377344K, used 377323K [0x0000000080000000, 0x0000000097080000, 0x00000000d5580000)
  object space 377344K, 99% used [0x0000000080000000,0x000000009707ac30,0x0000000097080000)
 Metaspace       used 58735K, committed 60032K, reserved 1114112K
  class space    used 6238K, committed 6784K, reserved 1048576K
}
Event: 43.066 GC heap before
{Heap before GC invocations=217 (full 3):
 PSYoungGen      total 12800K, used 9557K [0x00000000d5580000, 0x00000000d6500000, 0x0000000100000000)
  eden space 8192K, 99% used [0x00000000d5580000,0x00000000d5d7c550,0x00000000d5d80000)
  from space 4608K, 29% used [0x00000000d5e00000,0x00000000d5f58f08,0x00000000d6280000)
  to   space 2560K, 0% used [0x00000000d6280000,0x00000000d6280000,0x00000000d6500000)
 ParOldGen       total 377344K, used 377323K [0x0000000080000000, 0x0000000097080000, 0x00000000d5580000)
  object space 377344K, 99% used [0x0000000080000000,0x000000009707ac30,0x0000000097080000)
 Metaspace       used 59550K, committed 60928K, reserved 1114112K
  class space    used 6331K, committed 6912K, reserved 1048576K
}
Event: 43.068 GC heap after
{Heap after GC invocations=217 (full 3):
 PSYoungGen      total 10752K, used 666K [0x00000000d5580000, 0x00000000d6380000, 0x0000000100000000)
  eden space 9728K, 0% used [0x00000000d5580000,0x00000000d5580000,0x00000000d5f00000)
  from space 1024K, 65% used [0x00000000d6280000,0x00000000d6326a40,0x00000000d6380000)
  to   space 1536K, 0% used [0x00000000d6080000,0x00000000d6080000,0x00000000d6200000)
 ParOldGen       total 378368K, used 378171K [0x0000000080000000, 0x0000000097180000, 0x00000000d5580000)
  object space 378368K, 99% used [0x0000000080000000,0x000000009714ec58,0x0000000097180000)
 Metaspace       used 59550K, committed 60928K, reserved 1114112K
  class space    used 6331K, committed 6912K, reserved 1048576K
}
Event: 43.181 GC heap before
{Heap before GC invocations=218 (full 3):
 PSYoungGen      total 10752K, used 10380K [0x00000000d5580000, 0x00000000d6380000, 0x0000000100000000)
  eden space 9728K, 99% used [0x00000000d5580000,0x00000000d5efc5d8,0x00000000d5f00000)
  from space 1024K, 65% used [0x00000000d6280000,0x00000000d6326a40,0x00000000d6380000)
  to   space 1536K, 0% used [0x00000000d6080000,0x00000000d6080000,0x00000000d6200000)
 ParOldGen       total 378368K, used 378171K [0x0000000080000000, 0x0000000097180000, 0x00000000d5580000)
  object space 378368K, 99% used [0x0000000080000000,0x000000009714ec58,0x0000000097180000)
 Metaspace       used 60342K, committed 61760K, reserved 1114112K
  class space    used 6440K, committed 7040K, reserved 1048576K
}
Event: 43.184 GC heap after
{Heap after GC invocations=218 (full 3):
 PSYoungGen      total 12800K, used 895K [0x00000000d5580000, 0x00000000d6300000, 0x0000000100000000)
  eden space 11264K, 0% used [0x00000000d5580000,0x00000000d5580000,0x00000000d6080000)
  from space 1536K, 58% used [0x00000000d6080000,0x00000000d615fd28,0x00000000d6200000)
  to   space 1024K, 0% used [0x00000000d6200000,0x00000000d6200000,0x00000000d6300000)
 ParOldGen       total 378880K, used 378418K [0x0000000080000000, 0x0000000097200000, 0x00000000d5580000)
  object space 378880K, 99% used [0x0000000080000000,0x000000009718c9d8,0x0000000097200000)
 Metaspace       used 60342K, committed 61760K, reserved 1114112K
  class space    used 6440K, committed 7040K, reserved 1048576K
}
Event: 45.302 GC heap before
{Heap before GC invocations=219 (full 3):
 PSYoungGen      total 12800K, used 12159K [0x00000000d5580000, 0x00000000d6300000, 0x0000000100000000)
  eden space 11264K, 100% used [0x00000000d5580000,0x00000000d6080000,0x00000000d6080000)
  from space 1536K, 58% used [0x00000000d6080000,0x00000000d615fd28,0x00000000d6200000)
  to   space 1024K, 0% used [0x00000000d6200000,0x00000000d6200000,0x00000000d6300000)
 ParOldGen       total 378880K, used 378418K [0x0000000080000000, 0x0000000097200000, 0x00000000d5580000)
  object space 378880K, 99% used [0x0000000080000000,0x000000009718c9d8,0x0000000097200000)
 Metaspace       used 61026K, committed 62336K, reserved 1114112K
  class space    used 6501K, committed 7040K, reserved 1048576K
}
Event: 47.331 GC heap after
{Heap after GC invocations=219 (full 3):
 PSYoungGen      total 12288K, used 1008K [0x00000000d5580000, 0x00000000d6580000, 0x0000000100000000)
  eden space 11264K, 0% used [0x00000000d5580000,0x00000000d5580000,0x00000000d6080000)
  from space 1024K, 98% used [0x00000000d6200000,0x00000000d62fc030,0x00000000d6300000)
  to   space 1536K, 0% used [0x00000000d6080000,0x00000000d6080000,0x00000000d6200000)
 ParOldGen       total 378880K, used 378626K [0x0000000080000000, 0x0000000097200000, 0x00000000d5580000)
  object space 378880K, 99% used [0x0000000080000000,0x00000000971c09d8,0x0000000097200000)
 Metaspace       used 61026K, committed 62336K, reserved 1114112K
  class space    used 6501K, committed 7040K, reserved 1048576K
}

Dll operation events (10 events):
Event: 0.015 Loaded shared library c:\Users\Aurora  N. Postrado\.vscode\extensions\redhat.java-1.50.0-win32-x64\jre\21.0.9-win32-x86_64\bin\java.dll
Event: 0.113 Loaded shared library c:\Users\Aurora  N. Postrado\.vscode\extensions\redhat.java-1.50.0-win32-x64\jre\21.0.9-win32-x86_64\bin\zip.dll
Event: 0.141 Loaded shared library C:\Users\Aurora  N. Postrado\.vscode\extensions\redhat.java-1.50.0-win32-x64\jre\21.0.9-win32-x86_64\bin\instrument.dll
Event: 0.146 Loaded shared library C:\Users\Aurora  N. Postrado\.vscode\extensions\redhat.java-1.50.0-win32-x64\jre\21.0.9-win32-x86_64\bin\net.dll
Event: 0.148 Loaded shared library C:\Users\Aurora  N. Postrado\.vscode\extensions\redhat.java-1.50.0-win32-x64\jre\21.0.9-win32-x86_64\bin\nio.dll
Event: 0.151 Loaded shared library C:\Users\Aurora  N. Postrado\.vscode\extensions\redhat.java-1.50.0-win32-x64\jre\21.0.9-win32-x86_64\bin\zip.dll
Event: 0.172 Loaded shared library C:\Users\Aurora  N. Postrado\.vscode\extensions\redhat.java-1.50.0-win32-x64\jre\21.0.9-win32-x86_64\bin\jimage.dll
Event: 0.253 Loaded shared library c:\Users\Aurora  N. Postrado\.vscode\extensions\redhat.java-1.50.0-win32-x64\jre\21.0.9-win32-x86_64\bin\verify.dll
Event: 1.143 Loaded shared library C:\Users\Aurora  N. Postrado\AppData\Roaming\Code\User\globalStorage\redhat.java\1.50.0\config_win\org.eclipse.equinox.launcher\org.eclipse.equinox.launcher.win32.win32.x86_64_1.2.1400.v20250801-0854\eclipse_11916.dll
Event: 2.405 Loaded shared library C:\Users\Aurora  N. Postrado\AppData\Local\Temp\jna-614272698\jna17365053911357461091.dll

Deoptimization events (20 events):
Event: 47.335 Thread 0x000001fa6f024e60 DEOPT PACKING pc=0x000001fa15a5eb7c sp=0x000000b5e6cfdc40
Event: 47.335 Thread 0x000001fa6f024e60 DEOPT UNPACKING pc=0x000001fa14e23aa2 sp=0x000000b5e6cfdba0 mode 2
Event: 47.345 Thread 0x000001fa6de4b7b0 Uncommon trap: trap_request=0xffffffde fr.pc=0x000001fa1580abf8 relative=0x0000000000000518
Event: 47.345 Thread 0x000001fa6de4b7b0 Uncommon trap: reason=class_check action=maybe_recompile pc=0x000001fa1580abf8 method=java.io.Writer.write(Ljava/lang/String;)V @ 7 c2
Event: 47.345 Thread 0x000001fa6de4b7b0 DEOPT PACKING pc=0x000001fa1580abf8 sp=0x000000b5ea3fed90
Event: 47.345 Thread 0x000001fa6de4b7b0 DEOPT UNPACKING pc=0x000001fa14e23aa2 sp=0x000000b5ea3fed58 mode 2
Event: 47.345 Thread 0x000001fa6de4b7b0 Uncommon trap: trap_request=0xffffff45 fr.pc=0x000001fa1573fc94 relative=0x00000000000001d4
Event: 47.345 Thread 0x000001fa6de4b7b0 Uncommon trap: reason=unstable_if action=reinterpret pc=0x000001fa1573fc94 method=java.io.BufferedOutputStream.implWrite([BII)V @ 5 c2
Event: 47.345 Thread 0x000001fa6de4b7b0 DEOPT PACKING pc=0x000001fa1573fc94 sp=0x000000b5ea3fea70
Event: 47.345 Thread 0x000001fa6de4b7b0 DEOPT UNPACKING pc=0x000001fa14e23aa2 sp=0x000000b5ea3fea38 mode 2
Event: 47.346 Thread 0x000001fa6de4b7b0 Uncommon trap: trap_request=0xffffffde fr.pc=0x000001fa1580abf8 relative=0x0000000000000518
Event: 47.346 Thread 0x000001fa6de4b7b0 Uncommon trap: reason=class_check action=maybe_recompile pc=0x000001fa1580abf8 method=java.io.Writer.write(Ljava/lang/String;)V @ 7 c2
Event: 47.346 Thread 0x000001fa6de4b7b0 DEOPT PACKING pc=0x000001fa1580abf8 sp=0x000000b5ea3fed90
Event: 47.346 Thread 0x000001fa6de4b7b0 DEOPT UNPACKING pc=0x000001fa14e23aa2 sp=0x000000b5ea3fed58 mode 2
Event: 47.347 Thread 0x000001fa6de4b7b0 Uncommon trap: trap_request=0xffffffde fr.pc=0x000001fa1580abf8 relative=0x0000000000000518
Event: 48.349 Thread 0x000001fa6de4b7b0 Uncommon trap: reason=class_check action=maybe_recompile pc=0x000001fa1580abf8 method=java.io.Writer.write(Ljava/lang/String;)V @ 7 c2
Event: 49.363 Thread 0x000001fa6de4b7b0 DEOPT PACKING pc=0x000001fa1580abf8 sp=0x000000b5ea3fed90
Event: 49.363 Thread 0x000001fa6de4b7b0 DEOPT UNPACKING pc=0x000001fa14e23aa2 sp=0x000000b5ea3fed58 mode 2
Event: 49.377 Thread 0x000001fa6adde350 DEOPT PACKING pc=0x000001fa0e80f822 sp=0x000000b5ec0fdcd0
Event: 49.377 Thread 0x000001fa6adde350 DEOPT UNPACKING pc=0x000001fa14e24242 sp=0x000000b5ec0fd0f8 mode 0

Classes loaded (20 events):
Event: 8.494 Loading class java/util/Collections$SynchronizedList done
Event: 8.494 Loading class java/util/Collections$SynchronizedRandomAccessList done
Event: 8.509 Loading class java/util/concurrent/CompletableFuture$UniApply
Event: 8.509 Loading class java/util/concurrent/CompletableFuture$UniApply done
Event: 8.603 Loading class java/util/concurrent/CompletableFuture$Signaller
Event: 8.603 Loading class java/util/concurrent/CompletableFuture$Signaller done
Event: 38.243 Loading class sun/nio/cs/ISO_8859_1$Encoder
Event: 38.243 Loading class sun/nio/cs/ISO_8859_1$Encoder done
Event: 38.243 Loading class sun/nio/cs/Surrogate$Parser
Event: 38.243 Loading class sun/nio/cs/Surrogate$Parser done
Event: 38.243 Loading class sun/nio/cs/Surrogate
Event: 38.243 Loading class sun/nio/cs/Surrogate done
Event: 40.741 Loading class sun/nio/fs/WindowsFileCopy
Event: 40.743 Loading class sun/nio/fs/WindowsFileCopy done
Event: 40.905 Loading class java/util/concurrent/CompletableFuture$UniExceptionally
Event: 40.906 Loading class java/util/concurrent/CompletableFuture$UniExceptionally done
Event: 41.997 Loading class java/nio/charset/CharacterCodingException
Event: 41.997 Loading class java/nio/charset/CharacterCodingException done
Event: 41.997 Loading class java/io/SequenceInputStream
Event: 41.998 Loading class java/io/SequenceInputStream done

Classes unloaded (7 events):
Event: 2.958 Thread 0x000001fa0a7137b0 Unloading class 0x000001fa231a8800 'java/lang/invoke/LambdaForm$MH+0x000001fa231a8800'
Event: 2.958 Thread 0x000001fa0a7137b0 Unloading class 0x000001fa231a8400 'java/lang/invoke/LambdaForm$MH+0x000001fa231a8400'
Event: 2.958 Thread 0x000001fa0a7137b0 Unloading class 0x000001fa231a8000 'java/lang/invoke/LambdaForm$MH+0x000001fa231a8000'
Event: 2.958 Thread 0x000001fa0a7137b0 Unloading class 0x000001fa231a7c00 'java/lang/invoke/LambdaForm$MH+0x000001fa231a7c00'
Event: 2.958 Thread 0x000001fa0a7137b0 Unloading class 0x000001fa231a7800 'java/lang/invoke/LambdaForm$BMH+0x000001fa231a7800'
Event: 2.958 Thread 0x000001fa0a7137b0 Unloading class 0x000001fa231a7400 'java/lang/invoke/LambdaForm$DMH+0x000001fa231a7400'
Event: 2.958 Thread 0x000001fa0a7137b0 Unloading class 0x000001fa231a6000 'java/lang/invoke/LambdaForm$DMH+0x000001fa231a6000'

Classes redefined (0 events):
No events

Internal exceptions (20 events):
Event: 47.334 Thread 0x000001fa6de4b7b0 Exception <a 'sun/nio/fs/WindowsException'{0x00000000d5581aa8}> (0x00000000d5581aa8) 
thrown [s\src\hotspot\share\prims\jni.cpp, line 520]
Event: 47.335 Thread 0x000001fa6de4b7b0 Exception <a 'sun/nio/fs/WindowsException'{0x00000000d55826c8}> (0x00000000d55826c8) 
thrown [s\src\hotspot\share\prims\jni.cpp, line 520]
Event: 47.337 Thread 0x000001fa6de4b7b0 Exception <a 'sun/nio/fs/WindowsException'{0x00000000d5586468}> (0x00000000d5586468) 
thrown [s\src\hotspot\share\prims\jni.cpp, line 520]
Event: 47.338 Thread 0x000001fa6de4b7b0 Exception <a 'sun/nio/fs/WindowsException'{0x00000000d5587058}> (0x00000000d5587058) 
thrown [s\src\hotspot\share\prims\jni.cpp, line 520]
Event: 47.340 Thread 0x000001fa6de4b7b0 Exception <a 'sun/nio/fs/WindowsException'{0x00000000d5641d58}> (0x00000000d5641d58) 
thrown [s\src\hotspot\share\prims\jni.cpp, line 520]
Event: 47.340 Thread 0x000001fa6de4b7b0 Exception <a 'sun/nio/fs/WindowsException'{0x00000000d5642698}> (0x00000000d5642698) 
thrown [s\src\hotspot\share\prims\jni.cpp, line 520]
Event: 47.340 Thread 0x000001fa6de4b7b0 Exception <a 'sun/nio/fs/WindowsException'{0x00000000d56439b8}> (0x00000000d56439b8) 
thrown [s\src\hotspot\share\prims\jni.cpp, line 520]
Event: 47.340 Thread 0x000001fa6de4b7b0 Exception <a 'sun/nio/fs/WindowsException'{0x00000000d56442f8}> (0x00000000d56442f8) 
thrown [s\src\hotspot\share\prims\jni.cpp, line 520]
Event: 47.341 Thread 0x000001fa6de4b7b0 Exception <a 'sun/nio/fs/WindowsException'{0x00000000d5645620}> (0x00000000d5645620) 
thrown [s\src\hotspot\share\prims\jni.cpp, line 520]
Event: 47.341 Thread 0x000001fa6de4b7b0 Exception <a 'sun/nio/fs/WindowsException'{0x00000000d5645f60}> (0x00000000d5645f60) 
thrown [s\src\hotspot\share\prims\jni.cpp, line 520]
Event: 47.341 Thread 0x000001fa6de4b7b0 Exception <a 'sun/nio/fs/WindowsException'{0x00000000d5647280}> (0x00000000d5647280) 
thrown [s\src\hotspot\share\prims\jni.cpp, line 520]
Event: 47.341 Thread 0x000001fa6de4b7b0 Exception <a 'sun/nio/fs/WindowsException'{0x00000000d5647bc0}> (0x00000000d5647bc0) 
thrown [s\src\hotspot\share\prims\jni.cpp, line 520]
Event: 47.341 Thread 0x000001fa6de4b7b0 Exception <a 'sun/nio/fs/WindowsException'{0x00000000d5648f10}> (0x00000000d5648f10) 
thrown [s\src\hotspot\share\prims\jni.cpp, line 520]
Event: 47.341 Thread 0x000001fa6de4b7b0 Exception <a 'sun/nio/fs/WindowsException'{0x00000000d5649880}> (0x00000000d5649880) 
thrown [s\src\hotspot\share\prims\jni.cpp, line 520]
Event: 47.342 Thread 0x000001fa6de4b7b0 Exception <a 'sun/nio/fs/WindowsException'{0x00000000d564abf8}> (0x00000000d564abf8) 
thrown [s\src\hotspot\share\prims\jni.cpp, line 520]
Event: 47.342 Thread 0x000001fa6de4b7b0 Exception <a 'sun/nio/fs/WindowsException'{0x00000000d56a1da0}> (0x00000000d56a1da0) 
thrown [s\src\hotspot\share\prims\jni.cpp, line 520]
Event: 47.342 Thread 0x000001fa6de4b7b0 Exception <a 'sun/nio/fs/WindowsException'{0x00000000d56a32d0}> (0x00000000d56a32d0) 
thrown [s\src\hotspot\share\prims\jni.cpp, line 520]
Event: 47.342 Thread 0x000001fa6de4b7b0 Exception <a 'sun/nio/fs/WindowsException'{0x00000000d56a3c10}> (0x00000000d56a3c10) 
thrown [s\src\hotspot\share\prims\jni.cpp, line 520]
Event: 47.342 Thread 0x000001fa6de4b7b0 Exception <a 'sun/nio/fs/WindowsException'{0x00000000d56a4f30}> (0x00000000d56a4f30) 
thrown [s\src\hotspot\share\prims\jni.cpp, line 520]
Event: 47.342 Thread 0x000001fa6de4b7b0 Exception <a 'sun/nio/fs/WindowsException'{0x00000000d56a5870}> (0x00000000d56a5870) 
thrown [s\src\hotspot\share\prims\jni.cpp, line 520]

ZGC Phase Switch (0 events):
No events

VM Operations (20 events):
Event: 43.119 Executing VM operation: HandshakeAllThreads (Deoptimize) done
Event: 43.129 Executing VM operation: HandshakeAllThreads (Deoptimize)
Event: 43.129 Executing VM operation: HandshakeAllThreads (Deoptimize) done
Event: 43.132 Executing VM operation: HandshakeAllThreads (Deoptimize)
Event: 43.132 Executing VM operation: HandshakeAllThreads (Deoptimize) done
Event: 43.154 Executing VM operation: HandshakeAllThreads (Deoptimize)
Event: 43.154 Executing VM operation: HandshakeAllThreads (Deoptimize) done
Event: 43.180 Executing VM operation: ParallelGCFailedAllocation (Allocation Failure)
Event: 43.184 Executing VM operation: ParallelGCFailedAllocation (Allocation Failure) done
Event: 44.189 Executing VM operation: Cleanup
Event: 44.269 Executing VM operation: Cleanup done
Event: 45.282 Executing VM operation: Cleanup
Event: 45.282 Executing VM operation: Cleanup done
Event: 45.302 Executing VM operation: ParallelGCFailedAllocation (Allocation Failure)
Event: 47.331 Executing VM operation: ParallelGCFailedAllocation (Allocation Failure) done
Event: 48.333 Executing VM operation: Cleanup
Event: 48.365 Executing VM operation: Cleanup done
Event: 49.372 Executing VM operation: Cleanup
Event: 49.372 Executing VM operation: Cleanup done
Event: 50.378 Executing VM operation: Cleanup

Memory protections (0 events):
No events

Nmethod flushes (20 events):
Event: 27.738 Thread 0x000001fa0a7137b0 flushing  nmethod 0x000001fa0e3a9c90
Event: 27.738 Thread 0x000001fa0a7137b0 flushing  nmethod 0x000001fa0e3b7410
Event: 27.738 Thread 0x000001fa0a7137b0 flushing  nmethod 0x000001fa0e3b7b10
Event: 27.738 Thread 0x000001fa0a7137b0 flushing  nmethod 0x000001fa0e3b8a10
Event: 27.738 Thread 0x000001fa0a7137b0 flushing  nmethod 0x000001fa0e3b9010
Event: 27.738 Thread 0x000001fa0a7137b0 flushing  nmethod 0x000001fa0e3b9890
Event: 27.738 Thread 0x000001fa0a7137b0 flushing  nmethod 0x000001fa0e3b9c10
Event: 27.738 Thread 0x000001fa0a7137b0 flushing  nmethod 0x000001fa0e3bc490
Event: 27.738 Thread 0x000001fa0a7137b0 flushing  nmethod 0x000001fa0e3c9710
Event: 27.738 Thread 0x000001fa0a7137b0 flushing  nmethod 0x000001fa0e3f3210
Event: 27.738 Thread 0x000001fa0a7137b0 flushing  nmethod 0x000001fa0e423590
Event: 27.738 Thread 0x000001fa0a7137b0 flushing  nmethod 0x000001fa0e474710
Event: 27.738 Thread 0x000001fa0a7137b0 flushing  nmethod 0x000001fa0e476010
Event: 27.738 Thread 0x000001fa0a7137b0 flushing  nmethod 0x000001fa0e478e90
Event: 27.738 Thread 0x000001fa0a7137b0 flushing  nmethod 0x000001fa0e47a790
Event: 27.738 Thread 0x000001fa0a7137b0 flushing  nmethod 0x000001fa0e47e990
Event: 27.738 Thread 0x000001fa0a7137b0 flushing  nmethod 0x000001fa0e47ed10
Event: 27.738 Thread 0x000001fa0a7137b0 flushing  nmethod 0x000001fa0e47f690
Event: 27.738 Thread 0x000001fa0a7137b0 flushing  nmethod 0x000001fa0e480090
Event: 27.738 Thread 0x000001fa0a7137b0 flushing  nmethod 0x000001fa0e496e90

Events (20 events):
Event: 40.312 Thread 0x000001fa6e2f5ef0 Thread exited: 0x000001fa6e2f5ef0
Event: 40.312 Thread 0x000001fa6e2fcbf0 Thread exited: 0x000001fa6e2fcbf0
Event: 40.323 Thread 0x000001fa0a83a400 Thread added: 0x000001fa6394d3e0
Event: 40.908 Thread 0x000001fa6de4b7b0 Thread added: 0x000001fa6f027c50
Event: 40.912 Thread 0x000001fa6de4b7b0 Thread added: 0x000001fa6f026210
Event: 40.914 Thread 0x000001fa6de4b7b0 Thread added: 0x000001fa6f024e60
Event: 40.914 Thread 0x000001fa6de4b7b0 Thread added: 0x000001fa6f0268a0
Event: 40.916 Thread 0x000001fa6de4b7b0 Thread added: 0x000001fa6f026f30
Event: 40.916 Thread 0x000001fa6de4b7b0 Thread added: 0x000001fa6f028970
Event: 40.922 Thread 0x000001fa6de4b7b0 Thread added: 0x000001fa6f029000
Event: 40.923 Thread 0x000001fa6de4b7b0 Thread added: 0x000001fa6addd630
Event: 40.926 Thread 0x000001fa0a83d560 Thread added: 0x000001fa6394b1d0
Event: 40.929 Thread 0x000001fa6394b1d0 Thread added: 0x000001fa6394b8a0
Event: 40.929 Thread 0x000001fa6394b1d0 Thread added: 0x000001fa6394bf70
Event: 41.975 Thread 0x000001fa6394b1d0 Thread exited: 0x000001fa6394b1d0
Event: 43.047 Thread 0x000001fa0a83d560 Thread added: 0x000001fa6394b1d0
Event: 43.141 Thread 0x000001fa6394b8a0 Thread added: 0x000001fa6394cd10
Event: 44.268 Thread 0x000001fa6a5de1a0 Thread added: 0x000001fa6adde350
Event: 45.294 Thread 0x000001fa6394cd10 Thread added: 0x000001fa6394e180
Event: 49.372 Thread 0x000001fa0a83d560 Thread added: 0x000001fa6394c640


Dynamic libraries:
0x00007ff77e740000 - 0x00007ff77e74e000 	c:\Users\Aurora  N. Postrado\.vscode\extensions\redhat.java-1.50.0-win32-x64\jre\21.0.9-win32-x86_64\bin\java.exe
0x00007ffedc8c0000 - 0x00007ffedcb27000 	C:\WINDOWS\SYSTEM32\ntdll.dll
0x00007ffedae50000 - 0x00007ffedaf19000 	C:\WINDOWS\System32\KERNEL32.DLL
0x00007ffed9a10000 - 0x00007ffed9dff000 	C:\WINDOWS\System32\KERNELBASE.dll
0x00007ffed9e10000 - 0x00007ffed9f5b000 	C:\WINDOWS\System32\ucrtbase.dll
0x00007ffed6bb0000 - 0x00007ffed6bc8000 	c:\Users\Aurora  N. Postrado\.vscode\extensions\redhat.java-1.50.0-win32-x64\jre\21.0.9-win32-x86_64\bin\jli.dll
0x00007ffed6bd0000 - 0x00007ffed6bee000 	c:\Users\Aurora  N. Postrado\.vscode\extensions\redhat.java-1.50.0-win32-x64\jre\21.0.9-win32-x86_64\bin\VCRUNTIME140.dll
0x00007ffedc680000 - 0x00007ffedc845000 	C:\WINDOWS\System32\USER32.dll
0x00007ffec8ed0000 - 0x00007ffec9163000 	C:\WINDOWS\WinSxS\amd64_microsoft.windows.common-controls_6595b64144ccf1df_6.0.26100.7309_none_3e05feeae336a044\COMCTL32.dll
0x00007ffeda4b0000 - 0x00007ffeda4d7000 	C:\WINDOWS\System32\win32u.dll
0x00007ffedbe10000 - 0x00007ffedbeb9000 	C:\WINDOWS\System32\msvcrt.dll
0x00007ffedb740000 - 0x00007ffedb76b000 	C:\WINDOWS\System32\GDI32.dll
0x00007ffed9f60000 - 0x00007ffeda08c000 	C:\WINDOWS\System32\gdi32full.dll
0x00007ffeda400000 - 0x00007ffeda4a3000 	C:\WINDOWS\System32\msvcp_win.dll
0x00007ffedb7e0000 - 0x00007ffedb811000 	C:\WINDOWS\System32\IMM32.DLL
0x00007ffed6ba0000 - 0x00007ffed6bac000 	c:\Users\Aurora  N. Postrado\.vscode\extensions\redhat.java-1.50.0-win32-x64\jre\21.0.9-win32-x86_64\bin\vcruntime140_1.dll
0x00007ffecd500000 - 0x00007ffecd58d000 	c:\Users\Aurora  N. Postrado\.vscode\extensions\redhat.java-1.50.0-win32-x64\jre\21.0.9-win32-x86_64\bin\msvcp140.dll
0x00007ffe3c9b0000 - 0x00007ffe3d750000 	c:\Users\Aurora  N. Postrado\.vscode\extensions\redhat.java-1.50.0-win32-x64\jre\21.0.9-win32-x86_64\bin\server\jvm.dll
0x00007ffedb680000 - 0x00007ffedb734000 	C:\WINDOWS\System32\ADVAPI32.dll
0x00007ffedc130000 - 0x00007ffedc1d6000 	C:\WINDOWS\System32\sechost.dll
0x00007ffedab00000 - 0x00007ffedac18000 	C:\WINDOWS\System32\RPCRT4.dll
0x00007ffedbec0000 - 0x00007ffedbf34000 	C:\WINDOWS\System32\WS2_32.dll
0x00007ffed9870000 - 0x00007ffed98ce000 	C:\WINDOWS\SYSTEM32\POWRPROF.dll
0x00007ffed3060000 - 0x00007ffed306b000 	C:\WINDOWS\SYSTEM32\VERSION.dll
0x00007ffed3020000 - 0x00007ffed3055000 	C:\WINDOWS\SYSTEM32\WINMM.dll
0x00007ffed9850000 - 0x00007ffed9864000 	C:\WINDOWS\SYSTEM32\UMPDC.dll
0x00007ffed87c0000 - 0x00007ffed87db000 	C:\WINDOWS\SYSTEM32\kernel.appcore.dll
0x00007ffed6b00000 - 0x00007ffed6b0a000 	c:\Users\Aurora  N. Postrado\.vscode\extensions\redhat.java-1.50.0-win32-x64\jre\21.0.9-win32-x86_64\bin\jimage.dll
0x00007ffecf7c0000 - 0x00007ffecfa02000 	C:\WINDOWS\SYSTEM32\DBGHELP.DLL
0x00007ffedb920000 - 0x00007ffedbca6000 	C:\WINDOWS\System32\combase.dll
0x00007ffedbcb0000 - 0x00007ffedbd86000 	C:\WINDOWS\System32\OLEAUT32.dll
0x00007ffeb4c00000 - 0x00007ffeb4c3c000 	C:\WINDOWS\SYSTEM32\dbgcore.DLL
0x00007ffeda120000 - 0x00007ffeda1c5000 	C:\WINDOWS\System32\bcryptPrimitives.dll
0x00007ffed4ab0000 - 0x00007ffed4abf000 	c:\Users\Aurora  N. Postrado\.vscode\extensions\redhat.java-1.50.0-win32-x64\jre\21.0.9-win32-x86_64\bin\instrument.dll
0x00007ffecd4e0000 - 0x00007ffecd500000 	c:\Users\Aurora  N. Postrado\.vscode\extensions\redhat.java-1.50.0-win32-x64\jre\21.0.9-win32-x86_64\bin\java.dll
0x00007ffedaf20000 - 0x00007ffedb673000 	C:\WINDOWS\System32\SHELL32.dll
0x00007ffeda1d0000 - 0x00007ffeda33a000 	C:\WINDOWS\System32\wintypes.dll
0x00007ffed7650000 - 0x00007ffed7eae000 	C:\WINDOWS\SYSTEM32\windows.storage.dll
0x00007ffedb820000 - 0x00007ffedb914000 	C:\WINDOWS\System32\SHCORE.dll
0x00007ffedb770000 - 0x00007ffedb7d6000 	C:\WINDOWS\System32\shlwapi.dll
0x00007ffed9930000 - 0x00007ffed9959000 	C:\WINDOWS\SYSTEM32\profapi.dll
0x00007ffecd4c0000 - 0x00007ffecd4d8000 	c:\Users\Aurora  N. Postrado\.vscode\extensions\redhat.java-1.50.0-win32-x64\jre\21.0.9-win32-x86_64\bin\zip.dll
0x00007ffed3ca0000 - 0x00007ffed3cb0000 	C:\Users\Aurora  N. Postrado\.vscode\extensions\redhat.java-1.50.0-win32-x64\jre\21.0.9-win32-x86_64\bin\net.dll
0x00007ffed0710000 - 0x00007ffed0838000 	C:\WINDOWS\SYSTEM32\WINHTTP.dll
0x00007ffed8d30000 - 0x00007ffed8d9b000 	C:\WINDOWS\system32\mswsock.dll
0x00007ffebbeb0000 - 0x00007ffebbec6000 	C:\Users\Aurora  N. Postrado\.vscode\extensions\redhat.java-1.50.0-win32-x64\jre\21.0.9-win32-x86_64\bin\nio.dll
0x00007ffed32e0000 - 0x00007ffed32f0000 	c:\Users\Aurora  N. Postrado\.vscode\extensions\redhat.java-1.50.0-win32-x64\jre\21.0.9-win32-x86_64\bin\verify.dll
0x00007ffebc5e0000 - 0x00007ffebc624000 	C:\Users\Aurora  N. Postrado\AppData\Roaming\Code\User\globalStorage\redhat.java\1.50.0\config_win\org.eclipse.equinox.launcher\org.eclipse.equinox.launcher.win32.win32.x86_64_1.2.1400.v20250801-0854\eclipse_11916.dll
0x00007ffedc4c0000 - 0x00007ffedc657000 	C:\WINDOWS\System32\ole32.dll
0x00007ffed8ff0000 - 0x00007ffed900b000 	C:\WINDOWS\SYSTEM32\CRYPTSP.dll
0x00007ffed8720000 - 0x00007ffed875a000 	C:\WINDOWS\system32\rsaenh.dll
0x00007ffed8de0000 - 0x00007ffed8e0b000 	C:\WINDOWS\SYSTEM32\USERENV.dll
0x00007ffed9900000 - 0x00007ffed992a000 	C:\WINDOWS\SYSTEM32\bcrypt.dll
0x00007ffed9010000 - 0x00007ffed901c000 	C:\WINDOWS\SYSTEM32\CRYPTBASE.dll
0x00007ffed81d0000 - 0x00007ffed8204000 	C:\WINDOWS\SYSTEM32\IPHLPAPI.DLL
0x00007ffedc030000 - 0x00007ffedc03a000 	C:\WINDOWS\System32\NSI.dll
0x00007ffebbe10000 - 0x00007ffebbe59000 	C:\Users\Aurora  N. Postrado\AppData\Local\Temp\jna-614272698\jna17365053911357461091.dll
0x00007ffedaaf0000 - 0x00007ffedaaf8000 	C:\WINDOWS\System32\PSAPI.DLL
0x00007ffed06e0000 - 0x00007ffed06fe000 	C:\WINDOWS\SYSTEM32\dhcpcsvc6.DLL
0x00007ffed06b0000 - 0x00007ffed06d3000 	C:\WINDOWS\SYSTEM32\dhcpcsvc.DLL

JVMTI agents:
c:\Users\Aurora  N. Postrado\.vscode\extensions\redhat.java-1.50.0-win32-x64\lombok\lombok-1.18.39-4050.jar path:c:\Users\Aurora  N. Postrado\.vscode\extensions\redhat.java-1.50.0-win32-x64\jre\21.0.9-win32-x86_64\bin\instrument.dll, loaded, initialized, instrumentlib options:none

dbghelp: loaded successfully - version: 4.0.5 - missing functions: none
symbol engine: initialized successfully - sym options: 0x614 - pdb path: .;c:\Users\Aurora  N. Postrado\.vscode\extensions\redhat.java-1.50.0-win32-x64\jre\21.0.9-win32-x86_64\bin;C:\WINDOWS\SYSTEM32;C:\WINDOWS\WinSxS\amd64_microsoft.windows.common-controls_6595b64144ccf1df_6.0.26100.7309_none_3e05feeae336a044;c:\Users\Aurora  N. Postrado\.vscode\extensions\redhat.java-1.50.0-win32-x64\jre\21.0.9-win32-x86_64\bin\server;C:\Users\Aurora  N. Postrado\AppData\Roaming\Code\User\globalStorage\redhat.java\1.50.0\config_win\org.eclipse.equinox.launcher\org.eclipse.equinox.launcher.win32.win32.x86_64_1.2.1400.v20250801-0854;C:\Users\Aurora  N. Postrado\AppData\Local\Temp\jna-614272698

VM Arguments:
jvm_args: --add-modules=ALL-SYSTEM --add-opens=java.base/java.util=ALL-UNNAMED --add-opens=java.base/java.lang=ALL-UNNAMED --add-opens=java.base/sun.nio.fs=ALL-UNNAMED -Declipse.application=org.eclipse.jdt.ls.core.id1 -Dosgi.bundles.defaultStartLevel=4 -Declipse.product=org.eclipse.jdt.ls.core.product -Djava.import.generatesMetadataFilesAtProjectRoot=false -DDetectVMInstallationsJob.disabled=true -Dfile.encoding=utf8 -XX:+UseParallelGC -XX:GCTimeRatio=4 -XX:AdaptiveSizePolicyWeight=90 -Dsun.zip.disableMemoryMapping=true -Xmx2G -Xms100m -Xlog:disable -javaagent:c:\Users\Aurora  N. Postrado\.vscode\extensions\redhat.java-1.50.0-win32-x64\lombok\lombok-1.18.39-4050.jar -XX:+HeapDumpOnOutOfMemoryError -XX:HeapDumpPath=c:\Users\Aurora  N. Postrado\AppData\Roaming\Code\User\workspaceStorage\16087328b602278ea996584764c22d24\redhat.java -Daether.dependencyCollector.impl=bf 
java_command: c:\Users\Aurora  N. Postrado\.vscode\extensions\redhat.java-1.50.0-win32-x64\server\plugins\org.eclipse.equinox.launcher_1.7.100.v20251111-0406.jar -configuration c:\Users\Aurora  N. Postrado\AppData\Roaming\Code\User\globalStorage\redhat.java\1.50.0\config_win -data c:\Users\Aurora  N. Postrado\AppData\Roaming\Code\User\workspaceStorage\16087328b602278ea996584764c22d24\redhat.java\jdt_ws --pipe=\\.\pipe\lsp-65e7111018e31ed501caabed2f7cf4e8-sock
java_class_path (initial): c:\Users\Aurora  N. Postrado\.vscode\extensions\redhat.java-1.50.0-win32-x64\server\plugins\org.eclipse.equinox.launcher_1.7.100.v20251111-0406.jar
Launcher Type: SUN_STANDARD

[Global flags]
    uintx AdaptiveSizePolicyWeight                 = 90                                        {product} {command line}
     intx CICompilerCount                          = 12                                        {product} {ergonomic}
    uintx GCTimeRatio                              = 4                                         {product} {command line}
     bool HeapDumpOnOutOfMemoryError               = true                                   {manageable} {command line}
    ccstr HeapDumpPath                             = c:\Users\Aurora  N. Postrado\AppData\Roaming\Code\User\workspaceStorage\16087328b602278ea996584764c22d24\redhat.java         {manageable} {command line}
   size_t InitialHeapSize                          = 104857600                                 {product} {command line}
   size_t MaxHeapSize                              = 2147483648                                {product} {command line}
   size_t MaxNewSize                               = 715653120                                 {product} {ergonomic}
   size_t MinHeapDeltaBytes                        = 524288                                    {product} {ergonomic}
   size_t MinHeapSize                              = 104857600                                 {product} {command line}
   size_t NewSize                                  = 34603008                                  {product} {ergonomic}
    uintx NonNMethodCodeHeapSize                   = 7602480                                {pd product} {ergonomic}
    uintx NonProfiledCodeHeapSize                  = 122027880                              {pd product} {ergonomic}
   size_t OldSize                                  = 70254592                                  {product} {ergonomic}
    uintx ProfiledCodeHeapSize                     = 122027880                              {pd product} {ergonomic}
    uintx ReservedCodeCacheSize                    = 251658240                              {pd product} {ergonomic}
     bool SegmentedCodeCache                       = true                                      {product} {ergonomic}
   size_t SoftMaxHeapSize                          = 2147483648                             {manageable} {ergonomic}
     bool UseCompressedOops                        = true                           {product lp64_product} {ergonomic}
     bool UseLargePagesIndividualAllocation        = false                                  {pd product} {ergonomic}
     bool UseParallelGC                            = true                                      {product} {command line}

Logging:
Log output configuration:
 #0: stdout all=off uptime,level,tags foldmultilines=false
 #1: stderr all=off uptime,level,tags foldmultilines=false

Release file:
JAVA_VERSION="21.0.9" 
MODULES="java.base java.compiler java.datatransfer java.xml java.prefs java.desktop java.instrument java.logging java.management java.security.sasl java.naming java.rmi java.management.rmi java.net.http java.scripting java.security.jgss java.transaction.xa java.sql java.sql.rowset java.xml.crypto java.se java.smartcardio jdk.accessibility jdk.internal.jvmstat jdk.attach jdk.charsets jdk.internal.opt jdk.zipfs jdk.compiler jdk.crypto.ec jdk.crypto.cryptoki jdk.crypto.mscapi jdk.dynalink jdk.internal.ed jdk.editpad jdk.hotspot.agent jdk.httpserver jdk.internal.le jdk.internal.vm.ci jdk.internal.vm.compiler jdk.internal.vm.compiler.management jdk.jartool jdk.javadoc jdk.jcmd jdk.management jdk.management.agent jdk.jconsole jdk.jdeps jdk.jdwp.agent jdk.jdi jdk.jfr jdk.jshell jdk.jsobject jdk.jstatd jdk.localedata jdk.management.jfr jdk.naming.dns jdk.naming.rmi jdk.net jdk.nio.mapmode jdk.random jdk.sctp jdk.security.auth jdk.security.jgss jdk.unsupported jdk.unsupported.desktop jdk.xml.dom" 

Environment Variables:
PATH=C:\Program Files\Eclipse Adoptium\jdk-17.0.17.10-hotspot\bin;C:\Windows\system32;C:\Windows;C:\Windows\System32\Wbem;C:\Windows\System32\WindowsPowerShell\v1.0\;C:\Windows\System32\OpenSSH\;C:\Program Files (x86)\NVIDIA Corporation\PhysX\Common;C:\Program Files\NVIDIA Corporation\NVIDIA NvDLISR;C:\WINDOWS\system32;C:\WINDOWS;C:\WINDOWS\System32\Wbem;C:\WINDOWS\System32\WindowsPowerShell\v1.0\;C:\WINDOWS\System32\OpenSSH\;C:\Program Files\Git\cmd;C:\Users\Aurora  N. Postrado\AppData\Local\Microsoft\WindowsApps;C:\Users\Aurora  N. Postrado\AppData\Local\Programs\Microsoft VS Code\bin;C:\Users\Aurora  N. Postrado\AppData\Local\GitHubDesktop\bin
USERNAME=Aurora  N. Postrado
OS=Windows_NT
PROCESSOR_IDENTIFIER=AMD64 Family 23 Model 104 Stepping 1, AuthenticAMD
TMP=C:\Users\AURORA~1.POS\AppData\Local\Temp
TEMP=C:\Users\AURORA~1.POS\AppData\Local\Temp




Periodic native trim disabled

---------------  S Y S T E M  ---------------

OS:
 Windows 11 , 64 bit Build 26100 (10.0.26100.7309)
OS uptime: 0 days 0:08 hours

CPU: total 16 (initial active 16) (16 cores per cpu, 2 threads per core) family 23 model 104 stepping 1 microcode 0x8608103, cx8, cmov, fxsr, ht, mmx, 3dnowpref, sse, sse2, sse3, ssse3, sse4a, sse4.1, sse4.2, popcnt, lzcnt, tsc, tscinvbit, avx, avx2, aes, clmul, bmi1, bmi2, adx, sha, fma, vzeroupper, clflush, clflushopt, rdtscp, rdpid, f16c
Processor Information for the first 16 processors :
  Max Mhz: 1801, Current Mhz: 1801, Mhz Limit: 1801

Memory: 4k page, system-wide physical 7514M (1381M free)
TotalPageFile size 7514M (AvailPageFile size 5M)
current process WorkingSet (physical memory assigned to process): 756M, peak: 756M
current process commit charge ("private bytes"): 709M, peak: 1644M

vm_info: OpenJDK 64-Bit Server VM (21.0.9+10-LTS) for windows-amd64 JRE (21.0.9+10-LTS), built on 2025-10-21T00:00:00Z by "admin" with unknown MS VC++:1942

END.
