#
# There is insufficient memory for the Java Runtime Environment to continue.
# Native memory allocation (malloc) failed to allocate 1556656 bytes. Error detail: Chunk::new
# Possible reasons:
#   The system is out of physical RAM or swap space
#   This process is running with CompressedOops enabled, and the Java Heap may be blocking the growth of the native heap
# Possible solutions:
#   Reduce memory load on the system
#   Increase physical memory or swap space
#   Check if swap backing store is full
#   Decrease Java heap size (-Xmx/-Xms)
#   Decrease number of Java threads
#   Decrease Java thread stack sizes (-Xss)
#   Set larger code cache with -XX:ReservedCodeCacheSize=
#   JVM is running with Unscaled Compressed Oops mode in which the Java heap is
#     placed in the first 4GB address space. The Java Heap base address is the
#     maximum limit for the native heap growth. Please use -XX:HeapBaseMinAddress
#     to set the Java Heap base and to place the Java Heap above 4GB virtual address.
# This output file may be truncated or incomplete.
#
#  Out of Memory Error (arena.cpp:168), pid=17068, tid=11480
#
# JRE version: OpenJDK Runtime Environment Temurin-21.0.9+10 (21.0.9+10) (build 21.0.9+10-LTS)
# Java VM: OpenJDK 64-Bit Server VM Temurin-21.0.9+10 (21.0.9+10-LTS, mixed mode, sharing, tiered, compressed oops, compressed class ptrs, parallel gc, windows-amd64)
# No core dump will be written. Minidumps are not enabled by default on client versions of Windows
#

---------------  S U M M A R Y ------------

Command Line: --add-modules=ALL-SYSTEM --add-opens=java.base/java.util=ALL-UNNAMED --add-opens=java.base/java.lang=ALL-UNNAMED --add-opens=java.base/sun.nio.fs=ALL-UNNAMED -Declipse.application=org.eclipse.jdt.ls.core.id1 -Dosgi.bundles.defaultStartLevel=4 -Declipse.product=org.eclipse.jdt.ls.core.product -Djava.import.generatesMetadataFilesAtProjectRoot=false -DDetectVMInstallationsJob.disabled=true -Dfile.encoding=utf8 -XX:+UseParallelGC -XX:GCTimeRatio=4 -XX:AdaptiveSizePolicyWeight=90 -Dsun.zip.disableMemoryMapping=true -Xmx2G -Xms100m -Xlog:disable -javaagent:c:\Users\Aurora  N. Postrado\.vscode\extensions\redhat.java-1.50.0-win32-x64\lombok\lombok-1.18.39-4050.jar -XX:+HeapDumpOnOutOfMemoryError -XX:HeapDumpPath=c:\Users\Aurora  N. Postrado\AppData\Roaming\Code\User\workspaceStorage\16087328b602278ea996584764c22d24\redhat.java -Daether.dependencyCollector.impl=bf c:\Users\Aurora  N. Postrado\.vscode\extensions\redhat.java-1.50.0-win32-x64\server\plugins\org.eclipse.equinox.launcher_1.7.100.v20251111-0406.jar -configuration c:\Users\Aurora  N. Postrado\AppData\Roaming\Code\User\globalStorage\redhat.java\1.50.0\config_win -data c:\Users\Aurora  N. Postrado\AppData\Roaming\Code\User\workspaceStorage\16087328b602278ea996584764c22d24\redhat.java\jdt_ws --pipe=\\.\pipe\lsp-95f7b6c05a46008a2955cf23b8a55be2-sock

Host: AMD Ryzen 7 5700U with Radeon Graphics         , 16 cores, 7G,  Windows 11 , 64 bit Build 26100 (10.0.26100.7309)
Time: Fri Dec 12 09:43:43 2025 Malay Peninsula Standard Time elapsed time: 35.974334 seconds (0d 0h 0m 35s)

---------------  T H R E A D  ---------------

Current thread (0x000002915af37bb0):  JavaThread "C2 CompilerThread3" daemon [_thread_in_native, id=11480, stack(0x000000c666f00000,0x000000c667000000) (1024K)]


Current CompileTask:
C2:35974 9388       4       java.lang.invoke.DirectMethodHandle::make (275 bytes)

Stack: [0x000000c666f00000,0x000000c667000000]
Native frames: (J=compiled Java code, j=interpreted, Vv=VM code, C=native code)
V  [jvm.dll+0x6d6e29]
V  [jvm.dll+0x8b4b76]
V  [jvm.dll+0x8b712e]
V  [jvm.dll+0x8b7813]
V  [jvm.dll+0x283d86]
V  [jvm.dll+0xc66ed]
V  [jvm.dll+0xc6c31]
V  [jvm.dll+0x3be501]
V  [jvm.dll+0x1e3d59]
V  [jvm.dll+0x24c0f3]
V  [jvm.dll+0x24b580]
V  [jvm.dll+0x1cb13e]
V  [jvm.dll+0x25b29d]
V  [jvm.dll+0x25982a]
V  [jvm.dll+0x3f7ea6]
V  [jvm.dll+0x85e9ad]
V  [jvm.dll+0x6d565d]
C  [ucrtbase.dll+0x37b0]
C  [KERNEL32.DLL+0x2e8d7]
C  [ntdll.dll+0x8c53c]


---------------  P R O C E S S  ---------------

Threads class SMR info:
_java_thread_list=0x000002915b512ac0, length=68, elements={
0x0000029173955f10, 0x000002917d55cc10, 0x000002917d55d9c0, 0x0000029175e0c7b0,
0x0000029175e099c0, 0x0000029175e0ba90, 0x0000029175e0a6e0, 0x0000029175e19830,
0x0000029175e1d810, 0x0000029175e0b400, 0x0000029175e0ce40, 0x0000029175e0c120,
0x0000029175e0a050, 0x0000029175e0ad70, 0x00000291509cb940, 0x00000291509cd380,
0x00000291509cc660, 0x00000291509cda10, 0x00000291509ce0a0, 0x00000291509cac20,
0x00000291509cb2b0, 0x00000291509cccf0, 0x00000291509cbfd0, 0x00000291575b89a0,
0x00000291575b9030, 0x00000291575b96c0, 0x00000291575b6240, 0x00000291575b75f0,
0x00000291575b9d50, 0x00000291575b6f60, 0x00000291575b7c80, 0x00000291575b68d0,
0x00000291575b8310, 0x00000291575bc4b0, 0x00000291575ba3e0, 0x00000291575bcb40,
0x00000291575baa70, 0x00000291575bd1d0, 0x00000291575bb100, 0x00000291575bd860,
0x00000291575bb790, 0x00000291575bbe20, 0x0000029157ea7e60, 0x0000029157ea8b80,
0x0000029157ea98a0, 0x0000029157eab970, 0x0000029157eacd20, 0x0000029157eada40,
0x0000029157eaa5c0, 0x0000029157eaac50, 0x0000029157eae0d0, 0x0000029157eaedf0,
0x0000029157eae760, 0x0000029157eaf480, 0x000002915646eb00, 0x000002915646f820,
0x000002915646d0c0, 0x000002915646c3a0, 0x000002915646feb0, 0x000002915646ca30,
0x0000029156470bd0, 0x000002915646f190, 0x000002915779a590, 0x0000029157799120,
0x0000029157796f10, 0x00000291577975e0, 0x000002915af396f0, 0x000002915af37bb0
}

Java Threads: ( => current thread )
  0x0000029173955f10 JavaThread "main"                              [_thread_blocked, id=17088, stack(0x000000c661900000,0x000000c661a00000) (1024K)]
  0x000002917d55cc10 JavaThread "Reference Handler"          daemon [_thread_blocked, id=16988, stack(0x000000c661d00000,0x000000c661e00000) (1024K)]
  0x000002917d55d9c0 JavaThread "Finalizer"                  daemon [_thread_blocked, id=17232, stack(0x000000c661e00000,0x000000c661f00000) (1024K)]
  0x0000029175e0c7b0 JavaThread "Signal Dispatcher"          daemon [_thread_blocked, id=17240, stack(0x000000c661f00000,0x000000c662000000) (1024K)]
  0x0000029175e099c0 JavaThread "Attach Listener"            daemon [_thread_blocked, id=17244, stack(0x000000c662000000,0x000000c662100000) (1024K)]
  0x0000029175e0ba90 JavaThread "Service Thread"             daemon [_thread_blocked, id=17256, stack(0x000000c662100000,0x000000c662200000) (1024K)]
  0x0000029175e0a6e0 JavaThread "Monitor Deflation Thread"   daemon [_thread_blocked, id=17264, stack(0x000000c662200000,0x000000c662300000) (1024K)]
  0x0000029175e19830 JavaThread "C2 CompilerThread0"         daemon [_thread_in_native, id=17272, stack(0x000000c662300000,0x000000c662400000) (1024K)]
  0x0000029175e1d810 JavaThread "C1 CompilerThread0"         daemon [_thread_blocked, id=17224, stack(0x000000c662400000,0x000000c662500000) (1024K)]
  0x0000029175e0b400 JavaThread "Common-Cleaner"             daemon [_thread_blocked, id=17296, stack(0x000000c662700000,0x000000c662800000) (1024K)]
  0x0000029175e0ce40 JavaThread "Notification Thread"        daemon [_thread_blocked, id=15612, stack(0x000000c662a00000,0x000000c662b00000) (1024K)]
  0x0000029175e0c120 JavaThread "Active Thread: Equinox Container: a3281f19-9428-4668-af6f-795844430ff5"        [_thread_blocked, id=16648, stack(0x000000c662b00000,0x000000c662c00000) (1024K)]
  0x0000029175e0a050 JavaThread "Refresh Thread: Equinox Container: a3281f19-9428-4668-af6f-795844430ff5" daemon [_thread_blocked, id=15816, stack(0x000000c662500000,0x000000c662600000) (1024K)]
  0x0000029175e0ad70 JavaThread "Framework Event Dispatcher: Equinox Container: a3281f19-9428-4668-af6f-795844430ff5" daemon [_thread_blocked, id=13788, stack(0x000000c662600000,0x000000c662700000) (1024K)]
  0x00000291509cb940 JavaThread "Start Level: Equinox Container: a3281f19-9428-4668-af6f-795844430ff5" daemon [_thread_blocked, id=17356, stack(0x000000c662800000,0x000000c662900000) (1024K)]
  0x00000291509cd380 JavaThread "Bundle File Closer"         daemon [_thread_blocked, id=12056, stack(0x000000c663700000,0x000000c663800000) (1024K)]
  0x00000291509cc660 JavaThread "SCR Component Actor"        daemon [_thread_blocked, id=10692, stack(0x000000c663500000,0x000000c663600000) (1024K)]
  0x00000291509cda10 JavaThread "Worker-JM"                         [_thread_blocked, id=16700, stack(0x000000c663b00000,0x000000c663c00000) (1024K)]
  0x00000291509ce0a0 JavaThread "JNA Cleaner"                daemon [_thread_blocked, id=3588, stack(0x000000c663e00000,0x000000c663f00000) (1024K)]
  0x00000291509cac20 JavaThread "Worker-0"                          [_thread_blocked, id=10628, stack(0x000000c663f00000,0x000000c664000000) (1024K)]
  0x00000291509cb2b0 JavaThread "Worker-1: Initialize Workspace"        [_thread_in_Java, id=7056, stack(0x000000c664000000,0x000000c664100000) (1024K)]
  0x00000291509cccf0 JavaThread "Worker-2"                          [_thread_blocked, id=16436, stack(0x000000c664100000,0x000000c664200000) (1024K)]
  0x00000291509cbfd0 JavaThread "Java indexing"              daemon [_thread_in_Java, id=15812, stack(0x000000c664300000,0x000000c664400000) (1024K)]
  0x00000291575b89a0 JavaThread "Worker-3"                          [_thread_blocked, id=13316, stack(0x000000c664600000,0x000000c664700000) (1024K)]
  0x00000291575b9030 JavaThread "Worker-4"                          [_thread_blocked, id=17284, stack(0x000000c664700000,0x000000c664800000) (1024K)]
  0x00000291575b96c0 JavaThread "Thread-1"                   daemon [_thread_in_native, id=14000, stack(0x000000c664900000,0x000000c664a00000) (1024K)]
  0x00000291575b6240 JavaThread "Worker-5: Java indexing... "        [_thread_blocked, id=14364, stack(0x000000c664a00000,0x000000c664b00000) (1024K)]
  0x00000291575b75f0 JavaThread "Thread-2"                   daemon [_thread_in_native, id=14368, stack(0x000000c664b00000,0x000000c664c00000) (1024K)]
  0x00000291575b9d50 JavaThread "Thread-3"                   daemon [_thread_in_native, id=14388, stack(0x000000c664c00000,0x000000c664d00000) (1024K)]
  0x00000291575b6f60 JavaThread "Thread-4"                   daemon [_thread_in_native, id=14312, stack(0x000000c664d00000,0x000000c664e00000) (1024K)]
  0x00000291575b7c80 JavaThread "Thread-5"                   daemon [_thread_in_native, id=14308, stack(0x000000c664e00000,0x000000c664f00000) (1024K)]
  0x00000291575b68d0 JavaThread "Thread-6"                   daemon [_thread_in_native, id=14320, stack(0x000000c664f00000,0x000000c665000000) (1024K)]
  0x00000291575b8310 JavaThread "Thread-7"                   daemon [_thread_in_native, id=14280, stack(0x000000c665000000,0x000000c665100000) (1024K)]
  0x00000291575bc4b0 JavaThread "Thread-8"                   daemon [_thread_in_native, id=14288, stack(0x000000c665100000,0x000000c665200000) (1024K)]
  0x00000291575ba3e0 JavaThread "Thread-9"                   daemon [_thread_in_native, id=16704, stack(0x000000c665200000,0x000000c665300000) (1024K)]
  0x00000291575bcb40 JavaThread "Thread-10"                  daemon [_thread_in_native, id=7684, stack(0x000000c665300000,0x000000c665400000) (1024K)]
  0x00000291575baa70 JavaThread "Thread-11"                  daemon [_thread_in_native, id=16464, stack(0x000000c665400000,0x000000c665500000) (1024K)]
  0x00000291575bd1d0 JavaThread "Thread-12"                  daemon [_thread_in_native, id=17336, stack(0x000000c665500000,0x000000c665600000) (1024K)]
  0x00000291575bb100 JavaThread "Thread-13"                  daemon [_thread_in_native, id=16588, stack(0x000000c665600000,0x000000c665700000) (1024K)]
  0x00000291575bd860 JavaThread "Thread-14"                  daemon [_thread_in_native, id=16556, stack(0x000000c665700000,0x000000c665800000) (1024K)]
  0x00000291575bb790 JavaThread "Thread-15"                  daemon [_thread_in_native, id=9640, stack(0x000000c665800000,0x000000c665900000) (1024K)]
  0x00000291575bbe20 JavaThread "Thread-16"                  daemon [_thread_in_native, id=15424, stack(0x000000c665900000,0x000000c665a00000) (1024K)]
  0x0000029157ea7e60 JavaThread "Thread-17"                  daemon [_thread_in_native, id=16860, stack(0x000000c665a00000,0x000000c665b00000) (1024K)]
  0x0000029157ea8b80 JavaThread "pool-2-thread-1"                   [_thread_blocked, id=1320, stack(0x000000c665b00000,0x000000c665c00000) (1024K)]
  0x0000029157ea98a0 JavaThread "WorkspaceEventsHandler"            [_thread_blocked, id=2624, stack(0x000000c665e00000,0x000000c665f00000) (1024K)]
  0x0000029157eab970 JavaThread "pool-1-thread-1"                   [_thread_blocked, id=2628, stack(0x000000c665f00000,0x000000c666000000) (1024K)]
  0x0000029157eacd20 JavaThread "Equinox resolver thread - Equinox Container: a3281f19-9428-4668-af6f-795844430ff5" daemon [_thread_blocked, id=12324, stack(0x000000c663800000,0x000000c663900000) (1024K)]
  0x0000029157eada40 JavaThread "Equinox resolver thread - Equinox Container: a3281f19-9428-4668-af6f-795844430ff5" daemon [_thread_blocked, id=17332, stack(0x000000c663900000,0x000000c663a00000) (1024K)]
  0x0000029157eaa5c0 JavaThread "Equinox resolver thread - Equinox Container: a3281f19-9428-4668-af6f-795844430ff5" daemon [_thread_blocked, id=16872, stack(0x000000c663a00000,0x000000c663b00000) (1024K)]
  0x0000029157eaac50 JavaThread "Equinox resolver thread - Equinox Container: a3281f19-9428-4668-af6f-795844430ff5" daemon [_thread_blocked, id=17308, stack(0x000000c663c00000,0x000000c663d00000) (1024K)]
  0x0000029157eae0d0 JavaThread "Equinox resolver thread - Equinox Container: a3281f19-9428-4668-af6f-795844430ff5" daemon [_thread_blocked, id=16272, stack(0x000000c664200000,0x000000c664300000) (1024K)]
  0x0000029157eaedf0 JavaThread "Equinox resolver thread - Equinox Container: a3281f19-9428-4668-af6f-795844430ff5" daemon [_thread_blocked, id=16264, stack(0x000000c664800000,0x000000c664900000) (1024K)]
  0x0000029157eae760 JavaThread "Equinox resolver thread - Equinox Container: a3281f19-9428-4668-af6f-795844430ff5" daemon [_thread_blocked, id=6868, stack(0x000000c665c00000,0x000000c665d00000) (1024K)]
  0x0000029157eaf480 JavaThread "Equinox resolver thread - Equinox Container: a3281f19-9428-4668-af6f-795844430ff5" daemon [_thread_blocked, id=7040, stack(0x000000c665d00000,0x000000c665e00000) (1024K)]
  0x000002915646eb00 JavaThread "Equinox resolver thread - Equinox Container: a3281f19-9428-4668-af6f-795844430ff5" daemon [_thread_blocked, id=9208, stack(0x000000c666200000,0x000000c666300000) (1024K)]
  0x000002915646f820 JavaThread "Equinox resolver thread - Equinox Container: a3281f19-9428-4668-af6f-795844430ff5" daemon [_thread_blocked, id=8696, stack(0x000000c666300000,0x000000c666400000) (1024K)]
  0x000002915646d0c0 JavaThread "Equinox resolver thread - Equinox Container: a3281f19-9428-4668-af6f-795844430ff5" daemon [_thread_blocked, id=2084, stack(0x000000c666400000,0x000000c666500000) (1024K)]
  0x000002915646c3a0 JavaThread "Equinox resolver thread - Equinox Container: a3281f19-9428-4668-af6f-795844430ff5" daemon [_thread_blocked, id=1632, stack(0x000000c666500000,0x000000c666600000) (1024K)]
  0x000002915646feb0 JavaThread "Equinox resolver thread - Equinox Container: a3281f19-9428-4668-af6f-795844430ff5" daemon [_thread_blocked, id=15856, stack(0x000000c666600000,0x000000c666700000) (1024K)]
  0x000002915646ca30 JavaThread "Equinox resolver thread - Equinox Container: a3281f19-9428-4668-af6f-795844430ff5" daemon [_thread_blocked, id=9496, stack(0x000000c666700000,0x000000c666800000) (1024K)]
  0x0000029156470bd0 JavaThread "Equinox resolver thread - Equinox Container: a3281f19-9428-4668-af6f-795844430ff5" daemon [_thread_blocked, id=17164, stack(0x000000c666800000,0x000000c666900000) (1024K)]
  0x000002915646f190 JavaThread "Equinox resolver thread - Equinox Container: a3281f19-9428-4668-af6f-795844430ff5" daemon [_thread_blocked, id=15504, stack(0x000000c666900000,0x000000c666a00000) (1024K)]
  0x000002915779a590 JavaThread "C2 CompilerThread1"         daemon [_thread_in_native, id=5500, stack(0x000000c666a00000,0x000000c666b00000) (1024K)]
  0x0000029157799120 JavaThread "C1 CompilerThread1"         daemon [_thread_blocked, id=16792, stack(0x000000c666b00000,0x000000c666c00000) (1024K)]
  0x0000029157796f10 JavaThread "C2 CompilerThread2"         daemon [_thread_in_native, id=3608, stack(0x000000c666c00000,0x000000c666d00000) (1024K)]
  0x00000291577975e0 JavaThread "C1 CompilerThread2"         daemon [_thread_blocked, id=10580, stack(0x000000c666d00000,0x000000c666e00000) (1024K)]
  0x000002915af396f0 JavaThread "C1 CompilerThread3"         daemon [_thread_in_native, id=10524, stack(0x000000c666e00000,0x000000c666f00000) (1024K)]
=>0x000002915af37bb0 JavaThread "C2 CompilerThread3"         daemon [_thread_in_native, id=11480, stack(0x000000c666f00000,0x000000c667000000) (1024K)]
Total: 68

Other Threads:
  0x000002917d542530 VMThread "VM Thread"                           [id=17116, stack(0x000000c661c00000,0x000000c661d00000) (1024K)]
  0x000002917d43c8d0 WatcherThread "VM Periodic Task Thread"        [id=17168, stack(0x000000c661b00000,0x000000c661c00000) (1024K)]
  0x0000029175d7a460 WorkerThread "GC Thread#0"                     [id=16920, stack(0x000000c661a00000,0x000000c661b00000) (1024K)]
  0x00000291551d3f00 WorkerThread "GC Thread#1"                     [id=16852, stack(0x000000c662c00000,0x000000c662d00000) (1024K)]
  0x000002915516f350 WorkerThread "GC Thread#2"                     [id=16824, stack(0x000000c662d00000,0x000000c662e00000) (1024K)]
  0x000002915516f6f0 WorkerThread "GC Thread#3"                     [id=16836, stack(0x000000c662e00000,0x000000c662f00000) (1024K)]
  0x000002915516fa90 WorkerThread "GC Thread#4"                     [id=16844, stack(0x000000c662f00000,0x000000c663000000) (1024K)]
  0x000002915516fe30 WorkerThread "GC Thread#5"                     [id=16740, stack(0x000000c663000000,0x000000c663100000) (1024K)]
  0x00000291509ee2d0 WorkerThread "GC Thread#6"                     [id=16744, stack(0x000000c663100000,0x000000c663200000) (1024K)]
  0x000002915523e1b0 WorkerThread "GC Thread#7"                     [id=16512, stack(0x000000c663200000,0x000000c663300000) (1024K)]
  0x000002915047a700 WorkerThread "GC Thread#8"                     [id=11828, stack(0x000000c662900000,0x000000c662a00000) (1024K)]
  0x000002915047ae40 WorkerThread "GC Thread#9"                     [id=3916, stack(0x000000c663300000,0x000000c663400000) (1024K)]
  0x0000029150479880 WorkerThread "GC Thread#10"                    [id=10992, stack(0x000000c663400000,0x000000c663500000) (1024K)]
  0x0000029150479fc0 WorkerThread "GC Thread#11"                    [id=11948, stack(0x000000c663600000,0x000000c663700000) (1024K)]
  0x000002915047aaa0 WorkerThread "GC Thread#12"                    [id=17320, stack(0x000000c663d00000,0x000000c663e00000) (1024K)]
Total: 15

Threads with active compile tasks:
C2 CompilerThread0  36062 9489       4       java.lang.invoke.DirectMethodHandle::make (21 bytes)
C2 CompilerThread1  36062 9493       4       org.lombokweb.asm.MethodWriter::putMethodInfo (1274 bytes)
C2 CompilerThread2  36062 9491       4       org.eclipse.jdt.internal.compiler.util.SimpleLookupTable::rehash (86 bytes)
C1 CompilerThread3  36062 9513       3       org.eclipse.jdt.internal.core.index.DiskIndex::computeDocumentNames (607 bytes)
C2 CompilerThread3  36062 9388       4       java.lang.invoke.DirectMethodHandle::make (275 bytes)
Total: 5

VM state: not at safepoint (normal execution)

VM Mutex/Monitor currently owned by a thread: None

Heap address: 0x0000000080000000, size: 2048 MB, Compressed Oops mode: 32-bit

CDS archive(s) mapped at: [0x000002910f000000-0x000002910fba0000-0x000002910fba0000), size 12189696, SharedBaseAddress: 0x000002910f000000, ArchiveRelocationMode: 1.
Compressed class space mapped at: 0x0000029110000000-0x0000029150000000, reserved size: 1073741824
Narrow klass base: 0x000002910f000000, Narrow klass shift: 0, Narrow klass range: 0x100000000

GC Precious Log:
 CardTable entry size: 512
 CPUs: 16 total, 16 available
 Memory: 7514M
 Large Page Support: Disabled
 NUMA Support: Disabled
 Compressed Oops: Enabled (32-bit)
 Alignments: Space 512K, Generation 512K, Heap 2M
 Heap Min Capacity: 100M
 Heap Initial Capacity: 100M
 Heap Max Capacity: 2G
 Pre-touch: Disabled
 Parallel Workers: 13

Heap:
 PSYoungGen      total 7168K, used 6590K [0x00000000d5580000, 0x00000000d6580000, 0x0000000100000000)
  eden space 5120K, 89% used [0x00000000d5580000,0x00000000d59f6148,0x00000000d5a80000)
  from space 2048K, 99% used [0x00000000d5a80000,0x00000000d5c7fac0,0x00000000d5c80000)
  to   space 5120K, 0% used [0x00000000d6080000,0x00000000d6080000,0x00000000d6580000)
 ParOldGen       total 359936K, used 359572K [0x0000000080000000, 0x0000000095f80000, 0x00000000d5580000)
  object space 359936K, 99% used [0x0000000080000000,0x0000000095f25398,0x0000000095f80000)
 Metaspace       used 57551K, committed 58752K, reserved 1114112K
  class space    used 6207K, committed 6784K, reserved 1048576K

Card table byte_map: [0x0000029175610000,0x0000029175a20000] _byte_map_base: 0x0000029175210000

Marking Bits: (ParMarkBitMap*) 0x00007ffe59a52460
 Begin Bits: [0x0000029178f60000, 0x000002917af60000)
 End Bits:   [0x000002917af60000, 0x000002917cf60000)

Polling page: 0x00000291738d0000

Metaspace:

Usage:
  Non-class:     50.14 MB used.
      Class:      6.06 MB used.
       Both:     56.20 MB used.

Virtual space:
  Non-class space:       64.00 MB reserved,      50.75 MB ( 79%) committed,  1 nodes.
      Class space:        1.00 GB reserved,       6.62 MB ( <1%) committed,  1 nodes.
             Both:        1.06 GB reserved,      57.38 MB (  5%) committed. 

Chunk freelists:
   Non-Class:  12.39 MB
       Class:  9.35 MB
        Both:  21.74 MB

MaxMetaspaceSize: unlimited
CompressedClassSpaceSize: 1.00 GB
Initial GC threshold: 21.00 MB
Current GC threshold: 58.38 MB
CDS: on
 - commit_granule_bytes: 65536.
 - commit_granule_words: 8192.
 - virtual_space_node_default_size: 8388608.
 - enlarge_chunks_in_place: 1.
 - use_allocation_guard: 0.


Internal statistics:

num_allocs_failed_limit: 6.
num_arena_births: 900.
num_arena_deaths: 32.
num_vsnodes_births: 2.
num_vsnodes_deaths: 0.
num_space_committed: 918.
num_space_uncommitted: 0.
num_chunks_returned_to_freelist: 44.
num_chunks_taken_from_freelist: 3237.
num_chunk_merges: 8.
num_chunk_splits: 2031.
num_chunks_enlarged: 1256.
num_inconsistent_stats: 0.

CodeHeap 'non-profiled nmethods': size=119168Kb used=7345Kb max_used=7345Kb free=111822Kb
 bounds [0x0000029107ba0000, 0x00000291082d0000, 0x000002910f000000]
CodeHeap 'profiled nmethods': size=119104Kb used=19359Kb max_used=19359Kb free=99744Kb
 bounds [0x0000029100000000, 0x00000291012f0000, 0x0000029107450000]
CodeHeap 'non-nmethods': size=7488Kb used=3141Kb max_used=3206Kb free=4346Kb
 bounds [0x0000029107450000, 0x0000029107790000, 0x0000029107ba0000]
CodeCache: size=245760Kb, used=29845Kb, max_used=29910Kb, free=215912Kb
 total_blobs=9650, nmethods=8883, adapters=670, full_count=0
Compilation: enabled, stopped_count=0, restarted_count=0

Compilation events (20 events):
Event: 34.740 Thread 0x000002915af396f0 9478       3       sun.net.www.protocol.jar.URLJarFile::getJarFile (46 bytes)
Event: 34.740 Thread 0x00000291577975e0 9479       3       java.util.jar.JarFile::baseVersion (4 bytes)
Event: 34.740 Thread 0x0000029175e1d810 9480       3       sun.net.www.protocol.jar.URLJarFile::<init> (32 bytes)
Event: 34.741 Thread 0x00000291577975e0 nmethod 9479 0x00000291012d0d10 code [0x00000291012d0ea0, 0x00000291012d0f98]
Event: 34.741 Thread 0x000002915af396f0 nmethod 9478 0x00000291012d1010 code [0x00000291012d1220, 0x00000291012d1608]
Event: 34.741 Thread 0x0000029175e1d810 nmethod 9480 0x00000291012d1790 code [0x00000291012d1960, 0x00000291012d1bf0]
Event: 34.744 Thread 0x00000291577975e0 9481       3       sun.net.www.protocol.jar.URLJarFile::close (22 bytes)
Event: 34.744 Thread 0x000002915af396f0 9482   !   3       sun.net.www.protocol.jar.JarFileFactory::close (46 bytes)
Event: 34.744 Thread 0x00000291577975e0 nmethod 9481 0x00000291012d1d90 code [0x00000291012d1f60, 0x00000291012d2168]
Event: 34.745 Thread 0x000002915af396f0 nmethod 9482 0x00000291012d2290 code [0x00000291012d2480, 0x00000291012d2988]
Event: 34.759 Thread 0x0000029175e1d810 9483       3       java.lang.invoke.InvokerBytecodeGenerator::methodPrologue (29 bytes)
Event: 34.759 Thread 0x0000029157799120 9484       3       java.lang.invoke.InvokerBytecodeGenerator::emitReturn (107 bytes)
Event: 34.759 Thread 0x0000029175e1d810 nmethod 9483 0x00000291012d2b90 code [0x00000291012d2d60, 0x00000291012d3008]
Event: 34.760 Thread 0x0000029157799120 nmethod 9484 0x00000291012d3190 code [0x00000291012d33a0, 0x00000291012d3858]
Event: 34.813 Thread 0x000002915779a590 9485       4       org.eclipse.jdt.internal.compiler.parser.Scanner::scanIdentifier (450 bytes)
Event: 34.814 Thread 0x000002915af396f0 9486   !   3       lombok.launch.ShadowClassLoader::urlToDefineClass (273 bytes)
Event: 34.819 Thread 0x000002915af396f0 nmethod 9486 0x00000291012d3a90 code [0x00000291012d3e40, 0x00000291012d5668]
Event: 34.828 Thread 0x000002915779a590 nmethod 9485 0x00000291082cb910 code [0x00000291082cbb00, 0x00000291082cbec0]
Event: 35.960 Thread 0x00000291577975e0 9487       3       java.util.LinkedList::checkElementIndex (22 bytes)
Event: 35.960 Thread 0x000002915af396f0 9488       3       java.util.LinkedList::isElementIndex (18 bytes)

GC Heap History (20 events):
Event: 34.805 GC heap before
{Heap before GC invocations=283 (full 2):
 PSYoungGen      total 4096K, used 3740K [0x00000000d5580000, 0x00000000d5b00000, 0x0000000100000000)
  eden space 2560K, 99% used [0x00000000d5580000,0x00000000d57ffba0,0x00000000d5800000)
  from space 1536K, 76% used [0x00000000d5980000,0x00000000d5aa7720,0x00000000d5b00000)
  to   space 1536K, 0% used [0x00000000d5800000,0x00000000d5800000,0x00000000d5980000)
 ParOldGen       total 341504K, used 341371K [0x0000000080000000, 0x0000000094d80000, 0x00000000d5580000)
  object space 341504K, 99% used [0x0000000080000000,0x0000000094d5ef40,0x0000000094d80000)
 Metaspace       used 57186K, committed 58432K, reserved 1114112K
  class space    used 6189K, committed 6784K, reserved 1048576K
}
Event: 34.807 GC heap after
{Heap after GC invocations=283 (full 2):
 PSYoungGen      total 4096K, used 1266K [0x00000000d5580000, 0x00000000d5b00000, 0x0000000100000000)
  eden space 2560K, 0% used [0x00000000d5580000,0x00000000d5580000,0x00000000d5800000)
  from space 1536K, 82% used [0x00000000d5800000,0x00000000d593c928,0x00000000d5980000)
  to   space 1536K, 0% used [0x00000000d5980000,0x00000000d5980000,0x00000000d5b00000)
 ParOldGen       total 342528K, used 342280K [0x0000000080000000, 0x0000000094e80000, 0x00000000d5580000)
  object space 342528K, 99% used [0x0000000080000000,0x0000000094e423a0,0x0000000094e80000)
 Metaspace       used 57186K, committed 58432K, reserved 1114112K
  class space    used 6189K, committed 6784K, reserved 1048576K
}
Event: 34.815 GC heap before
{Heap before GC invocations=284 (full 2):
 PSYoungGen      total 4096K, used 3826K [0x00000000d5580000, 0x00000000d5b00000, 0x0000000100000000)
  eden space 2560K, 100% used [0x00000000d5580000,0x00000000d5800000,0x00000000d5800000)
  from space 1536K, 82% used [0x00000000d5800000,0x00000000d593c928,0x00000000d5980000)
  to   space 1536K, 0% used [0x00000000d5980000,0x00000000d5980000,0x00000000d5b00000)
 ParOldGen       total 342528K, used 342280K [0x0000000080000000, 0x0000000094e80000, 0x00000000d5580000)
  object space 342528K, 99% used [0x0000000080000000,0x0000000094e423a0,0x0000000094e80000)
 Metaspace       used 57187K, committed 58432K, reserved 1114112K
  class space    used 6189K, committed 6784K, reserved 1048576K
}
Event: 34.818 GC heap after
{Heap after GC invocations=284 (full 2):
 PSYoungGen      total 4096K, used 1121K [0x00000000d5580000, 0x00000000d5b00000, 0x0000000100000000)
  eden space 2560K, 0% used [0x00000000d5580000,0x00000000d5580000,0x00000000d5800000)
  from space 1536K, 73% used [0x00000000d5980000,0x00000000d5a98790,0x00000000d5b00000)
  to   space 1536K, 0% used [0x00000000d5800000,0x00000000d5800000,0x00000000d5980000)
 ParOldGen       total 343552K, used 343280K [0x0000000080000000, 0x0000000094f80000, 0x00000000d5580000)
  object space 343552K, 99% used [0x0000000080000000,0x0000000094f3c318,0x0000000094f80000)
 Metaspace       used 57187K, committed 58432K, reserved 1114112K
  class space    used 6189K, committed 6784K, reserved 1048576K
}
Event: 34.832 GC heap before
{Heap before GC invocations=285 (full 2):
 PSYoungGen      total 4096K, used 3656K [0x00000000d5580000, 0x00000000d5b00000, 0x0000000100000000)
  eden space 2560K, 99% used [0x00000000d5580000,0x00000000d57f99e8,0x00000000d5800000)
  from space 1536K, 73% used [0x00000000d5980000,0x00000000d5a98790,0x00000000d5b00000)
  to   space 1536K, 0% used [0x00000000d5800000,0x00000000d5800000,0x00000000d5980000)
 ParOldGen       total 343552K, used 343280K [0x0000000080000000, 0x0000000094f80000, 0x00000000d5580000)
  object space 343552K, 99% used [0x0000000080000000,0x0000000094f3c318,0x0000000094f80000)
 Metaspace       used 57199K, committed 58432K, reserved 1114112K
  class space    used 6190K, committed 6784K, reserved 1048576K
}
Event: 34.835 GC heap after
{Heap after GC invocations=285 (full 2):
 PSYoungGen      total 4096K, used 1038K [0x00000000d5580000, 0x00000000d5b00000, 0x0000000100000000)
  eden space 2560K, 0% used [0x00000000d5580000,0x00000000d5580000,0x00000000d5800000)
  from space 1536K, 67% used [0x00000000d5800000,0x00000000d5903830,0x00000000d5980000)
  to   space 1536K, 0% used [0x00000000d5980000,0x00000000d5980000,0x00000000d5b00000)
 ParOldGen       total 344576K, used 344244K [0x0000000080000000, 0x0000000095080000, 0x00000000d5580000)
  object space 344576K, 99% used [0x0000000080000000,0x000000009502d318,0x0000000095080000)
 Metaspace       used 57199K, committed 58432K, reserved 1114112K
  class space    used 6190K, committed 6784K, reserved 1048576K
}
Event: 34.856 GC heap before
{Heap before GC invocations=286 (full 2):
 PSYoungGen      total 4096K, used 3586K [0x00000000d5580000, 0x00000000d5b00000, 0x0000000100000000)
  eden space 2560K, 99% used [0x00000000d5580000,0x00000000d57fd210,0x00000000d5800000)
  from space 1536K, 67% used [0x00000000d5800000,0x00000000d5903830,0x00000000d5980000)
  to   space 1536K, 0% used [0x00000000d5980000,0x00000000d5980000,0x00000000d5b00000)
 ParOldGen       total 344576K, used 344244K [0x0000000080000000, 0x0000000095080000, 0x00000000d5580000)
  object space 344576K, 99% used [0x0000000080000000,0x000000009502d318,0x0000000095080000)
 Metaspace       used 57204K, committed 58432K, reserved 1114112K
  class space    used 6191K, committed 6784K, reserved 1048576K
}
Event: 34.858 GC heap after
{Heap after GC invocations=286 (full 2):
 PSYoungGen      total 4096K, used 1084K [0x00000000d5580000, 0x00000000d5b00000, 0x0000000100000000)
  eden space 2560K, 0% used [0x00000000d5580000,0x00000000d5580000,0x00000000d5800000)
  from space 1536K, 70% used [0x00000000d5980000,0x00000000d5a8f268,0x00000000d5b00000)
  to   space 1536K, 0% used [0x00000000d5800000,0x00000000d5800000,0x00000000d5980000)
 ParOldGen       total 345600K, used 345134K [0x0000000080000000, 0x0000000095180000, 0x00000000d5580000)
  object space 345600K, 99% used [0x0000000080000000,0x000000009510bb08,0x0000000095180000)
 Metaspace       used 57204K, committed 58432K, reserved 1114112K
  class space    used 6191K, committed 6784K, reserved 1048576K
}
Event: 34.869 GC heap before
{Heap before GC invocations=287 (full 2):
 PSYoungGen      total 4096K, used 3590K [0x00000000d5580000, 0x00000000d5b00000, 0x0000000100000000)
  eden space 2560K, 97% used [0x00000000d5580000,0x00000000d57f25a0,0x00000000d5800000)
  from space 1536K, 70% used [0x00000000d5980000,0x00000000d5a8f268,0x00000000d5b00000)
  to   space 1536K, 0% used [0x00000000d5800000,0x00000000d5800000,0x00000000d5980000)
 ParOldGen       total 345600K, used 345134K [0x0000000080000000, 0x0000000095180000, 0x00000000d5580000)
  object space 345600K, 99% used [0x0000000080000000,0x000000009510bb08,0x0000000095180000)
 Metaspace       used 57208K, committed 58432K, reserved 1114112K
  class space    used 6193K, committed 6784K, reserved 1048576K
}
Event: 34.871 GC heap after
{Heap after GC invocations=287 (full 2):
 PSYoungGen      total 4096K, used 1007K [0x00000000d5580000, 0x00000000d5b00000, 0x0000000100000000)
  eden space 2560K, 0% used [0x00000000d5580000,0x00000000d5580000,0x00000000d5800000)
  from space 1536K, 65% used [0x00000000d5800000,0x00000000d58fbcd8,0x00000000d5980000)
  to   space 1536K, 0% used [0x00000000d5980000,0x00000000d5980000,0x00000000d5b00000)
 ParOldGen       total 346112K, used 345994K [0x0000000080000000, 0x0000000095200000, 0x00000000d5580000)
  object space 346112K, 99% used [0x0000000080000000,0x00000000951e2b80,0x0000000095200000)
 Metaspace       used 57208K, committed 58432K, reserved 1114112K
  class space    used 6193K, committed 6784K, reserved 1048576K
}
Event: 34.876 GC heap before
{Heap before GC invocations=288 (full 2):
 PSYoungGen      total 4096K, used 3563K [0x00000000d5580000, 0x00000000d5b00000, 0x0000000100000000)
  eden space 2560K, 99% used [0x00000000d5580000,0x00000000d57ff240,0x00000000d5800000)
  from space 1536K, 65% used [0x00000000d5800000,0x00000000d58fbcd8,0x00000000d5980000)
  to   space 1536K, 0% used [0x00000000d5980000,0x00000000d5980000,0x00000000d5b00000)
 ParOldGen       total 346112K, used 345994K [0x0000000080000000, 0x0000000095200000, 0x00000000d5580000)
  object space 346112K, 99% used [0x0000000080000000,0x00000000951e2b80,0x0000000095200000)
 Metaspace       used 57216K, committed 58432K, reserved 1114112K
  class space    used 6194K, committed 6784K, reserved 1048576K
}
Event: 34.878 GC heap after
{Heap after GC invocations=288 (full 2):
 PSYoungGen      total 4096K, used 1094K [0x00000000d5580000, 0x00000000d5b00000, 0x0000000100000000)
  eden space 2560K, 0% used [0x00000000d5580000,0x00000000d5580000,0x00000000d5800000)
  from space 1536K, 71% used [0x00000000d5980000,0x00000000d5a918a8,0x00000000d5b00000)
  to   space 1536K, 0% used [0x00000000d5800000,0x00000000d5800000,0x00000000d5980000)
 ParOldGen       total 347136K, used 346853K [0x0000000080000000, 0x0000000095300000, 0x00000000d5580000)
  object space 347136K, 99% used [0x0000000080000000,0x00000000952b9798,0x0000000095300000)
 Metaspace       used 57216K, committed 58432K, reserved 1114112K
  class space    used 6194K, committed 6784K, reserved 1048576K
}
Event: 34.888 GC heap before
{Heap before GC invocations=289 (full 2):
 PSYoungGen      total 4096K, used 3627K [0x00000000d5580000, 0x00000000d5b00000, 0x0000000100000000)
  eden space 2560K, 98% used [0x00000000d5580000,0x00000000d57f9730,0x00000000d5800000)
  from space 1536K, 71% used [0x00000000d5980000,0x00000000d5a918a8,0x00000000d5b00000)
  to   space 1536K, 0% used [0x00000000d5800000,0x00000000d5800000,0x00000000d5980000)
 ParOldGen       total 347136K, used 346853K [0x0000000080000000, 0x0000000095300000, 0x00000000d5580000)
  object space 347136K, 99% used [0x0000000080000000,0x00000000952b9798,0x0000000095300000)
 Metaspace       used 57226K, committed 58432K, reserved 1114112K
  class space    used 6195K, committed 6784K, reserved 1048576K
}
Event: 34.890 GC heap after
{Heap after GC invocations=289 (full 2):
 PSYoungGen      total 4096K, used 1103K [0x00000000d5580000, 0x00000000d5b00000, 0x0000000100000000)
  eden space 2560K, 0% used [0x00000000d5580000,0x00000000d5580000,0x00000000d5800000)
  from space 1536K, 71% used [0x00000000d5800000,0x00000000d5913ef0,0x00000000d5980000)
  to   space 1536K, 0% used [0x00000000d5980000,0x00000000d5980000,0x00000000d5b00000)
 ParOldGen       total 348160K, used 347779K [0x0000000080000000, 0x0000000095400000, 0x00000000d5580000)
  object space 348160K, 99% used [0x0000000080000000,0x00000000953a0f60,0x0000000095400000)
 Metaspace       used 57226K, committed 58432K, reserved 1114112K
  class space    used 6195K, committed 6784K, reserved 1048576K
}
Event: 34.899 GC heap before
{Heap before GC invocations=290 (full 2):
 PSYoungGen      total 4096K, used 3640K [0x00000000d5580000, 0x00000000d5b00000, 0x0000000100000000)
  eden space 2560K, 99% used [0x00000000d5580000,0x00000000d57fa2f0,0x00000000d5800000)
  from space 1536K, 71% used [0x00000000d5800000,0x00000000d5913ef0,0x00000000d5980000)
  to   space 1536K, 0% used [0x00000000d5980000,0x00000000d5980000,0x00000000d5b00000)
 ParOldGen       total 348160K, used 347779K [0x0000000080000000, 0x0000000095400000, 0x00000000d5580000)
  object space 348160K, 99% used [0x0000000080000000,0x00000000953a0f60,0x0000000095400000)
 Metaspace       used 57228K, committed 58432K, reserved 1114112K
  class space    used 6196K, committed 6784K, reserved 1048576K
}
Event: 34.901 GC heap after
{Heap after GC invocations=290 (full 2):
 PSYoungGen      total 4096K, used 1317K [0x00000000d5580000, 0x00000000d5b00000, 0x0000000100000000)
  eden space 2560K, 0% used [0x00000000d5580000,0x00000000d5580000,0x00000000d5800000)
  from space 1536K, 85% used [0x00000000d5980000,0x00000000d5ac94c0,0x00000000d5b00000)
  to   space 1536K, 0% used [0x00000000d5800000,0x00000000d5800000,0x00000000d5980000)
 ParOldGen       total 349184K, used 348673K [0x0000000080000000, 0x0000000095500000, 0x00000000d5580000)
  object space 349184K, 99% used [0x0000000080000000,0x0000000095480580,0x0000000095500000)
 Metaspace       used 57228K, committed 58432K, reserved 1114112K
  class space    used 6196K, committed 6784K, reserved 1048576K
}
Event: 34.909 GC heap before
{Heap before GC invocations=291 (full 2):
 PSYoungGen      total 4096K, used 3877K [0x00000000d5580000, 0x00000000d5b00000, 0x0000000100000000)
  eden space 2560K, 100% used [0x00000000d5580000,0x00000000d5800000,0x00000000d5800000)
  from space 1536K, 85% used [0x00000000d5980000,0x00000000d5ac94c0,0x00000000d5b00000)
  to   space 1536K, 0% used [0x00000000d5800000,0x00000000d5800000,0x00000000d5980000)
 ParOldGen       total 349184K, used 348673K [0x0000000080000000, 0x0000000095500000, 0x00000000d5580000)
  object space 349184K, 99% used [0x0000000080000000,0x0000000095480580,0x0000000095500000)
 Metaspace       used 57236K, committed 58496K, reserved 1114112K
  class space    used 6198K, committed 6784K, reserved 1048576K
}
Event: 34.911 GC heap after
{Heap after GC invocations=291 (full 2):
 PSYoungGen      total 4096K, used 1166K [0x00000000d5580000, 0x00000000d5b00000, 0x0000000100000000)
  eden space 2560K, 0% used [0x00000000d5580000,0x00000000d5580000,0x00000000d5800000)
  from space 1536K, 75% used [0x00000000d5800000,0x00000000d5923b90,0x00000000d5980000)
  to   space 1536K, 0% used [0x00000000d5980000,0x00000000d5980000,0x00000000d5b00000)
 ParOldGen       total 350208K, used 349742K [0x0000000080000000, 0x0000000095600000, 0x00000000d5580000)
  object space 350208K, 99% used [0x0000000080000000,0x000000009558ba40,0x0000000095600000)
 Metaspace       used 57236K, committed 58496K, reserved 1114112K
  class space    used 6198K, committed 6784K, reserved 1048576K
}
Event: 34.921 GC heap before
{Heap before GC invocations=292 (full 2):
 PSYoungGen      total 4096K, used 3688K [0x00000000d5580000, 0x00000000d5b00000, 0x0000000100000000)
  eden space 2560K, 98% used [0x00000000d5580000,0x00000000d57f6720,0x00000000d5800000)
  from space 1536K, 75% used [0x00000000d5800000,0x00000000d5923b90,0x00000000d5980000)
  to   space 1536K, 0% used [0x00000000d5980000,0x00000000d5980000,0x00000000d5b00000)
 ParOldGen       total 350208K, used 349742K [0x0000000080000000, 0x0000000095600000, 0x00000000d5580000)
  object space 350208K, 99% used [0x0000000080000000,0x000000009558ba40,0x0000000095600000)
 Metaspace       used 57242K, committed 58496K, reserved 1114112K
  class space    used 6198K, committed 6784K, reserved 1048576K
}
Event: 35.959 GC heap after
{Heap after GC invocations=292 (full 2):
 PSYoungGen      total 4096K, used 1075K [0x00000000d5580000, 0x00000000d5b80000, 0x0000000100000000)
  eden space 2560K, 0% used [0x00000000d5580000,0x00000000d5580000,0x00000000d5800000)
  from space 1536K, 69% used [0x00000000d5980000,0x00000000d5a8cc28,0x00000000d5b00000)
  to   space 1536K, 0% used [0x00000000d5800000,0x00000000d5800000,0x00000000d5980000)
 ParOldGen       total 350720K, used 350704K [0x0000000080000000, 0x0000000095680000, 0x00000000d5580000)
  object space 350720K, 99% used [0x0000000080000000,0x000000009567c138,0x0000000095680000)
 Metaspace       used 57242K, committed 58496K, reserved 1114112K
  class space    used 6198K, committed 6784K, reserved 1048576K
}

Dll operation events (12 events):
Event: 0.016 Loaded shared library c:\Users\Aurora  N. Postrado\.vscode\extensions\redhat.java-1.50.0-win32-x64\jre\21.0.9-win32-x86_64\bin\java.dll
Event: 0.172 Loaded shared library c:\Users\Aurora  N. Postrado\.vscode\extensions\redhat.java-1.50.0-win32-x64\jre\21.0.9-win32-x86_64\bin\zip.dll
Event: 0.194 Loaded shared library C:\Users\Aurora  N. Postrado\.vscode\extensions\redhat.java-1.50.0-win32-x64\jre\21.0.9-win32-x86_64\bin\instrument.dll
Event: 0.250 Loaded shared library C:\Users\Aurora  N. Postrado\.vscode\extensions\redhat.java-1.50.0-win32-x64\jre\21.0.9-win32-x86_64\bin\net.dll
Event: 0.300 Loaded shared library C:\Users\Aurora  N. Postrado\.vscode\extensions\redhat.java-1.50.0-win32-x64\jre\21.0.9-win32-x86_64\bin\nio.dll
Event: 0.304 Loaded shared library C:\Users\Aurora  N. Postrado\.vscode\extensions\redhat.java-1.50.0-win32-x64\jre\21.0.9-win32-x86_64\bin\zip.dll
Event: 0.320 Loaded shared library C:\Users\Aurora  N. Postrado\.vscode\extensions\redhat.java-1.50.0-win32-x64\jre\21.0.9-win32-x86_64\bin\jimage.dll
Event: 0.450 Loaded shared library c:\Users\Aurora  N. Postrado\.vscode\extensions\redhat.java-1.50.0-win32-x64\jre\21.0.9-win32-x86_64\bin\verify.dll
Event: 8.376 Loaded shared library C:\Users\Aurora  N. Postrado\AppData\Roaming\Code\User\globalStorage\redhat.java\1.50.0\config_win\org.eclipse.equinox.launcher\org.eclipse.equinox.launcher.win32.win32.x86_64_1.2.1400.v20250801-0854\eclipse_11916.dll
Event: 19.139 Loaded shared library C:\Users\Aurora  N. Postrado\AppData\Local\Temp\jna-614272698\jna18326563896773565453.dll
Event: 21.313 Loaded shared library C:\Users\Aurora  N. Postrado\.vscode\extensions\redhat.java-1.50.0-win32-x64\jre\21.0.9-win32-x86_64\bin\sunmscapi.dll
Event: 22.179 Loaded shared library C:\Users\Aurora  N. Postrado\.vscode\extensions\redhat.java-1.50.0-win32-x64\jre\21.0.9-win32-x86_64\bin\extnet.dll

Deoptimization events (20 events):
Event: 33.579 Thread 0x00000291509cb2b0 Uncommon trap: trap_request=0xffffff45 fr.pc=0x0000029107fa75bc relative=0x0000000000000d5c
Event: 33.579 Thread 0x00000291509cb2b0 Uncommon trap: reason=unstable_if action=reinterpret pc=0x0000029107fa75bc method=java.util.Properties$LineReader.readLine()I @ 182 c2
Event: 33.579 Thread 0x00000291509cb2b0 DEOPT PACKING pc=0x0000029107fa75bc sp=0x000000c6640fcf10
Event: 33.579 Thread 0x00000291509cb2b0 DEOPT UNPACKING pc=0x00000291074a3aa2 sp=0x000000c6640fceb0 mode 2
Event: 33.750 Thread 0x00000291509cb2b0 DEOPT PACKING pc=0x00000291009c770d sp=0x000000c6640fd160
Event: 33.750 Thread 0x00000291509cb2b0 DEOPT UNPACKING pc=0x00000291074a4242 sp=0x000000c6640fc610 mode 0
Event: 33.798 Thread 0x00000291509cb2b0 DEOPT PACKING pc=0x00000291009c770d sp=0x000000c6640f9900
Event: 33.799 Thread 0x00000291509cb2b0 DEOPT UNPACKING pc=0x00000291074a4242 sp=0x000000c6640f8db0 mode 0
Event: 33.853 Thread 0x00000291509cb2b0 DEOPT PACKING pc=0x00000291009c770d sp=0x000000c6640f9900
Event: 33.853 Thread 0x00000291509cb2b0 DEOPT UNPACKING pc=0x00000291074a4242 sp=0x000000c6640f8db0 mode 0
Event: 33.870 Thread 0x00000291509cb2b0 DEOPT PACKING pc=0x0000029100e60246 sp=0x000000c6640f8eb0
Event: 33.870 Thread 0x00000291509cb2b0 DEOPT UNPACKING pc=0x00000291074a4242 sp=0x000000c6640f8430 mode 0
Event: 33.887 Thread 0x00000291509cbfd0 Uncommon trap: trap_request=0xffffff45 fr.pc=0x000002910826fdd0 relative=0x0000000000000cb0
Event: 33.887 Thread 0x00000291509cbfd0 Uncommon trap: reason=unstable_if action=reinterpret pc=0x000002910826fdd0 method=org.eclipse.jdt.internal.compiler.classfmt.AnnotationInfo.scanAnnotation(IZZ)I @ 209 c2
Event: 33.887 Thread 0x00000291509cbfd0 DEOPT PACKING pc=0x000002910826fdd0 sp=0x000000c6643feb40
Event: 33.887 Thread 0x00000291509cbfd0 DEOPT UNPACKING pc=0x00000291074a3aa2 sp=0x000000c6643fead8 mode 2
Event: 34.414 Thread 0x00000291509cb2b0 DEOPT PACKING pc=0x00000291000c689e sp=0x000000c6640fcc80
Event: 34.414 Thread 0x00000291509cb2b0 DEOPT UNPACKING pc=0x00000291074a4242 sp=0x000000c6640fc1d8 mode 0
Event: 34.570 Thread 0x00000291509cb2b0 DEOPT PACKING pc=0x00000291000c689e sp=0x000000c6640fc880
Event: 34.570 Thread 0x00000291509cb2b0 DEOPT UNPACKING pc=0x00000291074a4242 sp=0x000000c6640fbdd8 mode 0

Classes loaded (20 events):
Event: 31.715 Loading class java/util/concurrent/ThreadPoolExecutor$CallerRunsPolicy
Event: 31.715 Loading class java/util/concurrent/ThreadPoolExecutor$CallerRunsPolicy done
Event: 32.121 Loading class sun/nio/cs/ISO_8859_1$Encoder
Event: 32.122 Loading class sun/nio/cs/ISO_8859_1$Encoder done
Event: 32.122 Loading class sun/nio/cs/Surrogate$Parser
Event: 32.122 Loading class sun/nio/cs/Surrogate$Parser done
Event: 32.122 Loading class sun/nio/cs/Surrogate
Event: 32.123 Loading class sun/nio/cs/Surrogate done
Event: 32.144 Loading class java/util/TreeMap$ValueSpliterator
Event: 32.144 Loading class java/util/TreeMap$TreeMapSpliterator
Event: 32.145 Loading class java/util/TreeMap$TreeMapSpliterator done
Event: 32.145 Loading class java/util/TreeMap$ValueSpliterator done
Event: 32.200 Loading class java/util/concurrent/CompletionException
Event: 32.201 Loading class java/util/concurrent/CompletionException done
Event: 32.208 Loading class java/nio/file/FileTreeWalker$1
Event: 32.208 Loading class java/nio/file/FileTreeWalker$1 done
Event: 33.477 Loading class java/lang/UnsupportedClassVersionError
Event: 33.477 Loading class java/lang/UnsupportedClassVersionError done
Event: 34.883 Loading class java/util/regex/Pattern$Caret
Event: 34.883 Loading class java/util/regex/Pattern$Caret done

Classes unloaded (16 events):
Event: 20.091 Thread 0x000002917d542530 Unloading class 0x00000291101a4800 'java/lang/invoke/LambdaForm$MH+0x00000291101a4800'
Event: 20.091 Thread 0x000002917d542530 Unloading class 0x00000291101a4400 'java/lang/invoke/LambdaForm$MH+0x00000291101a4400'
Event: 20.091 Thread 0x000002917d542530 Unloading class 0x00000291101a4000 'java/lang/invoke/LambdaForm$MH+0x00000291101a4000'
Event: 20.091 Thread 0x000002917d542530 Unloading class 0x00000291101a3c00 'java/lang/invoke/LambdaForm$MH+0x00000291101a3c00'
Event: 20.091 Thread 0x000002917d542530 Unloading class 0x00000291101a3800 'java/lang/invoke/LambdaForm$BMH+0x00000291101a3800'
Event: 20.091 Thread 0x000002917d542530 Unloading class 0x00000291101a3400 'java/lang/invoke/LambdaForm$DMH+0x00000291101a3400'
Event: 20.091 Thread 0x000002917d542530 Unloading class 0x00000291101a2000 'java/lang/invoke/LambdaForm$DMH+0x00000291101a2000'
Event: 21.669 Thread 0x000002917d542530 Unloading class 0x0000029110392c00 'java/lang/invoke/LambdaForm$MH+0x0000029110392c00'
Event: 21.669 Thread 0x000002917d542530 Unloading class 0x0000029110392000 'java/lang/invoke/LambdaForm$MH+0x0000029110392000'
Event: 21.669 Thread 0x000002917d542530 Unloading class 0x0000029110391c00 'java/lang/invoke/LambdaForm$MH+0x0000029110391c00'
Event: 21.669 Thread 0x000002917d542530 Unloading class 0x0000029110391000 'java/lang/invoke/LambdaForm$MH+0x0000029110391000'
Event: 21.669 Thread 0x000002917d542530 Unloading class 0x0000029110390c00 'java/lang/invoke/LambdaForm$DMH+0x0000029110390c00'
Event: 21.669 Thread 0x000002917d542530 Unloading class 0x0000029110390000 'java/lang/invoke/LambdaForm$MH+0x0000029110390000'
Event: 21.669 Thread 0x000002917d542530 Unloading class 0x0000029110381c00 'java/lang/invoke/LambdaForm$MH+0x0000029110381c00'
Event: 21.669 Thread 0x000002917d542530 Unloading class 0x0000029110381400 'java/lang/invoke/LambdaForm$MH+0x0000029110381400'
Event: 21.669 Thread 0x000002917d542530 Unloading class 0x0000029110380800 'java/lang/invoke/LambdaForm$MH+0x0000029110380800'

Classes redefined (0 events):
No events

Internal exceptions (20 events):
Event: 32.437 Thread 0x00000291509cb2b0 Exception <a 'sun/nio/fs/WindowsException'{0x00000000d559e998}> (0x00000000d559e998) 
thrown [s\src\hotspot\share\prims\jni.cpp, line 520]
Event: 32.439 Thread 0x00000291509cb2b0 Exception <a 'sun/nio/fs/WindowsException'{0x00000000d55efa00}> (0x00000000d55efa00) 
thrown [s\src\hotspot\share\prims\jni.cpp, line 520]
Event: 32.441 Thread 0x00000291509cb2b0 Exception <a 'sun/nio/fs/WindowsException'{0x00000000d568e050}> (0x00000000d568e050) 
thrown [s\src\hotspot\share\prims\jni.cpp, line 520]
Event: 32.444 Thread 0x00000291509cb2b0 Exception <a 'sun/nio/fs/WindowsException'{0x00000000d56b09e8}> (0x00000000d56b09e8) 
thrown [s\src\hotspot\share\prims\jni.cpp, line 520]
Event: 32.445 Thread 0x00000291509cb2b0 Exception <a 'sun/nio/fs/WindowsException'{0x00000000d56c5e98}> (0x00000000d56c5e98) 
thrown [s\src\hotspot\share\prims\jni.cpp, line 520]
Event: 32.448 Thread 0x00000291509cb2b0 Exception <a 'sun/nio/fs/WindowsException'{0x00000000d56c9a80}> (0x00000000d56c9a80) 
thrown [s\src\hotspot\share\prims\jni.cpp, line 520]
Event: 32.452 Thread 0x00000291509cb2b0 Exception <a 'sun/nio/fs/WindowsException'{0x00000000d571c9b0}> (0x00000000d571c9b0) 
thrown [s\src\hotspot\share\prims\jni.cpp, line 520]
Event: 32.454 Thread 0x00000291509cb2b0 Exception <a 'sun/nio/fs/WindowsException'{0x00000000d578cb28}> (0x00000000d578cb28) 
thrown [s\src\hotspot\share\prims\jni.cpp, line 520]
Event: 32.456 Thread 0x00000291509cb2b0 Exception <a 'sun/nio/fs/WindowsException'{0x00000000d57cf958}> (0x00000000d57cf958) 
thrown [s\src\hotspot\share\prims\jni.cpp, line 520]
Event: 32.456 Thread 0x00000291509cb2b0 Exception <a 'sun/nio/fs/WindowsException'{0x00000000d58014c0}> (0x00000000d58014c0) 
thrown [s\src\hotspot\share\prims\jni.cpp, line 520]
Event: 32.457 Thread 0x00000291509cb2b0 Exception <a 'sun/nio/fs/WindowsException'{0x00000000d582a9e8}> (0x00000000d582a9e8) 
thrown [s\src\hotspot\share\prims\jni.cpp, line 520]
Event: 32.458 Thread 0x00000291509cb2b0 Exception <a 'sun/nio/fs/WindowsException'{0x00000000d585d190}> (0x00000000d585d190) 
thrown [s\src\hotspot\share\prims\jni.cpp, line 520]
Event: 32.458 Thread 0x00000291509cb2b0 Exception <a 'sun/nio/fs/WindowsException'{0x00000000d5888c08}> (0x00000000d5888c08) 
thrown [s\src\hotspot\share\prims\jni.cpp, line 520]
Event: 32.459 Thread 0x00000291509cb2b0 Exception <a 'sun/nio/fs/WindowsException'{0x00000000d58af020}> (0x00000000d58af020) 
thrown [s\src\hotspot\share\prims\jni.cpp, line 520]
Event: 32.460 Thread 0x00000291509cb2b0 Exception <a 'sun/nio/fs/WindowsException'{0x00000000d58f1548}> (0x00000000d58f1548) 
thrown [s\src\hotspot\share\prims\jni.cpp, line 520]
Event: 32.464 Thread 0x00000291509cb2b0 Exception <a 'sun/nio/fs/WindowsException'{0x00000000d55925d0}> (0x00000000d55925d0) 
thrown [s\src\hotspot\share\prims\jni.cpp, line 520]
Event: 32.466 Thread 0x00000291509cb2b0 Exception <a 'sun/nio/fs/WindowsException'{0x00000000d55bd498}> (0x00000000d55bd498) 
thrown [s\src\hotspot\share\prims\jni.cpp, line 520]
Event: 32.468 Thread 0x00000291509cb2b0 Exception <a 'sun/nio/fs/WindowsException'{0x00000000d5605520}> (0x00000000d5605520) 
thrown [s\src\hotspot\share\prims\jni.cpp, line 520]
Event: 32.518 Thread 0x00000291509cb2b0 Exception <a 'java/lang/NoSuchMethodError'{0x00000000d5754be8}: 'java.lang.Object java.lang.invoke.Invokers$Holder.invoke_MT(java.lang.Object, java.lang.Object, java.lang.Object, java.lang.Object, java.lang.Object, java.lang.Object, java.lang.Object, java.lang.Object, java.lang.Object, java.lang.Object)'> (0x00000000d5754be8) 
thrown [s\src\hotspot\share\interpreter\linkResolver.cpp, line 773]
Event: 33.513 Thread 0x00000291509cb2b0 Exception <a 'java/lang/NoSuchMethodError'{0x00000000d56c7298}: 'int java.lang.invoke.Invokers$Holder.invokeExact_MT(java.lang.Object, java.lang.Object)'> (0x00000000d56c7298) 
thrown [s\src\hotspot\share\interpreter\linkResolver.cpp, line 773]

ZGC Phase Switch (0 events):
No events

VM Operations (20 events):
Event: 34.807 Executing VM operation: ParallelGCFailedAllocation (Allocation Failure) done
Event: 34.815 Executing VM operation: ParallelGCFailedAllocation (Allocation Failure)
Event: 34.818 Executing VM operation: ParallelGCFailedAllocation (Allocation Failure) done
Event: 34.832 Executing VM operation: ParallelGCFailedAllocation (Allocation Failure)
Event: 34.835 Executing VM operation: ParallelGCFailedAllocation (Allocation Failure) done
Event: 34.855 Executing VM operation: ParallelGCFailedAllocation (Allocation Failure)
Event: 34.858 Executing VM operation: ParallelGCFailedAllocation (Allocation Failure) done
Event: 34.869 Executing VM operation: ParallelGCFailedAllocation (Allocation Failure)
Event: 34.871 Executing VM operation: ParallelGCFailedAllocation (Allocation Failure) done
Event: 34.876 Executing VM operation: ParallelGCFailedAllocation (Allocation Failure)
Event: 34.878 Executing VM operation: ParallelGCFailedAllocation (Allocation Failure) done
Event: 34.888 Executing VM operation: ParallelGCFailedAllocation (Allocation Failure)
Event: 34.890 Executing VM operation: ParallelGCFailedAllocation (Allocation Failure) done
Event: 34.894 Executing VM operation: ParallelGCFailedAllocation (Allocation Failure)
Event: 34.901 Executing VM operation: ParallelGCFailedAllocation (Allocation Failure) done
Event: 34.909 Executing VM operation: ParallelGCFailedAllocation (Allocation Failure)
Event: 34.911 Executing VM operation: ParallelGCFailedAllocation (Allocation Failure) done
Event: 34.921 Executing VM operation: ParallelGCFailedAllocation (Allocation Failure)
Event: 35.959 Executing VM operation: ParallelGCFailedAllocation (Allocation Failure) done
Event: 35.962 Executing VM operation: ParallelGCFailedAllocation (Allocation Failure)

Memory protections (0 events):
No events

Nmethod flushes (20 events):
Event: 21.696 Thread 0x000002917d542530 flushing  nmethod 0x00000291007d3110
Event: 21.696 Thread 0x000002917d542530 flushing  nmethod 0x00000291007d3c10
Event: 21.696 Thread 0x000002917d542530 flushing  nmethod 0x00000291007d9790
Event: 21.696 Thread 0x000002917d542530 flushing  nmethod 0x00000291007e0610
Event: 21.696 Thread 0x000002917d542530 flushing  nmethod 0x00000291007faf90
Event: 21.696 Thread 0x000002917d542530 flushing  nmethod 0x0000029100860d10
Event: 21.696 Thread 0x000002917d542530 flushing  nmethod 0x0000029100861410
Event: 21.696 Thread 0x000002917d542530 flushing  nmethod 0x0000029100862290
Event: 21.696 Thread 0x000002917d542530 flushing  nmethod 0x0000029100864f10
Event: 21.696 Thread 0x000002917d542530 flushing  nmethod 0x0000029100867e10
Event: 21.696 Thread 0x000002917d542530 flushing  nmethod 0x000002910086a390
Event: 21.696 Thread 0x000002917d542530 flushing  nmethod 0x0000029100871e90
Event: 21.696 Thread 0x000002917d542530 flushing  nmethod 0x0000029100872890
Event: 21.696 Thread 0x000002917d542530 flushing  nmethod 0x0000029100872e10
Event: 21.696 Thread 0x000002917d542530 flushing  nmethod 0x0000029100873990
Event: 21.696 Thread 0x000002917d542530 flushing  nmethod 0x0000029100874f90
Event: 21.696 Thread 0x000002917d542530 flushing  nmethod 0x0000029100876510
Event: 21.696 Thread 0x000002917d542530 flushing osr nmethod 0x0000029100878810
Event: 21.696 Thread 0x000002917d542530 flushing  nmethod 0x0000029100878e90
Event: 21.696 Thread 0x000002917d542530 flushing  nmethod 0x0000029100895610

Events (20 events):
Event: 31.717 Thread 0x0000029157eada40 Thread added: 0x0000029157eaf480
Event: 31.717 Thread 0x0000029157eacd20 Thread added: 0x000002915646eb00
Event: 31.717 Thread 0x0000029157eada40 Thread added: 0x000002915646f820
Event: 31.717 Thread 0x0000029157eaac50 Thread added: 0x000002915646d0c0
Event: 31.717 Thread 0x0000029157eacd20 Thread added: 0x000002915646c3a0
Event: 31.717 Thread 0x0000029157eae0d0 Thread added: 0x000002915646feb0
Event: 31.717 Thread 0x0000029157eada40 Thread added: 0x000002915646ca30
Event: 31.717 Thread 0x0000029157eaedf0 Thread added: 0x0000029156470bd0
Event: 31.717 Thread 0x0000029157eaa5c0 Thread added: 0x000002915646f190
Event: 31.721 Thread 0x0000029175e1d810 Thread added: 0x000002915779a590
Event: 31.721 Thread 0x0000029175e1d810 Thread added: 0x0000029157799120
Event: 31.723 Thread 0x0000029157799120 Thread added: 0x0000029157796f10
Event: 31.723 Thread 0x0000029157799120 Thread added: 0x00000291577975e0
Event: 31.727 Thread 0x0000029157799120 Thread added: 0x000002915af396f0
Event: 31.734 Thread 0x00000291577975e0 Thread added: 0x000002915af37bb0
Event: 31.735 Thread 0x000002915af396f0 Thread added: 0x000002915af374e0
Event: 32.777 Thread 0x0000029157796f10 Thread added: 0x000002915af36e10
Event: 33.454 Thread 0x000002915af36e10 Thread exited: 0x000002915af36e10
Event: 33.751 Thread 0x000002915af374e0 Thread exited: 0x000002915af374e0
Event: 33.806 Thread 0x0000029157eac690 Thread exited: 0x0000029157eac690


Dynamic libraries:
0x00007ff6e6e20000 - 0x00007ff6e6e2e000 	c:\Users\Aurora  N. Postrado\.vscode\extensions\redhat.java-1.50.0-win32-x64\jre\21.0.9-win32-x86_64\bin\java.exe
0x00007ffedc8c0000 - 0x00007ffedcb27000 	C:\WINDOWS\SYSTEM32\ntdll.dll
0x00007ffedae50000 - 0x00007ffedaf19000 	C:\WINDOWS\System32\KERNEL32.DLL
0x00007ffed9a10000 - 0x00007ffed9dff000 	C:\WINDOWS\System32\KERNELBASE.dll
0x00007ffed9e10000 - 0x00007ffed9f5b000 	C:\WINDOWS\System32\ucrtbase.dll
0x00007ffea4020000 - 0x00007ffea4038000 	c:\Users\Aurora  N. Postrado\.vscode\extensions\redhat.java-1.50.0-win32-x64\jre\21.0.9-win32-x86_64\bin\jli.dll
0x00007ffea4040000 - 0x00007ffea405e000 	c:\Users\Aurora  N. Postrado\.vscode\extensions\redhat.java-1.50.0-win32-x64\jre\21.0.9-win32-x86_64\bin\VCRUNTIME140.dll
0x00007ffedc680000 - 0x00007ffedc845000 	C:\WINDOWS\System32\USER32.dll
0x00007ffec8ed0000 - 0x00007ffec9163000 	C:\WINDOWS\WinSxS\amd64_microsoft.windows.common-controls_6595b64144ccf1df_6.0.26100.7309_none_3e05feeae336a044\COMCTL32.dll
0x00007ffedbe10000 - 0x00007ffedbeb9000 	C:\WINDOWS\System32\msvcrt.dll
0x00007ffeda4b0000 - 0x00007ffeda4d7000 	C:\WINDOWS\System32\win32u.dll
0x00007ffedb740000 - 0x00007ffedb76b000 	C:\WINDOWS\System32\GDI32.dll
0x00007ffed9f60000 - 0x00007ffeda08c000 	C:\WINDOWS\System32\gdi32full.dll
0x00007ffeda400000 - 0x00007ffeda4a3000 	C:\WINDOWS\System32\msvcp_win.dll
0x00007ffedb7e0000 - 0x00007ffedb811000 	C:\WINDOWS\System32\IMM32.DLL
0x00007ffea4010000 - 0x00007ffea401c000 	c:\Users\Aurora  N. Postrado\.vscode\extensions\redhat.java-1.50.0-win32-x64\jre\21.0.9-win32-x86_64\bin\vcruntime140_1.dll
0x00007ffea3f80000 - 0x00007ffea400d000 	c:\Users\Aurora  N. Postrado\.vscode\extensions\redhat.java-1.50.0-win32-x64\jre\21.0.9-win32-x86_64\bin\msvcp140.dll
0x00007ffe58d90000 - 0x00007ffe59b30000 	c:\Users\Aurora  N. Postrado\.vscode\extensions\redhat.java-1.50.0-win32-x64\jre\21.0.9-win32-x86_64\bin\server\jvm.dll
0x00007ffedb680000 - 0x00007ffedb734000 	C:\WINDOWS\System32\ADVAPI32.dll
0x00007ffedc130000 - 0x00007ffedc1d6000 	C:\WINDOWS\System32\sechost.dll
0x00007ffedab00000 - 0x00007ffedac18000 	C:\WINDOWS\System32\RPCRT4.dll
0x00007ffedbec0000 - 0x00007ffedbf34000 	C:\WINDOWS\System32\WS2_32.dll
0x00007ffed9870000 - 0x00007ffed98ce000 	C:\WINDOWS\SYSTEM32\POWRPROF.dll
0x00007ffed3020000 - 0x00007ffed3055000 	C:\WINDOWS\SYSTEM32\WINMM.dll
0x00007ffed3060000 - 0x00007ffed306b000 	C:\WINDOWS\SYSTEM32\VERSION.dll
0x00007ffed9850000 - 0x00007ffed9864000 	C:\WINDOWS\SYSTEM32\UMPDC.dll
0x00007ffed87c0000 - 0x00007ffed87db000 	C:\WINDOWS\SYSTEM32\kernel.appcore.dll
0x00007ffea3f70000 - 0x00007ffea3f7a000 	c:\Users\Aurora  N. Postrado\.vscode\extensions\redhat.java-1.50.0-win32-x64\jre\21.0.9-win32-x86_64\bin\jimage.dll
0x00007ffecf7c0000 - 0x00007ffecfa02000 	C:\WINDOWS\SYSTEM32\DBGHELP.DLL
0x00007ffedb920000 - 0x00007ffedbca6000 	C:\WINDOWS\System32\combase.dll
0x00007ffedbcb0000 - 0x00007ffedbd86000 	C:\WINDOWS\System32\OLEAUT32.dll
0x00007ffeb4c00000 - 0x00007ffeb4c3c000 	C:\WINDOWS\SYSTEM32\dbgcore.DLL
0x00007ffeda120000 - 0x00007ffeda1c5000 	C:\WINDOWS\System32\bcryptPrimitives.dll
0x00007ffea3f60000 - 0x00007ffea3f6f000 	c:\Users\Aurora  N. Postrado\.vscode\extensions\redhat.java-1.50.0-win32-x64\jre\21.0.9-win32-x86_64\bin\instrument.dll
0x00007ffea3f40000 - 0x00007ffea3f60000 	c:\Users\Aurora  N. Postrado\.vscode\extensions\redhat.java-1.50.0-win32-x64\jre\21.0.9-win32-x86_64\bin\java.dll
0x00007ffedaf20000 - 0x00007ffedb673000 	C:\WINDOWS\System32\SHELL32.dll
0x00007ffeda1d0000 - 0x00007ffeda33a000 	C:\WINDOWS\System32\wintypes.dll
0x00007ffed7650000 - 0x00007ffed7eae000 	C:\WINDOWS\SYSTEM32\windows.storage.dll
0x00007ffedb820000 - 0x00007ffedb914000 	C:\WINDOWS\System32\SHCORE.dll
0x00007ffedb770000 - 0x00007ffedb7d6000 	C:\WINDOWS\System32\shlwapi.dll
0x00007ffed9930000 - 0x00007ffed9959000 	C:\WINDOWS\SYSTEM32\profapi.dll
0x00007ffe5edf0000 - 0x00007ffe5ee08000 	c:\Users\Aurora  N. Postrado\.vscode\extensions\redhat.java-1.50.0-win32-x64\jre\21.0.9-win32-x86_64\bin\zip.dll
0x00007ffea3f30000 - 0x00007ffea3f40000 	C:\Users\Aurora  N. Postrado\.vscode\extensions\redhat.java-1.50.0-win32-x64\jre\21.0.9-win32-x86_64\bin\net.dll
0x00007ffed0710000 - 0x00007ffed0838000 	C:\WINDOWS\SYSTEM32\WINHTTP.dll
0x00007ffed8d30000 - 0x00007ffed8d9b000 	C:\WINDOWS\system32\mswsock.dll
0x00007ffea3f10000 - 0x00007ffea3f26000 	C:\Users\Aurora  N. Postrado\.vscode\extensions\redhat.java-1.50.0-win32-x64\jre\21.0.9-win32-x86_64\bin\nio.dll
0x00007ffea3f00000 - 0x00007ffea3f10000 	c:\Users\Aurora  N. Postrado\.vscode\extensions\redhat.java-1.50.0-win32-x64\jre\21.0.9-win32-x86_64\bin\verify.dll
0x00007ffecd7c0000 - 0x00007ffecd804000 	C:\Users\Aurora  N. Postrado\AppData\Roaming\Code\User\globalStorage\redhat.java\1.50.0\config_win\org.eclipse.equinox.launcher\org.eclipse.equinox.launcher.win32.win32.x86_64_1.2.1400.v20250801-0854\eclipse_11916.dll
0x00007ffedc4c0000 - 0x00007ffedc657000 	C:\WINDOWS\System32\ole32.dll
0x00007ffed8ff0000 - 0x00007ffed900b000 	C:\WINDOWS\SYSTEM32\CRYPTSP.dll
0x00007ffed8720000 - 0x00007ffed875a000 	C:\WINDOWS\system32\rsaenh.dll
0x00007ffed8de0000 - 0x00007ffed8e0b000 	C:\WINDOWS\SYSTEM32\USERENV.dll
0x00007ffed9900000 - 0x00007ffed992a000 	C:\WINDOWS\SYSTEM32\bcrypt.dll
0x00007ffed9010000 - 0x00007ffed901c000 	C:\WINDOWS\SYSTEM32\CRYPTBASE.dll
0x00007ffed81d0000 - 0x00007ffed8204000 	C:\WINDOWS\SYSTEM32\IPHLPAPI.DLL
0x00007ffedc030000 - 0x00007ffedc03a000 	C:\WINDOWS\System32\NSI.dll
0x00007ffeb0620000 - 0x00007ffeb0669000 	C:\Users\Aurora  N. Postrado\AppData\Local\Temp\jna-614272698\jna18326563896773565453.dll
0x00007ffedaaf0000 - 0x00007ffedaaf8000 	C:\WINDOWS\System32\PSAPI.DLL
0x00007ffed06e0000 - 0x00007ffed06fe000 	C:\WINDOWS\SYSTEM32\dhcpcsvc6.DLL
0x00007ffed06b0000 - 0x00007ffed06d3000 	C:\WINDOWS\SYSTEM32\dhcpcsvc.DLL
0x00007ffecd760000 - 0x00007ffecd76e000 	C:\Users\Aurora  N. Postrado\.vscode\extensions\redhat.java-1.50.0-win32-x64\jre\21.0.9-win32-x86_64\bin\sunmscapi.dll
0x00007ffeda4e0000 - 0x00007ffeda657000 	C:\WINDOWS\System32\CRYPT32.dll
0x00007ffed9210000 - 0x00007ffed9240000 	C:\WINDOWS\SYSTEM32\ncrypt.dll
0x00007ffed91c0000 - 0x00007ffed91ff000 	C:\WINDOWS\SYSTEM32\NTASN1.dll
0x00007ffed82c0000 - 0x00007ffed83ec000 	C:\WINDOWS\SYSTEM32\DNSAPI.dll
0x00007ffed2f30000 - 0x00007ffed2f3b000 	C:\Windows\System32\rasadhlp.dll
0x00007ffecf680000 - 0x00007ffecf706000 	C:\WINDOWS\System32\fwpuclnt.dll
0x00007ffecd750000 - 0x00007ffecd759000 	C:\Users\Aurora  N. Postrado\.vscode\extensions\redhat.java-1.50.0-win32-x64\jre\21.0.9-win32-x86_64\bin\extnet.dll

JVMTI agents:
c:\Users\Aurora  N. Postrado\.vscode\extensions\redhat.java-1.50.0-win32-x64\lombok\lombok-1.18.39-4050.jar path:c:\Users\Aurora  N. Postrado\.vscode\extensions\redhat.java-1.50.0-win32-x64\jre\21.0.9-win32-x86_64\bin\instrument.dll, loaded, initialized, instrumentlib options:none

dbghelp: loaded successfully - version: 4.0.5 - missing functions: none
symbol engine: initialized successfully - sym options: 0x614 - pdb path: .;c:\Users\Aurora  N. Postrado\.vscode\extensions\redhat.java-1.50.0-win32-x64\jre\21.0.9-win32-x86_64\bin;C:\WINDOWS\SYSTEM32;C:\WINDOWS\WinSxS\amd64_microsoft.windows.common-controls_6595b64144ccf1df_6.0.26100.7309_none_3e05feeae336a044;c:\Users\Aurora  N. Postrado\.vscode\extensions\redhat.java-1.50.0-win32-x64\jre\21.0.9-win32-x86_64\bin\server;C:\Users\Aurora  N. Postrado\AppData\Roaming\Code\User\globalStorage\redhat.java\1.50.0\config_win\org.eclipse.equinox.launcher\org.eclipse.equinox.launcher.win32.win32.x86_64_1.2.1400.v20250801-0854;C:\Users\Aurora  N. Postrado\AppData\Local\Temp\jna-614272698

VM Arguments:
jvm_args: --add-modules=ALL-SYSTEM --add-opens=java.base/java.util=ALL-UNNAMED --add-opens=java.base/java.lang=ALL-UNNAMED --add-opens=java.base/sun.nio.fs=ALL-UNNAMED -Declipse.application=org.eclipse.jdt.ls.core.id1 -Dosgi.bundles.defaultStartLevel=4 -Declipse.product=org.eclipse.jdt.ls.core.product -Djava.import.generatesMetadataFilesAtProjectRoot=false -DDetectVMInstallationsJob.disabled=true -Dfile.encoding=utf8 -XX:+UseParallelGC -XX:GCTimeRatio=4 -XX:AdaptiveSizePolicyWeight=90 -Dsun.zip.disableMemoryMapping=true -Xmx2G -Xms100m -Xlog:disable -javaagent:c:\Users\Aurora  N. Postrado\.vscode\extensions\redhat.java-1.50.0-win32-x64\lombok\lombok-1.18.39-4050.jar -XX:+HeapDumpOnOutOfMemoryError -XX:HeapDumpPath=c:\Users\Aurora  N. Postrado\AppData\Roaming\Code\User\workspaceStorage\16087328b602278ea996584764c22d24\redhat.java -Daether.dependencyCollector.impl=bf 
java_command: c:\Users\Aurora  N. Postrado\.vscode\extensions\redhat.java-1.50.0-win32-x64\server\plugins\org.eclipse.equinox.launcher_1.7.100.v20251111-0406.jar -configuration c:\Users\Aurora  N. Postrado\AppData\Roaming\Code\User\globalStorage\redhat.java\1.50.0\config_win -data c:\Users\Aurora  N. Postrado\AppData\Roaming\Code\User\workspaceStorage\16087328b602278ea996584764c22d24\redhat.java\jdt_ws --pipe=\\.\pipe\lsp-95f7b6c05a46008a2955cf23b8a55be2-sock
java_class_path (initial): c:\Users\Aurora  N. Postrado\.vscode\extensions\redhat.java-1.50.0-win32-x64\server\plugins\org.eclipse.equinox.launcher_1.7.100.v20251111-0406.jar
Launcher Type: SUN_STANDARD

[Global flags]
    uintx AdaptiveSizePolicyWeight                 = 90                                        {product} {command line}
     intx CICompilerCount                          = 12                                        {product} {ergonomic}
    uintx GCTimeRatio                              = 4                                         {product} {command line}
     bool HeapDumpOnOutOfMemoryError               = true                                   {manageable} {command line}
    ccstr HeapDumpPath                             = c:\Users\Aurora  N. Postrado\AppData\Roaming\Code\User\workspaceStorage\16087328b602278ea996584764c22d24\redhat.java         {manageable} {command line}
   size_t InitialHeapSize                          = 104857600                                 {product} {command line}
   size_t MaxHeapSize                              = 2147483648                                {product} {command line}
   size_t MaxNewSize                               = 715653120                                 {product} {ergonomic}
   size_t MinHeapDeltaBytes                        = 524288                                    {product} {ergonomic}
   size_t MinHeapSize                              = 104857600                                 {product} {command line}
   size_t NewSize                                  = 34603008                                  {product} {ergonomic}
    uintx NonNMethodCodeHeapSize                   = 7602480                                {pd product} {ergonomic}
    uintx NonProfiledCodeHeapSize                  = 122027880                              {pd product} {ergonomic}
   size_t OldSize                                  = 70254592                                  {product} {ergonomic}
    uintx ProfiledCodeHeapSize                     = 122027880                              {pd product} {ergonomic}
    uintx ReservedCodeCacheSize                    = 251658240                              {pd product} {ergonomic}
     bool SegmentedCodeCache                       = true                                      {product} {ergonomic}
   size_t SoftMaxHeapSize                          = 2147483648                             {manageable} {ergonomic}
     bool UseCompressedOops                        = true                           {product lp64_product} {ergonomic}
     bool UseLargePagesIndividualAllocation        = false                                  {pd product} {ergonomic}
     bool UseParallelGC                            = true                                      {product} {command line}

Logging:
Log output configuration:
 #0: stdout all=off uptime,level,tags foldmultilines=false
 #1: stderr all=off uptime,level,tags foldmultilines=false

Release file:
JAVA_VERSION="21.0.9" 
MODULES="java.base java.compiler java.datatransfer java.xml java.prefs java.desktop java.instrument java.logging java.management java.security.sasl java.naming java.rmi java.management.rmi java.net.http java.scripting java.security.jgss java.transaction.xa java.sql java.sql.rowset java.xml.crypto java.se java.smartcardio jdk.accessibility jdk.internal.jvmstat jdk.attach jdk.charsets jdk.internal.opt jdk.zipfs jdk.compiler jdk.crypto.ec jdk.crypto.cryptoki jdk.crypto.mscapi jdk.dynalink jdk.internal.ed jdk.editpad jdk.hotspot.agent jdk.httpserver jdk.internal.le jdk.internal.vm.ci jdk.internal.vm.compiler jdk.internal.vm.compiler.management jdk.jartool jdk.javadoc jdk.jcmd jdk.management jdk.management.agent jdk.jconsole jdk.jdeps jdk.jdwp.agent jdk.jdi jdk.jfr jdk.jshell jdk.jsobject jdk.jstatd jdk.localedata jdk.management.jfr jdk.naming.dns jdk.naming.rmi jdk.net jdk.nio.mapmode jdk.random jdk.sctp jdk.security.auth jdk.security.jgss jdk.unsupported jdk.unsupported.desktop jdk.xml.dom" 

Environment Variables:
PATH=C:\Program Files\Eclipse Adoptium\jdk-17.0.17.10-hotspot\bin;C:\Windows\system32;C:\Windows;C:\Windows\System32\Wbem;C:\Windows\System32\WindowsPowerShell\v1.0\;C:\Windows\System32\OpenSSH\;C:\Program Files (x86)\NVIDIA Corporation\PhysX\Common;C:\Program Files\NVIDIA Corporation\NVIDIA NvDLISR;C:\WINDOWS\system32;C:\WINDOWS;C:\WINDOWS\System32\Wbem;C:\WINDOWS\System32\WindowsPowerShell\v1.0\;C:\WINDOWS\System32\OpenSSH\;C:\Program Files\Git\cmd;C:\Users\Aurora  N. Postrado\AppData\Local\Microsoft\WindowsApps;C:\Users\Aurora  N. Postrado\AppData\Local\Programs\Microsoft VS Code\bin;C:\Users\Aurora  N. Postrado\AppData\Local\GitHubDesktop\bin
USERNAME=Aurora  N. Postrado
OS=Windows_NT
PROCESSOR_IDENTIFIER=AMD64 Family 23 Model 104 Stepping 1, AuthenticAMD
TMP=C:\Users\AURORA~1.POS\AppData\Local\Temp
TEMP=C:\Users\AURORA~1.POS\AppData\Local\Temp




Periodic native trim disabled

---------------  S Y S T E M  ---------------

OS:
 Windows 11 , 64 bit Build 26100 (10.0.26100.7309)
OS uptime: 0 days 0:01 hours

CPU: total 16 (initial active 16) (16 cores per cpu, 2 threads per core) family 23 model 104 stepping 1 microcode 0x8608103, cx8, cmov, fxsr, ht, mmx, 3dnowpref, sse, sse2, sse3, ssse3, sse4a, sse4.1, sse4.2, popcnt, lzcnt, tsc, tscinvbit, avx, avx2, aes, clmul, bmi1, bmi2, adx, sha, fma, vzeroupper, clflush, clflushopt, rdtscp, rdpid, f16c
Processor Information for the first 16 processors :
  Max Mhz: 1801, Current Mhz: 1801, Mhz Limit: 1801

Memory: 4k page, system-wide physical 7514M (1104M free)
TotalPageFile size 7514M (AvailPageFile size 43M)
current process WorkingSet (physical memory assigned to process): 690M, peak: 693M
current process commit charge ("private bytes"): 663M, peak: 666M

vm_info: OpenJDK 64-Bit Server VM (21.0.9+10-LTS) for windows-amd64 JRE (21.0.9+10-LTS), built on 2025-10-21T00:00:00Z by "admin" with unknown MS VC++:1942

END.
