#
# There is insufficient memory for the Java Runtime Environment to continue.
# Native memory allocation (malloc) failed to allocate 1426496 bytes. Error detail: Chunk::new
# Possible reasons:
#   The system is out of physical RAM or swap space
#   This process is running with CompressedOops enabled, and the Java Heap may be blocking the growth of the native heap
# Possible solutions:
#   Reduce memory load on the system
#   Increase physical memory or swap space
#   Check if swap backing store is full
#   Decrease Java heap size (-Xmx/-Xms)
#   Decrease number of Java threads
#   Decrease Java thread stack sizes (-Xss)
#   Set larger code cache with -XX:ReservedCodeCacheSize=
#   JVM is running with Unscaled Compressed Oops mode in which the Java heap is
#     placed in the first 4GB address space. The Java Heap base address is the
#     maximum limit for the native heap growth. Please use -XX:HeapBaseMinAddress
#     to set the Java Heap base and to place the Java Heap above 4GB virtual address.
# This output file may be truncated or incomplete.
#
#  Out of Memory Error (arena.cpp:168), pid=15524, tid=14696
#
# JRE version: OpenJDK Runtime Environment Temurin-21.0.9+10 (21.0.9+10) (build 21.0.9+10-LTS)
# Java VM: OpenJDK 64-Bit Server VM Temurin-21.0.9+10 (21.0.9+10-LTS, mixed mode, sharing, tiered, compressed oops, compressed class ptrs, parallel gc, windows-amd64)
# No core dump will be written. Minidumps are not enabled by default on client versions of Windows
#

---------------  S U M M A R Y ------------

Command Line: --add-modules=ALL-SYSTEM --add-opens=java.base/java.util=ALL-UNNAMED --add-opens=java.base/java.lang=ALL-UNNAMED --add-opens=java.base/sun.nio.fs=ALL-UNNAMED -Declipse.application=org.eclipse.jdt.ls.core.id1 -Dosgi.bundles.defaultStartLevel=4 -Declipse.product=org.eclipse.jdt.ls.core.product -Djava.import.generatesMetadataFilesAtProjectRoot=false -DDetectVMInstallationsJob.disabled=true -Dfile.encoding=utf8 -XX:+UseParallelGC -XX:GCTimeRatio=4 -XX:AdaptiveSizePolicyWeight=90 -Dsun.zip.disableMemoryMapping=true -Xmx2G -Xms100m -Xlog:disable -javaagent:c:\Users\Aurora  N. Postrado\.vscode\extensions\redhat.java-1.50.0-win32-x64\lombok\lombok-1.18.39-4050.jar -XX:+HeapDumpOnOutOfMemoryError -XX:HeapDumpPath=c:\Users\Aurora  N. Postrado\AppData\Roaming\Code\User\workspaceStorage\46172c11ccafe662b3a0ac333387505f\redhat.java -Daether.dependencyCollector.impl=bf c:\Users\Aurora  N. Postrado\.vscode\extensions\redhat.java-1.50.0-win32-x64\server\plugins\org.eclipse.equinox.launcher_1.7.100.v20251111-0406.jar -configuration c:\Users\Aurora  N. Postrado\AppData\Roaming\Code\User\globalStorage\redhat.java\1.50.0\config_win -data c:\Users\Aurora  N. Postrado\AppData\Roaming\Code\User\workspaceStorage\46172c11ccafe662b3a0ac333387505f\redhat.java\jdt_ws --pipe=\\.\pipe\lsp-3c1574afbb1a485e45287f6c67895efe-sock

Host: AMD Ryzen 7 5700U with Radeon Graphics         , 16 cores, 7G,  Windows 11 , 64 bit Build 26100 (10.0.26100.7309)
Time: Fri Dec 12 16:42:49 2025 Malay Peninsula Standard Time elapsed time: 14.829128 seconds (0d 0h 0m 14s)

---------------  T H R E A D  ---------------

Current thread (0x000001b67138ea20):  JavaThread "C2 CompilerThread2" daemon [_thread_in_native, id=14696, stack(0x000000a744b00000,0x000000a744c00000) (1024K)]


Current CompileTask:
C2:14829 7980       4       org.lombokweb.asm.ClassReader::readMethod (1070 bytes)

Stack: [0x000000a744b00000,0x000000a744c00000]
Native frames: (J=compiled Java code, j=interpreted, Vv=VM code, C=native code)
V  [jvm.dll+0x6d6e29]
V  [jvm.dll+0x8b4b76]
V  [jvm.dll+0x8b712e]
V  [jvm.dll+0x8b7813]
V  [jvm.dll+0x283d86]
V  [jvm.dll+0xc66ed]
V  [jvm.dll+0xc6c31]
V  [jvm.dll+0x3be53b]
V  [jvm.dll+0x1e3b52]
V  [jvm.dll+0x24c0f3]
V  [jvm.dll+0x24b580]
V  [jvm.dll+0x1cb13e]
V  [jvm.dll+0x25b29d]
V  [jvm.dll+0x25982a]
V  [jvm.dll+0x3f7ea6]
V  [jvm.dll+0x85e9ad]
V  [jvm.dll+0x6d565d]
C  [ucrtbase.dll+0x37b0]
C  [KERNEL32.DLL+0x2e8d7]
C  [ntdll.dll+0x8c53c]


---------------  P R O C E S S  ---------------

Threads class SMR info:
_java_thread_list=0x000001b66db824f0, length=55, elements={
0x000001b64d4eb300, 0x000001b64d58ef50, 0x000001b64d58f5b0, 0x000001b64d592f70,
0x000001b64d593bd0, 0x000001b64d597e60, 0x000001b64d599f30, 0x000001b66525cf70,
0x000001b64d5ada50, 0x000001b66534d6f0, 0x000001b64d5984f0, 0x000001b6654e1190,
0x000001b64d598b80, 0x000001b64d59a5c0, 0x000001b64d599210, 0x000001b64d5998a0,
0x000001b64d59ac50, 0x000001b64d59b2e0, 0x000001b66bfb9fe0, 0x000001b66bfbad00,
0x000001b66bfbb390, 0x000001b66bfbba20, 0x000001b66bfbc0b0, 0x000001b66bfbc740,
0x000001b66bfb9950, 0x000001b66bfbe810, 0x000001b66bfbd460, 0x000001b66bfbdaf0,
0x000001b66bfbe180, 0x000001b66bfc08e0, 0x000001b66bfbfbc0, 0x000001b66bfbeea0,
0x000001b66bfbf530, 0x000001b66bfc0250, 0x000001b66bfc0f70, 0x000001b67106d800,
0x000001b67106b730, 0x000001b67106d170, 0x000001b67106bdc0, 0x000001b67106aa10,
0x000001b67106de90, 0x000001b67106c450, 0x000001b67106cae0, 0x000001b67106e520,
0x000001b67106b0a0, 0x000001b67106ff60, 0x000001b671070c80, 0x000001b671071310,
0x000001b66bd77450, 0x000001b66b530650, 0x000001b66b52f930, 0x000001b66b52ffc0,
0x000001b67138ea20, 0x000001b66f451470, 0x000001b66b532720
}

Java Threads: ( => current thread )
  0x000001b64d4eb300 JavaThread "main"                              [_thread_blocked, id=2464, stack(0x000000a741900000,0x000000a741a00000) (1024K)]
  0x000001b64d58ef50 JavaThread "Reference Handler"          daemon [_thread_blocked, id=4276, stack(0x000000a741d00000,0x000000a741e00000) (1024K)]
  0x000001b64d58f5b0 JavaThread "Finalizer"                  daemon [_thread_blocked, id=7324, stack(0x000000a741e00000,0x000000a741f00000) (1024K)]
  0x000001b64d592f70 JavaThread "Signal Dispatcher"          daemon [_thread_blocked, id=5368, stack(0x000000a741f00000,0x000000a742000000) (1024K)]
  0x000001b64d593bd0 JavaThread "Attach Listener"            daemon [_thread_blocked, id=12800, stack(0x000000a742000000,0x000000a742100000) (1024K)]
  0x000001b64d597e60 JavaThread "Service Thread"             daemon [_thread_blocked, id=4476, stack(0x000000a742100000,0x000000a742200000) (1024K)]
  0x000001b64d599f30 JavaThread "Monitor Deflation Thread"   daemon [_thread_blocked, id=15708, stack(0x000000a742200000,0x000000a742300000) (1024K)]
  0x000001b66525cf70 JavaThread "C2 CompilerThread0"         daemon [_thread_in_native, id=1084, stack(0x000000a742300000,0x000000a742400000) (1024K)]
  0x000001b64d5ada50 JavaThread "C1 CompilerThread0"         daemon [_thread_blocked, id=14280, stack(0x000000a742400000,0x000000a742500000) (1024K)]
  0x000001b66534d6f0 JavaThread "C1 CompilerThread1"         daemon [_thread_blocked, id=7024, stack(0x000000a742500000,0x000000a742600000) (1024K)]
  0x000001b64d5984f0 JavaThread "Common-Cleaner"             daemon [_thread_blocked, id=8036, stack(0x000000a742700000,0x000000a742800000) (1024K)]
  0x000001b6654e1190 JavaThread "C1 CompilerThread2"         daemon [_thread_blocked, id=940, stack(0x000000a742800000,0x000000a742900000) (1024K)]
  0x000001b64d598b80 JavaThread "Notification Thread"        daemon [_thread_blocked, id=2996, stack(0x000000a742a00000,0x000000a742b00000) (1024K)]
  0x000001b64d59a5c0 JavaThread "Active Thread: Equinox Container: b1d73bde-306b-419b-b052-35cf9f2a7822"        [_thread_blocked, id=14000, stack(0x000000a743200000,0x000000a743300000) (1024K)]
  0x000001b64d599210 JavaThread "Refresh Thread: Equinox Container: b1d73bde-306b-419b-b052-35cf9f2a7822" daemon [_thread_blocked, id=1056, stack(0x000000a743400000,0x000000a743500000) (1024K)]
  0x000001b64d5998a0 JavaThread "Framework Event Dispatcher: Equinox Container: b1d73bde-306b-419b-b052-35cf9f2a7822" daemon [_thread_blocked, id=4032, stack(0x000000a743500000,0x000000a743600000) (1024K)]
  0x000001b64d59ac50 JavaThread "Start Level: Equinox Container: b1d73bde-306b-419b-b052-35cf9f2a7822" daemon [_thread_blocked, id=10580, stack(0x000000a743600000,0x000000a743700000) (1024K)]
  0x000001b64d59b2e0 JavaThread "Bundle File Closer"         daemon [_thread_blocked, id=9072, stack(0x000000a743a00000,0x000000a743b00000) (1024K)]
  0x000001b66bfb9fe0 JavaThread "SCR Component Actor"        daemon [_thread_blocked, id=12340, stack(0x000000a742b00000,0x000000a742c00000) (1024K)]
  0x000001b66bfbad00 JavaThread "Worker-JM"                         [_thread_blocked, id=15924, stack(0x000000a743f00000,0x000000a744000000) (1024K)]
  0x000001b66bfbb390 JavaThread "JNA Cleaner"                daemon [_thread_blocked, id=4860, stack(0x000000a743c00000,0x000000a743d00000) (1024K)]
  0x000001b66bfbba20 JavaThread "Worker-0: Initialize workspace"        [_thread_in_native, id=13900, stack(0x000000a743d00000,0x000000a743e00000) (1024K)]
  0x000001b66bfbc0b0 JavaThread "Worker-1: Java indexing... "        [_thread_blocked, id=15696, stack(0x000000a744000000,0x000000a744100000) (1024K)]
  0x000001b66bfbc740 JavaThread "Java indexing"              daemon [_thread_in_vm, id=7296, stack(0x000000a744300000,0x000000a744400000) (1024K)]
  0x000001b66bfb9950 JavaThread "Worker-2"                          [_thread_blocked, id=12548, stack(0x000000a744400000,0x000000a744500000) (1024K)]
  0x000001b66bfbe810 JavaThread "Worker-3: Building"                [_thread_in_Java, id=6764, stack(0x000000a744500000,0x000000a744600000) (1024K)]
  0x000001b66bfbd460 JavaThread "Worker-4"                          [_thread_blocked, id=11252, stack(0x000000a744900000,0x000000a744a00000) (1024K)]
  0x000001b66bfbdaf0 JavaThread "Worker-5: Update classpath Job"        [_thread_in_vm, id=10712, stack(0x000000a744a00000,0x000000a744b00000) (1024K)]
  0x000001b66bfbe180 JavaThread "Thread-1"                   daemon [_thread_in_native, id=14972, stack(0x000000a744d00000,0x000000a744e00000) (1024K)]
  0x000001b66bfc08e0 JavaThread "Thread-2"                   daemon [_thread_in_native, id=15480, stack(0x000000a744e00000,0x000000a744f00000) (1024K)]
  0x000001b66bfbfbc0 JavaThread "Thread-3"                   daemon [_thread_in_native, id=15764, stack(0x000000a744f00000,0x000000a745000000) (1024K)]
  0x000001b66bfbeea0 JavaThread "Thread-4"                   daemon [_thread_in_native, id=13868, stack(0x000000a745000000,0x000000a745100000) (1024K)]
  0x000001b66bfbf530 JavaThread "Thread-5"                   daemon [_thread_in_native, id=1172, stack(0x000000a745100000,0x000000a745200000) (1024K)]
  0x000001b66bfc0250 JavaThread "Thread-6"                   daemon [_thread_in_native, id=3360, stack(0x000000a745200000,0x000000a745300000) (1024K)]
  0x000001b66bfc0f70 JavaThread "Thread-7"                   daemon [_thread_in_native, id=5352, stack(0x000000a745300000,0x000000a745400000) (1024K)]
  0x000001b67106d800 JavaThread "Thread-8"                   daemon [_thread_in_native, id=2992, stack(0x000000a745500000,0x000000a745600000) (1024K)]
  0x000001b67106b730 JavaThread "Thread-9"                   daemon [_thread_in_native, id=3984, stack(0x000000a745600000,0x000000a745700000) (1024K)]
  0x000001b67106d170 JavaThread "Thread-10"                  daemon [_thread_in_native, id=5696, stack(0x000000a745700000,0x000000a745800000) (1024K)]
  0x000001b67106bdc0 JavaThread "Thread-11"                  daemon [_thread_in_native, id=14028, stack(0x000000a745800000,0x000000a745900000) (1024K)]
  0x000001b67106aa10 JavaThread "Thread-12"                  daemon [_thread_in_native, id=7180, stack(0x000000a745900000,0x000000a745a00000) (1024K)]
  0x000001b67106de90 JavaThread "Thread-13"                  daemon [_thread_in_native, id=8856, stack(0x000000a745a00000,0x000000a745b00000) (1024K)]
  0x000001b67106c450 JavaThread "Thread-14"                  daemon [_thread_in_native, id=796, stack(0x000000a745b00000,0x000000a745c00000) (1024K)]
  0x000001b67106cae0 JavaThread "Thread-15"                  daemon [_thread_in_native, id=9648, stack(0x000000a745c00000,0x000000a745d00000) (1024K)]
  0x000001b67106e520 JavaThread "Thread-16"                  daemon [_thread_in_native, id=13652, stack(0x000000a745d00000,0x000000a745e00000) (1024K)]
  0x000001b67106b0a0 JavaThread "Thread-17"                  daemon [_thread_in_native, id=952, stack(0x000000a745e00000,0x000000a745f00000) (1024K)]
  0x000001b67106ff60 JavaThread "pool-2-thread-1"                   [_thread_blocked, id=11984, stack(0x000000a745f00000,0x000000a746000000) (1024K)]
  0x000001b671070c80 JavaThread "WorkspaceEventsHandler"            [_thread_blocked, id=5800, stack(0x000000a746000000,0x000000a746100000) (1024K)]
  0x000001b671071310 JavaThread "pool-1-thread-1"                   [_thread_in_native, id=10996, stack(0x000000a746100000,0x000000a746200000) (1024K)]
  0x000001b66bd77450 JavaThread "C2 CompilerThread1"         daemon [_thread_in_vm, id=4080, stack(0x000000a742600000,0x000000a742700000) (1024K)]
  0x000001b66b530650 JavaThread "ForkJoinPool.commonPool-worker-1" daemon [_thread_blocked, id=13924, stack(0x000000a744100000,0x000000a744200000) (1024K)]
  0x000001b66b52f930 JavaThread "ForkJoinPool.commonPool-worker-2" daemon [_thread_blocked, id=15680, stack(0x000000a744200000,0x000000a744300000) (1024K)]
  0x000001b66b52ffc0 JavaThread "ForkJoinPool.commonPool-worker-3" daemon [_thread_blocked, id=11668, stack(0x000000a744800000,0x000000a744900000) (1024K)]
=>0x000001b67138ea20 JavaThread "C2 CompilerThread2"         daemon [_thread_in_native, id=14696, stack(0x000000a744b00000,0x000000a744c00000) (1024K)]
  0x000001b66f451470 JavaThread "C2 CompilerThread3"         daemon [_thread_in_native, id=4368, stack(0x000000a744c00000,0x000000a744d00000) (1024K)]
  0x000001b66b532720 JavaThread "Worker-6"                          [_thread_blocked, id=2012, stack(0x000000a745400000,0x000000a745500000) (1024K)]
Total: 55

Other Threads:
  0x000001b64d58ebb0 VMThread "VM Thread"                           [id=7912, stack(0x000000a741c00000,0x000000a741d00000) (1024K)]
  0x000001b64d37ca00 WatcherThread "VM Periodic Task Thread"        [id=15920, stack(0x000000a741b00000,0x000000a741c00000) (1024K)]
  0x000001b64d50b770 WorkerThread "GC Thread#0"                     [id=14004, stack(0x000000a741a00000,0x000000a741b00000) (1024K)]
  0x000001b66b43c100 WorkerThread "GC Thread#1"                     [id=7056, stack(0x000000a742c00000,0x000000a742d00000) (1024K)]
  0x000001b66b43ffe0 WorkerThread "GC Thread#2"                     [id=7704, stack(0x000000a742d00000,0x000000a742e00000) (1024K)]
  0x000001b66b43edc0 WorkerThread "GC Thread#3"                     [id=8776, stack(0x000000a742e00000,0x000000a742f00000) (1024K)]
  0x000001b66b43e680 WorkerThread "GC Thread#4"                     [id=15660, stack(0x000000a742f00000,0x000000a743000000) (1024K)]
  0x000001b66b43ea20 WorkerThread "GC Thread#5"                     [id=7500, stack(0x000000a743000000,0x000000a743100000) (1024K)]
  0x000001b66b43f8a0 WorkerThread "GC Thread#6"                     [id=10768, stack(0x000000a743100000,0x000000a743200000) (1024K)]
  0x000001b66b43f500 WorkerThread "GC Thread#7"                     [id=8576, stack(0x000000a743300000,0x000000a743400000) (1024K)]
  0x000001b66bfa7410 WorkerThread "GC Thread#8"                     [id=12896, stack(0x000000a743700000,0x000000a743800000) (1024K)]
  0x000001b66bfa77b0 WorkerThread "GC Thread#9"                     [id=13560, stack(0x000000a743800000,0x000000a743900000) (1024K)]
  0x000001b66bfa8630 WorkerThread "GC Thread#10"                    [id=5928, stack(0x000000a743900000,0x000000a743a00000) (1024K)]
  0x000001b66bfa5ab0 WorkerThread "GC Thread#11"                    [id=10164, stack(0x000000a743b00000,0x000000a743c00000) (1024K)]
  0x000001b66bfa5710 WorkerThread "GC Thread#12"                    [id=2208, stack(0x000000a743e00000,0x000000a743f00000) (1024K)]
Total: 15

Threads with active compile tasks:
C2 CompilerThread0  14870 8226       4       lombok.patcher.Hook::convertType (64 bytes)
C1 CompilerThread1  14870 8248       3       java.util.concurrent.ConcurrentHashMap::get (162 bytes)
C2 CompilerThread1  14870 7961 %     4       org.lombokweb.asm.SymbolTable::<init> @ 98 (554 bytes)
C2 CompilerThread2  14870 7980       4       org.lombokweb.asm.ClassReader::readMethod (1070 bytes)
C2 CompilerThread3  14870 8002 %     4       org.lombokweb.asm.ClassReader::readCode @ 2037 (5117 bytes)
Total: 5

VM state: not at safepoint (normal execution)

VM Mutex/Monitor currently owned by a thread:  ([mutex/lock_event])
[0x00007ffade30c070] MethodCompileQueue_lock - owner thread: 0x000001b66bd77450
[0x00007ffade30d470] CodeCache_lock - owner thread: 0x000001b66bd77450
[0x00007ffade30d5f0] Compile_lock - owner thread: 0x000001b66bd77450

Heap address: 0x0000000080000000, size: 2048 MB, Compressed Oops mode: 32-bit

CDS archive(s) mapped at: [0x000001b600000000-0x000001b600ba0000-0x000001b600ba0000), size 12189696, SharedBaseAddress: 0x000001b600000000, ArchiveRelocationMode: 1.
Compressed class space mapped at: 0x000001b601000000-0x000001b641000000, reserved size: 1073741824
Narrow klass base: 0x000001b600000000, Narrow klass shift: 0, Narrow klass range: 0x100000000

GC Precious Log:
 CardTable entry size: 512
 CPUs: 16 total, 16 available
 Memory: 7514M
 Large Page Support: Disabled
 NUMA Support: Disabled
 Compressed Oops: Enabled (32-bit)
 Alignments: Space 512K, Generation 512K, Heap 2M
 Heap Min Capacity: 100M
 Heap Initial Capacity: 100M
 Heap Max Capacity: 2G
 Pre-touch: Disabled
 Parallel Workers: 13

Heap:
 PSYoungGen      total 18944K, used 16570K [0x00000000d5580000, 0x00000000d6b00000, 0x0000000100000000)
  eden space 18432K, 87% used [0x00000000d5580000,0x00000000d6556b48,0x00000000d6780000)
  from space 512K, 68% used [0x00000000d6a80000,0x00000000d6ad8000,0x00000000d6b00000)
  to   space 1024K, 0% used [0x00000000d6900000,0x00000000d6900000,0x00000000d6a00000)
 ParOldGen       total 68608K, used 42134K [0x0000000080000000, 0x0000000084300000, 0x00000000d5580000)
  object space 68608K, 61% used [0x0000000080000000,0x0000000082925ae0,0x0000000084300000)
 Metaspace       used 54741K, committed 55936K, reserved 1114112K
  class space    used 5857K, committed 6336K, reserved 1048576K

Card table byte_map: [0x000001b64ce90000,0x000001b64d2a0000] _byte_map_base: 0x000001b64ca90000

Marking Bits: (ParMarkBitMap*) 0x00007ffade312460
 Begin Bits: [0x000001b65f9a0000, 0x000001b6619a0000)
 End Bits:   [0x000001b6619a0000, 0x000001b6639a0000)

Polling page: 0x000001b64b350000

Metaspace:

Usage:
  Non-class:     47.74 MB used.
      Class:      5.72 MB used.
       Both:     53.46 MB used.

Virtual space:
  Non-class space:       64.00 MB reserved,      48.44 MB ( 76%) committed,  1 nodes.
      Class space:        1.00 GB reserved,       6.19 MB ( <1%) committed,  1 nodes.
             Both:        1.06 GB reserved,      54.62 MB (  5%) committed. 

Chunk freelists:
   Non-Class:  15.30 MB
       Class:  9.87 MB
        Both:  25.17 MB

MaxMetaspaceSize: unlimited
CompressedClassSpaceSize: 1.00 GB
Initial GC threshold: 21.00 MB
Current GC threshold: 58.38 MB
CDS: on
 - commit_granule_bytes: 65536.
 - commit_granule_words: 8192.
 - virtual_space_node_default_size: 8388608.
 - enlarge_chunks_in_place: 1.
 - use_allocation_guard: 0.


Internal statistics:

num_allocs_failed_limit: 6.
num_arena_births: 890.
num_arena_deaths: 26.
num_vsnodes_births: 2.
num_vsnodes_deaths: 0.
num_space_committed: 874.
num_space_uncommitted: 0.
num_chunks_returned_to_freelist: 34.
num_chunks_taken_from_freelist: 3267.
num_chunk_merges: 10.
num_chunk_splits: 2081.
num_chunks_enlarged: 1295.
num_inconsistent_stats: 0.

CodeHeap 'non-profiled nmethods': size=119168Kb used=5331Kb max_used=5331Kb free=113836Kb
 bounds [0x000001b658290000, 0x000001b6587d0000, 0x000001b65f6f0000]
CodeHeap 'profiled nmethods': size=119104Kb used=17065Kb max_used=17065Kb free=102038Kb
 bounds [0x000001b6506f0000, 0x000001b6517a0000, 0x000001b657b40000]
CodeHeap 'non-nmethods': size=7488Kb used=2583Kb max_used=3170Kb free=4904Kb
 bounds [0x000001b657b40000, 0x000001b657e60000, 0x000001b658290000]
CodeCache: size=245760Kb, used=24979Kb, max_used=25566Kb, free=220778Kb
 total_blobs=8356, nmethods=7644, adapters=614, full_count=0
Compilation: enabled, stopped_count=0, restarted_count=0

Compilation events (20 events):
Event: 13.823 Thread 0x000001b6654cfff0 nmethod 8202 0x000001b6587c1410 code [0x000001b6587c15a0, 0x000001b6587c1670]
Event: 13.823 Thread 0x000001b64d5ada50 nmethod 8201 0x000001b651783710 code [0x000001b6517838e0, 0x000001b651783c30]
Event: 13.827 Thread 0x000001b64d5ada50 8203       1       org.eclipse.core.internal.jobs.InternalJob::next (5 bytes)
Event: 13.827 Thread 0x000001b64d5ada50 nmethod 8203 0x000001b6587c1710 code [0x000001b6587c18a0, 0x000001b6587c1968]
Event: 13.827 Thread 0x000001b66525cf70 8204       4       jdk.internal.org.objectweb.asm.SymbolTable::put (150 bytes)
Event: 13.829 Thread 0x000001b6654e1190 8205       3       org.eclipse.core.internal.resources.ResourceInfo::getType (8 bytes)
Event: 13.829 Thread 0x000001b6654e1190 nmethod 8205 0x000001b651783e10 code [0x000001b651783fc0, 0x000001b651784188]
Event: 13.919 Thread 0x000001b6654e1190 8206       3       com.google.gson.stream.JsonWriter::replaceTop (13 bytes)
Event: 13.919 Thread 0x000001b6654e1190 nmethod 8206 0x000001b651784290 code [0x000001b651784440, 0x000001b651784580]
Event: 13.921 Thread 0x000001b6654e1190 8207       3       org.eclipse.jdt.internal.core.JavaProject::getEclipsePreferences (178 bytes)
Event: 13.921 Thread 0x000001b64d5ada50 8208   !   3       org.eclipse.jdt.internal.core.JavaProject::checkPreferencesExist (32 bytes)
Event: 13.921 Thread 0x000001b66534d6f0 8209   !   3       org.eclipse.jdt.internal.core.JavaProject::getOption (43 bytes)
Event: 13.921 Thread 0x000001b6654cfff0 8210       3       org.eclipse.jdt.internal.core.JavaModelManager::getOption (159 bytes)
Event: 13.922 Thread 0x000001b66534d6f0 nmethod 8209 0x000001b651784690 code [0x000001b651784880, 0x000001b651784cb0]
Event: 13.922 Thread 0x000001b66534d6f0 8211       3       org.eclipse.jdt.core.JavaCore::getOption (8 bytes)
Event: 13.922 Thread 0x000001b64d5ada50 nmethod 8208 0x000001b651784f10 code [0x000001b651785100, 0x000001b651785490]
Event: 13.922 Thread 0x000001b66534d6f0 nmethod 8211 0x000001b651785610 code [0x000001b6517857c0, 0x000001b651785970]
Event: 13.922 Thread 0x000001b66534d6f0 8213       3       org.eclipse.jdt.internal.core.JavaModelManager::isDeprecatedOption (24 bytes)
Event: 13.922 Thread 0x000001b64d5ada50 8212       3       org.eclipse.jdt.internal.core.JavaModelManager::getOption (113 bytes)
Event: 13.923 Thread 0x000001b6654cfff0 nmethod 8210 0x000001b651785a90 code [0x000001b651785e60, 0x000001b651787750]

GC Heap History (20 events):
Event: 12.089 GC heap before
{Heap before GC invocations=33 (full 2):
 PSYoungGen      total 24576K, used 24160K [0x00000000d5580000, 0x00000000d7000000, 0x0000000100000000)
  eden space 22016K, 100% used [0x00000000d5580000,0x00000000d6b00000,0x00000000d6b00000)
  from space 2560K, 83% used [0x00000000d6d80000,0x00000000d6f98010,0x00000000d7000000)
  to   space 2560K, 0% used [0x00000000d6b00000,0x00000000d6b00000,0x00000000d6d80000)
 ParOldGen       total 68608K, used 24974K [0x0000000080000000, 0x0000000084300000, 0x00000000d5580000)
  object space 68608K, 36% used [0x0000000080000000,0x0000000081863bd8,0x0000000084300000)
 Metaspace       used 47734K, committed 48832K, reserved 1114112K
  class space    used 5157K, committed 5632K, reserved 1048576K
}
Event: 12.093 GC heap after
{Heap after GC invocations=33 (full 2):
 PSYoungGen      total 24576K, used 2530K [0x00000000d5580000, 0x00000000d7100000, 0x0000000100000000)
  eden space 22016K, 0% used [0x00000000d5580000,0x00000000d5580000,0x00000000d6b00000)
  from space 2560K, 98% used [0x00000000d6b00000,0x00000000d6d78820,0x00000000d6d80000)
  to   space 3072K, 0% used [0x00000000d6e00000,0x00000000d6e00000,0x00000000d7100000)
 ParOldGen       total 68608K, used 26934K [0x0000000080000000, 0x0000000084300000, 0x00000000d5580000)
  object space 68608K, 39% used [0x0000000080000000,0x0000000081a4dbd8,0x0000000084300000)
 Metaspace       used 47734K, committed 48832K, reserved 1114112K
  class space    used 5157K, committed 5632K, reserved 1048576K
}
Event: 12.163 GC heap before
{Heap before GC invocations=34 (full 2):
 PSYoungGen      total 24576K, used 24546K [0x00000000d5580000, 0x00000000d7100000, 0x0000000100000000)
  eden space 22016K, 100% used [0x00000000d5580000,0x00000000d6b00000,0x00000000d6b00000)
  from space 2560K, 98% used [0x00000000d6b00000,0x00000000d6d78820,0x00000000d6d80000)
  to   space 3072K, 0% used [0x00000000d6e00000,0x00000000d6e00000,0x00000000d7100000)
 ParOldGen       total 68608K, used 26934K [0x0000000080000000, 0x0000000084300000, 0x00000000d5580000)
  object space 68608K, 39% used [0x0000000080000000,0x0000000081a4dbd8,0x0000000084300000)
 Metaspace       used 47751K, committed 48896K, reserved 1114112K
  class space    used 5157K, committed 5632K, reserved 1048576K
}
Event: 12.168 GC heap after
{Heap after GC invocations=34 (full 2):
 PSYoungGen      total 24576K, used 2208K [0x00000000d5580000, 0x00000000d7080000, 0x0000000100000000)
  eden space 22016K, 0% used [0x00000000d5580000,0x00000000d5580000,0x00000000d6b00000)
  from space 2560K, 86% used [0x00000000d6e00000,0x00000000d7028000,0x00000000d7080000)
  to   space 2560K, 0% used [0x00000000d6b00000,0x00000000d6b00000,0x00000000d6d80000)
 ParOldGen       total 68608K, used 29244K [0x0000000080000000, 0x0000000084300000, 0x00000000d5580000)
  object space 68608K, 42% used [0x0000000080000000,0x0000000081c8f3f8,0x0000000084300000)
 Metaspace       used 47751K, committed 48896K, reserved 1114112K
  class space    used 5157K, committed 5632K, reserved 1048576K
}
Event: 12.215 GC heap before
{Heap before GC invocations=35 (full 2):
 PSYoungGen      total 24576K, used 24224K [0x00000000d5580000, 0x00000000d7080000, 0x0000000100000000)
  eden space 22016K, 100% used [0x00000000d5580000,0x00000000d6b00000,0x00000000d6b00000)
  from space 2560K, 86% used [0x00000000d6e00000,0x00000000d7028000,0x00000000d7080000)
  to   space 2560K, 0% used [0x00000000d6b00000,0x00000000d6b00000,0x00000000d6d80000)
 ParOldGen       total 68608K, used 29244K [0x0000000080000000, 0x0000000084300000, 0x00000000d5580000)
  object space 68608K, 42% used [0x0000000080000000,0x0000000081c8f3f8,0x0000000084300000)
 Metaspace       used 47755K, committed 48896K, reserved 1114112K
  class space    used 5157K, committed 5632K, reserved 1048576K
}
Event: 12.220 GC heap after
{Heap after GC invocations=35 (full 2):
 PSYoungGen      total 24576K, used 2212K [0x00000000d5580000, 0x00000000d7000000, 0x0000000100000000)
  eden space 22016K, 0% used [0x00000000d5580000,0x00000000d5580000,0x00000000d6b00000)
  from space 2560K, 86% used [0x00000000d6b00000,0x00000000d6d29000,0x00000000d6d80000)
  to   space 2560K, 0% used [0x00000000d6d80000,0x00000000d6d80000,0x00000000d7000000)
 ParOldGen       total 68608K, used 31267K [0x0000000080000000, 0x0000000084300000, 0x00000000d5580000)
  object space 68608K, 45% used [0x0000000080000000,0x0000000081e88dc0,0x0000000084300000)
 Metaspace       used 47755K, committed 48896K, reserved 1114112K
  class space    used 5157K, committed 5632K, reserved 1048576K
}
Event: 12.306 GC heap before
{Heap before GC invocations=36 (full 2):
 PSYoungGen      total 24576K, used 24228K [0x00000000d5580000, 0x00000000d7000000, 0x0000000100000000)
  eden space 22016K, 100% used [0x00000000d5580000,0x00000000d6b00000,0x00000000d6b00000)
  from space 2560K, 86% used [0x00000000d6b00000,0x00000000d6d29000,0x00000000d6d80000)
  to   space 2560K, 0% used [0x00000000d6d80000,0x00000000d6d80000,0x00000000d7000000)
 ParOldGen       total 68608K, used 31267K [0x0000000080000000, 0x0000000084300000, 0x00000000d5580000)
  object space 68608K, 45% used [0x0000000080000000,0x0000000081e88dc0,0x0000000084300000)
 Metaspace       used 47790K, committed 48896K, reserved 1114112K
  class space    used 5160K, committed 5632K, reserved 1048576K
}
Event: 12.311 GC heap after
{Heap after GC invocations=36 (full 2):
 PSYoungGen      total 24576K, used 2272K [0x00000000d5580000, 0x00000000d7000000, 0x0000000100000000)
  eden space 22016K, 0% used [0x00000000d5580000,0x00000000d5580000,0x00000000d6b00000)
  from space 2560K, 88% used [0x00000000d6d80000,0x00000000d6fb8010,0x00000000d7000000)
  to   space 2560K, 0% used [0x00000000d6b00000,0x00000000d6b00000,0x00000000d6d80000)
 ParOldGen       total 68608K, used 33275K [0x0000000080000000, 0x0000000084300000, 0x00000000d5580000)
  object space 68608K, 48% used [0x0000000080000000,0x000000008207eec0,0x0000000084300000)
 Metaspace       used 47790K, committed 48896K, reserved 1114112K
  class space    used 5160K, committed 5632K, reserved 1048576K
}
Event: 12.408 GC heap before
{Heap before GC invocations=37 (full 2):
 PSYoungGen      total 24576K, used 24288K [0x00000000d5580000, 0x00000000d7000000, 0x0000000100000000)
  eden space 22016K, 100% used [0x00000000d5580000,0x00000000d6b00000,0x00000000d6b00000)
  from space 2560K, 88% used [0x00000000d6d80000,0x00000000d6fb8010,0x00000000d7000000)
  to   space 2560K, 0% used [0x00000000d6b00000,0x00000000d6b00000,0x00000000d6d80000)
 ParOldGen       total 68608K, used 33275K [0x0000000080000000, 0x0000000084300000, 0x00000000d5580000)
  object space 68608K, 48% used [0x0000000080000000,0x000000008207eec0,0x0000000084300000)
 Metaspace       used 47879K, committed 48960K, reserved 1114112K
  class space    used 5161K, committed 5632K, reserved 1048576K
}
Event: 12.413 GC heap after
{Heap after GC invocations=37 (full 2):
 PSYoungGen      total 24576K, used 2016K [0x00000000d5580000, 0x00000000d7000000, 0x0000000100000000)
  eden space 22016K, 0% used [0x00000000d5580000,0x00000000d5580000,0x00000000d6b00000)
  from space 2560K, 78% used [0x00000000d6b00000,0x00000000d6cf8000,0x00000000d6d80000)
  to   space 2560K, 0% used [0x00000000d6d80000,0x00000000d6d80000,0x00000000d7000000)
 ParOldGen       total 68608K, used 35339K [0x0000000080000000, 0x0000000084300000, 0x00000000d5580000)
  object space 68608K, 51% used [0x0000000080000000,0x0000000082282ed0,0x0000000084300000)
 Metaspace       used 47879K, committed 48960K, reserved 1114112K
  class space    used 5161K, committed 5632K, reserved 1048576K
}
Event: 12.832 GC heap before
{Heap before GC invocations=38 (full 2):
 PSYoungGen      total 24576K, used 24032K [0x00000000d5580000, 0x00000000d7000000, 0x0000000100000000)
  eden space 22016K, 100% used [0x00000000d5580000,0x00000000d6b00000,0x00000000d6b00000)
  from space 2560K, 78% used [0x00000000d6b00000,0x00000000d6cf8000,0x00000000d6d80000)
  to   space 2560K, 0% used [0x00000000d6d80000,0x00000000d6d80000,0x00000000d7000000)
 ParOldGen       total 68608K, used 35339K [0x0000000080000000, 0x0000000084300000, 0x00000000d5580000)
  object space 68608K, 51% used [0x0000000080000000,0x0000000082282ed0,0x0000000084300000)
 Metaspace       used 49618K, committed 50752K, reserved 1114112K
  class space    used 5328K, committed 5760K, reserved 1048576K
}
Event: 12.837 GC heap after
{Heap after GC invocations=38 (full 2):
 PSYoungGen      total 20992K, used 2528K [0x00000000d5580000, 0x00000000d7700000, 0x0000000100000000)
  eden space 18432K, 0% used [0x00000000d5580000,0x00000000d5580000,0x00000000d6780000)
  from space 2560K, 98% used [0x00000000d6d80000,0x00000000d6ff8300,0x00000000d7000000)
  to   space 6144K, 0% used [0x00000000d6780000,0x00000000d6780000,0x00000000d6d80000)
 ParOldGen       total 68608K, used 38196K [0x0000000080000000, 0x0000000084300000, 0x00000000d5580000)
  object space 68608K, 55% used [0x0000000080000000,0x000000008254d3c0,0x0000000084300000)
 Metaspace       used 49618K, committed 50752K, reserved 1114112K
  class space    used 5328K, committed 5760K, reserved 1048576K
}
Event: 13.163 GC heap before
{Heap before GC invocations=39 (full 2):
 PSYoungGen      total 20992K, used 20915K [0x00000000d5580000, 0x00000000d7700000, 0x0000000100000000)
  eden space 18432K, 99% used [0x00000000d5580000,0x00000000d6774b70,0x00000000d6780000)
  from space 2560K, 98% used [0x00000000d6d80000,0x00000000d6ff8300,0x00000000d7000000)
  to   space 6144K, 0% used [0x00000000d6780000,0x00000000d6780000,0x00000000d6d80000)
 ParOldGen       total 68608K, used 38196K [0x0000000080000000, 0x0000000084300000, 0x00000000d5580000)
  object space 68608K, 55% used [0x0000000080000000,0x000000008254d3c0,0x0000000084300000)
 Metaspace       used 51022K, committed 52160K, reserved 1114112K
  class space    used 5478K, committed 5952K, reserved 1048576K
}
Event: 13.166 GC heap after
{Heap after GC invocations=39 (full 2):
 PSYoungGen      total 19456K, used 608K [0x00000000d5580000, 0x00000000d6e00000, 0x0000000100000000)
  eden space 18432K, 0% used [0x00000000d5580000,0x00000000d5580000,0x00000000d6780000)
  from space 1024K, 59% used [0x00000000d6780000,0x00000000d6818000,0x00000000d6880000)
  to   space 2560K, 0% used [0x00000000d6b80000,0x00000000d6b80000,0x00000000d6e00000)
 ParOldGen       total 68608K, used 40720K [0x0000000080000000, 0x0000000084300000, 0x00000000d5580000)
  object space 68608K, 59% used [0x0000000080000000,0x00000000827c4020,0x0000000084300000)
 Metaspace       used 51022K, committed 52160K, reserved 1114112K
  class space    used 5478K, committed 5952K, reserved 1048576K
}
Event: 13.365 GC heap before
{Heap before GC invocations=40 (full 2):
 PSYoungGen      total 19456K, used 19040K [0x00000000d5580000, 0x00000000d6e00000, 0x0000000100000000)
  eden space 18432K, 100% used [0x00000000d5580000,0x00000000d6780000,0x00000000d6780000)
  from space 1024K, 59% used [0x00000000d6780000,0x00000000d6818000,0x00000000d6880000)
  to   space 2560K, 0% used [0x00000000d6b80000,0x00000000d6b80000,0x00000000d6e00000)
 ParOldGen       total 68608K, used 40720K [0x0000000080000000, 0x0000000084300000, 0x00000000d5580000)
  object space 68608K, 59% used [0x0000000080000000,0x00000000827c4020,0x0000000084300000)
 Metaspace       used 52058K, committed 53184K, reserved 1114112K
  class space    used 5568K, committed 6016K, reserved 1048576K
}
Event: 13.367 GC heap after
{Heap after GC invocations=40 (full 2):
 PSYoungGen      total 19968K, used 1447K [0x00000000d5580000, 0x00000000d6d00000, 0x0000000100000000)
  eden space 18432K, 0% used [0x00000000d5580000,0x00000000d5580000,0x00000000d6780000)
  from space 1536K, 94% used [0x00000000d6b80000,0x00000000d6ce9ee0,0x00000000d6d00000)
  to   space 2048K, 0% used [0x00000000d6900000,0x00000000d6900000,0x00000000d6b00000)
 ParOldGen       total 68608K, used 41107K [0x0000000080000000, 0x0000000084300000, 0x00000000d5580000)
  object space 68608K, 59% used [0x0000000080000000,0x0000000082824d00,0x0000000084300000)
 Metaspace       used 52058K, committed 53184K, reserved 1114112K
  class space    used 5568K, committed 6016K, reserved 1048576K
}
Event: 13.418 GC heap before
{Heap before GC invocations=41 (full 2):
 PSYoungGen      total 19968K, used 19879K [0x00000000d5580000, 0x00000000d6d00000, 0x0000000100000000)
  eden space 18432K, 100% used [0x00000000d5580000,0x00000000d6780000,0x00000000d6780000)
  from space 1536K, 94% used [0x00000000d6b80000,0x00000000d6ce9ee0,0x00000000d6d00000)
  to   space 2048K, 0% used [0x00000000d6900000,0x00000000d6900000,0x00000000d6b00000)
 ParOldGen       total 68608K, used 41107K [0x0000000080000000, 0x0000000084300000, 0x00000000d5580000)
  object space 68608K, 59% used [0x0000000080000000,0x0000000082824d00,0x0000000084300000)
 Metaspace       used 52088K, committed 53248K, reserved 1114112K
  class space    used 5568K, committed 6016K, reserved 1048576K
}
Event: 13.419 GC heap after
{Heap after GC invocations=41 (full 2):
 PSYoungGen      total 19456K, used 969K [0x00000000d5580000, 0x00000000d6c00000, 0x0000000100000000)
  eden space 18432K, 0% used [0x00000000d5580000,0x00000000d5580000,0x00000000d6780000)
  from space 1024K, 94% used [0x00000000d6900000,0x00000000d69f2780,0x00000000d6a00000)
  to   space 1536K, 0% used [0x00000000d6a80000,0x00000000d6a80000,0x00000000d6c00000)
 ParOldGen       total 68608K, used 42118K [0x0000000080000000, 0x0000000084300000, 0x00000000d5580000)
  object space 68608K, 61% used [0x0000000080000000,0x0000000082921ae0,0x0000000084300000)
 Metaspace       used 52088K, committed 53248K, reserved 1114112K
  class space    used 5568K, committed 6016K, reserved 1048576K
}
Event: 13.508 GC heap before
{Heap before GC invocations=42 (full 2):
 PSYoungGen      total 19456K, used 19401K [0x00000000d5580000, 0x00000000d6c00000, 0x0000000100000000)
  eden space 18432K, 100% used [0x00000000d5580000,0x00000000d6780000,0x00000000d6780000)
  from space 1024K, 94% used [0x00000000d6900000,0x00000000d69f2780,0x00000000d6a00000)
  to   space 1536K, 0% used [0x00000000d6a80000,0x00000000d6a80000,0x00000000d6c00000)
 ParOldGen       total 68608K, used 42118K [0x0000000080000000, 0x0000000084300000, 0x00000000d5580000)
  object space 68608K, 61% used [0x0000000080000000,0x0000000082921ae0,0x0000000084300000)
 Metaspace       used 52987K, committed 54080K, reserved 1114112K
  class space    used 5655K, committed 6080K, reserved 1048576K
}
Event: 13.509 GC heap after
{Heap after GC invocations=42 (full 2):
 PSYoungGen      total 18944K, used 352K [0x00000000d5580000, 0x00000000d6b00000, 0x0000000100000000)
  eden space 18432K, 0% used [0x00000000d5580000,0x00000000d5580000,0x00000000d6780000)
  from space 512K, 68% used [0x00000000d6a80000,0x00000000d6ad8000,0x00000000d6b00000)
  to   space 1024K, 0% used [0x00000000d6900000,0x00000000d6900000,0x00000000d6a00000)
 ParOldGen       total 68608K, used 42134K [0x0000000080000000, 0x0000000084300000, 0x00000000d5580000)
  object space 68608K, 61% used [0x0000000080000000,0x0000000082925ae0,0x0000000084300000)
 Metaspace       used 52987K, committed 54080K, reserved 1114112K
  class space    used 5655K, committed 6080K, reserved 1048576K
}

Dll operation events (10 events):
Event: 0.019 Loaded shared library c:\Users\Aurora  N. Postrado\.vscode\extensions\redhat.java-1.50.0-win32-x64\jre\21.0.9-win32-x86_64\bin\java.dll
Event: 0.113 Loaded shared library c:\Users\Aurora  N. Postrado\.vscode\extensions\redhat.java-1.50.0-win32-x64\jre\21.0.9-win32-x86_64\bin\zip.dll
Event: 0.138 Loaded shared library C:\Users\Aurora  N. Postrado\.vscode\extensions\redhat.java-1.50.0-win32-x64\jre\21.0.9-win32-x86_64\bin\instrument.dll
Event: 0.145 Loaded shared library C:\Users\Aurora  N. Postrado\.vscode\extensions\redhat.java-1.50.0-win32-x64\jre\21.0.9-win32-x86_64\bin\net.dll
Event: 0.148 Loaded shared library C:\Users\Aurora  N. Postrado\.vscode\extensions\redhat.java-1.50.0-win32-x64\jre\21.0.9-win32-x86_64\bin\nio.dll
Event: 0.152 Loaded shared library C:\Users\Aurora  N. Postrado\.vscode\extensions\redhat.java-1.50.0-win32-x64\jre\21.0.9-win32-x86_64\bin\zip.dll
Event: 0.176 Loaded shared library C:\Users\Aurora  N. Postrado\.vscode\extensions\redhat.java-1.50.0-win32-x64\jre\21.0.9-win32-x86_64\bin\jimage.dll
Event: 0.295 Loaded shared library c:\Users\Aurora  N. Postrado\.vscode\extensions\redhat.java-1.50.0-win32-x64\jre\21.0.9-win32-x86_64\bin\verify.dll
Event: 2.166 Loaded shared library C:\Users\Aurora  N. Postrado\AppData\Roaming\Code\User\globalStorage\redhat.java\1.50.0\config_win\org.eclipse.equinox.launcher\org.eclipse.equinox.launcher.win32.win32.x86_64_1.2.1400.v20250801-0854\eclipse_11916.dll
Event: 3.810 Loaded shared library C:\Users\Aurora  N. Postrado\AppData\Local\Temp\jna-614272698\jna16575959023310581961.dll

Deoptimization events (20 events):
Event: 13.597 Thread 0x000001b66bfb9950 Uncommon trap: trap_request=0xffffff45 fr.pc=0x000001b65871b888 relative=0x00000000000036a8
Event: 13.597 Thread 0x000001b66bfb9950 Uncommon trap: reason=unstable_if action=reinterpret pc=0x000001b65871b888 method=sun.nio.fs.Util.followLinks([Ljava/nio/file/LinkOption;)Z @ 13 c2
Event: 13.597 Thread 0x000001b66bfb9950 DEOPT PACKING pc=0x000001b65871b888 sp=0x000000a7444fef20
Event: 13.597 Thread 0x000001b66bfb9950 DEOPT UNPACKING pc=0x000001b657b93aa2 sp=0x000000a7444fecb8 mode 2
Event: 13.599 Thread 0x000001b66bfb9950 Uncommon trap: trap_request=0xffffff45 fr.pc=0x000001b6586b33d8 relative=0x0000000000001578
Event: 13.599 Thread 0x000001b66bfb9950 Uncommon trap: reason=unstable_if action=reinterpret pc=0x000001b6586b33d8 method=sun.nio.fs.Util.followLinks([Ljava/nio/file/LinkOption;)Z @ 13 c2
Event: 13.599 Thread 0x000001b66bfb9950 DEOPT PACKING pc=0x000001b6586b33d8 sp=0x000000a7444feea0
Event: 13.599 Thread 0x000001b66bfb9950 DEOPT UNPACKING pc=0x000001b657b93aa2 sp=0x000000a7444fecb8 mode 2
Event: 13.601 Thread 0x000001b66bfb9950 Uncommon trap: trap_request=0xffffff45 fr.pc=0x000001b65877c9a4 relative=0x0000000000001384
Event: 13.601 Thread 0x000001b66bfb9950 Uncommon trap: reason=unstable_if action=reinterpret pc=0x000001b65877c9a4 method=sun.nio.fs.Util.followLinks([Ljava/nio/file/LinkOption;)Z @ 13 c2
Event: 13.601 Thread 0x000001b66bfb9950 DEOPT PACKING pc=0x000001b65877c9a4 sp=0x000000a7444fee40
Event: 13.601 Thread 0x000001b66bfb9950 DEOPT UNPACKING pc=0x000001b657b93aa2 sp=0x000000a7444fecb8 mode 2
Event: 13.605 Thread 0x000001b66bfb9950 Uncommon trap: trap_request=0xffffff45 fr.pc=0x000001b65870d7cc relative=0x0000000000004bcc
Event: 13.605 Thread 0x000001b66bfb9950 Uncommon trap: reason=unstable_if action=reinterpret pc=0x000001b65870d7cc method=java.nio.file.FileTreeWalker.getAttributes(Ljava/nio/file/Path;Z)Ljava/nio/file/attribute/BasicFileAttributes; @ 35 c2
Event: 13.605 Thread 0x000001b66bfb9950 DEOPT PACKING pc=0x000001b65870d7cc sp=0x000000a7444feac0
Event: 13.605 Thread 0x000001b66bfb9950 DEOPT UNPACKING pc=0x000001b657b93aa2 sp=0x000000a7444fe9f8 mode 2
Event: 13.669 Thread 0x000001b66bfb9950 Uncommon trap: trap_request=0xffffffcc fr.pc=0x000001b6587a777c relative=0x000000000000185c
Event: 13.669 Thread 0x000001b66bfb9950 Uncommon trap: reason=intrinsic_or_type_checked_inlining action=make_not_entrant pc=0x000001b6587a777c method=java.util.ArrayList$SubList.toArray([Ljava/lang/Object;)[Ljava/lang/Object; @ 58 c2
Event: 13.669 Thread 0x000001b66bfb9950 DEOPT PACKING pc=0x000001b6587a777c sp=0x000000a7444fdaf0
Event: 13.669 Thread 0x000001b66bfb9950 DEOPT UNPACKING pc=0x000001b657b93aa2 sp=0x000000a7444fda18 mode 2

Classes loaded (20 events):
Event: 13.606 Loading class java/util/AbstractList$SubList$1
Event: 13.606 Loading class java/util/AbstractList$SubList$1 done
Event: 13.686 Loading class java/util/stream/ReferencePipeline$4
Event: 13.686 Loading class java/util/stream/ReferencePipeline$4 done
Event: 13.686 Loading class java/util/stream/Nodes$IntFixedNodeBuilder
Event: 13.687 Loading class java/util/stream/Node$Builder$OfInt
Event: 13.687 Loading class java/util/stream/Node$Builder$OfInt done
Event: 13.687 Loading class java/util/stream/Nodes$IntArrayNode
Event: 13.687 Loading class java/util/stream/Nodes$IntArrayNode done
Event: 13.687 Loading class java/util/stream/Nodes$IntFixedNodeBuilder done
Event: 13.687 Loading class java/util/stream/ReferencePipeline$4$1
Event: 13.687 Loading class java/util/stream/ReferencePipeline$4$1 done
Event: 13.743 Loading class sun/nio/ch/ChannelOutputStream
Event: 13.743 Loading class sun/nio/ch/ChannelOutputStream done
Event: 13.806 Loading class java/util/WeakHashMap$KeyIterator
Event: 13.806 Loading class java/util/WeakHashMap$KeyIterator done
Event: 13.822 Loading class java/util/Collections$SynchronizedRandomAccessList
Event: 13.823 Loading class java/util/Collections$SynchronizedList
Event: 13.823 Loading class java/util/Collections$SynchronizedList done
Event: 13.823 Loading class java/util/Collections$SynchronizedRandomAccessList done

Classes unloaded (13 events):
Event: 4.542 Thread 0x000001b64d58ebb0 Unloading class 0x000001b6011ab400 'java/lang/invoke/LambdaForm$MH+0x000001b6011ab400'
Event: 4.542 Thread 0x000001b64d58ebb0 Unloading class 0x000001b6011ab000 'java/lang/invoke/LambdaForm$MH+0x000001b6011ab000'
Event: 4.542 Thread 0x000001b64d58ebb0 Unloading class 0x000001b6011aac00 'java/lang/invoke/LambdaForm$MH+0x000001b6011aac00'
Event: 4.542 Thread 0x000001b64d58ebb0 Unloading class 0x000001b6011aa800 'java/lang/invoke/LambdaForm$MH+0x000001b6011aa800'
Event: 4.542 Thread 0x000001b64d58ebb0 Unloading class 0x000001b6011aa400 'java/lang/invoke/LambdaForm$BMH+0x000001b6011aa400'
Event: 4.542 Thread 0x000001b64d58ebb0 Unloading class 0x000001b6011aa000 'java/lang/invoke/LambdaForm$DMH+0x000001b6011aa000'
Event: 4.542 Thread 0x000001b64d58ebb0 Unloading class 0x000001b6011a8c00 'java/lang/invoke/LambdaForm$DMH+0x000001b6011a8c00'
Event: 6.613 Thread 0x000001b64d58ebb0 Unloading class 0x000001b601333400 'java/lang/invoke/LambdaForm$MH+0x000001b601333400'
Event: 6.613 Thread 0x000001b64d58ebb0 Unloading class 0x000001b601332c00 'java/lang/invoke/LambdaForm$MH+0x000001b601332c00'
Event: 6.613 Thread 0x000001b64d58ebb0 Unloading class 0x000001b601332400 'java/lang/invoke/LambdaForm$MH+0x000001b601332400'
Event: 6.614 Thread 0x000001b64d58ebb0 Unloading class 0x000001b601331c00 'java/lang/invoke/LambdaForm$MH+0x000001b601331c00'
Event: 6.614 Thread 0x000001b64d58ebb0 Unloading class 0x000001b601331800 'java/lang/invoke/LambdaForm$DMH+0x000001b601331800'
Event: 6.614 Thread 0x000001b64d58ebb0 Unloading class 0x000001b601331000 'java/lang/invoke/LambdaForm$MH+0x000001b601331000'

Classes redefined (0 events):
No events

Internal exceptions (20 events):
Event: 11.781 Thread 0x000001b66bfb9950 Exception <a 'sun/nio/fs/WindowsException'{0x00000000d610ef08}> (0x00000000d610ef08) 
thrown [s\src\hotspot\share\prims\jni.cpp, line 520]
Event: 11.781 Thread 0x000001b66bfb9950 Exception <a 'sun/nio/fs/WindowsException'{0x00000000d61124c8}> (0x00000000d61124c8) 
thrown [s\src\hotspot\share\prims\jni.cpp, line 520]
Event: 11.781 Thread 0x000001b66bfb9950 Exception <a 'sun/nio/fs/WindowsException'{0x00000000d6115020}> (0x00000000d6115020) 
thrown [s\src\hotspot\share\prims\jni.cpp, line 520]
Event: 11.782 Thread 0x000001b66bfb9950 Exception <a 'sun/nio/fs/WindowsException'{0x00000000d6117d50}> (0x00000000d6117d50) 
thrown [s\src\hotspot\share\prims\jni.cpp, line 520]
Event: 11.782 Thread 0x000001b66bfb9950 Exception <a 'sun/nio/fs/WindowsException'{0x00000000d611b140}> (0x00000000d611b140) 
thrown [s\src\hotspot\share\prims\jni.cpp, line 520]
Event: 11.782 Thread 0x000001b66bfb9950 Exception <a 'sun/nio/fs/WindowsException'{0x00000000d611e028}> (0x00000000d611e028) 
thrown [s\src\hotspot\share\prims\jni.cpp, line 520]
Event: 11.783 Thread 0x000001b66bfb9950 Exception <a 'sun/nio/fs/WindowsException'{0x00000000d6121618}> (0x00000000d6121618) 
thrown [s\src\hotspot\share\prims\jni.cpp, line 520]
Event: 11.783 Thread 0x000001b66bfb9950 Exception <a 'sun/nio/fs/WindowsException'{0x00000000d6124e98}> (0x00000000d6124e98) 
thrown [s\src\hotspot\share\prims\jni.cpp, line 520]
Event: 11.784 Thread 0x000001b66bfb9950 Exception <a 'sun/nio/fs/WindowsException'{0x00000000d6128490}> (0x00000000d6128490) 
thrown [s\src\hotspot\share\prims\jni.cpp, line 520]
Event: 11.785 Thread 0x000001b66bfb9950 Exception <a 'sun/nio/fs/WindowsException'{0x00000000d612b598}> (0x00000000d612b598) 
thrown [s\src\hotspot\share\prims\jni.cpp, line 520]
Event: 11.786 Thread 0x000001b66bfb9950 Exception <a 'sun/nio/fs/WindowsException'{0x00000000d612fda0}> (0x00000000d612fda0) 
thrown [s\src\hotspot\share\prims\jni.cpp, line 520]
Event: 11.817 Thread 0x000001b66bfb9950 Implicit null exception at 0x000001b6585f7e83 to 0x000001b6585f8104
Event: 11.818 Thread 0x000001b66bfb9950 Exception <a 'java/lang/NoSuchMethodError'{0x00000000d632f690}: 'java.lang.Object java.lang.invoke.DelegatingMethodHandle$Holder.reinvoke_L(java.lang.Object, int, long, java.lang.Object, java.lang.Object, int, java.lang.Object)'> (0x00000000d632f690) 
thrown [s\src\hotspot\share\interpreter\linkResolver.cpp, line 773]
Event: 11.883 Thread 0x000001b66bfb9950 Exception <a 'java/lang/NoSuchMethodError'{0x00000000d6905308}: 'java.lang.Object java.lang.invoke.Invokers$Holder.invoke_MT(java.lang.Object, java.lang.Object, java.lang.Object, java.lang.Object, java.lang.Object, java.lang.Object, java.lang.Object, java.lang.Object, java.lang.Object, java.lang.Object)'> (0x00000000d6905308) 
thrown [s\src\hotspot\share\interpreter\linkResolver.cpp, line 773]
Event: 12.641 Thread 0x000001b66bfb9950 Exception <a 'java/lang/NoSuchMethodError'{0x00000000d630a7f8}: 'int java.lang.invoke.Invokers$Holder.invokeExact_MT(java.lang.Object, java.lang.Object)'> (0x00000000d630a7f8) 
thrown [s\src\hotspot\share\interpreter\linkResolver.cpp, line 773]
Event: 13.738 Thread 0x000001b66bfb9950 Exception <a 'java/io/FileNotFoundException'{0x00000000d5beb688}> (0x00000000d5beb688) 
thrown [s\src\hotspot\share\prims\jni.cpp, line 520]
Event: 13.738 Thread 0x000001b66bfb9950 Exception <a 'java/io/FileNotFoundException'{0x00000000d5bec710}> (0x00000000d5bec710) 
thrown [s\src\hotspot\share\prims\jni.cpp, line 520]
Event: 13.809 Thread 0x000001b66bfb9950 Exception <a 'java/io/FileNotFoundException'{0x00000000d5defbd8}> (0x00000000d5defbd8) 
thrown [s\src\hotspot\share\prims\jni.cpp, line 520]
Event: 13.809 Thread 0x000001b66bfb9950 Exception <a 'java/io/FileNotFoundException'{0x00000000d5df0c50}> (0x00000000d5df0c50) 
thrown [s\src\hotspot\share\prims\jni.cpp, line 520]
Event: 13.809 Thread 0x000001b66bfb9950 Exception <a 'java/io/FileNotFoundException'{0x00000000d5df1a18}> (0x00000000d5df1a18) 
thrown [s\src\hotspot\share\prims\jni.cpp, line 520]

ZGC Phase Switch (0 events):
No events

VM Operations (20 events):
Event: 12.413 Executing VM operation: ParallelGCFailedAllocation (Allocation Failure) done
Event: 12.590 Executing VM operation: HandshakeAllThreads (Deoptimize)
Event: 12.590 Executing VM operation: HandshakeAllThreads (Deoptimize) done
Event: 12.626 Executing VM operation: HandshakeAllThreads (Deoptimize)
Event: 12.627 Executing VM operation: HandshakeAllThreads (Deoptimize) done
Event: 12.832 Executing VM operation: ParallelGCFailedAllocation (Allocation Failure)
Event: 12.837 Executing VM operation: ParallelGCFailedAllocation (Allocation Failure) done
Event: 13.163 Executing VM operation: ParallelGCFailedAllocation (Allocation Failure)
Event: 13.166 Executing VM operation: ParallelGCFailedAllocation (Allocation Failure) done
Event: 13.365 Executing VM operation: ParallelGCFailedAllocation (Allocation Failure)
Event: 13.367 Executing VM operation: ParallelGCFailedAllocation (Allocation Failure) done
Event: 13.418 Executing VM operation: ParallelGCFailedAllocation (Allocation Failure)
Event: 13.419 Executing VM operation: ParallelGCFailedAllocation (Allocation Failure) done
Event: 13.508 Executing VM operation: ParallelGCFailedAllocation (Allocation Failure)
Event: 13.509 Executing VM operation: ParallelGCFailedAllocation (Allocation Failure) done
Event: 13.671 Executing VM operation: HandshakeAllThreads (Deoptimize)
Event: 13.672 Executing VM operation: HandshakeAllThreads (Deoptimize) done
Event: 13.787 Executing VM operation: HandshakeAllThreads (Deoptimize)
Event: 13.787 Executing VM operation: HandshakeAllThreads (Deoptimize) done
Event: 14.787 Executing VM operation: Cleanup

Memory protections (0 events):
No events

Nmethod flushes (20 events):
Event: 6.628 Thread 0x000001b64d58ebb0 flushing  nmethod 0x000001b650e6b890
Event: 6.628 Thread 0x000001b64d58ebb0 flushing  nmethod 0x000001b650e8ca10
Event: 6.628 Thread 0x000001b64d58ebb0 flushing  nmethod 0x000001b650e8da90
Event: 6.628 Thread 0x000001b64d58ebb0 flushing  nmethod 0x000001b650effe90
Event: 6.628 Thread 0x000001b64d58ebb0 flushing  nmethod 0x000001b650f01590
Event: 6.628 Thread 0x000001b64d58ebb0 flushing  nmethod 0x000001b650f01c10
Event: 6.628 Thread 0x000001b64d58ebb0 flushing  nmethod 0x000001b650f02d10
Event: 6.628 Thread 0x000001b64d58ebb0 flushing  nmethod 0x000001b650f04310
Event: 6.628 Thread 0x000001b64d58ebb0 flushing  nmethod 0x000001b650f04d10
Event: 6.628 Thread 0x000001b64d58ebb0 flushing  nmethod 0x000001b650f05610
Event: 6.628 Thread 0x000001b64d58ebb0 flushing  nmethod 0x000001b650f06f90
Event: 6.628 Thread 0x000001b64d58ebb0 flushing  nmethod 0x000001b650f09990
Event: 6.628 Thread 0x000001b64d58ebb0 flushing  nmethod 0x000001b650f10a10
Event: 6.628 Thread 0x000001b64d58ebb0 flushing  nmethod 0x000001b650f10f90
Event: 6.628 Thread 0x000001b64d58ebb0 flushing  nmethod 0x000001b650f11b10
Event: 6.628 Thread 0x000001b64d58ebb0 flushing  nmethod 0x000001b650f13090
Event: 6.628 Thread 0x000001b64d58ebb0 flushing osr nmethod 0x000001b650f14190
Event: 6.628 Thread 0x000001b64d58ebb0 flushing  nmethod 0x000001b650f14810
Event: 6.628 Thread 0x000001b64d58ebb0 flushing  nmethod 0x000001b650f19d90
Event: 6.628 Thread 0x000001b64d58ebb0 flushing  nmethod 0x000001b650f4d490

Events (20 events):
Event: 11.944 Thread 0x000001b66f451470 Thread added: 0x000001b66ea742b0
Event: 11.956 Thread 0x000001b64d5ada50 Thread added: 0x000001b67000ead0
Event: 11.956 Thread 0x000001b64d5ada50 Thread added: 0x000001b66ef40570
Event: 11.956 Thread 0x000001b64d5ada50 Thread added: 0x000001b6705f58f0
Event: 12.784 Thread 0x000001b6705f58f0 Thread exited: 0x000001b6705f58f0
Event: 13.305 Thread 0x000001b66ef40570 Thread exited: 0x000001b66ef40570
Event: 13.329 Thread 0x000001b67000ead0 Thread exited: 0x000001b67000ead0
Event: 13.353 Thread 0x000001b66ea742b0 Thread exited: 0x000001b66ea742b0
Event: 13.368 Thread 0x000001b66f451470 Thread exited: 0x000001b66f451470
Event: 13.368 Thread 0x000001b67138ea20 Thread exited: 0x000001b67138ea20
Event: 13.385 Thread 0x000001b64d5ada50 Thread added: 0x000001b67138ea20
Event: 13.399 Thread 0x000001b64d5ada50 Thread added: 0x000001b66f451470
Event: 13.411 Thread 0x000001b6654cfff0 Thread added: 0x000001b66ea742b0
Event: 13.423 Thread 0x000001b6654e1190 Thread added: 0x000001b66e97fe80
Event: 13.424 Thread 0x000001b6654e1190 Thread added: 0x000001b66e982760
Event: 13.439 Thread 0x000001b66534d6f0 Thread added: 0x000001b66e982e30
Event: 13.592 Thread 0x000001b66e982e30 Thread exited: 0x000001b66e982e30
Event: 13.593 Thread 0x000001b66e982760 Thread exited: 0x000001b66e982760
Event: 13.919 Thread 0x000001b66e97fe80 Thread exited: 0x000001b66e97fe80
Event: 13.921 Thread 0x000001b66ea742b0 Thread exited: 0x000001b66ea742b0


Dynamic libraries:
0x00007ff6e42d0000 - 0x00007ff6e42de000 	c:\Users\Aurora  N. Postrado\.vscode\extensions\redhat.java-1.50.0-win32-x64\jre\21.0.9-win32-x86_64\bin\java.exe
0x00007ffb60900000 - 0x00007ffb60b67000 	C:\WINDOWS\SYSTEM32\ntdll.dll
0x00007ffb5fb90000 - 0x00007ffb5fc59000 	C:\WINDOWS\System32\KERNEL32.DLL
0x00007ffb5ddd0000 - 0x00007ffb5e1bf000 	C:\WINDOWS\System32\KERNELBASE.dll
0x00007ffb5da50000 - 0x00007ffb5db9b000 	C:\WINDOWS\System32\ucrtbase.dll
0x00007ffb49b50000 - 0x00007ffb49b6e000 	c:\Users\Aurora  N. Postrado\.vscode\extensions\redhat.java-1.50.0-win32-x64\jre\21.0.9-win32-x86_64\bin\VCRUNTIME140.dll
0x00007ffb513b0000 - 0x00007ffb513c8000 	c:\Users\Aurora  N. Postrado\.vscode\extensions\redhat.java-1.50.0-win32-x64\jre\21.0.9-win32-x86_64\bin\jli.dll
0x00007ffb5f860000 - 0x00007ffb5fa25000 	C:\WINDOWS\System32\USER32.dll
0x00007ffb4c0f0000 - 0x00007ffb4c383000 	C:\WINDOWS\WinSxS\amd64_microsoft.windows.common-controls_6595b64144ccf1df_6.0.26100.7309_none_3e05feeae336a044\COMCTL32.dll
0x00007ffb5e4b0000 - 0x00007ffb5e4d7000 	C:\WINDOWS\System32\win32u.dll
0x00007ffb601b0000 - 0x00007ffb601db000 	C:\WINDOWS\System32\GDI32.dll
0x00007ffb5f560000 - 0x00007ffb5f609000 	C:\WINDOWS\System32\msvcrt.dll
0x00007ffb5e570000 - 0x00007ffb5e69c000 	C:\WINDOWS\System32\gdi32full.dll
0x00007ffb5dd20000 - 0x00007ffb5ddc3000 	C:\WINDOWS\System32\msvcp_win.dll
0x00007ffb5f680000 - 0x00007ffb5f6b1000 	C:\WINDOWS\System32\IMM32.DLL
0x00007ffb515b0000 - 0x00007ffb515bc000 	c:\Users\Aurora  N. Postrado\.vscode\extensions\redhat.java-1.50.0-win32-x64\jre\21.0.9-win32-x86_64\bin\vcruntime140_1.dll
0x00007ffb49ac0000 - 0x00007ffb49b4d000 	c:\Users\Aurora  N. Postrado\.vscode\extensions\redhat.java-1.50.0-win32-x64\jre\21.0.9-win32-x86_64\bin\msvcp140.dll
0x00007ffadd650000 - 0x00007ffade3f0000 	c:\Users\Aurora  N. Postrado\.vscode\extensions\redhat.java-1.50.0-win32-x64\jre\21.0.9-win32-x86_64\bin\server\jvm.dll
0x00007ffb5f7a0000 - 0x00007ffb5f854000 	C:\WINDOWS\System32\ADVAPI32.dll
0x00007ffb60810000 - 0x00007ffb608b6000 	C:\WINDOWS\System32\sechost.dll
0x00007ffb60390000 - 0x00007ffb604a8000 	C:\WINDOWS\System32\RPCRT4.dll
0x00007ffb60740000 - 0x00007ffb607b4000 	C:\WINDOWS\System32\WS2_32.dll
0x00007ffb56fc0000 - 0x00007ffb56ff5000 	C:\WINDOWS\SYSTEM32\WINMM.dll
0x00007ffb570a0000 - 0x00007ffb570ab000 	C:\WINDOWS\SYSTEM32\VERSION.dll
0x00007ffb5d8b0000 - 0x00007ffb5d90e000 	C:\WINDOWS\SYSTEM32\POWRPROF.dll
0x00007ffb5d890000 - 0x00007ffb5d8a4000 	C:\WINDOWS\SYSTEM32\UMPDC.dll
0x00007ffb5c800000 - 0x00007ffb5c81b000 	C:\WINDOWS\SYSTEM32\kernel.appcore.dll
0x00007ffb513a0000 - 0x00007ffb513aa000 	c:\Users\Aurora  N. Postrado\.vscode\extensions\redhat.java-1.50.0-win32-x64\jre\21.0.9-win32-x86_64\bin\jimage.dll
0x00007ffb53260000 - 0x00007ffb534a2000 	C:\WINDOWS\SYSTEM32\DBGHELP.DLL
0x00007ffb5f010000 - 0x00007ffb5f396000 	C:\WINDOWS\System32\combase.dll
0x00007ffb5f6c0000 - 0x00007ffb5f796000 	C:\WINDOWS\System32\OLEAUT32.dll
0x00007ffb3ba30000 - 0x00007ffb3ba6c000 	C:\WINDOWS\SYSTEM32\dbgcore.DLL
0x00007ffb5e400000 - 0x00007ffb5e4a5000 	C:\WINDOWS\System32\bcryptPrimitives.dll
0x00007ffb49c00000 - 0x00007ffb49c0f000 	c:\Users\Aurora  N. Postrado\.vscode\extensions\redhat.java-1.50.0-win32-x64\jre\21.0.9-win32-x86_64\bin\instrument.dll
0x00007ffb49aa0000 - 0x00007ffb49ac0000 	c:\Users\Aurora  N. Postrado\.vscode\extensions\redhat.java-1.50.0-win32-x64\jre\21.0.9-win32-x86_64\bin\java.dll
0x00007ffb5e8b0000 - 0x00007ffb5f003000 	C:\WINDOWS\System32\SHELL32.dll
0x00007ffb5e1d0000 - 0x00007ffb5e33a000 	C:\WINDOWS\System32\wintypes.dll
0x00007ffb5b690000 - 0x00007ffb5beee000 	C:\WINDOWS\SYSTEM32\windows.storage.dll
0x00007ffb5fa30000 - 0x00007ffb5fb24000 	C:\WINDOWS\System32\SHCORE.dll
0x00007ffb5f610000 - 0x00007ffb5f676000 	C:\WINDOWS\System32\shlwapi.dll
0x00007ffb5d970000 - 0x00007ffb5d999000 	C:\WINDOWS\SYSTEM32\profapi.dll
0x00007ffb49a80000 - 0x00007ffb49a98000 	c:\Users\Aurora  N. Postrado\.vscode\extensions\redhat.java-1.50.0-win32-x64\jre\21.0.9-win32-x86_64\bin\zip.dll
0x00007ffb49a70000 - 0x00007ffb49a80000 	C:\Users\Aurora  N. Postrado\.vscode\extensions\redhat.java-1.50.0-win32-x64\jre\21.0.9-win32-x86_64\bin\net.dll
0x00007ffb545b0000 - 0x00007ffb546d8000 	C:\WINDOWS\SYSTEM32\WINHTTP.dll
0x00007ffb5cd70000 - 0x00007ffb5cddb000 	C:\WINDOWS\system32\mswsock.dll
0x00007ffb49a50000 - 0x00007ffb49a66000 	C:\Users\Aurora  N. Postrado\.vscode\extensions\redhat.java-1.50.0-win32-x64\jre\21.0.9-win32-x86_64\bin\nio.dll
0x00007ffb49a40000 - 0x00007ffb49a50000 	c:\Users\Aurora  N. Postrado\.vscode\extensions\redhat.java-1.50.0-win32-x64\jre\21.0.9-win32-x86_64\bin\verify.dll
0x00007ffb3d460000 - 0x00007ffb3d4a4000 	C:\Users\Aurora  N. Postrado\AppData\Roaming\Code\User\globalStorage\redhat.java\1.50.0\config_win\org.eclipse.equinox.launcher\org.eclipse.equinox.launcher.win32.win32.x86_64_1.2.1400.v20250801-0854\eclipse_11916.dll
0x00007ffb601f0000 - 0x00007ffb60387000 	C:\WINDOWS\System32\ole32.dll
0x00007ffb5d040000 - 0x00007ffb5d05b000 	C:\WINDOWS\SYSTEM32\CRYPTSP.dll
0x00007ffb5c760000 - 0x00007ffb5c79a000 	C:\WINDOWS\system32\rsaenh.dll
0x00007ffb5ce20000 - 0x00007ffb5ce4b000 	C:\WINDOWS\SYSTEM32\USERENV.dll
0x00007ffb5d940000 - 0x00007ffb5d96a000 	C:\WINDOWS\SYSTEM32\bcrypt.dll
0x00007ffb5d030000 - 0x00007ffb5d03c000 	C:\WINDOWS\SYSTEM32\CRYPTBASE.dll
0x00007ffb5c210000 - 0x00007ffb5c244000 	C:\WINDOWS\SYSTEM32\IPHLPAPI.DLL
0x00007ffb5f4c0000 - 0x00007ffb5f4ca000 	C:\WINDOWS\System32\NSI.dll
0x00007ffb3d3c0000 - 0x00007ffb3d409000 	C:\Users\Aurora  N. Postrado\AppData\Local\Temp\jna-614272698\jna16575959023310581961.dll
0x00007ffb60540000 - 0x00007ffb60548000 	C:\WINDOWS\System32\PSAPI.DLL
0x00007ffb54850000 - 0x00007ffb5486e000 	C:\WINDOWS\SYSTEM32\dhcpcsvc6.DLL
0x00007ffb54820000 - 0x00007ffb54843000 	C:\WINDOWS\SYSTEM32\dhcpcsvc.DLL

JVMTI agents:
c:\Users\Aurora  N. Postrado\.vscode\extensions\redhat.java-1.50.0-win32-x64\lombok\lombok-1.18.39-4050.jar path:c:\Users\Aurora  N. Postrado\.vscode\extensions\redhat.java-1.50.0-win32-x64\jre\21.0.9-win32-x86_64\bin\instrument.dll, loaded, initialized, instrumentlib options:none

dbghelp: loaded successfully - version: 4.0.5 - missing functions: none
symbol engine: initialized successfully - sym options: 0x614 - pdb path: .;c:\Users\Aurora  N. Postrado\.vscode\extensions\redhat.java-1.50.0-win32-x64\jre\21.0.9-win32-x86_64\bin;C:\WINDOWS\SYSTEM32;C:\WINDOWS\WinSxS\amd64_microsoft.windows.common-controls_6595b64144ccf1df_6.0.26100.7309_none_3e05feeae336a044;c:\Users\Aurora  N. Postrado\.vscode\extensions\redhat.java-1.50.0-win32-x64\jre\21.0.9-win32-x86_64\bin\server;C:\Users\Aurora  N. Postrado\AppData\Roaming\Code\User\globalStorage\redhat.java\1.50.0\config_win\org.eclipse.equinox.launcher\org.eclipse.equinox.launcher.win32.win32.x86_64_1.2.1400.v20250801-0854;C:\Users\Aurora  N. Postrado\AppData\Local\Temp\jna-614272698

VM Arguments:
jvm_args: --add-modules=ALL-SYSTEM --add-opens=java.base/java.util=ALL-UNNAMED --add-opens=java.base/java.lang=ALL-UNNAMED --add-opens=java.base/sun.nio.fs=ALL-UNNAMED -Declipse.application=org.eclipse.jdt.ls.core.id1 -Dosgi.bundles.defaultStartLevel=4 -Declipse.product=org.eclipse.jdt.ls.core.product -Djava.import.generatesMetadataFilesAtProjectRoot=false -DDetectVMInstallationsJob.disabled=true -Dfile.encoding=utf8 -XX:+UseParallelGC -XX:GCTimeRatio=4 -XX:AdaptiveSizePolicyWeight=90 -Dsun.zip.disableMemoryMapping=true -Xmx2G -Xms100m -Xlog:disable -javaagent:c:\Users\Aurora  N. Postrado\.vscode\extensions\redhat.java-1.50.0-win32-x64\lombok\lombok-1.18.39-4050.jar -XX:+HeapDumpOnOutOfMemoryError -XX:HeapDumpPath=c:\Users\Aurora  N. Postrado\AppData\Roaming\Code\User\workspaceStorage\46172c11ccafe662b3a0ac333387505f\redhat.java -Daether.dependencyCollector.impl=bf 
java_command: c:\Users\Aurora  N. Postrado\.vscode\extensions\redhat.java-1.50.0-win32-x64\server\plugins\org.eclipse.equinox.launcher_1.7.100.v20251111-0406.jar -configuration c:\Users\Aurora  N. Postrado\AppData\Roaming\Code\User\globalStorage\redhat.java\1.50.0\config_win -data c:\Users\Aurora  N. Postrado\AppData\Roaming\Code\User\workspaceStorage\46172c11ccafe662b3a0ac333387505f\redhat.java\jdt_ws --pipe=\\.\pipe\lsp-3c1574afbb1a485e45287f6c67895efe-sock
java_class_path (initial): c:\Users\Aurora  N. Postrado\.vscode\extensions\redhat.java-1.50.0-win32-x64\server\plugins\org.eclipse.equinox.launcher_1.7.100.v20251111-0406.jar
Launcher Type: SUN_STANDARD

[Global flags]
    uintx AdaptiveSizePolicyWeight                 = 90                                        {product} {command line}
     intx CICompilerCount                          = 12                                        {product} {ergonomic}
    uintx GCTimeRatio                              = 4                                         {product} {command line}
     bool HeapDumpOnOutOfMemoryError               = true                                   {manageable} {command line}
    ccstr HeapDumpPath                             = c:\Users\Aurora  N. Postrado\AppData\Roaming\Code\User\workspaceStorage\46172c11ccafe662b3a0ac333387505f\redhat.java         {manageable} {command line}
   size_t InitialHeapSize                          = 104857600                                 {product} {command line}
   size_t MaxHeapSize                              = 2147483648                                {product} {command line}
   size_t MaxNewSize                               = 715653120                                 {product} {ergonomic}
   size_t MinHeapDeltaBytes                        = 524288                                    {product} {ergonomic}
   size_t MinHeapSize                              = 104857600                                 {product} {command line}
   size_t NewSize                                  = 34603008                                  {product} {ergonomic}
    uintx NonNMethodCodeHeapSize                   = 7602480                                {pd product} {ergonomic}
    uintx NonProfiledCodeHeapSize                  = 122027880                              {pd product} {ergonomic}
   size_t OldSize                                  = 70254592                                  {product} {ergonomic}
    uintx ProfiledCodeHeapSize                     = 122027880                              {pd product} {ergonomic}
    uintx ReservedCodeCacheSize                    = 251658240                              {pd product} {ergonomic}
     bool SegmentedCodeCache                       = true                                      {product} {ergonomic}
   size_t SoftMaxHeapSize                          = 2147483648                             {manageable} {ergonomic}
     bool UseCompressedOops                        = true                           {product lp64_product} {ergonomic}
     bool UseLargePagesIndividualAllocation        = false                                  {pd product} {ergonomic}
     bool UseParallelGC                            = true                                      {product} {command line}

Logging:
Log output configuration:
 #0: stdout all=off uptime,level,tags foldmultilines=false
 #1: stderr all=off uptime,level,tags foldmultilines=false

Release file:
JAVA_VERSION="21.0.9" 
MODULES="java.base java.compiler java.datatransfer java.xml java.prefs java.desktop java.instrument java.logging java.management java.security.sasl java.naming java.rmi java.management.rmi java.net.http java.scripting java.security.jgss java.transaction.xa java.sql java.sql.rowset java.xml.crypto java.se java.smartcardio jdk.accessibility jdk.internal.jvmstat jdk.attach jdk.charsets jdk.internal.opt jdk.zipfs jdk.compiler jdk.crypto.ec jdk.crypto.cryptoki jdk.crypto.mscapi jdk.dynalink jdk.internal.ed jdk.editpad jdk.hotspot.agent jdk.httpserver jdk.internal.le jdk.internal.vm.ci jdk.internal.vm.compiler jdk.internal.vm.compiler.management jdk.jartool jdk.javadoc jdk.jcmd jdk.management jdk.management.agent jdk.jconsole jdk.jdeps jdk.jdwp.agent jdk.jdi jdk.jfr jdk.jshell jdk.jsobject jdk.jstatd jdk.localedata jdk.management.jfr jdk.naming.dns jdk.naming.rmi jdk.net jdk.nio.mapmode jdk.random jdk.sctp jdk.security.auth jdk.security.jgss jdk.unsupported jdk.unsupported.desktop jdk.xml.dom" 

Environment Variables:
PATH=C:\Program Files\Eclipse Adoptium\jdk-17.0.17.10-hotspot\bin;C:\Windows\system32;C:\Windows;C:\Windows\System32\Wbem;C:\Windows\System32\WindowsPowerShell\v1.0\;C:\Windows\System32\OpenSSH\;C:\Program Files (x86)\NVIDIA Corporation\PhysX\Common;C:\Program Files\NVIDIA Corporation\NVIDIA NvDLISR;C:\WINDOWS\system32;C:\WINDOWS;C:\WINDOWS\System32\Wbem;C:\WINDOWS\System32\WindowsPowerShell\v1.0\;C:\WINDOWS\System32\OpenSSH\;C:\Program Files\Git\cmd;C:\Users\Aurora  N. Postrado\AppData\Local\Microsoft\WindowsApps;C:\Users\Aurora  N. Postrado\AppData\Local\Programs\Microsoft VS Code\bin;C:\Users\Aurora  N. Postrado\AppData\Local\GitHubDesktop\bin
USERNAME=Aurora  N. Postrado
OS=Windows_NT
PROCESSOR_IDENTIFIER=AMD64 Family 23 Model 104 Stepping 1, AuthenticAMD
TMP=C:\Users\AURORA~1.POS\AppData\Local\Temp
TEMP=C:\Users\AURORA~1.POS\AppData\Local\Temp




Periodic native trim disabled

---------------  S Y S T E M  ---------------

OS:
 Windows 11 , 64 bit Build 26100 (10.0.26100.7309)
OS uptime: 0 days 0:52 hours

CPU: total 16 (initial active 16) (16 cores per cpu, 2 threads per core) family 23 model 104 stepping 1 microcode 0x8608103, cx8, cmov, fxsr, ht, mmx, 3dnowpref, sse, sse2, sse3, ssse3, sse4a, sse4.1, sse4.2, popcnt, lzcnt, tsc, tscinvbit, avx, avx2, aes, clmul, bmi1, bmi2, adx, sha, fma, vzeroupper, clflush, clflushopt, rdtscp, rdpid, f16c
Processor Information for the first 16 processors :
  Max Mhz: 1801, Current Mhz: 1801, Mhz Limit: 1801

Memory: 4k page, system-wide physical 7514M (2014M free)
TotalPageFile size 7514M (AvailPageFile size 4M)
current process WorkingSet (physical memory assigned to process): 309M, peak: 311M
current process commit charge ("private bytes"): 424M, peak: 427M

vm_info: OpenJDK 64-Bit Server VM (21.0.9+10-LTS) for windows-amd64 JRE (21.0.9+10-LTS), built on 2025-10-21T00:00:00Z by "admin" with unknown MS VC++:1942

END.
