#
# There is insufficient memory for the Java Runtime Environment to continue.
# Native memory allocation (malloc) failed to allocate 2075408 bytes. Error detail: Chunk::new
# Possible reasons:
#   The system is out of physical RAM or swap space
#   This process is running with CompressedOops enabled, and the Java Heap may be blocking the growth of the native heap
# Possible solutions:
#   Reduce memory load on the system
#   Increase physical memory or swap space
#   Check if swap backing store is full
#   Decrease Java heap size (-Xmx/-Xms)
#   Decrease number of Java threads
#   Decrease Java thread stack sizes (-Xss)
#   Set larger code cache with -XX:ReservedCodeCacheSize=
#   JVM is running with Unscaled Compressed Oops mode in which the Java heap is
#     placed in the first 4GB address space. The Java Heap base address is the
#     maximum limit for the native heap growth. Please use -XX:HeapBaseMinAddress
#     to set the Java Heap base and to place the Java Heap above 4GB virtual address.
# This output file may be truncated or incomplete.
#
#  Out of Memory Error (arena.cpp:168), pid=8892, tid=6796
#
# JRE version: OpenJDK Runtime Environment Temurin-21.0.9+10 (21.0.9+10) (build 21.0.9+10-LTS)
# Java VM: OpenJDK 64-Bit Server VM Temurin-21.0.9+10 (21.0.9+10-LTS, mixed mode, sharing, tiered, compressed oops, compressed class ptrs, parallel gc, windows-amd64)
# No core dump will be written. Minidumps are not enabled by default on client versions of Windows
#

---------------  S U M M A R Y ------------

Command Line: --add-modules=ALL-SYSTEM --add-opens=java.base/java.util=ALL-UNNAMED --add-opens=java.base/java.lang=ALL-UNNAMED --add-opens=java.base/sun.nio.fs=ALL-UNNAMED -Declipse.application=org.eclipse.jdt.ls.core.id1 -Dosgi.bundles.defaultStartLevel=4 -Declipse.product=org.eclipse.jdt.ls.core.product -Djava.import.generatesMetadataFilesAtProjectRoot=false -DDetectVMInstallationsJob.disabled=true -Dfile.encoding=utf8 -XX:+UseParallelGC -XX:GCTimeRatio=4 -XX:AdaptiveSizePolicyWeight=90 -Dsun.zip.disableMemoryMapping=true -Xmx2G -Xms100m -Xlog:disable -javaagent:c:\Users\Aurora  N. Postrado\.vscode\extensions\redhat.java-1.50.0-win32-x64\lombok\lombok-1.18.39-4050.jar c:\Users\Aurora  N. Postrado\.vscode\extensions\redhat.java-1.50.0-win32-x64\server\plugins\org.eclipse.equinox.launcher_1.7.100.v20251111-0406.jar -configuration c:\Users\Aurora  N. Postrado\AppData\Roaming\Code\User\globalStorage\redhat.java\1.50.0\config_ss_win -data c:\Users\Aurora  N. Postrado\AppData\Roaming\Code\User\workspaceStorage\46172c11ccafe662b3a0ac333387505f\redhat.java\ss_ws --pipe=\\.\pipe\lsp-dd8b50e9196d0150f041a73ab5f0394f-sock

Host: AMD Ryzen 7 5700U with Radeon Graphics         , 16 cores, 7G,  Windows 11 , 64 bit Build 26100 (10.0.26100.7309)
Time: Fri Dec 12 19:15:28 2025 Malay Peninsula Standard Time elapsed time: 13.345757 seconds (0d 0h 0m 13s)

---------------  T H R E A D  ---------------

Current thread (0x0000018cfcb7dcd0):  JavaThread "C2 CompilerThread5" daemon [_thread_in_native, id=6796, stack(0x0000002ef1500000,0x0000002ef1600000) (1024K)]


Current CompileTask:
C2:13345 5627 %     4       org.lombokweb.asm.ClassReader::readCode @ 2037 (5117 bytes)

Stack: [0x0000002ef1500000,0x0000002ef1600000]
Native frames: (J=compiled Java code, j=interpreted, Vv=VM code, C=native code)
V  [jvm.dll+0x6d6e29]
V  [jvm.dll+0x8b4b76]
V  [jvm.dll+0x8b712e]
V  [jvm.dll+0x8b7813]
V  [jvm.dll+0x283d86]
V  [jvm.dll+0xc66ed]
V  [jvm.dll+0xc6c31]
V  [jvm.dll+0x3be53b]
V  [jvm.dll+0x1e3b52]
V  [jvm.dll+0x24c0f3]
V  [jvm.dll+0x24b580]
V  [jvm.dll+0x1cb13e]
V  [jvm.dll+0x25b29d]
V  [jvm.dll+0x25982a]
V  [jvm.dll+0x3f7ea6]
V  [jvm.dll+0x85e9ad]
V  [jvm.dll+0x6d565d]
C  [ucrtbase.dll+0x37b0]
C  [KERNEL32.DLL+0x2e8d7]
C  [ntdll.dll+0x8c53c]


---------------  P R O C E S S  ---------------

Threads class SMR info:
_java_thread_list=0x0000018cfca02330, length=51, elements={
0x0000018c99b48360, 0x0000018c9bf3ccd0, 0x0000018c9c02efa0, 0x0000018c9c035ec0,
0x0000018c9c035830, 0x0000018c9c036550, 0x0000018c9c034b10, 0x0000018c9c0489b0,
0x0000018cf4d75710, 0x0000018c9c036be0, 0x0000018c9c0351a0, 0x0000018c9c033760,
0x0000018c9c034480, 0x0000018c9c033df0, 0x0000018cfb4065c0, 0x0000018cfb406c50,
0x0000018cfb408690, 0x0000018cfb4058a0, 0x0000018cfb408000, 0x0000018cfb4072e0,
0x0000018cfb405210, 0x0000018cfb408d20, 0x0000018cfb407970, 0x0000018cfb4093b0,
0x0000018cfb405f30, 0x0000018cfb40c830, 0x0000018cfb40a760, 0x0000018cfb409a40,
0x0000018cfb40a0d0, 0x0000018cfb40c1a0, 0x0000018cfb40adf0, 0x0000018cfb40b480,
0x0000018cfb40bb10, 0x0000018cfd5a91c0, 0x0000018cfd5a84a0, 0x0000018cfd5aa570,
0x0000018cfd5a9850, 0x0000018cfd5a9ee0, 0x0000018cfd5a8b30, 0x0000018cfd5aac00,
0x0000018cfd5a7780, 0x0000018cfd5ab290, 0x0000018cf6719880, 0x0000018cfd5ad360,
0x0000018cfd5aeda0, 0x0000018cf6718410, 0x0000018cf6718ae0, 0x0000018cf67191b0,
0x0000018cfcb7dcd0, 0x0000018cfcb7bac0, 0x0000018cfcb7b3f0
}

Java Threads: ( => current thread )
  0x0000018c99b48360 JavaThread "main"                              [_thread_blocked, id=2468, stack(0x0000002eed300000,0x0000002eed400000) (1024K)]
  0x0000018c9bf3ccd0 JavaThread "Reference Handler"          daemon [_thread_blocked, id=10112, stack(0x0000002eed700000,0x0000002eed800000) (1024K)]
  0x0000018c9c02efa0 JavaThread "Finalizer"                  daemon [_thread_blocked, id=8772, stack(0x0000002eed800000,0x0000002eed900000) (1024K)]
  0x0000018c9c035ec0 JavaThread "Signal Dispatcher"          daemon [_thread_blocked, id=5848, stack(0x0000002eed900000,0x0000002eeda00000) (1024K)]
  0x0000018c9c035830 JavaThread "Attach Listener"            daemon [_thread_blocked, id=6884, stack(0x0000002eeda00000,0x0000002eedb00000) (1024K)]
  0x0000018c9c036550 JavaThread "Service Thread"             daemon [_thread_blocked, id=14320, stack(0x0000002eedb00000,0x0000002eedc00000) (1024K)]
  0x0000018c9c034b10 JavaThread "Monitor Deflation Thread"   daemon [_thread_blocked, id=16404, stack(0x0000002eedc00000,0x0000002eedd00000) (1024K)]
  0x0000018c9c0489b0 JavaThread "C2 CompilerThread0"         daemon [_thread_blocked, id=10096, stack(0x0000002eedd00000,0x0000002eede00000) (1024K)]
  0x0000018cf4d75710 JavaThread "C1 CompilerThread0"         daemon [_thread_blocked, id=8960, stack(0x0000002eede00000,0x0000002eedf00000) (1024K)]
  0x0000018c9c036be0 JavaThread "Common-Cleaner"             daemon [_thread_blocked, id=15812, stack(0x0000002eee200000,0x0000002eee300000) (1024K)]
  0x0000018c9c0351a0 JavaThread "Notification Thread"        daemon [_thread_blocked, id=16012, stack(0x0000002eee400000,0x0000002eee500000) (1024K)]
  0x0000018c9c033760 JavaThread "Active Thread: Equinox Container: d5bed51d-e1f0-47f5-a049-347e35c7da15"        [_thread_blocked, id=5556, stack(0x0000002eeed00000,0x0000002eeee00000) (1024K)]
  0x0000018c9c034480 JavaThread "Framework Event Dispatcher: Equinox Container: d5bed51d-e1f0-47f5-a049-347e35c7da15" daemon [_thread_blocked, id=13828, stack(0x0000002eeef00000,0x0000002eef000000) (1024K)]
  0x0000018c9c033df0 JavaThread "Start Level: Equinox Container: d5bed51d-e1f0-47f5-a049-347e35c7da15" daemon [_thread_blocked, id=13972, stack(0x0000002eef000000,0x0000002eef100000) (1024K)]
  0x0000018cfb4065c0 JavaThread "SCR Component Actor"        daemon [_thread_blocked, id=14832, stack(0x0000002eee100000,0x0000002eee200000) (1024K)]
  0x0000018cfb406c50 JavaThread "Worker-JM"                         [_thread_blocked, id=4064, stack(0x0000002eef100000,0x0000002eef200000) (1024K)]
  0x0000018cfb408690 JavaThread "JNA Cleaner"                daemon [_thread_blocked, id=14788, stack(0x0000002eeec00000,0x0000002eeed00000) (1024K)]
  0x0000018cfb4058a0 JavaThread "Worker-0"                          [_thread_blocked, id=17168, stack(0x0000002eef400000,0x0000002eef500000) (1024K)]
  0x0000018cfb408000 JavaThread "Worker-1"                          [_thread_blocked, id=1544, stack(0x0000002eef500000,0x0000002eef600000) (1024K)]
  0x0000018cfb4072e0 JavaThread "Thread-1"                   daemon [_thread_in_native, id=2640, stack(0x0000002eefc00000,0x0000002eefd00000) (1024K)]
  0x0000018cfb405210 JavaThread "Thread-2"                   daemon [_thread_in_native, id=9912, stack(0x0000002eefd00000,0x0000002eefe00000) (1024K)]
  0x0000018cfb408d20 JavaThread "Thread-3"                   daemon [_thread_in_native, id=8072, stack(0x0000002eefe00000,0x0000002eeff00000) (1024K)]
  0x0000018cfb407970 JavaThread "Thread-4"                   daemon [_thread_in_native, id=9872, stack(0x0000002eeff00000,0x0000002ef0000000) (1024K)]
  0x0000018cfb4093b0 JavaThread "Thread-5"                   daemon [_thread_in_native, id=16052, stack(0x0000002ef0000000,0x0000002ef0100000) (1024K)]
  0x0000018cfb405f30 JavaThread "Thread-6"                   daemon [_thread_in_native, id=2320, stack(0x0000002ef0100000,0x0000002ef0200000) (1024K)]
  0x0000018cfb40c830 JavaThread "Thread-7"                   daemon [_thread_in_native, id=6272, stack(0x0000002ef0200000,0x0000002ef0300000) (1024K)]
  0x0000018cfb40a760 JavaThread "Thread-8"                   daemon [_thread_in_native, id=14544, stack(0x0000002ef0300000,0x0000002ef0400000) (1024K)]
  0x0000018cfb409a40 JavaThread "Thread-9"                   daemon [_thread_in_native, id=13476, stack(0x0000002ef0400000,0x0000002ef0500000) (1024K)]
  0x0000018cfb40a0d0 JavaThread "Thread-10"                  daemon [_thread_in_native, id=14724, stack(0x0000002ef0500000,0x0000002ef0600000) (1024K)]
  0x0000018cfb40c1a0 JavaThread "Thread-11"                  daemon [_thread_in_native, id=13960, stack(0x0000002ef0600000,0x0000002ef0700000) (1024K)]
  0x0000018cfb40adf0 JavaThread "Thread-12"                  daemon [_thread_in_native, id=5460, stack(0x0000002ef0700000,0x0000002ef0800000) (1024K)]
  0x0000018cfb40b480 JavaThread "Thread-13"                  daemon [_thread_in_native, id=16448, stack(0x0000002ef0800000,0x0000002ef0900000) (1024K)]
  0x0000018cfb40bb10 JavaThread "Thread-14"                  daemon [_thread_in_native, id=10392, stack(0x0000002ef0900000,0x0000002ef0a00000) (1024K)]
  0x0000018cfd5a91c0 JavaThread "Thread-15"                  daemon [_thread_in_native, id=5168, stack(0x0000002ef0a00000,0x0000002ef0b00000) (1024K)]
  0x0000018cfd5a84a0 JavaThread "Thread-16"                  daemon [_thread_in_native, id=4860, stack(0x0000002ef0b00000,0x0000002ef0c00000) (1024K)]
  0x0000018cfd5aa570 JavaThread "Thread-17"                  daemon [_thread_in_native, id=12920, stack(0x0000002ef0c00000,0x0000002ef0d00000) (1024K)]
  0x0000018cfd5a9850 JavaThread "pool-2-thread-1"                   [_thread_blocked, id=14956, stack(0x0000002ef0d00000,0x0000002ef0e00000) (1024K)]
  0x0000018cfd5a9ee0 JavaThread "Worker-2"                          [_thread_blocked, id=5448, stack(0x0000002ef0e00000,0x0000002ef0f00000) (1024K)]
  0x0000018cfd5a8b30 JavaThread "WorkspaceEventsHandler"            [_thread_blocked, id=14664, stack(0x0000002ef0f00000,0x0000002ef1000000) (1024K)]
  0x0000018cfd5aac00 JavaThread "pool-1-thread-1"                   [_thread_blocked, id=10728, stack(0x0000002ef1000000,0x0000002ef1100000) (1024K)]
  0x0000018cfd5a7780 JavaThread "ForkJoinPool.commonPool-worker-1" daemon [_thread_blocked, id=6972, stack(0x0000002eee500000,0x0000002eee600000) (1024K)]
  0x0000018cfd5ab290 JavaThread "ForkJoinPool.commonPool-worker-2" daemon [_thread_blocked, id=4920, stack(0x0000002eef900000,0x0000002eefa00000) (1024K)]
  0x0000018cf6719880 JavaThread "C2 CompilerThread1"         daemon [_thread_blocked, id=15060, stack(0x0000002ef1100000,0x0000002ef1200000) (1024K)]
  0x0000018cfd5ad360 JavaThread "ForkJoinPool.commonPool-worker-3" daemon [_thread_blocked, id=17360, stack(0x0000002ef1600000,0x0000002ef1700000) (1024K)]
  0x0000018cfd5aeda0 JavaThread "ForkJoinPool.commonPool-worker-4" daemon [_thread_blocked, id=2596, stack(0x0000002ef1700000,0x0000002ef1800000) (1024K)]
  0x0000018cf6718410 JavaThread "C2 CompilerThread2"         daemon [_thread_in_native, id=5536, stack(0x0000002ef1200000,0x0000002ef1300000) (1024K)]
  0x0000018cf6718ae0 JavaThread "C2 CompilerThread3"         daemon [_thread_in_native, id=7052, stack(0x0000002ef1300000,0x0000002ef1400000) (1024K)]
  0x0000018cf67191b0 JavaThread "C2 CompilerThread4"         daemon [_thread_in_native, id=17296, stack(0x0000002ef1400000,0x0000002ef1500000) (1024K)]
=>0x0000018cfcb7dcd0 JavaThread "C2 CompilerThread5"         daemon [_thread_in_native, id=6796, stack(0x0000002ef1500000,0x0000002ef1600000) (1024K)]
  0x0000018cfcb7bac0 JavaThread "C2 CompilerThread6"         daemon [_thread_blocked, id=13904, stack(0x0000002ef1800000,0x0000002ef1900000) (1024K)]
  0x0000018cfcb7b3f0 JavaThread "C1 CompilerThread1"         daemon [_thread_blocked, id=5012, stack(0x0000002eedf00000,0x0000002eee000000) (1024K)]
Total: 51

Other Threads:
  0x0000018c9bf21520 VMThread "VM Thread"                           [id=5096, stack(0x0000002eed600000,0x0000002eed700000) (1024K)]
  0x0000018c9be1cb20 WatcherThread "VM Periodic Task Thread"        [id=16608, stack(0x0000002eed500000,0x0000002eed600000) (1024K)]
  0x0000018c9bfa9870 WorkerThread "GC Thread#0"                     [id=6772, stack(0x0000002eed400000,0x0000002eed500000) (1024K)]
  0x0000018cf6d974f0 WorkerThread "GC Thread#1"                     [id=17208, stack(0x0000002eee600000,0x0000002eee700000) (1024K)]
  0x0000018cf6d97ea0 WorkerThread "GC Thread#2"                     [id=2628, stack(0x0000002eee700000,0x0000002eee800000) (1024K)]
  0x0000018cf6d98240 WorkerThread "GC Thread#3"                     [id=4988, stack(0x0000002eee800000,0x0000002eee900000) (1024K)]
  0x0000018cf6c953b0 WorkerThread "GC Thread#4"                     [id=7200, stack(0x0000002eee900000,0x0000002eeea00000) (1024K)]
  0x0000018cf6c95750 WorkerThread "GC Thread#5"                     [id=6656, stack(0x0000002eeea00000,0x0000002eeeb00000) (1024K)]
  0x0000018cf6c95af0 WorkerThread "GC Thread#6"                     [id=13096, stack(0x0000002eeeb00000,0x0000002eeec00000) (1024K)]
  0x0000018cfb449c50 WorkerThread "GC Thread#7"                     [id=14436, stack(0x0000002eeee00000,0x0000002eeef00000) (1024K)]
  0x0000018cfb2f64f0 WorkerThread "GC Thread#8"                     [id=3484, stack(0x0000002eef200000,0x0000002eef300000) (1024K)]
  0x0000018cfb2f5a10 WorkerThread "GC Thread#9"                     [id=6788, stack(0x0000002eef300000,0x0000002eef400000) (1024K)]
  0x0000018cfb2f6890 WorkerThread "GC Thread#10"                    [id=10084, stack(0x0000002eef600000,0x0000002eef700000) (1024K)]
  0x0000018cfb2f4f30 WorkerThread "GC Thread#11"                    [id=9900, stack(0x0000002eef700000,0x0000002eef800000) (1024K)]
  0x0000018cfb2f52d0 WorkerThread "GC Thread#12"                    [id=14712, stack(0x0000002eef800000,0x0000002eef900000) (1024K)]
Total: 15

Threads with active compile tasks:
C2 CompilerThread2  13375 5664       4       java.lang.reflect.Field::get (39 bytes)
C2 CompilerThread3  13375 5604       4       org.lombokweb.asm.ClassReader::readMethod (1070 bytes)
C2 CompilerThread4  13375 5561 %     4       org.lombokweb.asm.SymbolTable::<init> @ 98 (554 bytes)
C2 CompilerThread5  13375 5627 %     4       org.lombokweb.asm.ClassReader::readCode @ 2037 (5117 bytes)
Total: 4

VM state: not at safepoint (normal execution)

VM Mutex/Monitor currently owned by a thread: None

Heap address: 0x0000000080000000, size: 2048 MB, Compressed Oops mode: 32-bit

CDS archive(s) mapped at: [0x0000018cb3000000-0x0000018cb3ba0000-0x0000018cb3ba0000), size 12189696, SharedBaseAddress: 0x0000018cb3000000, ArchiveRelocationMode: 1.
Compressed class space mapped at: 0x0000018cb4000000-0x0000018cf4000000, reserved size: 1073741824
Narrow klass base: 0x0000018cb3000000, Narrow klass shift: 0, Narrow klass range: 0x100000000

GC Precious Log:
 CardTable entry size: 512
 CPUs: 16 total, 16 available
 Memory: 7514M
 Large Page Support: Disabled
 NUMA Support: Disabled
 Compressed Oops: Enabled (32-bit)
 Alignments: Space 512K, Generation 512K, Heap 2M
 Heap Min Capacity: 100M
 Heap Initial Capacity: 100M
 Heap Max Capacity: 2G
 Pre-touch: Disabled
 Parallel Workers: 13

Heap:
 PSYoungGen      total 22528K, used 16949K [0x00000000d5580000, 0x00000000d6f80000, 0x0000000100000000)
  eden space 20992K, 75% used [0x00000000d5580000,0x00000000d64f7bb0,0x00000000d6a00000)
  from space 1536K, 72% used [0x00000000d6e00000,0x00000000d6f15aa8,0x00000000d6f80000)
  to   space 2048K, 0% used [0x00000000d6b80000,0x00000000d6b80000,0x00000000d6d80000)
 ParOldGen       total 68608K, used 31863K [0x0000000080000000, 0x0000000084300000, 0x00000000d5580000)
  object space 68608K, 46% used [0x0000000080000000,0x0000000081f1ddc0,0x0000000084300000)
 Metaspace       used 41123K, committed 42176K, reserved 1114112K
  class space    used 4110K, committed 4544K, reserved 1048576K

Card table byte_map: [0x0000018c9b930000,0x0000018c9bd40000] _byte_map_base: 0x0000018c9b530000

Marking Bits: (ParMarkBitMap*) 0x00007fff5be12460
 Begin Bits: [0x0000018cae440000, 0x0000018cb0440000)
 End Bits:   [0x0000018cb0440000, 0x0000018cb2440000)

Polling page: 0x0000018c99b00000

Metaspace:

Usage:
  Non-class:     36.15 MB used.
      Class:      4.01 MB used.
       Both:     40.16 MB used.

Virtual space:
  Non-class space:       64.00 MB reserved,      36.75 MB ( 57%) committed,  1 nodes.
      Class space:        1.00 GB reserved,       4.44 MB ( <1%) committed,  1 nodes.
             Both:        1.06 GB reserved,      41.19 MB (  4%) committed. 

Chunk freelists:
   Non-Class:  11.11 MB
       Class:  11.58 MB
        Both:  22.69 MB

MaxMetaspaceSize: unlimited
CompressedClassSpaceSize: 1.00 GB
Initial GC threshold: 21.00 MB
Current GC threshold: 58.38 MB
CDS: on
 - commit_granule_bytes: 65536.
 - commit_granule_words: 8192.
 - virtual_space_node_default_size: 8388608.
 - enlarge_chunks_in_place: 1.
 - use_allocation_guard: 0.


Internal statistics:

num_allocs_failed_limit: 6.
num_arena_births: 876.
num_arena_deaths: 106.
num_vsnodes_births: 2.
num_vsnodes_deaths: 0.
num_space_committed: 659.
num_space_uncommitted: 0.
num_chunks_returned_to_freelist: 146.
num_chunks_taken_from_freelist: 2726.
num_chunk_merges: 43.
num_chunk_splits: 1659.
num_chunks_enlarged: 985.
num_inconsistent_stats: 0.

CodeHeap 'non-profiled nmethods': size=119168Kb used=3297Kb max_used=3297Kb free=115870Kb
 bounds [0x0000018ca6d30000, 0x0000018ca7070000, 0x0000018cae190000]
CodeHeap 'profiled nmethods': size=119104Kb used=11815Kb max_used=11815Kb free=107288Kb
 bounds [0x0000018c9f190000, 0x0000018c9fd20000, 0x0000018ca65e0000]
CodeHeap 'non-nmethods': size=7488Kb used=1965Kb max_used=3164Kb free=5522Kb
 bounds [0x0000018ca65e0000, 0x0000018ca6900000, 0x0000018ca6d30000]
CodeCache: size=245760Kb, used=17077Kb, max_used=18276Kb, free=228680Kb
 total_blobs=6059, nmethods=5352, adapters=611, full_count=0
Compilation: enabled, stopped_count=0, restarted_count=0

Compilation events (20 events):
Event: 11.316 Thread 0x0000018cf4e697b0 5719   !   3       org.eclipse.jdt.core.dom.ASTNode::acceptChildren (49 bytes)
Event: 11.317 Thread 0x0000018cf4e697b0 nmethod 5719 0x0000018c9fcf4210 code [0x0000018c9fcf4460, 0x0000018c9fcf4c10]
Event: 11.317 Thread 0x0000018cf4e697b0 5715   !   3       org.eclipse.jdt.core.dom.DefaultCommentMapper$CommentMapperVisitor::endVisitNode (94 bytes)
Event: 11.317 Thread 0x0000018cf4e697b0 nmethod 5715 0x0000018c9fcf5110 code [0x0000018c9fcf52e0, 0x0000018c9fcf5690]
Event: 11.317 Thread 0x0000018cf4e697b0 5716   !   3       org.eclipse.jdt.core.dom.DefaultCommentMapper$CommentMapperVisitor::visitNode (357 bytes)
Event: 11.318 Thread 0x0000018cf4d75710 nmethod 5717 0x0000018c9fcf5910 code [0x0000018c9fcf5ca0, 0x0000018c9fcf7bb8]
Event: 11.318 Thread 0x0000018cf4e697b0 nmethod 5716 0x0000018c9fcf8990 code [0x0000018c9fcf8c20, 0x0000018c9fcf9bc0]
Event: 11.318 Thread 0x0000018cfcb7b3f0 nmethod 5718 0x0000018c9fcfa310 code [0x0000018c9fcfa6c0, 0x0000018c9fcfc978]
Event: 11.318 Thread 0x0000018cf4d75710 5722   !   3       org.eclipse.jdt.core.dom.ASTNode$NodeList::releaseCursor (41 bytes)
Event: 11.318 Thread 0x0000018cf4e697b0 5720   !   3       org.eclipse.jdt.core.dom.ASTNode$NodeList::newCursor (50 bytes)
Event: 11.319 Thread 0x0000018cfcb7b3f0 5721       3       org.eclipse.jdt.core.dom.ASTNode$NodeList$Cursor::<init> (15 bytes)
Event: 11.319 Thread 0x0000018cfcb7b3f0 nmethod 5721 0x0000018c9fcfd810 code [0x0000018c9fcfd9c0, 0x0000018c9fcfdb48]
Event: 11.319 Thread 0x0000018cfcb7b3f0 5723       3       org.eclipse.jdt.core.dom.SimpleName::accept0 (12 bytes)
Event: 11.319 Thread 0x0000018cf4d75710 nmethod 5722 0x0000018c9fcfdc10 code [0x0000018c9fcfdde0, 0x0000018c9fcfe1c8]
Event: 11.319 Thread 0x0000018cfcb7b3f0 nmethod 5723 0x0000018c9fcfe390 code [0x0000018c9fcfe560, 0x0000018c9fcfe810]
Event: 11.319 Thread 0x0000018cf4d75710 5724       3       org.eclipse.jdt.core.dom.DefaultASTVisitor::visit (6 bytes)
Event: 11.319 Thread 0x0000018cf4e697b0 nmethod 5720 0x0000018c9fcfe910 code [0x0000018c9fcfeae0, 0x0000018c9fcfefe8]
Event: 11.319 Thread 0x0000018cfcb7b3f0 5725       3       org.eclipse.jdt.core.dom.ASTNode$NodeList$Cursor::next (27 bytes)
Event: 11.319 Thread 0x0000018cf4d75710 nmethod 5724 0x0000018c9fcff210 code [0x0000018c9fcff3c0, 0x0000018c9fcff588]
Event: 11.319 Thread 0x0000018cfcb7b3f0 nmethod 5725 0x0000018c9fcff610 code [0x0000018c9fcff7e0, 0x0000018c9fcffa98]

GC Heap History (20 events):
Event: 6.118 GC heap before
{Heap before GC invocations=15 (full 1):
 PSYoungGen      total 23552K, used 23232K [0x00000000d5580000, 0x00000000d7100000, 0x0000000100000000)
  eden space 20992K, 100% used [0x00000000d5580000,0x00000000d6a00000,0x00000000d6a00000)
  from space 2560K, 87% used [0x00000000d6a00000,0x00000000d6c30000,0x00000000d6c80000)
  to   space 3584K, 0% used [0x00000000d6d80000,0x00000000d6d80000,0x00000000d7100000)
 ParOldGen       total 68608K, used 20359K [0x0000000080000000, 0x0000000084300000, 0x00000000d5580000)
  object space 68608K, 29% used [0x0000000080000000,0x00000000813e1f20,0x0000000084300000)
 Metaspace       used 32436K, committed 33408K, reserved 1114112K
  class space    used 3288K, committed 3776K, reserved 1048576K
}
Event: 6.123 GC heap after
{Heap after GC invocations=15 (full 1):
 PSYoungGen      total 23552K, used 2148K [0x00000000d5580000, 0x00000000d7000000, 0x0000000100000000)
  eden space 20992K, 0% used [0x00000000d5580000,0x00000000d5580000,0x00000000d6a00000)
  from space 2560K, 83% used [0x00000000d6d80000,0x00000000d6f99000,0x00000000d7000000)
  to   space 2560K, 0% used [0x00000000d6a00000,0x00000000d6a00000,0x00000000d6c80000)
 ParOldGen       total 68608K, used 22339K [0x0000000080000000, 0x0000000084300000, 0x00000000d5580000)
  object space 68608K, 32% used [0x0000000080000000,0x00000000815d0c78,0x0000000084300000)
 Metaspace       used 32436K, committed 33408K, reserved 1114112K
  class space    used 3288K, committed 3776K, reserved 1048576K
}
Event: 6.209 GC heap before
{Heap before GC invocations=16 (full 1):
 PSYoungGen      total 23552K, used 23140K [0x00000000d5580000, 0x00000000d7000000, 0x0000000100000000)
  eden space 20992K, 100% used [0x00000000d5580000,0x00000000d6a00000,0x00000000d6a00000)
  from space 2560K, 83% used [0x00000000d6d80000,0x00000000d6f99000,0x00000000d7000000)
  to   space 2560K, 0% used [0x00000000d6a00000,0x00000000d6a00000,0x00000000d6c80000)
 ParOldGen       total 68608K, used 22339K [0x0000000080000000, 0x0000000084300000, 0x00000000d5580000)
  object space 68608K, 32% used [0x0000000080000000,0x00000000815d0c78,0x0000000084300000)
 Metaspace       used 32578K, committed 33600K, reserved 1114112K
  class space    used 3301K, committed 3776K, reserved 1048576K
}
Event: 6.213 GC heap after
{Heap after GC invocations=16 (full 1):
 PSYoungGen      total 23552K, used 2272K [0x00000000d5580000, 0x00000000d6f00000, 0x0000000100000000)
  eden space 20992K, 0% used [0x00000000d5580000,0x00000000d5580000,0x00000000d6a00000)
  from space 2560K, 88% used [0x00000000d6a00000,0x00000000d6c38010,0x00000000d6c80000)
  to   space 2560K, 0% used [0x00000000d6c80000,0x00000000d6c80000,0x00000000d6f00000)
 ParOldGen       total 68608K, used 24230K [0x0000000080000000, 0x0000000084300000, 0x00000000d5580000)
  object space 68608K, 35% used [0x0000000080000000,0x00000000817a9ba8,0x0000000084300000)
 Metaspace       used 32578K, committed 33600K, reserved 1114112K
  class space    used 3301K, committed 3776K, reserved 1048576K
}
Event: 6.295 GC heap before
{Heap before GC invocations=17 (full 1):
 PSYoungGen      total 23552K, used 23264K [0x00000000d5580000, 0x00000000d6f00000, 0x0000000100000000)
  eden space 20992K, 100% used [0x00000000d5580000,0x00000000d6a00000,0x00000000d6a00000)
  from space 2560K, 88% used [0x00000000d6a00000,0x00000000d6c38010,0x00000000d6c80000)
  to   space 2560K, 0% used [0x00000000d6c80000,0x00000000d6c80000,0x00000000d6f00000)
 ParOldGen       total 68608K, used 24230K [0x0000000080000000, 0x0000000084300000, 0x00000000d5580000)
  object space 68608K, 35% used [0x0000000080000000,0x00000000817a9ba8,0x0000000084300000)
 Metaspace       used 32671K, committed 33664K, reserved 1114112K
  class space    used 3301K, committed 3776K, reserved 1048576K
}
Event: 6.300 GC heap after
{Heap after GC invocations=17 (full 1):
 PSYoungGen      total 23552K, used 1976K [0x00000000d5580000, 0x00000000d6f00000, 0x0000000100000000)
  eden space 20992K, 0% used [0x00000000d5580000,0x00000000d5580000,0x00000000d6a00000)
  from space 2560K, 77% used [0x00000000d6c80000,0x00000000d6e6e200,0x00000000d6f00000)
  to   space 2560K, 0% used [0x00000000d6a00000,0x00000000d6a00000,0x00000000d6c80000)
 ParOldGen       total 68608K, used 26318K [0x0000000080000000, 0x0000000084300000, 0x00000000d5580000)
  object space 68608K, 38% used [0x0000000080000000,0x00000000819b3bb8,0x0000000084300000)
 Metaspace       used 32671K, committed 33664K, reserved 1114112K
  class space    used 3301K, committed 3776K, reserved 1048576K
}
Event: 6.525 GC heap before
{Heap before GC invocations=18 (full 1):
 PSYoungGen      total 23552K, used 22968K [0x00000000d5580000, 0x00000000d6f00000, 0x0000000100000000)
  eden space 20992K, 100% used [0x00000000d5580000,0x00000000d6a00000,0x00000000d6a00000)
  from space 2560K, 77% used [0x00000000d6c80000,0x00000000d6e6e200,0x00000000d6f00000)
  to   space 2560K, 0% used [0x00000000d6a00000,0x00000000d6a00000,0x00000000d6c80000)
 ParOldGen       total 68608K, used 26318K [0x0000000080000000, 0x0000000084300000, 0x00000000d5580000)
  object space 68608K, 38% used [0x0000000080000000,0x00000000819b3bb8,0x0000000084300000)
 Metaspace       used 33403K, committed 34368K, reserved 1114112K
  class space    used 3387K, committed 3840K, reserved 1048576K
}
Event: 6.529 GC heap after
{Heap after GC invocations=18 (full 1):
 PSYoungGen      total 23040K, used 1664K [0x00000000d5580000, 0x00000000d6e00000, 0x0000000100000000)
  eden space 20992K, 0% used [0x00000000d5580000,0x00000000d5580000,0x00000000d6a00000)
  from space 2048K, 81% used [0x00000000d6a00000,0x00000000d6ba0000,0x00000000d6c00000)
  to   space 2048K, 0% used [0x00000000d6c00000,0x00000000d6c00000,0x00000000d6e00000)
 ParOldGen       total 68608K, used 28167K [0x0000000080000000, 0x0000000084300000, 0x00000000d5580000)
  object space 68608K, 41% used [0x0000000080000000,0x0000000081b81db8,0x0000000084300000)
 Metaspace       used 33403K, committed 34368K, reserved 1114112K
  class space    used 3387K, committed 3840K, reserved 1048576K
}
Event: 6.743 GC heap before
{Heap before GC invocations=19 (full 1):
 PSYoungGen      total 23040K, used 11688K [0x00000000d5580000, 0x00000000d6e00000, 0x0000000100000000)
  eden space 20992K, 47% used [0x00000000d5580000,0x00000000d5f4a2c8,0x00000000d6a00000)
  from space 2048K, 81% used [0x00000000d6a00000,0x00000000d6ba0000,0x00000000d6c00000)
  to   space 2048K, 0% used [0x00000000d6c00000,0x00000000d6c00000,0x00000000d6e00000)
 ParOldGen       total 68608K, used 28167K [0x0000000080000000, 0x0000000084300000, 0x00000000d5580000)
  object space 68608K, 41% used [0x0000000080000000,0x0000000081b81db8,0x0000000084300000)
 Metaspace       used 34911K, committed 35840K, reserved 1114112K
  class space    used 3540K, committed 3968K, reserved 1048576K
}
Event: 6.744 GC heap after
{Heap after GC invocations=19 (full 1):
 PSYoungGen      total 22016K, used 692K [0x00000000d5580000, 0x00000000d6d00000, 0x0000000100000000)
  eden space 20992K, 0% used [0x00000000d5580000,0x00000000d5580000,0x00000000d6a00000)
  from space 1024K, 67% used [0x00000000d6c00000,0x00000000d6cad3d8,0x00000000d6d00000)
  to   space 1536K, 0% used [0x00000000d6a00000,0x00000000d6a00000,0x00000000d6b80000)
 ParOldGen       total 68608K, used 29665K [0x0000000080000000, 0x0000000084300000, 0x00000000d5580000)
  object space 68608K, 43% used [0x0000000080000000,0x0000000081cf8560,0x0000000084300000)
 Metaspace       used 34911K, committed 35840K, reserved 1114112K
  class space    used 3540K, committed 3968K, reserved 1048576K
}
Event: 6.744 GC heap before
{Heap before GC invocations=20 (full 2):
 PSYoungGen      total 22016K, used 692K [0x00000000d5580000, 0x00000000d6d00000, 0x0000000100000000)
  eden space 20992K, 0% used [0x00000000d5580000,0x00000000d5580000,0x00000000d6a00000)
  from space 1024K, 67% used [0x00000000d6c00000,0x00000000d6cad3d8,0x00000000d6d00000)
  to   space 1536K, 0% used [0x00000000d6a00000,0x00000000d6a00000,0x00000000d6b80000)
 ParOldGen       total 68608K, used 29665K [0x0000000080000000, 0x0000000084300000, 0x00000000d5580000)
  object space 68608K, 43% used [0x0000000080000000,0x0000000081cf8560,0x0000000084300000)
 Metaspace       used 34911K, committed 35840K, reserved 1114112K
  class space    used 3540K, committed 3968K, reserved 1048576K
}
Event: 6.788 GC heap after
{Heap after GC invocations=20 (full 2):
 PSYoungGen      total 22016K, used 0K [0x00000000d5580000, 0x00000000d6d00000, 0x0000000100000000)
  eden space 20992K, 0% used [0x00000000d5580000,0x00000000d5580000,0x00000000d6a00000)
  from space 1024K, 0% used [0x00000000d6c00000,0x00000000d6c00000,0x00000000d6d00000)
  to   space 1536K, 0% used [0x00000000d6a00000,0x00000000d6a00000,0x00000000d6b80000)
 ParOldGen       total 68608K, used 28374K [0x0000000080000000, 0x0000000084300000, 0x00000000d5580000)
  object space 68608K, 41% used [0x0000000080000000,0x0000000081bb5ae8,0x0000000084300000)
 Metaspace       used 34830K, committed 35840K, reserved 1114112K
  class space    used 3517K, committed 3968K, reserved 1048576K
}
Event: 7.126 GC heap before
{Heap before GC invocations=21 (full 2):
 PSYoungGen      total 22016K, used 20990K [0x00000000d5580000, 0x00000000d6d00000, 0x0000000100000000)
  eden space 20992K, 99% used [0x00000000d5580000,0x00000000d69ffa08,0x00000000d6a00000)
  from space 1024K, 0% used [0x00000000d6c00000,0x00000000d6c00000,0x00000000d6d00000)
  to   space 1536K, 0% used [0x00000000d6a00000,0x00000000d6a00000,0x00000000d6b80000)
 ParOldGen       total 68608K, used 28374K [0x0000000080000000, 0x0000000084300000, 0x00000000d5580000)
  object space 68608K, 41% used [0x0000000080000000,0x0000000081bb5ae8,0x0000000084300000)
 Metaspace       used 35692K, committed 36672K, reserved 1114112K
  class space    used 3643K, committed 4096K, reserved 1048576K
}
Event: 7.127 GC heap after
{Heap after GC invocations=21 (full 2):
 PSYoungGen      total 22528K, used 416K [0x00000000d5580000, 0x00000000d6c80000, 0x0000000100000000)
  eden space 20992K, 0% used [0x00000000d5580000,0x00000000d5580000,0x00000000d6a00000)
  from space 1536K, 27% used [0x00000000d6a00000,0x00000000d6a68000,0x00000000d6b80000)
  to   space 1024K, 0% used [0x00000000d6b80000,0x00000000d6b80000,0x00000000d6c80000)
 ParOldGen       total 68608K, used 28382K [0x0000000080000000, 0x0000000084300000, 0x00000000d5580000)
  object space 68608K, 41% used [0x0000000080000000,0x0000000081bb7ae8,0x0000000084300000)
 Metaspace       used 35692K, committed 36672K, reserved 1114112K
  class space    used 3643K, committed 4096K, reserved 1048576K
}
Event: 7.500 GC heap before
{Heap before GC invocations=22 (full 2):
 PSYoungGen      total 22528K, used 21408K [0x00000000d5580000, 0x00000000d6c80000, 0x0000000100000000)
  eden space 20992K, 100% used [0x00000000d5580000,0x00000000d6a00000,0x00000000d6a00000)
  from space 1536K, 27% used [0x00000000d6a00000,0x00000000d6a68000,0x00000000d6b80000)
  to   space 1024K, 0% used [0x00000000d6b80000,0x00000000d6b80000,0x00000000d6c80000)
 ParOldGen       total 68608K, used 28382K [0x0000000080000000, 0x0000000084300000, 0x00000000d5580000)
  object space 68608K, 41% used [0x0000000080000000,0x0000000081bb7ae8,0x0000000084300000)
 Metaspace       used 37768K, committed 38656K, reserved 1114112K
  class space    used 3845K, committed 4224K, reserved 1048576K
}
Event: 7.501 GC heap after
{Heap after GC invocations=22 (full 2):
 PSYoungGen      total 22016K, used 960K [0x00000000d5580000, 0x00000000d6d00000, 0x0000000100000000)
  eden space 20992K, 0% used [0x00000000d5580000,0x00000000d5580000,0x00000000d6a00000)
  from space 1024K, 93% used [0x00000000d6b80000,0x00000000d6c70000,0x00000000d6c80000)
  to   space 1536K, 0% used [0x00000000d6a00000,0x00000000d6a00000,0x00000000d6b80000)
 ParOldGen       total 68608K, used 28646K [0x0000000080000000, 0x0000000084300000, 0x00000000d5580000)
  object space 68608K, 41% used [0x0000000080000000,0x0000000081bf9ae8,0x0000000084300000)
 Metaspace       used 37768K, committed 38656K, reserved 1114112K
  class space    used 3845K, committed 4224K, reserved 1048576K
}
Event: 10.025 GC heap before
{Heap before GC invocations=23 (full 2):
 PSYoungGen      total 22016K, used 21952K [0x00000000d5580000, 0x00000000d6d00000, 0x0000000100000000)
  eden space 20992K, 100% used [0x00000000d5580000,0x00000000d6a00000,0x00000000d6a00000)
  from space 1024K, 93% used [0x00000000d6b80000,0x00000000d6c70000,0x00000000d6c80000)
  to   space 1536K, 0% used [0x00000000d6a00000,0x00000000d6a00000,0x00000000d6b80000)
 ParOldGen       total 68608K, used 28646K [0x0000000080000000, 0x0000000084300000, 0x00000000d5580000)
  object space 68608K, 41% used [0x0000000080000000,0x0000000081bf9ae8,0x0000000084300000)
 Metaspace       used 39153K, committed 40064K, reserved 1114112K
  class space    used 3942K, committed 4352K, reserved 1048576K
}
Event: 10.028 GC heap after
{Heap after GC invocations=23 (full 2):
 PSYoungGen      total 22528K, used 1531K [0x00000000d5580000, 0x00000000d7200000, 0x0000000100000000)
  eden space 20992K, 0% used [0x00000000d5580000,0x00000000d5580000,0x00000000d6a00000)
  from space 1536K, 99% used [0x00000000d6a00000,0x00000000d6b7ec68,0x00000000d6b80000)
  to   space 4096K, 0% used [0x00000000d6e00000,0x00000000d6e00000,0x00000000d7200000)
 ParOldGen       total 68608K, used 30631K [0x0000000080000000, 0x0000000084300000, 0x00000000d5580000)
  object space 68608K, 44% used [0x0000000080000000,0x0000000081de9f70,0x0000000084300000)
 Metaspace       used 39153K, committed 40064K, reserved 1114112K
  class space    used 3942K, committed 4352K, reserved 1048576K
}
Event: 10.096 GC heap before
{Heap before GC invocations=24 (full 2):
 PSYoungGen      total 22528K, used 22483K [0x00000000d5580000, 0x00000000d7200000, 0x0000000100000000)
  eden space 20992K, 99% used [0x00000000d5580000,0x00000000d69f6388,0x00000000d6a00000)
  from space 1536K, 99% used [0x00000000d6a00000,0x00000000d6b7ec68,0x00000000d6b80000)
  to   space 4096K, 0% used [0x00000000d6e00000,0x00000000d6e00000,0x00000000d7200000)
 ParOldGen       total 68608K, used 30631K [0x0000000080000000, 0x0000000084300000, 0x00000000d5580000)
  object space 68608K, 44% used [0x0000000080000000,0x0000000081de9f70,0x0000000084300000)
 Metaspace       used 39199K, committed 40128K, reserved 1114112K
  class space    used 3948K, committed 4352K, reserved 1048576K
}
Event: 10.098 GC heap after
{Heap after GC invocations=24 (full 2):
 PSYoungGen      total 22528K, used 1110K [0x00000000d5580000, 0x00000000d6f80000, 0x0000000100000000)
  eden space 20992K, 0% used [0x00000000d5580000,0x00000000d5580000,0x00000000d6a00000)
  from space 1536K, 72% used [0x00000000d6e00000,0x00000000d6f15aa8,0x00000000d6f80000)
  to   space 2048K, 0% used [0x00000000d6b80000,0x00000000d6b80000,0x00000000d6d80000)
 ParOldGen       total 68608K, used 31863K [0x0000000080000000, 0x0000000084300000, 0x00000000d5580000)
  object space 68608K, 46% used [0x0000000080000000,0x0000000081f1ddc0,0x0000000084300000)
 Metaspace       used 39199K, committed 40128K, reserved 1114112K
  class space    used 3948K, committed 4352K, reserved 1048576K
}

Dll operation events (10 events):
Event: 0.021 Loaded shared library c:\Users\Aurora  N. Postrado\.vscode\extensions\redhat.java-1.50.0-win32-x64\jre\21.0.9-win32-x86_64\bin\java.dll
Event: 0.133 Loaded shared library c:\Users\Aurora  N. Postrado\.vscode\extensions\redhat.java-1.50.0-win32-x64\jre\21.0.9-win32-x86_64\bin\zip.dll
Event: 0.167 Loaded shared library C:\Users\Aurora  N. Postrado\.vscode\extensions\redhat.java-1.50.0-win32-x64\jre\21.0.9-win32-x86_64\bin\instrument.dll
Event: 0.175 Loaded shared library C:\Users\Aurora  N. Postrado\.vscode\extensions\redhat.java-1.50.0-win32-x64\jre\21.0.9-win32-x86_64\bin\net.dll
Event: 0.179 Loaded shared library C:\Users\Aurora  N. Postrado\.vscode\extensions\redhat.java-1.50.0-win32-x64\jre\21.0.9-win32-x86_64\bin\nio.dll
Event: 0.187 Loaded shared library C:\Users\Aurora  N. Postrado\.vscode\extensions\redhat.java-1.50.0-win32-x64\jre\21.0.9-win32-x86_64\bin\zip.dll
Event: 0.210 Loaded shared library C:\Users\Aurora  N. Postrado\.vscode\extensions\redhat.java-1.50.0-win32-x64\jre\21.0.9-win32-x86_64\bin\jimage.dll
Event: 0.313 Loaded shared library c:\Users\Aurora  N. Postrado\.vscode\extensions\redhat.java-1.50.0-win32-x64\jre\21.0.9-win32-x86_64\bin\verify.dll
Event: 2.688 Loaded shared library C:\Users\Aurora  N. Postrado\AppData\Roaming\Code\User\globalStorage\redhat.java\1.50.0\config_ss_win\org.eclipse.equinox.launcher\org.eclipse.equinox.launcher.win32.win32.x86_64_1.2.1400.v20250801-0854\eclipse_11916.dll
Event: 3.700 Loaded shared library C:\Users\Aurora  N. Postrado\AppData\Local\Temp\jna-614272698\jna4912220736775087763.dll

Deoptimization events (20 events):
Event: 10.086 Thread 0x0000018cfd5aeda0 Uncommon trap: trap_request=0xffffffbe fr.pc=0x0000018ca703a238 relative=0x00000000000005b8
Event: 10.086 Thread 0x0000018cfd5aeda0 Uncommon trap: reason=profile_predicate action=maybe_recompile pc=0x0000018ca703a238 method=java.util.regex.Pattern$CharPropertyGreedy.match(Ljava/util/regex/Matcher;ILjava/lang/CharSequence;)Z @ 15 c2
Event: 10.086 Thread 0x0000018cfd5aeda0 DEOPT PACKING pc=0x0000018ca703a238 sp=0x0000002ef17fb080
Event: 10.086 Thread 0x0000018cfd5aeda0 DEOPT UNPACKING pc=0x0000018ca6633aa2 sp=0x0000002ef17fb010 mode 2
Event: 10.086 Thread 0x0000018cfd5aeda0 Uncommon trap: trap_request=0xffffffbe fr.pc=0x0000018ca703a238 relative=0x00000000000005b8
Event: 10.086 Thread 0x0000018cfd5aeda0 Uncommon trap: reason=profile_predicate action=maybe_recompile pc=0x0000018ca703a238 method=java.util.regex.Pattern$CharPropertyGreedy.match(Ljava/util/regex/Matcher;ILjava/lang/CharSequence;)Z @ 15 c2
Event: 10.086 Thread 0x0000018cfd5aeda0 DEOPT PACKING pc=0x0000018ca703a238 sp=0x0000002ef17faab0
Event: 10.086 Thread 0x0000018cfd5aeda0 DEOPT UNPACKING pc=0x0000018ca6633aa2 sp=0x0000002ef17faa40 mode 2
Event: 10.086 Thread 0x0000018cfd5aeda0 Uncommon trap: trap_request=0xffffffbe fr.pc=0x0000018ca703a238 relative=0x00000000000005b8
Event: 10.086 Thread 0x0000018cfd5aeda0 Uncommon trap: reason=profile_predicate action=maybe_recompile pc=0x0000018ca703a238 method=java.util.regex.Pattern$CharPropertyGreedy.match(Ljava/util/regex/Matcher;ILjava/lang/CharSequence;)Z @ 15 c2
Event: 10.086 Thread 0x0000018cfd5aeda0 DEOPT PACKING pc=0x0000018ca703a238 sp=0x0000002ef17fb210
Event: 10.086 Thread 0x0000018cfd5aeda0 DEOPT UNPACKING pc=0x0000018ca6633aa2 sp=0x0000002ef17fb1a0 mode 2
Event: 10.088 Thread 0x0000018cfd5aeda0 Uncommon trap: trap_request=0xffffffbe fr.pc=0x0000018ca703a238 relative=0x00000000000005b8
Event: 10.088 Thread 0x0000018cfd5aeda0 Uncommon trap: reason=profile_predicate action=maybe_recompile pc=0x0000018ca703a238 method=java.util.regex.Pattern$CharPropertyGreedy.match(Ljava/util/regex/Matcher;ILjava/lang/CharSequence;)Z @ 15 c2
Event: 10.088 Thread 0x0000018cfd5aeda0 DEOPT PACKING pc=0x0000018ca703a238 sp=0x0000002ef17fb0c0
Event: 10.088 Thread 0x0000018cfd5aeda0 DEOPT UNPACKING pc=0x0000018ca6633aa2 sp=0x0000002ef17fb050 mode 2
Event: 11.266 Thread 0x0000018cfd5aeda0 Uncommon trap: trap_request=0xffffff45 fr.pc=0x0000018ca6e62b38 relative=0x00000000000001f8
Event: 11.266 Thread 0x0000018cfd5aeda0 Uncommon trap: reason=unstable_if action=reinterpret pc=0x0000018ca6e62b38 method=org.eclipse.jdt.internal.compiler.parser.Scanner.scanIdentifierOrKeyword()Lorg/eclipse/jdt/internal/compiler/parser/TerminalToken; @ 27 c2
Event: 11.266 Thread 0x0000018cfd5aeda0 DEOPT PACKING pc=0x0000018ca6e62b38 sp=0x0000002ef17fde50
Event: 11.266 Thread 0x0000018cfd5aeda0 DEOPT UNPACKING pc=0x0000018ca6633aa2 sp=0x0000002ef17fddd0 mode 2

Classes loaded (20 events):
Event: 7.285 Loading class java/util/stream/ReferencePipeline$4
Event: 7.285 Loading class java/util/stream/ReferencePipeline$4 done
Event: 7.286 Loading class java/util/stream/Nodes$IntFixedNodeBuilder
Event: 7.286 Loading class java/util/stream/Node$Builder$OfInt
Event: 7.286 Loading class java/util/stream/Node$Builder$OfInt done
Event: 7.286 Loading class java/util/stream/Nodes$IntArrayNode
Event: 7.286 Loading class java/util/stream/Nodes$IntArrayNode done
Event: 7.286 Loading class java/util/stream/Nodes$IntFixedNodeBuilder done
Event: 7.286 Loading class java/util/stream/ReferencePipeline$4$1
Event: 7.286 Loading class java/util/stream/ReferencePipeline$4$1 done
Event: 7.353 Loading class java/util/Hashtable$ValueCollection
Event: 7.353 Loading class java/util/Hashtable$ValueCollection done
Event: 7.450 Loading class java/util/WeakHashMap$KeyIterator
Event: 7.450 Loading class java/util/WeakHashMap$KeyIterator done
Event: 7.468 Loading class java/util/regex/PatternSyntaxException
Event: 7.468 Loading class java/util/regex/PatternSyntaxException done
Event: 7.889 Loading class java/lang/UnsupportedClassVersionError
Event: 7.889 Loading class java/lang/UnsupportedClassVersionError done
Event: 7.889 Loading class java/io/FileReader
Event: 7.889 Loading class java/io/FileReader done

Classes unloaded (20 events):
Event: 6.754 Thread 0x0000018c9bf21520 Unloading class 0x0000018cb438a400 'java/lang/invoke/LambdaForm$MH+0x0000018cb438a400'
Event: 6.754 Thread 0x0000018c9bf21520 Unloading class 0x0000018cb4389c00 'java/lang/invoke/LambdaForm$MH+0x0000018cb4389c00'
Event: 6.754 Thread 0x0000018c9bf21520 Unloading class 0x0000018cb4386400 'java/lang/invoke/LambdaForm$MH+0x0000018cb4386400'
Event: 6.754 Thread 0x0000018c9bf21520 Unloading class 0x0000018cb4386000 'java/lang/invoke/LambdaForm$MH+0x0000018cb4386000'
Event: 6.754 Thread 0x0000018c9bf21520 Unloading class 0x0000018cb4385800 'java/lang/invoke/LambdaForm$MH+0x0000018cb4385800'
Event: 6.754 Thread 0x0000018c9bf21520 Unloading class 0x0000018cb4385400 'java/lang/invoke/LambdaForm$MH+0x0000018cb4385400'
Event: 6.754 Thread 0x0000018c9bf21520 Unloading class 0x0000018cb4384c00 'java/lang/invoke/LambdaForm$MH+0x0000018cb4384c00'
Event: 6.754 Thread 0x0000018c9bf21520 Unloading class 0x0000018cb4384800 'java/lang/invoke/LambdaForm$MH+0x0000018cb4384800'
Event: 6.754 Thread 0x0000018c9bf21520 Unloading class 0x0000018cb4384000 'java/lang/invoke/LambdaForm$MH+0x0000018cb4384000'
Event: 6.754 Thread 0x0000018c9bf21520 Unloading class 0x0000018cb4383c00 'java/lang/invoke/LambdaForm$MH+0x0000018cb4383c00'
Event: 6.754 Thread 0x0000018c9bf21520 Unloading class 0x0000018cb4383400 'java/lang/invoke/LambdaForm$MH+0x0000018cb4383400'
Event: 6.754 Thread 0x0000018c9bf21520 Unloading class 0x0000018cb4383000 'java/lang/invoke/LambdaForm$MH+0x0000018cb4383000'
Event: 6.754 Thread 0x0000018c9bf21520 Unloading class 0x0000018cb4382800 'java/lang/invoke/LambdaForm$MH+0x0000018cb4382800'
Event: 6.754 Thread 0x0000018c9bf21520 Unloading class 0x0000018cb4382400 'java/lang/invoke/LambdaForm$MH+0x0000018cb4382400'
Event: 6.754 Thread 0x0000018c9bf21520 Unloading class 0x0000018cb4382000 'java/lang/invoke/LambdaForm$MH+0x0000018cb4382000'
Event: 6.754 Thread 0x0000018c9bf21520 Unloading class 0x0000018cb4381800 'java/lang/invoke/LambdaForm$MH+0x0000018cb4381800'
Event: 6.754 Thread 0x0000018c9bf21520 Unloading class 0x0000018cb4381400 'java/lang/invoke/LambdaForm$MH+0x0000018cb4381400'
Event: 6.754 Thread 0x0000018c9bf21520 Unloading class 0x0000018cb4381000 'java/lang/invoke/LambdaForm$MH+0x0000018cb4381000'
Event: 6.754 Thread 0x0000018c9bf21520 Unloading class 0x0000018cb4380800 'java/lang/invoke/LambdaForm$DMH+0x0000018cb4380800'
Event: 6.754 Thread 0x0000018c9bf21520 Unloading class 0x0000018cb4380400 'java/lang/invoke/LambdaForm$DMH+0x0000018cb4380400'

Classes redefined (0 events):
No events

Internal exceptions (20 events):
Event: 8.984 Thread 0x0000018cfd5aeda0 Exception <a 'java/lang/NullPointerException'{0x00000000d61859f8}> (0x00000000d61859f8) 
thrown [s\src\hotspot\share\interpreter\linkResolver.cpp, line 1372]
Event: 8.985 Thread 0x0000018cfd5aeda0 Exception <a 'java/lang/NullPointerException'{0x00000000d6186c90}> (0x00000000d6186c90) 
thrown [s\src\hotspot\share\interpreter\linkResolver.cpp, line 1372]
Event: 8.985 Thread 0x0000018cfd5aeda0 Exception <a 'java/lang/NullPointerException'{0x00000000d6187828}> (0x00000000d6187828) 
thrown [s\src\hotspot\share\interpreter\linkResolver.cpp, line 1372]
Event: 8.985 Thread 0x0000018cfd5aeda0 Exception <a 'java/lang/NullPointerException'{0x00000000d6188780}> (0x00000000d6188780) 
thrown [s\src\hotspot\share\interpreter\linkResolver.cpp, line 1372]
Event: 8.985 Thread 0x0000018cfd5aeda0 Exception <a 'java/lang/NullPointerException'{0x00000000d61891f0}> (0x00000000d61891f0) 
thrown [s\src\hotspot\share\interpreter\linkResolver.cpp, line 1372]
Event: 8.985 Thread 0x0000018cfd5aeda0 Exception <a 'java/lang/NullPointerException'{0x00000000d619f338}> (0x00000000d619f338) 
thrown [s\src\hotspot\share\interpreter\linkResolver.cpp, line 1372]
Event: 8.986 Thread 0x0000018cfd5aeda0 Exception <a 'java/lang/NullPointerException'{0x00000000d61a00f8}> (0x00000000d61a00f8) 
thrown [s\src\hotspot\share\interpreter\linkResolver.cpp, line 1372]
Event: 8.986 Thread 0x0000018cfd5aeda0 Exception <a 'java/lang/NullPointerException'{0x00000000d61a0b70}> (0x00000000d61a0b70) 
thrown [s\src\hotspot\share\interpreter\linkResolver.cpp, line 1372]
Event: 8.986 Thread 0x0000018cfd5aeda0 Exception <a 'java/lang/NullPointerException'{0x00000000d61a2130}> (0x00000000d61a2130) 
thrown [s\src\hotspot\share\interpreter\linkResolver.cpp, line 1372]
Event: 8.986 Thread 0x0000018cfd5aeda0 Exception <a 'java/lang/NullPointerException'{0x00000000d61a3188}> (0x00000000d61a3188) 
thrown [s\src\hotspot\share\interpreter\linkResolver.cpp, line 1372]
Event: 8.986 Thread 0x0000018cfd5aeda0 Exception <a 'java/lang/NullPointerException'{0x00000000d61a41b0}> (0x00000000d61a41b0) 
thrown [s\src\hotspot\share\interpreter\linkResolver.cpp, line 1372]
Event: 8.986 Thread 0x0000018cfd5aeda0 Exception <a 'java/lang/NullPointerException'{0x00000000d61a4df0}> (0x00000000d61a4df0) 
thrown [s\src\hotspot\share\interpreter\linkResolver.cpp, line 1372]
Event: 9.997 Thread 0x0000018cfd5aeda0 Exception <a 'java/lang/NullPointerException'{0x00000000d61a6428}> (0x00000000d61a6428) 
thrown [s\src\hotspot\share\interpreter\linkResolver.cpp, line 1372]
Event: 9.997 Thread 0x0000018cfd5aeda0 Exception <a 'java/lang/NullPointerException'{0x00000000d61a6c20}> (0x00000000d61a6c20) 
thrown [s\src\hotspot\share\interpreter\linkResolver.cpp, line 1372]
Event: 9.997 Thread 0x0000018cfd5aeda0 Exception <a 'java/lang/NullPointerException'{0x00000000d61a7918}> (0x00000000d61a7918) 
thrown [s\src\hotspot\share\interpreter\linkResolver.cpp, line 1372]
Event: 10.010 Thread 0x0000018cfd5a9ee0 Exception <a 'java/io/FileNotFoundException'{0x00000000d6366fe8}> (0x00000000d6366fe8) 
thrown [s\src\hotspot\share\prims\jni.cpp, line 520]
Event: 10.011 Thread 0x0000018cfd5a9ee0 Exception <a 'java/io/FileNotFoundException'{0x00000000d64340f8}> (0x00000000d64340f8) 
thrown [s\src\hotspot\share\prims\jni.cpp, line 520]
Event: 10.011 Thread 0x0000018cfd5a9ee0 Exception <a 'java/io/FileNotFoundException'{0x00000000d6435690}> (0x00000000d6435690) 
thrown [s\src\hotspot\share\prims\jni.cpp, line 520]
Event: 10.012 Thread 0x0000018cfd5a9ee0 Exception <a 'java/io/FileNotFoundException'{0x00000000d648aeb0}> (0x00000000d648aeb0) 
thrown [s\src\hotspot\share\prims\jni.cpp, line 520]
Event: 10.012 Thread 0x0000018cfd5a9ee0 Exception <a 'java/io/FileNotFoundException'{0x00000000d648bc98}> (0x00000000d648bc98) 
thrown [s\src\hotspot\share\prims\jni.cpp, line 520]

ZGC Phase Switch (0 events):
No events

VM Operations (20 events):
Event: 6.641 Executing VM operation: HandshakeAllThreads (Deoptimize)
Event: 6.641 Executing VM operation: HandshakeAllThreads (Deoptimize) done
Event: 6.743 Executing VM operation: CollectForMetadataAllocation (Metadata GC Threshold)
Event: 6.788 Executing VM operation: CollectForMetadataAllocation (Metadata GC Threshold) done
Event: 7.126 Executing VM operation: ParallelGCFailedAllocation (Allocation Failure)
Event: 7.127 Executing VM operation: ParallelGCFailedAllocation (Allocation Failure) done
Event: 7.273 Executing VM operation: HandshakeAllThreads (Deoptimize)
Event: 7.273 Executing VM operation: HandshakeAllThreads (Deoptimize) done
Event: 7.499 Executing VM operation: ParallelGCFailedAllocation (Allocation Failure)
Event: 7.501 Executing VM operation: ParallelGCFailedAllocation (Allocation Failure) done
Event: 9.505 Executing VM operation: Cleanup
Event: 9.996 Executing VM operation: Cleanup done
Event: 10.024 Executing VM operation: ParallelGCFailedAllocation (Allocation Failure)
Event: 10.028 Executing VM operation: ParallelGCFailedAllocation (Allocation Failure) done
Event: 10.096 Executing VM operation: ParallelGCFailedAllocation (Allocation Failure)
Event: 10.098 Executing VM operation: ParallelGCFailedAllocation (Allocation Failure) done
Event: 11.104 Executing VM operation: Cleanup
Event: 11.154 Executing VM operation: Cleanup done
Event: 12.154 Executing VM operation: Cleanup
Event: 12.154 Executing VM operation: Cleanup done

Memory protections (0 events):
No events

Nmethod flushes (20 events):
Event: 6.764 Thread 0x0000018c9bf21520 flushing  nmethod 0x0000018c9f4fde90
Event: 6.764 Thread 0x0000018c9bf21520 flushing  nmethod 0x0000018c9f504890
Event: 6.764 Thread 0x0000018c9bf21520 flushing  nmethod 0x0000018c9f50ab90
Event: 6.764 Thread 0x0000018c9bf21520 flushing  nmethod 0x0000018c9f52de90
Event: 6.764 Thread 0x0000018c9bf21520 flushing  nmethod 0x0000018c9f52ea10
Event: 6.764 Thread 0x0000018c9bf21520 flushing  nmethod 0x0000018c9f534f10
Event: 6.764 Thread 0x0000018c9bf21520 flushing  nmethod 0x0000018c9f535510
Event: 6.764 Thread 0x0000018c9bf21520 flushing  nmethod 0x0000018c9f543890
Event: 6.764 Thread 0x0000018c9bf21520 flushing  nmethod 0x0000018c9f621790
Event: 6.764 Thread 0x0000018c9bf21520 flushing  nmethod 0x0000018c9f621c10
Event: 6.764 Thread 0x0000018c9bf21520 flushing  nmethod 0x0000018c9f627c90
Event: 6.764 Thread 0x0000018c9bf21520 flushing  nmethod 0x0000018c9f658290
Event: 6.764 Thread 0x0000018c9bf21520 flushing  nmethod 0x0000018c9f659010
Event: 6.764 Thread 0x0000018c9bf21520 flushing  nmethod 0x0000018c9f65f110
Event: 6.764 Thread 0x0000018c9bf21520 flushing  nmethod 0x0000018c9f68bb10
Event: 6.764 Thread 0x0000018c9bf21520 flushing  nmethod 0x0000018c9f69f390
Event: 6.764 Thread 0x0000018c9bf21520 flushing  nmethod 0x0000018c9f6e2410
Event: 6.764 Thread 0x0000018c9bf21520 flushing  nmethod 0x0000018c9f6e3410
Event: 6.764 Thread 0x0000018c9bf21520 flushing  nmethod 0x0000018c9f6e5510
Event: 6.764 Thread 0x0000018c9bf21520 flushing  nmethod 0x0000018c9f6f7790

Events (20 events):
Event: 7.199 Thread 0x0000018cf6718ae0 Thread exited: 0x0000018cf6718ae0
Event: 7.262 Thread 0x0000018cf67191b0 Thread exited: 0x0000018cf67191b0
Event: 7.308 Thread 0x0000018cf4ffbec0 Thread added: 0x0000018cf6718ae0
Event: 7.314 Thread 0x0000018cf4e697b0 Thread added: 0x0000018cf6718410
Event: 7.438 Thread 0x0000018cf4d75710 Thread added: 0x0000018cf67191b0
Event: 7.439 Thread 0x0000018cf4d75710 Thread added: 0x0000018cf6baff40
Event: 7.470 Thread 0x0000018cfd5aac00 Thread added: 0x0000018cfd5ad360
Event: 7.478 Thread 0x0000018cfd5aac00 Thread added: 0x0000018cfd5aeda0
Event: 7.853 Thread 0x0000018cf6baff40 Thread exited: 0x0000018cf6baff40
Event: 7.853 Thread 0x0000018cf67191b0 Thread exited: 0x0000018cf67191b0
Event: 7.854 Thread 0x0000018cf6718410 Thread exited: 0x0000018cf6718410
Event: 7.854 Thread 0x0000018cf6718ae0 Thread exited: 0x0000018cf6718ae0
Event: 8.954 Thread 0x0000018cf4ffbec0 Thread added: 0x0000018cf6718410
Event: 10.040 Thread 0x0000018cf4e697b0 Thread added: 0x0000018cf6718ae0
Event: 10.046 Thread 0x0000018cf6718ae0 Thread added: 0x0000018cf67191b0
Event: 10.069 Thread 0x0000018cf4e697b0 Thread added: 0x0000018cfcb7dcd0
Event: 10.086 Thread 0x0000018cf6719880 Thread added: 0x0000018cfcb7bac0
Event: 11.220 Thread 0x0000018cf4ffbec0 Thread exited: 0x0000018cf4ffbec0
Event: 11.261 Thread 0x0000018cf4e6d320 Thread exited: 0x0000018cf4e6d320
Event: 11.301 Thread 0x0000018cf4e697b0 Thread added: 0x0000018cfcb7b3f0


Dynamic libraries:
0x00007ff7a88a0000 - 0x00007ff7a88ae000 	c:\Users\Aurora  N. Postrado\.vscode\extensions\redhat.java-1.50.0-win32-x64\jre\21.0.9-win32-x86_64\bin\java.exe
0x00007fffdcf40000 - 0x00007fffdd1a7000 	C:\WINDOWS\SYSTEM32\ntdll.dll
0x00007fffdc310000 - 0x00007fffdc3d9000 	C:\WINDOWS\System32\KERNEL32.DLL
0x00007fffda510000 - 0x00007fffda8ff000 	C:\WINDOWS\System32\KERNELBASE.dll
0x00007fffda280000 - 0x00007fffda3cb000 	C:\WINDOWS\System32\ucrtbase.dll
0x00007fffab570000 - 0x00007fffab58e000 	c:\Users\Aurora  N. Postrado\.vscode\extensions\redhat.java-1.50.0-win32-x64\jre\21.0.9-win32-x86_64\bin\VCRUNTIME140.dll
0x00007fffad900000 - 0x00007fffad918000 	c:\Users\Aurora  N. Postrado\.vscode\extensions\redhat.java-1.50.0-win32-x64\jre\21.0.9-win32-x86_64\bin\jli.dll
0x00007fffdbc30000 - 0x00007fffdbdf5000 	C:\WINDOWS\System32\USER32.dll
0x00007fffda910000 - 0x00007fffda937000 	C:\WINDOWS\System32\win32u.dll
0x00007fffc8f40000 - 0x00007fffc91d3000 	C:\WINDOWS\WinSxS\amd64_microsoft.windows.common-controls_6595b64144ccf1df_6.0.26100.7309_none_3e05feeae336a044\COMCTL32.dll
0x00007fffdb7f0000 - 0x00007fffdb81b000 	C:\WINDOWS\System32\GDI32.dll
0x00007fffdbf70000 - 0x00007fffdc019000 	C:\WINDOWS\System32\msvcrt.dll
0x00007fffda090000 - 0x00007fffda1bc000 	C:\WINDOWS\System32\gdi32full.dll
0x00007fffda460000 - 0x00007fffda503000 	C:\WINDOWS\System32\msvcp_win.dll
0x00007fffdca30000 - 0x00007fffdca61000 	C:\WINDOWS\System32\IMM32.DLL
0x00007fffb9640000 - 0x00007fffb964c000 	c:\Users\Aurora  N. Postrado\.vscode\extensions\redhat.java-1.50.0-win32-x64\jre\21.0.9-win32-x86_64\bin\vcruntime140_1.dll
0x00007fffa0320000 - 0x00007fffa03ad000 	c:\Users\Aurora  N. Postrado\.vscode\extensions\redhat.java-1.50.0-win32-x64\jre\21.0.9-win32-x86_64\bin\msvcp140.dll
0x00007fff5b150000 - 0x00007fff5bef0000 	c:\Users\Aurora  N. Postrado\.vscode\extensions\redhat.java-1.50.0-win32-x64\jre\21.0.9-win32-x86_64\bin\server\jvm.dll
0x00007fffdc160000 - 0x00007fffdc214000 	C:\WINDOWS\System32\ADVAPI32.dll
0x00007fffdc0b0000 - 0x00007fffdc156000 	C:\WINDOWS\System32\sechost.dll
0x00007fffdb6d0000 - 0x00007fffdb7e8000 	C:\WINDOWS\System32\RPCRT4.dll
0x00007fffdc030000 - 0x00007fffdc0a4000 	C:\WINDOWS\System32\WS2_32.dll
0x00007fffd9ef0000 - 0x00007fffd9f4e000 	C:\WINDOWS\SYSTEM32\POWRPROF.dll
0x00007fffd36c0000 - 0x00007fffd36f5000 	C:\WINDOWS\SYSTEM32\WINMM.dll
0x00007fffd3700000 - 0x00007fffd370b000 	C:\WINDOWS\SYSTEM32\VERSION.dll
0x00007fffd9ed0000 - 0x00007fffd9ee4000 	C:\WINDOWS\SYSTEM32\UMPDC.dll
0x00007fffd8e40000 - 0x00007fffd8e5b000 	C:\WINDOWS\SYSTEM32\kernel.appcore.dll
0x00007fffb5560000 - 0x00007fffb556a000 	c:\Users\Aurora  N. Postrado\.vscode\extensions\redhat.java-1.50.0-win32-x64\jre\21.0.9-win32-x86_64\bin\jimage.dll
0x00007fffcfe70000 - 0x00007fffd00b2000 	C:\WINDOWS\SYSTEM32\DBGHELP.DLL
0x00007fffdb820000 - 0x00007fffdbba6000 	C:\WINDOWS\System32\combase.dll
0x00007fffdc220000 - 0x00007fffdc2f6000 	C:\WINDOWS\System32\OLEAUT32.dll
0x00007fffb8760000 - 0x00007fffb879c000 	C:\WINDOWS\SYSTEM32\dbgcore.DLL
0x00007fffda940000 - 0x00007fffda9e5000 	C:\WINDOWS\System32\bcryptPrimitives.dll
0x00007fffb0990000 - 0x00007fffb099f000 	c:\Users\Aurora  N. Postrado\.vscode\extensions\redhat.java-1.50.0-win32-x64\jre\21.0.9-win32-x86_64\bin\instrument.dll
0x00007fffab550000 - 0x00007fffab570000 	c:\Users\Aurora  N. Postrado\.vscode\extensions\redhat.java-1.50.0-win32-x64\jre\21.0.9-win32-x86_64\bin\java.dll
0x00007fffdaf70000 - 0x00007fffdb6c3000 	C:\WINDOWS\System32\SHELL32.dll
0x00007fffda9f0000 - 0x00007fffdab5a000 	C:\WINDOWS\System32\wintypes.dll
0x00007fffd7cd0000 - 0x00007fffd852e000 	C:\WINDOWS\SYSTEM32\windows.storage.dll
0x00007fffdc500000 - 0x00007fffdc5f4000 	C:\WINDOWS\System32\SHCORE.dll
0x00007fffdaf00000 - 0x00007fffdaf66000 	C:\WINDOWS\System32\shlwapi.dll
0x00007fffd9fb0000 - 0x00007fffd9fd9000 	C:\WINDOWS\SYSTEM32\profapi.dll
0x00007fffa7d00000 - 0x00007fffa7d18000 	c:\Users\Aurora  N. Postrado\.vscode\extensions\redhat.java-1.50.0-win32-x64\jre\21.0.9-win32-x86_64\bin\zip.dll
0x00007fffafe90000 - 0x00007fffafea0000 	C:\Users\Aurora  N. Postrado\.vscode\extensions\redhat.java-1.50.0-win32-x64\jre\21.0.9-win32-x86_64\bin\net.dll
0x00007fffd0cd0000 - 0x00007fffd0df8000 	C:\WINDOWS\SYSTEM32\WINHTTP.dll
0x00007fffd93b0000 - 0x00007fffd941b000 	C:\WINDOWS\system32\mswsock.dll
0x00007fffa6a10000 - 0x00007fffa6a26000 	C:\Users\Aurora  N. Postrado\.vscode\extensions\redhat.java-1.50.0-win32-x64\jre\21.0.9-win32-x86_64\bin\nio.dll
0x00007fffa9cf0000 - 0x00007fffa9d00000 	c:\Users\Aurora  N. Postrado\.vscode\extensions\redhat.java-1.50.0-win32-x64\jre\21.0.9-win32-x86_64\bin\verify.dll
0x00007fffa1130000 - 0x00007fffa1174000 	C:\Users\Aurora  N. Postrado\AppData\Roaming\Code\User\globalStorage\redhat.java\1.50.0\config_ss_win\org.eclipse.equinox.launcher\org.eclipse.equinox.launcher.win32.win32.x86_64_1.2.1400.v20250801-0854\eclipse_11916.dll
0x00007fffdace0000 - 0x00007fffdae77000 	C:\WINDOWS\System32\ole32.dll
0x00007fffd9680000 - 0x00007fffd969b000 	C:\WINDOWS\SYSTEM32\CRYPTSP.dll
0x00007fffd8da0000 - 0x00007fffd8dda000 	C:\WINDOWS\system32\rsaenh.dll
0x00007fffd9460000 - 0x00007fffd948b000 	C:\WINDOWS\SYSTEM32\USERENV.dll
0x00007fffd9f80000 - 0x00007fffd9faa000 	C:\WINDOWS\SYSTEM32\bcrypt.dll
0x00007fffd9670000 - 0x00007fffd967c000 	C:\WINDOWS\SYSTEM32\CRYPTBASE.dll
0x00007fffd8850000 - 0x00007fffd8884000 	C:\WINDOWS\SYSTEM32\IPHLPAPI.DLL
0x00007fffdc020000 - 0x00007fffdc02a000 	C:\WINDOWS\System32\NSI.dll
0x00007fffba8c0000 - 0x00007fffba909000 	C:\Users\Aurora  N. Postrado\AppData\Local\Temp\jna-614272698\jna4912220736775087763.dll
0x00007fffdc300000 - 0x00007fffdc308000 	C:\WINDOWS\System32\PSAPI.DLL
0x00007fffd0c70000 - 0x00007fffd0c8e000 	C:\WINDOWS\SYSTEM32\dhcpcsvc6.DLL
0x00007fffd0b00000 - 0x00007fffd0b23000 	C:\WINDOWS\SYSTEM32\dhcpcsvc.DLL

JVMTI agents:
c:\Users\Aurora  N. Postrado\.vscode\extensions\redhat.java-1.50.0-win32-x64\lombok\lombok-1.18.39-4050.jar path:c:\Users\Aurora  N. Postrado\.vscode\extensions\redhat.java-1.50.0-win32-x64\jre\21.0.9-win32-x86_64\bin\instrument.dll, loaded, initialized, instrumentlib options:none

dbghelp: loaded successfully - version: 4.0.5 - missing functions: none
symbol engine: initialized successfully - sym options: 0x614 - pdb path: .;c:\Users\Aurora  N. Postrado\.vscode\extensions\redhat.java-1.50.0-win32-x64\jre\21.0.9-win32-x86_64\bin;C:\WINDOWS\SYSTEM32;C:\WINDOWS\WinSxS\amd64_microsoft.windows.common-controls_6595b64144ccf1df_6.0.26100.7309_none_3e05feeae336a044;c:\Users\Aurora  N. Postrado\.vscode\extensions\redhat.java-1.50.0-win32-x64\jre\21.0.9-win32-x86_64\bin\server;C:\Users\Aurora  N. Postrado\AppData\Roaming\Code\User\globalStorage\redhat.java\1.50.0\config_ss_win\org.eclipse.equinox.launcher\org.eclipse.equinox.launcher.win32.win32.x86_64_1.2.1400.v20250801-0854;C:\Users\Aurora  N. Postrado\AppData\Local\Temp\jna-614272698

VM Arguments:
jvm_args: --add-modules=ALL-SYSTEM --add-opens=java.base/java.util=ALL-UNNAMED --add-opens=java.base/java.lang=ALL-UNNAMED --add-opens=java.base/sun.nio.fs=ALL-UNNAMED -Declipse.application=org.eclipse.jdt.ls.core.id1 -Dosgi.bundles.defaultStartLevel=4 -Declipse.product=org.eclipse.jdt.ls.core.product -Djava.import.generatesMetadataFilesAtProjectRoot=false -DDetectVMInstallationsJob.disabled=true -Dfile.encoding=utf8 -XX:+UseParallelGC -XX:GCTimeRatio=4 -XX:AdaptiveSizePolicyWeight=90 -Dsun.zip.disableMemoryMapping=true -Xmx2G -Xms100m -Xlog:disable -javaagent:c:\Users\Aurora  N. Postrado\.vscode\extensions\redhat.java-1.50.0-win32-x64\lombok\lombok-1.18.39-4050.jar 
java_command: c:\Users\Aurora  N. Postrado\.vscode\extensions\redhat.java-1.50.0-win32-x64\server\plugins\org.eclipse.equinox.launcher_1.7.100.v20251111-0406.jar -configuration c:\Users\Aurora  N. Postrado\AppData\Roaming\Code\User\globalStorage\redhat.java\1.50.0\config_ss_win -data c:\Users\Aurora  N. Postrado\AppData\Roaming\Code\User\workspaceStorage\46172c11ccafe662b3a0ac333387505f\redhat.java\ss_ws --pipe=\\.\pipe\lsp-dd8b50e9196d0150f041a73ab5f0394f-sock
java_class_path (initial): c:\Users\Aurora  N. Postrado\.vscode\extensions\redhat.java-1.50.0-win32-x64\server\plugins\org.eclipse.equinox.launcher_1.7.100.v20251111-0406.jar
Launcher Type: SUN_STANDARD

[Global flags]
    uintx AdaptiveSizePolicyWeight                 = 90                                        {product} {command line}
     intx CICompilerCount                          = 12                                        {product} {ergonomic}
    uintx GCTimeRatio                              = 4                                         {product} {command line}
   size_t InitialHeapSize                          = 104857600                                 {product} {command line}
   size_t MaxHeapSize                              = 2147483648                                {product} {command line}
   size_t MaxNewSize                               = 715653120                                 {product} {ergonomic}
   size_t MinHeapDeltaBytes                        = 524288                                    {product} {ergonomic}
   size_t MinHeapSize                              = 104857600                                 {product} {command line}
   size_t NewSize                                  = 34603008                                  {product} {ergonomic}
    uintx NonNMethodCodeHeapSize                   = 7602480                                {pd product} {ergonomic}
    uintx NonProfiledCodeHeapSize                  = 122027880                              {pd product} {ergonomic}
   size_t OldSize                                  = 70254592                                  {product} {ergonomic}
    uintx ProfiledCodeHeapSize                     = 122027880                              {pd product} {ergonomic}
    uintx ReservedCodeCacheSize                    = 251658240                              {pd product} {ergonomic}
     bool SegmentedCodeCache                       = true                                      {product} {ergonomic}
   size_t SoftMaxHeapSize                          = 2147483648                             {manageable} {ergonomic}
     bool UseCompressedOops                        = true                           {product lp64_product} {ergonomic}
     bool UseLargePagesIndividualAllocation        = false                                  {pd product} {ergonomic}
     bool UseParallelGC                            = true                                      {product} {command line}

Logging:
Log output configuration:
 #0: stdout all=off uptime,level,tags foldmultilines=false
 #1: stderr all=off uptime,level,tags foldmultilines=false

Release file:
JAVA_VERSION="21.0.9" 
MODULES="java.base java.compiler java.datatransfer java.xml java.prefs java.desktop java.instrument java.logging java.management java.security.sasl java.naming java.rmi java.management.rmi java.net.http java.scripting java.security.jgss java.transaction.xa java.sql java.sql.rowset java.xml.crypto java.se java.smartcardio jdk.accessibility jdk.internal.jvmstat jdk.attach jdk.charsets jdk.internal.opt jdk.zipfs jdk.compiler jdk.crypto.ec jdk.crypto.cryptoki jdk.crypto.mscapi jdk.dynalink jdk.internal.ed jdk.editpad jdk.hotspot.agent jdk.httpserver jdk.internal.le jdk.internal.vm.ci jdk.internal.vm.compiler jdk.internal.vm.compiler.management jdk.jartool jdk.javadoc jdk.jcmd jdk.management jdk.management.agent jdk.jconsole jdk.jdeps jdk.jdwp.agent jdk.jdi jdk.jfr jdk.jshell jdk.jsobject jdk.jstatd jdk.localedata jdk.management.jfr jdk.naming.dns jdk.naming.rmi jdk.net jdk.nio.mapmode jdk.random jdk.sctp jdk.security.auth jdk.security.jgss jdk.unsupported jdk.unsupported.desktop jdk.xml.dom" 

Environment Variables:
PATH=C:\Program Files\Eclipse Adoptium\jdk-17.0.17.10-hotspot\bin;C:\Windows\system32;C:\Windows;C:\Windows\System32\Wbem;C:\Windows\System32\WindowsPowerShell\v1.0\;C:\Windows\System32\OpenSSH\;C:\Program Files (x86)\NVIDIA Corporation\PhysX\Common;C:\Program Files\NVIDIA Corporation\NVIDIA NvDLISR;C:\WINDOWS\system32;C:\WINDOWS;C:\WINDOWS\System32\Wbem;C:\WINDOWS\System32\WindowsPowerShell\v1.0\;C:\WINDOWS\System32\OpenSSH\;C:\Program Files\Git\cmd;C:\Users\Aurora  N. Postrado\AppData\Local\Microsoft\WindowsApps;C:\Users\Aurora  N. Postrado\AppData\Local\Programs\Microsoft VS Code\bin;C:\Users\Aurora  N. Postrado\AppData\Local\GitHubDesktop\bin
USERNAME=Aurora  N. Postrado
OS=Windows_NT
PROCESSOR_IDENTIFIER=AMD64 Family 23 Model 104 Stepping 1, AuthenticAMD
TMP=C:\Users\AURORA~1.POS\AppData\Local\Temp
TEMP=C:\Users\AURORA~1.POS\AppData\Local\Temp




Periodic native trim disabled

---------------  S Y S T E M  ---------------

OS:
 Windows 11 , 64 bit Build 26100 (10.0.26100.7309)
OS uptime: 0 days 0:07 hours

CPU: total 16 (initial active 16) (16 cores per cpu, 2 threads per core) family 23 model 104 stepping 1 microcode 0x8608103, cx8, cmov, fxsr, ht, mmx, 3dnowpref, sse, sse2, sse3, ssse3, sse4a, sse4.1, sse4.2, popcnt, lzcnt, tsc, tscinvbit, avx, avx2, aes, clmul, bmi1, bmi2, adx, sha, fma, vzeroupper, clflush, clflushopt, rdtscp, rdpid, f16c
Processor Information for the first 16 processors :
  Max Mhz: 1801, Current Mhz: 1801, Mhz Limit: 1801

Memory: 4k page, system-wide physical 7514M (1598M free)
TotalPageFile size 7514M (AvailPageFile size 56M)
current process WorkingSet (physical memory assigned to process): 253M, peak: 253M
current process commit charge ("private bytes"): 379M, peak: 380M

vm_info: OpenJDK 64-Bit Server VM (21.0.9+10-LTS) for windows-amd64 JRE (21.0.9+10-LTS), built on 2025-10-21T00:00:00Z by "admin" with unknown MS VC++:1942

END.
