#
# There is insufficient memory for the Java Runtime Environment to continue.
# Native memory allocation (malloc) failed to allocate 1212336 bytes. Error detail: Chunk::new
# Possible reasons:
#   The system is out of physical RAM or swap space
#   This process is running with CompressedOops enabled, and the Java Heap may be blocking the growth of the native heap
# Possible solutions:
#   Reduce memory load on the system
#   Increase physical memory or swap space
#   Check if swap backing store is full
#   Decrease Java heap size (-Xmx/-Xms)
#   Decrease number of Java threads
#   Decrease Java thread stack sizes (-Xss)
#   Set larger code cache with -XX:ReservedCodeCacheSize=
#   JVM is running with Unscaled Compressed Oops mode in which the Java heap is
#     placed in the first 4GB address space. The Java Heap base address is the
#     maximum limit for the native heap growth. Please use -XX:HeapBaseMinAddress
#     to set the Java Heap base and to place the Java Heap above 4GB virtual address.
# This output file may be truncated or incomplete.
#
#  Out of Memory Error (arena.cpp:168), pid=18328, tid=5844
#
# JRE version: OpenJDK Runtime Environment Temurin-21.0.9+10 (21.0.9+10) (build 21.0.9+10-LTS)
# Java VM: OpenJDK 64-Bit Server VM Temurin-21.0.9+10 (21.0.9+10-LTS, mixed mode, sharing, tiered, compressed oops, compressed class ptrs, parallel gc, windows-amd64)
# No core dump will be written. Minidumps are not enabled by default on client versions of Windows
#

---------------  S U M M A R Y ------------

Command Line: --add-modules=ALL-SYSTEM --add-opens=java.base/java.util=ALL-UNNAMED --add-opens=java.base/java.lang=ALL-UNNAMED --add-opens=java.base/sun.nio.fs=ALL-UNNAMED -Declipse.application=org.eclipse.jdt.ls.core.id1 -Dosgi.bundles.defaultStartLevel=4 -Declipse.product=org.eclipse.jdt.ls.core.product -Djava.import.generatesMetadataFilesAtProjectRoot=false -DDetectVMInstallationsJob.disabled=true -Dfile.encoding=utf8 -XX:+UseParallelGC -XX:GCTimeRatio=4 -XX:AdaptiveSizePolicyWeight=90 -Dsun.zip.disableMemoryMapping=true -Xmx2G -Xms100m -Xlog:disable -javaagent:c:\Users\Aurora  N. Postrado\.vscode\extensions\redhat.java-1.50.0-win32-x64\lombok\lombok-1.18.39-4050.jar -XX:+HeapDumpOnOutOfMemoryError -XX:HeapDumpPath=c:\Users\Aurora  N. Postrado\AppData\Roaming\Code\User\workspaceStorage\16087328b602278ea996584764c22d24\redhat.java -Daether.dependencyCollector.impl=bf c:\Users\Aurora  N. Postrado\.vscode\extensions\redhat.java-1.50.0-win32-x64\server\plugins\org.eclipse.equinox.launcher_1.7.100.v20251111-0406.jar -configuration c:\Users\Aurora  N. Postrado\AppData\Roaming\Code\User\globalStorage\redhat.java\1.50.0\config_win -data c:\Users\Aurora  N. Postrado\AppData\Roaming\Code\User\workspaceStorage\16087328b602278ea996584764c22d24\redhat.java\jdt_ws --pipe=\\.\pipe\lsp-418665df31f727741ad0614da23768b1-sock

Host: AMD Ryzen 7 5700U with Radeon Graphics         , 16 cores, 7G,  Windows 11 , 64 bit Build 26100 (10.0.26100.7309)
Time: Fri Dec 12 09:47:05 2025 Malay Peninsula Standard Time elapsed time: 13.369854 seconds (0d 0h 0m 13s)

---------------  T H R E A D  ---------------

Current thread (0x00000292fa4dc6e0):  JavaThread "C2 CompilerThread0" daemon [_thread_in_native, id=5844, stack(0x000000eb16900000,0x000000eb16a00000) (1024K)]


Current CompileTask:
C2:13369 9424 %     4       org.eclipse.jdt.internal.core.search.indexing.BinaryIndexer::extractReferenceFromConstantPool @ 155 (358 bytes)

Stack: [0x000000eb16900000,0x000000eb16a00000]
Native frames: (J=compiled Java code, j=interpreted, Vv=VM code, C=native code)
V  [jvm.dll+0x6d6e29]
V  [jvm.dll+0x8b4b76]
V  [jvm.dll+0x8b712e]
V  [jvm.dll+0x8b7813]
V  [jvm.dll+0x283d86]
V  [jvm.dll+0xc66ed]
V  [jvm.dll+0xc6c31]
V  [jvm.dll+0x3be501]
V  [jvm.dll+0x1e3b52]
V  [jvm.dll+0x24c0f3]
V  [jvm.dll+0x24b580]
V  [jvm.dll+0x1cb13e]
V  [jvm.dll+0x25b29d]
V  [jvm.dll+0x25982a]
V  [jvm.dll+0x3f7ea6]
V  [jvm.dll+0x85e9ad]
V  [jvm.dll+0x6d565d]
C  [ucrtbase.dll+0x37b0]
C  [KERNEL32.DLL+0x2e8d7]
C  [ntdll.dll+0x8c53c]


---------------  P R O C E S S  ---------------

Threads class SMR info:
_java_thread_list=0x00000292871ac4a0, length=78, elements={
0x000002929efa8290, 0x00000292fa4c8400, 0x00000292b7ebbcc0, 0x00000292fa4ca520,
0x00000292fa4ce230, 0x00000292fa4cc4e0, 0x00000292fa4d1ae0, 0x00000292fa4dc6e0,
0x00000292fa50f840, 0x00000292fa603d30, 0x00000292fa648ff0, 0x00000292fa76f290,
0x0000029284092b00, 0x00000292841ba1e0, 0x00000292846643f0, 0x0000029284b37d10,
0x00000292848c18d0, 0x000002928499be60, 0x00000292850970e0, 0x0000029284c9c530,
0x0000029284ab6020, 0x00000292fa4fc010, 0x00000292848ec8b0, 0x00000292848edc60,
0x00000292848ee980, 0x00000292848eb500, 0x00000292848ec220, 0x00000292848ebb90,
0x00000292848ecf40, 0x00000292848ed5d0, 0x00000292872826e0, 0x0000029287283400,
0x0000029287282d70, 0x0000029287283a90, 0x0000029287284120, 0x00000292872847b0,
0x0000029287281330, 0x00000292872819c0, 0x0000029287282050, 0x0000029291c92b50,
0x0000029291c93870, 0x0000029291c94c20, 0x0000029291c931e0, 0x0000029291c94590,
0x0000029291c924c0, 0x0000029291c952b0, 0x0000029291c91e30, 0x0000029291c95940,
0x0000029291c95fd0, 0x0000029291c93f00, 0x0000029291c97380, 0x0000029291c97a10,
0x0000029291c98dc0, 0x0000029291c980a0, 0x0000029291c98730, 0x0000029291c96cf0,
0x0000029291c99450, 0x0000029292d49890, 0x0000029292d49f20, 0x0000029292d48b70,
0x0000029292d4a5b0, 0x0000029292d4c680, 0x0000029292d4ac40, 0x0000029292d4e750,
0x0000029292d4b2d0, 0x0000029292d4cd10, 0x0000029292d4bff0, 0x0000029292d4da30,
0x0000029292d4d3a0, 0x0000029292d4ede0, 0x0000029292d4b960, 0x0000029292d4f470,
0x00000292879630d0, 0x0000029284ac0b20, 0x0000029286277c80, 0x00000292932d18c0,
0x00000292932d46b0, 0x00000292932d2c70
}

Java Threads: ( => current thread )
  0x000002929efa8290 JavaThread "main"                              [_thread_blocked, id=18100, stack(0x000000eb15f00000,0x000000eb16000000) (1024K)]
  0x00000292fa4c8400 JavaThread "Reference Handler"          daemon [_thread_blocked, id=15804, stack(0x000000eb16300000,0x000000eb16400000) (1024K)]
  0x00000292b7ebbcc0 JavaThread "Finalizer"                  daemon [_thread_blocked, id=18096, stack(0x000000eb16400000,0x000000eb16500000) (1024K)]
  0x00000292fa4ca520 JavaThread "Signal Dispatcher"          daemon [_thread_blocked, id=11712, stack(0x000000eb16500000,0x000000eb16600000) (1024K)]
  0x00000292fa4ce230 JavaThread "Attach Listener"            daemon [_thread_blocked, id=17104, stack(0x000000eb16600000,0x000000eb16700000) (1024K)]
  0x00000292fa4cc4e0 JavaThread "Service Thread"             daemon [_thread_blocked, id=16236, stack(0x000000eb16700000,0x000000eb16800000) (1024K)]
  0x00000292fa4d1ae0 JavaThread "Monitor Deflation Thread"   daemon [_thread_blocked, id=12044, stack(0x000000eb16800000,0x000000eb16900000) (1024K)]
=>0x00000292fa4dc6e0 JavaThread "C2 CompilerThread0"         daemon [_thread_in_native, id=5844, stack(0x000000eb16900000,0x000000eb16a00000) (1024K)]
  0x00000292fa50f840 JavaThread "C1 CompilerThread0"         daemon [_thread_blocked, id=12992, stack(0x000000eb16a00000,0x000000eb16b00000) (1024K)]
  0x00000292fa603d30 JavaThread "C1 CompilerThread1"         daemon [_thread_blocked, id=8624, stack(0x000000eb16b00000,0x000000eb16c00000) (1024K)]
  0x00000292fa648ff0 JavaThread "C2 CompilerThread1"         daemon [_thread_in_native, id=9480, stack(0x000000eb16d00000,0x000000eb16e00000) (1024K)]
  0x00000292fa76f290 JavaThread "Common-Cleaner"             daemon [_thread_blocked, id=7248, stack(0x000000eb16e00000,0x000000eb16f00000) (1024K)]
  0x0000029284092b00 JavaThread "Notification Thread"        daemon [_thread_blocked, id=8516, stack(0x000000eb17000000,0x000000eb17100000) (1024K)]
  0x00000292841ba1e0 JavaThread "C2 CompilerThread2"         daemon [_thread_in_native, id=6088, stack(0x000000eb17100000,0x000000eb17200000) (1024K)]
  0x00000292846643f0 JavaThread "Active Thread: Equinox Container: 8ae04f55-32be-4a24-bc94-0d56ae3f3f0c"        [_thread_blocked, id=16512, stack(0x000000eb17900000,0x000000eb17a00000) (1024K)]
  0x0000029284b37d10 JavaThread "Refresh Thread: Equinox Container: 8ae04f55-32be-4a24-bc94-0d56ae3f3f0c" daemon [_thread_blocked, id=3760, stack(0x000000eb17b00000,0x000000eb17c00000) (1024K)]
  0x00000292848c18d0 JavaThread "Framework Event Dispatcher: Equinox Container: 8ae04f55-32be-4a24-bc94-0d56ae3f3f0c" daemon [_thread_blocked, id=10908, stack(0x000000eb17c00000,0x000000eb17d00000) (1024K)]
  0x000002928499be60 JavaThread "Start Level: Equinox Container: 8ae04f55-32be-4a24-bc94-0d56ae3f3f0c" daemon [_thread_blocked, id=15884, stack(0x000000eb17d00000,0x000000eb17e00000) (1024K)]
  0x00000292850970e0 JavaThread "Bundle File Closer"         daemon [_thread_blocked, id=15440, stack(0x000000eb18100000,0x000000eb18200000) (1024K)]
  0x0000029284c9c530 JavaThread "SCR Component Actor"        daemon [_thread_blocked, id=16256, stack(0x000000eb18200000,0x000000eb18300000) (1024K)]
  0x0000029284ab6020 JavaThread "Worker-JM"                         [_thread_blocked, id=16136, stack(0x000000eb18400000,0x000000eb18500000) (1024K)]
  0x00000292fa4fc010 JavaThread "JNA Cleaner"                daemon [_thread_blocked, id=18272, stack(0x000000eb17800000,0x000000eb17900000) (1024K)]
  0x00000292848ec8b0 JavaThread "Worker-0"                          [_thread_blocked, id=8768, stack(0x000000eb18600000,0x000000eb18700000) (1024K)]
  0x00000292848edc60 JavaThread "Worker-1"                          [_thread_blocked, id=6980, stack(0x000000eb18700000,0x000000eb18800000) (1024K)]
  0x00000292848ee980 JavaThread "Worker-2: Java indexing... "        [_thread_blocked, id=2864, stack(0x000000eb18800000,0x000000eb18900000) (1024K)]
  0x00000292848eb500 JavaThread "Worker-3: Check JDK Index"         [_thread_blocked, id=14392, stack(0x000000eb18b00000,0x000000eb18c00000) (1024K)]
  0x00000292848ec220 JavaThread "Java indexing"              daemon [_thread_in_Java, id=2952, stack(0x000000eb18900000,0x000000eb18a00000) (1024K)]
  0x00000292848ebb90 JavaThread "Worker-4"                          [_thread_blocked, id=12480, stack(0x000000eb18e00000,0x000000eb18f00000) (1024K)]
  0x00000292848ecf40 JavaThread "Worker-5"                          [_thread_blocked, id=8288, stack(0x000000eb18f00000,0x000000eb19000000) (1024K)]
  0x00000292848ed5d0 JavaThread "Thread-1"                   daemon [_thread_in_native, id=6908, stack(0x000000eb19100000,0x000000eb19200000) (1024K)]
  0x00000292872826e0 JavaThread "Thread-2"                   daemon [_thread_in_native, id=15888, stack(0x000000eb19200000,0x000000eb19300000) (1024K)]
  0x0000029287283400 JavaThread "Thread-3"                   daemon [_thread_in_native, id=6240, stack(0x000000eb19300000,0x000000eb19400000) (1024K)]
  0x0000029287282d70 JavaThread "Thread-4"                   daemon [_thread_in_native, id=812, stack(0x000000eb19400000,0x000000eb19500000) (1024K)]
  0x0000029287283a90 JavaThread "Thread-5"                   daemon [_thread_in_native, id=1580, stack(0x000000eb19500000,0x000000eb19600000) (1024K)]
  0x0000029287284120 JavaThread "Thread-6"                   daemon [_thread_in_native, id=13924, stack(0x000000eb19600000,0x000000eb19700000) (1024K)]
  0x00000292872847b0 JavaThread "Thread-7"                   daemon [_thread_in_native, id=10928, stack(0x000000eb19700000,0x000000eb19800000) (1024K)]
  0x0000029287281330 JavaThread "Thread-8"                   daemon [_thread_in_native, id=3936, stack(0x000000eb19800000,0x000000eb19900000) (1024K)]
  0x00000292872819c0 JavaThread "Thread-9"                   daemon [_thread_in_native, id=13412, stack(0x000000eb19900000,0x000000eb19a00000) (1024K)]
  0x0000029287282050 JavaThread "Thread-10"                  daemon [_thread_in_native, id=16504, stack(0x000000eb19a00000,0x000000eb19b00000) (1024K)]
  0x0000029291c92b50 JavaThread "Thread-11"                  daemon [_thread_in_native, id=16756, stack(0x000000eb19b00000,0x000000eb19c00000) (1024K)]
  0x0000029291c93870 JavaThread "Thread-12"                  daemon [_thread_in_native, id=14176, stack(0x000000eb19c00000,0x000000eb19d00000) (1024K)]
  0x0000029291c94c20 JavaThread "Thread-13"                  daemon [_thread_in_native, id=2580, stack(0x000000eb19d00000,0x000000eb19e00000) (1024K)]
  0x0000029291c931e0 JavaThread "Thread-14"                  daemon [_thread_in_native, id=5720, stack(0x000000eb19e00000,0x000000eb19f00000) (1024K)]
  0x0000029291c94590 JavaThread "Thread-15"                  daemon [_thread_in_native, id=18124, stack(0x000000eb19f00000,0x000000eb1a000000) (1024K)]
  0x0000029291c924c0 JavaThread "Thread-16"                  daemon [_thread_in_native, id=10296, stack(0x000000eb1a000000,0x000000eb1a100000) (1024K)]
  0x0000029291c952b0 JavaThread "Thread-17"                  daemon [_thread_in_native, id=9428, stack(0x000000eb1a100000,0x000000eb1a200000) (1024K)]
  0x0000029291c91e30 JavaThread "pool-2-thread-1"                   [_thread_blocked, id=17952, stack(0x000000eb1a200000,0x000000eb1a300000) (1024K)]
  0x0000029291c95940 JavaThread "WorkspaceEventsHandler"            [_thread_blocked, id=9548, stack(0x000000eb1a400000,0x000000eb1a500000) (1024K)]
  0x0000029291c95fd0 JavaThread "pool-1-thread-1"                   [_thread_blocked, id=8264, stack(0x000000eb1a500000,0x000000eb1a600000) (1024K)]
  0x0000029291c93f00 JavaThread "Compiler Source File Reader" daemon [_thread_blocked, id=13688, stack(0x000000eb1a700000,0x000000eb1a800000) (1024K)]
  0x0000029291c97380 JavaThread "Compiler Source File Reader" daemon [_thread_blocked, id=16676, stack(0x000000eb1a800000,0x000000eb1a900000) (1024K)]
  0x0000029291c97a10 JavaThread "Compiler Source File Reader" daemon [_thread_blocked, id=7100, stack(0x000000eb1a900000,0x000000eb1aa00000) (1024K)]
  0x0000029291c98dc0 JavaThread "Compiler Source File Reader" daemon [_thread_blocked, id=10576, stack(0x000000eb1aa00000,0x000000eb1ab00000) (1024K)]
  0x0000029291c980a0 JavaThread "Compiler Source File Reader" daemon [_thread_blocked, id=8088, stack(0x000000eb1ab00000,0x000000eb1ac00000) (1024K)]
  0x0000029291c98730 JavaThread "Compiler Source File Reader" daemon [_thread_blocked, id=15692, stack(0x000000eb1ac00000,0x000000eb1ad00000) (1024K)]
  0x0000029291c96cf0 JavaThread "Compiler Source File Reader" daemon [_thread_blocked, id=7608, stack(0x000000eb1ad00000,0x000000eb1ae00000) (1024K)]
  0x0000029291c99450 JavaThread "Compiler Source File Reader" daemon [_thread_blocked, id=1840, stack(0x000000eb1ae00000,0x000000eb1af00000) (1024K)]
  0x0000029292d49890 JavaThread "Compiler Source File Reader" daemon [_thread_blocked, id=9056, stack(0x000000eb1af00000,0x000000eb1b000000) (1024K)]
  0x0000029292d49f20 JavaThread "Compiler Source File Reader" daemon [_thread_blocked, id=8932, stack(0x000000eb1b000000,0x000000eb1b100000) (1024K)]
  0x0000029292d48b70 JavaThread "Compiler Source File Reader" daemon [_thread_blocked, id=10512, stack(0x000000eb1b100000,0x000000eb1b200000) (1024K)]
  0x0000029292d4a5b0 JavaThread "Compiler Source File Reader" daemon [_thread_blocked, id=3824, stack(0x000000eb1b200000,0x000000eb1b300000) (1024K)]
  0x0000029292d4c680 JavaThread "Compiler Source File Reader" daemon [_thread_blocked, id=2724, stack(0x000000eb1b300000,0x000000eb1b400000) (1024K)]
  0x0000029292d4ac40 JavaThread "Compiler Source File Reader" daemon [_thread_blocked, id=2900, stack(0x000000eb1b400000,0x000000eb1b500000) (1024K)]
  0x0000029292d4e750 JavaThread "Compiler Processing Task"   daemon [_thread_blocked, id=3304, stack(0x000000eb1a600000,0x000000eb1a700000) (1024K)]
  0x0000029292d4b2d0 JavaThread "Compiler Class File Writer" daemon [_thread_blocked, id=16636, stack(0x000000eb1b500000,0x000000eb1b600000) (1024K)]
  0x0000029292d4cd10 JavaThread "Compiler Class File Writer" daemon [_thread_blocked, id=2932, stack(0x000000eb1b600000,0x000000eb1b700000) (1024K)]
  0x0000029292d4bff0 JavaThread "Compiler Class File Writer" daemon [_thread_blocked, id=5508, stack(0x000000eb1b700000,0x000000eb1b800000) (1024K)]
  0x0000029292d4da30 JavaThread "Compiler Class File Writer" daemon [_thread_blocked, id=1536, stack(0x000000eb1b800000,0x000000eb1b900000) (1024K)]
  0x0000029292d4d3a0 JavaThread "Compiler Class File Writer" daemon [_thread_blocked, id=8832, stack(0x000000eb1b900000,0x000000eb1ba00000) (1024K)]
  0x0000029292d4ede0 JavaThread "Compiler Class File Writer" daemon [_thread_blocked, id=3964, stack(0x000000eb1ba00000,0x000000eb1bb00000) (1024K)]
  0x0000029292d4b960 JavaThread "Compiler Class File Writer" daemon [_thread_blocked, id=16924, stack(0x000000eb1bb00000,0x000000eb1bc00000) (1024K)]
  0x0000029292d4f470 JavaThread "Compiler Class File Writer" daemon [_thread_blocked, id=10104, stack(0x000000eb1bc00000,0x000000eb1bd00000) (1024K)]
  0x00000292879630d0 JavaThread "C2 CompilerThread3"         daemon [_thread_in_native, id=6916, stack(0x000000eb18a00000,0x000000eb18b00000) (1024K)]
  0x0000029284ac0b20 JavaThread "C2 CompilerThread4"         daemon [_thread_in_native, id=11976, stack(0x000000eb19000000,0x000000eb19100000) (1024K)]
  0x0000029286277c80 JavaThread "C2 CompilerThread5"         daemon [_thread_in_native, id=2340, stack(0x000000eb1a300000,0x000000eb1a400000) (1024K)]
  0x00000292932d18c0 JavaThread "ForkJoinPool.commonPool-worker-1" daemon [_thread_blocked, id=12456, stack(0x000000eb1bd00000,0x000000eb1be00000) (1024K)]
  0x00000292932d46b0 JavaThread "ForkJoinPool.commonPool-worker-2" daemon [_thread_blocked, id=8996, stack(0x000000eb1be00000,0x000000eb1bf00000) (1024K)]
  0x00000292932d2c70 JavaThread "ForkJoinPool.commonPool-worker-3" daemon [_thread_blocked, id=4952, stack(0x000000eb1bf00000,0x000000eb1c000000) (1024K)]
Total: 78

Other Threads:
  0x00000292a14ce7f0 VMThread "VM Thread"                           [id=3436, stack(0x000000eb16200000,0x000000eb16300000) (1024K)]
  0x00000292b7d9ca00 WatcherThread "VM Periodic Task Thread"        [id=16356, stack(0x000000eb16100000,0x000000eb16200000) (1024K)]
  0x00000292a1429e30 WorkerThread "GC Thread#0"                     [id=16224, stack(0x000000eb16000000,0x000000eb16100000) (1024K)]
  0x00000292849e2b00 WorkerThread "GC Thread#1"                     [id=7056, stack(0x000000eb17200000,0x000000eb17300000) (1024K)]
  0x00000292843c01f0 WorkerThread "GC Thread#2"                     [id=17972, stack(0x000000eb17300000,0x000000eb17400000) (1024K)]
  0x00000292843c0590 WorkerThread "GC Thread#3"                     [id=4256, stack(0x000000eb17400000,0x000000eb17500000) (1024K)]
  0x00000292843c0930 WorkerThread "GC Thread#4"                     [id=7960, stack(0x000000eb17500000,0x000000eb17600000) (1024K)]
  0x00000292847aa380 WorkerThread "GC Thread#5"                     [id=11700, stack(0x000000eb17600000,0x000000eb17700000) (1024K)]
  0x00000292847a9c40 WorkerThread "GC Thread#6"                     [id=17456, stack(0x000000eb17700000,0x000000eb17800000) (1024K)]
  0x00000292847aaac0 WorkerThread "GC Thread#7"                     [id=6196, stack(0x000000eb17a00000,0x000000eb17b00000) (1024K)]
  0x00000292847a9160 WorkerThread "GC Thread#8"                     [id=2528, stack(0x000000eb17e00000,0x000000eb17f00000) (1024K)]
  0x00000292847a9500 WorkerThread "GC Thread#9"                     [id=5644, stack(0x000000eb17f00000,0x000000eb18000000) (1024K)]
  0x00000292847a9fe0 WorkerThread "GC Thread#10"                    [id=3848, stack(0x000000eb18000000,0x000000eb18100000) (1024K)]
  0x00000292851a6e10 WorkerThread "GC Thread#11"                    [id=13076, stack(0x000000eb18300000,0x000000eb18400000) (1024K)]
  0x00000292851a9d30 WorkerThread "GC Thread#12"                    [id=2964, stack(0x000000eb18500000,0x000000eb18600000) (1024K)]
Total: 15

Threads with active compile tasks:
C2 CompilerThread0  13402 9424 %     4       org.eclipse.jdt.internal.core.search.indexing.BinaryIndexer::extractReferenceFromConstantPool @ 155 (358 bytes)
C2 CompilerThread1  13403 9474   !   4       java.nio.file.Files::readAllBytes (127 bytes)
C2 CompilerThread2  13403 9548       4       org.eclipse.jdt.internal.compiler.classfmt.MethodInfo::decodeCodeAttribute (143 bytes)
C2 CompilerThread3  13403 9525   !   4       org.eclipse.jdt.internal.core.search.indexing.BinaryIndexer::indexDocument (1172 bytes)
C2 CompilerThread4  13403 9472   !   4       org.eclipse.jdt.internal.compiler.util.JRTUtil::safeReadBytes (46 bytes)
C2 CompilerThread5  13403 9547       4       org.eclipse.jdt.internal.compiler.classfmt.FieldInfo::createField (450 bytes)
Total: 6

VM state: not at safepoint (normal execution)

VM Mutex/Monitor currently owned by a thread: None

Heap address: 0x0000000080000000, size: 2048 MB, Compressed Oops mode: 32-bit

CDS archive(s) mapped at: [0x00000292b8000000-0x00000292b8ba0000-0x00000292b8ba0000), size 12189696, SharedBaseAddress: 0x00000292b8000000, ArchiveRelocationMode: 1.
Compressed class space mapped at: 0x00000292b9000000-0x00000292f9000000, reserved size: 1073741824
Narrow klass base: 0x00000292b8000000, Narrow klass shift: 0, Narrow klass range: 0x100000000

GC Precious Log:
 CardTable entry size: 512
 CPUs: 16 total, 16 available
 Memory: 7514M
 Large Page Support: Disabled
 NUMA Support: Disabled
 Compressed Oops: Enabled (32-bit)
 Alignments: Space 512K, Generation 512K, Heap 2M
 Heap Min Capacity: 100M
 Heap Initial Capacity: 100M
 Heap Max Capacity: 2G
 Pre-touch: Disabled
 Parallel Workers: 13

Heap:
 PSYoungGen      total 5632K, used 3429K [0x00000000d5580000, 0x00000000d5c80000, 0x0000000100000000)
  eden space 4096K, 56% used [0x00000000d5580000,0x00000000d57c66a8,0x00000000d5980000)
  from space 1536K, 71% used [0x00000000d5b00000,0x00000000d5c13078,0x00000000d5c80000)
  to   space 1536K, 0% used [0x00000000d5980000,0x00000000d5980000,0x00000000d5b00000)
 ParOldGen       total 109056K, used 109001K [0x0000000080000000, 0x0000000086a80000, 0x00000000d5580000)
  object space 109056K, 99% used [0x0000000080000000,0x0000000086a725d8,0x0000000086a80000)
 Metaspace       used 60095K, committed 61568K, reserved 1114112K
  class space    used 6409K, committed 7040K, reserved 1048576K

Card table byte_map: [0x00000292a0dd0000,0x00000292a11e0000] _byte_map_base: 0x00000292a09d0000

Marking Bits: (ParMarkBitMap*) 0x00007ffe3d672460
 Begin Bits: [0x00000292b38c0000, 0x00000292b58c0000)
 End Bits:   [0x00000292b58c0000, 0x00000292b78c0000)

Polling page: 0x000002929f610000

Metaspace:

Usage:
  Non-class:     52.43 MB used.
      Class:      6.26 MB used.
       Both:     58.69 MB used.

Virtual space:
  Non-class space:       64.00 MB reserved,      53.25 MB ( 83%) committed,  1 nodes.
      Class space:        1.00 GB reserved,       6.88 MB ( <1%) committed,  1 nodes.
             Both:        1.06 GB reserved,      60.12 MB (  6%) committed. 

Chunk freelists:
   Non-Class:  10.20 MB
       Class:  9.17 MB
        Both:  19.37 MB

MaxMetaspaceSize: unlimited
CompressedClassSpaceSize: 1.00 GB
Initial GC threshold: 21.00 MB
Current GC threshold: 97.31 MB
CDS: on
 - commit_granule_bytes: 65536.
 - commit_granule_words: 8192.
 - virtual_space_node_default_size: 8388608.
 - enlarge_chunks_in_place: 1.
 - use_allocation_guard: 0.


Internal statistics:

num_allocs_failed_limit: 11.
num_arena_births: 1010.
num_arena_deaths: 28.
num_vsnodes_births: 2.
num_vsnodes_deaths: 0.
num_space_committed: 962.
num_space_uncommitted: 0.
num_chunks_returned_to_freelist: 41.
num_chunks_taken_from_freelist: 3829.
num_chunk_merges: 13.
num_chunk_splits: 2344.
num_chunks_enlarged: 1302.
num_inconsistent_stats: 0.

CodeHeap 'non-profiled nmethods': size=119168Kb used=6350Kb max_used=6350Kb free=112817Kb
 bounds [0x00000292ac1b0000, 0x00000292ac7f0000, 0x00000292b3610000]
CodeHeap 'profiled nmethods': size=119104Kb used=19109Kb max_used=19143Kb free=99994Kb
 bounds [0x00000292a4610000, 0x00000292a58d0000, 0x00000292aba60000]
CodeHeap 'non-nmethods': size=7488Kb used=2002Kb max_used=3243Kb free=5485Kb
 bounds [0x00000292aba60000, 0x00000292abda0000, 0x00000292ac1b0000]
CodeCache: size=245760Kb, used=27461Kb, max_used=28736Kb, free=218296Kb
 total_blobs=9425, nmethods=8670, adapters=660, full_count=0
Compilation: enabled, stopped_count=0, restarted_count=0

Compilation events (20 events):
Event: 12.326 Thread 0x0000029284ac0b20 nmethod 9527 0x00000292ac7d5310 code [0x00000292ac7d54c0, 0x00000292ac7d5768]
Event: 12.326 Thread 0x0000029284ac0b20 9534       4       org.eclipse.jdt.internal.core.search.indexing.AbstractIndexer::addFieldReference (6 bytes)
Event: 12.326 Thread 0x00000292fa648ff0 nmethod 9519 0x00000292ac7d5810 code [0x00000292ac7d5a20, 0x00000292ac7d6170]
Event: 12.327 Thread 0x00000292fa648ff0 9537       4       java.lang.invoke.DirectMethodHandle$Holder::invokeStatic (14 bytes)
Event: 12.328 Thread 0x00000292fa648ff0 nmethod 9537 0x00000292ac7d6810 code [0x00000292ac7d69a0, 0x00000292ac7d6a78]
Event: 12.328 Thread 0x00000292fa648ff0 9538       4       java.lang.invoke.DirectMethodHandle$Holder::invokeStatic (17 bytes)
Event: 12.329 Thread 0x00000292fa648ff0 nmethod 9538 0x00000292ac7d6b90 code [0x00000292ac7d6d20, 0x00000292ac7d6e08]
Event: 12.329 Thread 0x00000292fa648ff0 9539       4       java.lang.invoke.LambdaForm$MH/0x00000292b9017800::invoke (32 bytes)
Event: 12.330 Thread 0x0000029284ac0b20 nmethod 9534 0x00000292ac7d6f10 code [0x00000292ac7d70c0, 0x00000292ac7d7260]
Event: 12.330 Thread 0x0000029284ac0b20 9540       4       java.lang.invoke.DirectMethodHandle$Holder::invokeStatic (21 bytes)
Event: 12.331 Thread 0x0000029284ac0b20 nmethod 9540 0x00000292ac7d7490 code [0x00000292ac7d7620, 0x00000292ac7d7720]
Event: 12.331 Thread 0x00000292fa648ff0 nmethod 9539 0x00000292ac7d7810 code [0x00000292ac7d79c0, 0x00000292ac7d7b10]
Event: 12.331 Thread 0x0000029284ac0b20 9546       4       org.eclipse.jdt.internal.compiler.classfmt.ClassFileReader::isNestedType (11 bytes)
Event: 12.331 Thread 0x00000292fa648ff0 9523       4       org.eclipse.jdt.internal.compiler.util.CharArray::hashCode (8 bytes)
Event: 12.332 Thread 0x0000029284ac0b20 nmethod 9546 0x00000292ac7d7c90 code [0x00000292ac7d7e20, 0x00000292ac7d7eb0]
Event: 12.332 Thread 0x0000029284ac0b20 9473       4       java.nio.file.Files::newByteChannel (36 bytes)
Event: 12.332 Thread 0x00000292fa648ff0 nmethod 9523 0x00000292ac7d7f90 code [0x00000292ac7d8140, 0x00000292ac7d8408]
Event: 12.333 Thread 0x00000292fa648ff0 9474   !   4       java.nio.file.Files::readAllBytes (127 bytes)
Event: 12.342 Thread 0x0000029284ac0b20 nmethod 9473 0x00000292ac7d8510 code [0x00000292ac7d8780, 0x00000292ac7d8c40]
Event: 12.342 Thread 0x0000029284ac0b20 9472   !   4       org.eclipse.jdt.internal.compiler.util.JRTUtil::safeReadBytes (46 bytes)

GC Heap History (20 events):
Event: 12.130 GC heap before
{Heap before GC invocations=102 (full 3):
 PSYoungGen      total 5632K, used 5202K [0x00000000d5580000, 0x00000000d5c80000, 0x0000000100000000)
  eden space 4096K, 99% used [0x00000000d5580000,0x00000000d597bdf8,0x00000000d5980000)
  from space 1536K, 73% used [0x00000000d5b00000,0x00000000d5c18c98,0x00000000d5c80000)
  to   space 1536K, 0% used [0x00000000d5980000,0x00000000d5980000,0x00000000d5b00000)
 ParOldGen       total 99328K, used 99004K [0x0000000080000000, 0x0000000086100000, 0x00000000d5580000)
  object space 99328K, 99% used [0x0000000080000000,0x00000000860af3c0,0x0000000086100000)
 Metaspace       used 60006K, committed 61440K, reserved 1114112K
  class space    used 6403K, committed 6976K, reserved 1048576K
}
Event: 12.133 GC heap after
{Heap after GC invocations=102 (full 3):
 PSYoungGen      total 5632K, used 995K [0x00000000d5580000, 0x00000000d5c80000, 0x0000000100000000)
  eden space 4096K, 0% used [0x00000000d5580000,0x00000000d5580000,0x00000000d5980000)
  from space 1536K, 64% used [0x00000000d5980000,0x00000000d5a78e58,0x00000000d5b00000)
  to   space 1536K, 0% used [0x00000000d5b00000,0x00000000d5b00000,0x00000000d5c80000)
 ParOldGen       total 100352K, used 99901K [0x0000000080000000, 0x0000000086200000, 0x00000000d5580000)
  object space 100352K, 99% used [0x0000000080000000,0x000000008618f5e0,0x0000000086200000)
 Metaspace       used 60006K, committed 61440K, reserved 1114112K
  class space    used 6403K, committed 6976K, reserved 1048576K
}
Event: 12.158 GC heap before
{Heap before GC invocations=103 (full 3):
 PSYoungGen      total 5632K, used 5091K [0x00000000d5580000, 0x00000000d5c80000, 0x0000000100000000)
  eden space 4096K, 100% used [0x00000000d5580000,0x00000000d5980000,0x00000000d5980000)
  from space 1536K, 64% used [0x00000000d5980000,0x00000000d5a78e58,0x00000000d5b00000)
  to   space 1536K, 0% used [0x00000000d5b00000,0x00000000d5b00000,0x00000000d5c80000)
 ParOldGen       total 100352K, used 99901K [0x0000000080000000, 0x0000000086200000, 0x00000000d5580000)
  object space 100352K, 99% used [0x0000000080000000,0x000000008618f5e0,0x0000000086200000)
 Metaspace       used 60006K, committed 61440K, reserved 1114112K
  class space    used 6403K, committed 6976K, reserved 1048576K
}
Event: 12.160 GC heap after
{Heap after GC invocations=103 (full 3):
 PSYoungGen      total 5632K, used 1087K [0x00000000d5580000, 0x00000000d5c80000, 0x0000000100000000)
  eden space 4096K, 0% used [0x00000000d5580000,0x00000000d5580000,0x00000000d5980000)
  from space 1536K, 70% used [0x00000000d5b00000,0x00000000d5c0ffc8,0x00000000d5c80000)
  to   space 1536K, 0% used [0x00000000d5980000,0x00000000d5980000,0x00000000d5b00000)
 ParOldGen       total 100864K, used 100799K [0x0000000080000000, 0x0000000086280000, 0x00000000d5580000)
  object space 100864K, 99% used [0x0000000080000000,0x000000008626ff28,0x0000000086280000)
 Metaspace       used 60006K, committed 61440K, reserved 1114112K
  class space    used 6403K, committed 6976K, reserved 1048576K
}
Event: 12.186 GC heap before
{Heap before GC invocations=104 (full 3):
 PSYoungGen      total 5632K, used 5183K [0x00000000d5580000, 0x00000000d5c80000, 0x0000000100000000)
  eden space 4096K, 100% used [0x00000000d5580000,0x00000000d5980000,0x00000000d5980000)
  from space 1536K, 70% used [0x00000000d5b00000,0x00000000d5c0ffc8,0x00000000d5c80000)
  to   space 1536K, 0% used [0x00000000d5980000,0x00000000d5980000,0x00000000d5b00000)
 ParOldGen       total 100864K, used 100799K [0x0000000080000000, 0x0000000086280000, 0x00000000d5580000)
  object space 100864K, 99% used [0x0000000080000000,0x000000008626ff28,0x0000000086280000)
 Metaspace       used 60010K, committed 61440K, reserved 1114112K
  class space    used 6403K, committed 6976K, reserved 1048576K
}
Event: 12.188 GC heap after
{Heap after GC invocations=104 (full 3):
 PSYoungGen      total 5632K, used 992K [0x00000000d5580000, 0x00000000d5c80000, 0x0000000100000000)
  eden space 4096K, 0% used [0x00000000d5580000,0x00000000d5580000,0x00000000d5980000)
  from space 1536K, 64% used [0x00000000d5980000,0x00000000d5a78000,0x00000000d5b00000)
  to   space 1536K, 0% used [0x00000000d5b00000,0x00000000d5b00000,0x00000000d5c80000)
 ParOldGen       total 101888K, used 101687K [0x0000000080000000, 0x0000000086380000, 0x00000000d5580000)
  object space 101888K, 99% used [0x0000000080000000,0x000000008634dc00,0x0000000086380000)
 Metaspace       used 60010K, committed 61440K, reserved 1114112K
  class space    used 6403K, committed 6976K, reserved 1048576K
}
Event: 12.209 GC heap before
{Heap before GC invocations=105 (full 3):
 PSYoungGen      total 5632K, used 5088K [0x00000000d5580000, 0x00000000d5c80000, 0x0000000100000000)
  eden space 4096K, 100% used [0x00000000d5580000,0x00000000d5980000,0x00000000d5980000)
  from space 1536K, 64% used [0x00000000d5980000,0x00000000d5a78000,0x00000000d5b00000)
  to   space 1536K, 0% used [0x00000000d5b00000,0x00000000d5b00000,0x00000000d5c80000)
 ParOldGen       total 101888K, used 101687K [0x0000000080000000, 0x0000000086380000, 0x00000000d5580000)
  object space 101888K, 99% used [0x0000000080000000,0x000000008634dc00,0x0000000086380000)
 Metaspace       used 60058K, committed 61568K, reserved 1114112K
  class space    used 6406K, committed 7040K, reserved 1048576K
}
Event: 12.212 GC heap after
{Heap after GC invocations=105 (full 3):
 PSYoungGen      total 5120K, used 993K [0x00000000d5580000, 0x00000000d5c00000, 0x0000000100000000)
  eden space 4096K, 0% used [0x00000000d5580000,0x00000000d5580000,0x00000000d5980000)
  from space 1024K, 96% used [0x00000000d5b00000,0x00000000d5bf8448,0x00000000d5c00000)
  to   space 1024K, 0% used [0x00000000d5a00000,0x00000000d5a00000,0x00000000d5b00000)
 ParOldGen       total 102912K, used 102546K [0x0000000080000000, 0x0000000086480000, 0x00000000d5580000)
  object space 102912K, 99% used [0x0000000080000000,0x0000000086424878,0x0000000086480000)
 Metaspace       used 60058K, committed 61568K, reserved 1114112K
  class space    used 6406K, committed 7040K, reserved 1048576K
}
Event: 12.229 GC heap before
{Heap before GC invocations=106 (full 3):
 PSYoungGen      total 5120K, used 5089K [0x00000000d5580000, 0x00000000d5c00000, 0x0000000100000000)
  eden space 4096K, 100% used [0x00000000d5580000,0x00000000d5980000,0x00000000d5980000)
  from space 1024K, 96% used [0x00000000d5b00000,0x00000000d5bf8448,0x00000000d5c00000)
  to   space 1024K, 0% used [0x00000000d5a00000,0x00000000d5a00000,0x00000000d5b00000)
 ParOldGen       total 102912K, used 102546K [0x0000000080000000, 0x0000000086480000, 0x00000000d5580000)
  object space 102912K, 99% used [0x0000000080000000,0x0000000086424878,0x0000000086480000)
 Metaspace       used 60069K, committed 61568K, reserved 1114112K
  class space    used 6407K, committed 7040K, reserved 1048576K
}
Event: 12.231 GC heap after
{Heap after GC invocations=106 (full 3):
 PSYoungGen      total 5120K, used 1024K [0x00000000d5580000, 0x00000000d5c80000, 0x0000000100000000)
  eden space 4096K, 0% used [0x00000000d5580000,0x00000000d5580000,0x00000000d5980000)
  from space 1024K, 100% used [0x00000000d5a00000,0x00000000d5b00000,0x00000000d5b00000)
  to   space 1536K, 0% used [0x00000000d5b00000,0x00000000d5b00000,0x00000000d5c80000)
 ParOldGen       total 103424K, used 103360K [0x0000000080000000, 0x0000000086500000, 0x00000000d5580000)
  object space 103424K, 99% used [0x0000000080000000,0x00000000864f0138,0x0000000086500000)
 Metaspace       used 60069K, committed 61568K, reserved 1114112K
  class space    used 6407K, committed 7040K, reserved 1048576K
}
Event: 12.248 GC heap before
{Heap before GC invocations=107 (full 3):
 PSYoungGen      total 5120K, used 5120K [0x00000000d5580000, 0x00000000d5c80000, 0x0000000100000000)
  eden space 4096K, 100% used [0x00000000d5580000,0x00000000d5980000,0x00000000d5980000)
  from space 1024K, 100% used [0x00000000d5a00000,0x00000000d5b00000,0x00000000d5b00000)
  to   space 1536K, 0% used [0x00000000d5b00000,0x00000000d5b00000,0x00000000d5c80000)
 ParOldGen       total 103424K, used 103360K [0x0000000080000000, 0x0000000086500000, 0x00000000d5580000)
  object space 103424K, 99% used [0x0000000080000000,0x00000000864f0138,0x0000000086500000)
 Metaspace       used 60083K, committed 61568K, reserved 1114112K
  class space    used 6408K, committed 7040K, reserved 1048576K
}
Event: 12.250 GC heap after
{Heap after GC invocations=107 (full 3):
 PSYoungGen      total 5120K, used 768K [0x00000000d5580000, 0x00000000d5c00000, 0x0000000100000000)
  eden space 4096K, 0% used [0x00000000d5580000,0x00000000d5580000,0x00000000d5980000)
  from space 1024K, 75% used [0x00000000d5b00000,0x00000000d5bc0000,0x00000000d5c00000)
  to   space 1024K, 0% used [0x00000000d5a00000,0x00000000d5a00000,0x00000000d5b00000)
 ParOldGen       total 104448K, used 104031K [0x0000000080000000, 0x0000000086600000, 0x00000000d5580000)
  object space 104448K, 99% used [0x0000000080000000,0x0000000086597eb0,0x0000000086600000)
 Metaspace       used 60083K, committed 61568K, reserved 1114112K
  class space    used 6408K, committed 7040K, reserved 1048576K
}
Event: 12.273 GC heap before
{Heap before GC invocations=108 (full 3):
 PSYoungGen      total 5120K, used 4864K [0x00000000d5580000, 0x00000000d5c00000, 0x0000000100000000)
  eden space 4096K, 100% used [0x00000000d5580000,0x00000000d5980000,0x00000000d5980000)
  from space 1024K, 75% used [0x00000000d5b00000,0x00000000d5bc0000,0x00000000d5c00000)
  to   space 1024K, 0% used [0x00000000d5a00000,0x00000000d5a00000,0x00000000d5b00000)
 ParOldGen       total 104448K, used 104031K [0x0000000080000000, 0x0000000086600000, 0x00000000d5580000)
  object space 104448K, 99% used [0x0000000080000000,0x0000000086597eb0,0x0000000086600000)
 Metaspace       used 60088K, committed 61568K, reserved 1114112K
  class space    used 6408K, committed 7040K, reserved 1048576K
}
Event: 12.275 GC heap after
{Heap after GC invocations=108 (full 3):
 PSYoungGen      total 5120K, used 996K [0x00000000d5580000, 0x00000000d5d80000, 0x0000000100000000)
  eden space 4096K, 0% used [0x00000000d5580000,0x00000000d5580000,0x00000000d5980000)
  from space 1024K, 97% used [0x00000000d5a00000,0x00000000d5af9048,0x00000000d5b00000)
  to   space 2048K, 0% used [0x00000000d5b80000,0x00000000d5b80000,0x00000000d5d80000)
 ParOldGen       total 104960K, used 104806K [0x0000000080000000, 0x0000000086680000, 0x00000000d5580000)
  object space 104960K, 99% used [0x0000000080000000,0x0000000086659b28,0x0000000086680000)
 Metaspace       used 60088K, committed 61568K, reserved 1114112K
  class space    used 6408K, committed 7040K, reserved 1048576K
}
Event: 12.300 GC heap before
{Heap before GC invocations=109 (full 3):
 PSYoungGen      total 5120K, used 5092K [0x00000000d5580000, 0x00000000d5d80000, 0x0000000100000000)
  eden space 4096K, 100% used [0x00000000d5580000,0x00000000d5980000,0x00000000d5980000)
  from space 1024K, 97% used [0x00000000d5a00000,0x00000000d5af9048,0x00000000d5b00000)
  to   space 2048K, 0% used [0x00000000d5b80000,0x00000000d5b80000,0x00000000d5d80000)
 ParOldGen       total 104960K, used 104806K [0x0000000080000000, 0x0000000086680000, 0x00000000d5580000)
  object space 104960K, 99% used [0x0000000080000000,0x0000000086659b28,0x0000000086680000)
 Metaspace       used 60095K, committed 61568K, reserved 1114112K
  class space    used 6409K, committed 7040K, reserved 1048576K
}
Event: 12.302 GC heap after
{Heap after GC invocations=109 (full 3):
 PSYoungGen      total 5120K, used 924K [0x00000000d5580000, 0x00000000d5c80000, 0x0000000100000000)
  eden space 4096K, 0% used [0x00000000d5580000,0x00000000d5580000,0x00000000d5980000)
  from space 1024K, 90% used [0x00000000d5b80000,0x00000000d5c67010,0x00000000d5c80000)
  to   space 1536K, 0% used [0x00000000d5980000,0x00000000d5980000,0x00000000d5b00000)
 ParOldGen       total 105472K, used 105426K [0x0000000080000000, 0x0000000086700000, 0x00000000d5580000)
  object space 105472K, 99% used [0x0000000080000000,0x00000000866f4ad0,0x0000000086700000)
 Metaspace       used 60095K, committed 61568K, reserved 1114112K
  class space    used 6409K, committed 7040K, reserved 1048576K
}
Event: 12.323 GC heap before
{Heap before GC invocations=110 (full 3):
 PSYoungGen      total 5120K, used 5020K [0x00000000d5580000, 0x00000000d5c80000, 0x0000000100000000)
  eden space 4096K, 100% used [0x00000000d5580000,0x00000000d5980000,0x00000000d5980000)
  from space 1024K, 90% used [0x00000000d5b80000,0x00000000d5c67010,0x00000000d5c80000)
  to   space 1536K, 0% used [0x00000000d5980000,0x00000000d5980000,0x00000000d5b00000)
 ParOldGen       total 105472K, used 105426K [0x0000000080000000, 0x0000000086700000, 0x00000000d5580000)
  object space 105472K, 99% used [0x0000000080000000,0x00000000866f4ad0,0x0000000086700000)
 Metaspace       used 60095K, committed 61568K, reserved 1114112K
  class space    used 6409K, committed 7040K, reserved 1048576K
}
Event: 12.324 GC heap after
{Heap after GC invocations=110 (full 3):
 PSYoungGen      total 5632K, used 1029K [0x00000000d5580000, 0x00000000d5c80000, 0x0000000100000000)
  eden space 4096K, 0% used [0x00000000d5580000,0x00000000d5580000,0x00000000d5980000)
  from space 1536K, 67% used [0x00000000d5980000,0x00000000d5a81748,0x00000000d5b00000)
  to   space 1536K, 0% used [0x00000000d5b00000,0x00000000d5b00000,0x00000000d5c80000)
 ParOldGen       total 106496K, used 106132K [0x0000000080000000, 0x0000000086800000, 0x00000000d5580000)
  object space 106496K, 99% used [0x0000000080000000,0x00000000867a5280,0x0000000086800000)
 Metaspace       used 60095K, committed 61568K, reserved 1114112K
  class space    used 6409K, committed 7040K, reserved 1048576K
}
Event: 12.349 GC heap before
{Heap before GC invocations=111 (full 3):
 PSYoungGen      total 5632K, used 5125K [0x00000000d5580000, 0x00000000d5c80000, 0x0000000100000000)
  eden space 4096K, 100% used [0x00000000d5580000,0x00000000d5980000,0x00000000d5980000)
  from space 1536K, 67% used [0x00000000d5980000,0x00000000d5a81748,0x00000000d5b00000)
  to   space 1536K, 0% used [0x00000000d5b00000,0x00000000d5b00000,0x00000000d5c80000)
 ParOldGen       total 106496K, used 106132K [0x0000000080000000, 0x0000000086800000, 0x00000000d5580000)
  object space 106496K, 99% used [0x0000000080000000,0x00000000867a5280,0x0000000086800000)
 Metaspace       used 60095K, committed 61568K, reserved 1114112K
  class space    used 6409K, committed 7040K, reserved 1048576K
}
Event: 12.350 GC heap after
{Heap after GC invocations=111 (full 3):
 PSYoungGen      total 5632K, used 1280K [0x00000000d5580000, 0x00000000d5c80000, 0x0000000100000000)
  eden space 4096K, 0% used [0x00000000d5580000,0x00000000d5580000,0x00000000d5980000)
  from space 1536K, 83% used [0x00000000d5b00000,0x00000000d5c403f0,0x00000000d5c80000)
  to   space 1536K, 0% used [0x00000000d5980000,0x00000000d5980000,0x00000000d5b00000)
 ParOldGen       total 107520K, used 107018K [0x0000000080000000, 0x0000000086900000, 0x00000000d5580000)
  object space 107520K, 99% used [0x0000000080000000,0x0000000086882ad0,0x0000000086900000)
 Metaspace       used 60095K, committed 61568K, reserved 1114112K
  class space    used 6409K, committed 7040K, reserved 1048576K
}

Dll operation events (10 events):
Event: 0.011 Loaded shared library c:\Users\Aurora  N. Postrado\.vscode\extensions\redhat.java-1.50.0-win32-x64\jre\21.0.9-win32-x86_64\bin\java.dll
Event: 0.075 Loaded shared library c:\Users\Aurora  N. Postrado\.vscode\extensions\redhat.java-1.50.0-win32-x64\jre\21.0.9-win32-x86_64\bin\zip.dll
Event: 0.097 Loaded shared library C:\Users\Aurora  N. Postrado\.vscode\extensions\redhat.java-1.50.0-win32-x64\jre\21.0.9-win32-x86_64\bin\instrument.dll
Event: 0.102 Loaded shared library C:\Users\Aurora  N. Postrado\.vscode\extensions\redhat.java-1.50.0-win32-x64\jre\21.0.9-win32-x86_64\bin\net.dll
Event: 0.104 Loaded shared library C:\Users\Aurora  N. Postrado\.vscode\extensions\redhat.java-1.50.0-win32-x64\jre\21.0.9-win32-x86_64\bin\nio.dll
Event: 0.107 Loaded shared library C:\Users\Aurora  N. Postrado\.vscode\extensions\redhat.java-1.50.0-win32-x64\jre\21.0.9-win32-x86_64\bin\zip.dll
Event: 0.128 Loaded shared library C:\Users\Aurora  N. Postrado\.vscode\extensions\redhat.java-1.50.0-win32-x64\jre\21.0.9-win32-x86_64\bin\jimage.dll
Event: 0.198 Loaded shared library c:\Users\Aurora  N. Postrado\.vscode\extensions\redhat.java-1.50.0-win32-x64\jre\21.0.9-win32-x86_64\bin\verify.dll
Event: 1.240 Loaded shared library C:\Users\Aurora  N. Postrado\AppData\Roaming\Code\User\globalStorage\redhat.java\1.50.0\config_win\org.eclipse.equinox.launcher\org.eclipse.equinox.launcher.win32.win32.x86_64_1.2.1400.v20250801-0854\eclipse_11916.dll
Event: 2.665 Loaded shared library C:\Users\Aurora  N. Postrado\AppData\Local\Temp\jna-614272698\jna13319918133325349503.dll

Deoptimization events (20 events):
Event: 12.281 Thread 0x00000292848ec220 DEOPT PACKING pc=0x00000292a5719583 sp=0x000000eb189fe4b0
Event: 12.281 Thread 0x00000292848ec220 DEOPT UNPACKING pc=0x00000292abab4242 sp=0x000000eb189fda30 mode 0
Event: 12.290 Thread 0x00000292848ec220 DEOPT PACKING pc=0x00000292a5719583 sp=0x000000eb189fe4b0
Event: 12.290 Thread 0x00000292848ec220 DEOPT UNPACKING pc=0x00000292abab4242 sp=0x000000eb189fda30 mode 0
Event: 12.298 Thread 0x00000292848ec220 DEOPT PACKING pc=0x00000292a5719583 sp=0x000000eb189fe4b0
Event: 12.298 Thread 0x00000292848ec220 DEOPT UNPACKING pc=0x00000292abab4242 sp=0x000000eb189fda30 mode 0
Event: 12.306 Thread 0x00000292848ec220 DEOPT PACKING pc=0x00000292a5719583 sp=0x000000eb189fe4b0
Event: 12.306 Thread 0x00000292848ec220 DEOPT UNPACKING pc=0x00000292abab4242 sp=0x000000eb189fda30 mode 0
Event: 12.321 Thread 0x00000292848ec220 DEOPT PACKING pc=0x00000292a5719583 sp=0x000000eb189fe4b0
Event: 12.321 Thread 0x00000292848ec220 DEOPT UNPACKING pc=0x00000292abab4242 sp=0x000000eb189fda30 mode 0
Event: 12.329 Thread 0x00000292848ec220 DEOPT PACKING pc=0x00000292a5719583 sp=0x000000eb189fe4b0
Event: 12.329 Thread 0x00000292848ec220 DEOPT UNPACKING pc=0x00000292abab4242 sp=0x000000eb189fda30 mode 0
Event: 12.333 Thread 0x00000292848ec220 DEOPT PACKING pc=0x00000292a5719583 sp=0x000000eb189fe4b0
Event: 12.333 Thread 0x00000292848ec220 DEOPT UNPACKING pc=0x00000292abab4242 sp=0x000000eb189fda30 mode 0
Event: 12.336 Thread 0x00000292848ec220 DEOPT PACKING pc=0x00000292a5719583 sp=0x000000eb189fe4b0
Event: 12.336 Thread 0x00000292848ec220 DEOPT UNPACKING pc=0x00000292abab4242 sp=0x000000eb189fda30 mode 0
Event: 12.340 Thread 0x00000292848ec220 DEOPT PACKING pc=0x00000292a5719583 sp=0x000000eb189fe4b0
Event: 12.340 Thread 0x00000292848ec220 DEOPT UNPACKING pc=0x00000292abab4242 sp=0x000000eb189fda30 mode 0
Event: 12.356 Thread 0x00000292848ec220 DEOPT PACKING pc=0x00000292a57197a8 sp=0x000000eb189fe4b0
Event: 12.356 Thread 0x00000292848ec220 DEOPT UNPACKING pc=0x00000292abab4242 sp=0x000000eb189fda30 mode 0

Classes loaded (20 events):
Event: 10.093 Loading class java/lang/UnsupportedClassVersionError
Event: 10.093 Loading class java/lang/UnsupportedClassVersionError done
Event: 10.698 Loading class java/util/Collections$SynchronizedRandomAccessList
Event: 10.698 Loading class java/util/Collections$SynchronizedList
Event: 10.698 Loading class java/util/Collections$SynchronizedList done
Event: 10.698 Loading class java/util/Collections$SynchronizedRandomAccessList done
Event: 10.843 Loading class java/util/concurrent/CompletableFuture$Signaller
Event: 10.843 Loading class java/util/concurrent/CompletableFuture$Signaller done
Event: 10.849 Loading class java/nio/charset/CharacterCodingException
Event: 10.849 Loading class java/nio/charset/CharacterCodingException done
Event: 10.849 Loading class java/io/SequenceInputStream
Event: 10.850 Loading class java/io/SequenceInputStream done
Event: 11.266 Loading class java/util/concurrent/CompletableFuture$UniApply
Event: 11.267 Loading class java/util/concurrent/CompletableFuture$UniApply done
Event: 11.268 Loading class java/util/concurrent/CompletableFuture$UniExceptionally
Event: 11.269 Loading class java/util/concurrent/CompletableFuture$UniExceptionally done
Event: 11.409 Loading class java/util/Hashtable$KeySet
Event: 11.412 Loading class java/util/Hashtable$KeySet done
Event: 11.558 Loading class java/util/HashMap$EntrySpliterator
Event: 11.559 Loading class java/util/HashMap$EntrySpliterator done

Classes unloaded (14 events):
Event: 3.336 Thread 0x00000292a14ce7f0 Unloading class 0x00000292b91ab800 'java/lang/invoke/LambdaForm$MH+0x00000292b91ab800'
Event: 3.336 Thread 0x00000292a14ce7f0 Unloading class 0x00000292b91ab400 'java/lang/invoke/LambdaForm$MH+0x00000292b91ab400'
Event: 3.336 Thread 0x00000292a14ce7f0 Unloading class 0x00000292b91ab000 'java/lang/invoke/LambdaForm$MH+0x00000292b91ab000'
Event: 3.336 Thread 0x00000292a14ce7f0 Unloading class 0x00000292b91aac00 'java/lang/invoke/LambdaForm$MH+0x00000292b91aac00'
Event: 3.336 Thread 0x00000292a14ce7f0 Unloading class 0x00000292b91aa800 'java/lang/invoke/LambdaForm$BMH+0x00000292b91aa800'
Event: 3.336 Thread 0x00000292a14ce7f0 Unloading class 0x00000292b91aa400 'java/lang/invoke/LambdaForm$DMH+0x00000292b91aa400'
Event: 3.336 Thread 0x00000292a14ce7f0 Unloading class 0x00000292b91a9000 'java/lang/invoke/LambdaForm$DMH+0x00000292b91a9000'
Event: 4.702 Thread 0x00000292a14ce7f0 Unloading class 0x00000292b93b5000 'java/lang/invoke/LambdaForm$MH+0x00000292b93b5000'
Event: 4.702 Thread 0x00000292a14ce7f0 Unloading class 0x00000292b93b4000 'java/lang/invoke/LambdaForm$MH+0x00000292b93b4000'
Event: 4.702 Thread 0x00000292a14ce7f0 Unloading class 0x00000292b93b3400 'java/lang/invoke/LambdaForm$MH+0x00000292b93b3400'
Event: 4.702 Thread 0x00000292a14ce7f0 Unloading class 0x00000292b93b3000 'java/lang/invoke/LambdaForm$DMH+0x00000292b93b3000'
Event: 4.702 Thread 0x00000292a14ce7f0 Unloading class 0x00000292b93b2400 'java/lang/invoke/LambdaForm$MH+0x00000292b93b2400'
Event: 4.702 Thread 0x00000292a14ce7f0 Unloading class 0x00000292b93a5c00 'java/lang/invoke/LambdaForm$MH+0x00000292b93a5c00'
Event: 4.702 Thread 0x00000292a14ce7f0 Unloading class 0x00000292b93a5400 'java/lang/invoke/LambdaForm$MH+0x00000292b93a5400'

Classes redefined (0 events):
No events

Internal exceptions (20 events):
Event: 11.646 Thread 0x00000292848ecf40 Exception <a 'java/lang/NullPointerException'{0x00000000d5897b18}> (0x00000000d5897b18) 
thrown [s\src\hotspot\share\interpreter\linkResolver.cpp, line 1372]
Event: 11.646 Thread 0x00000292848ecf40 Exception <a 'java/lang/NullPointerException'{0x00000000d58982a0}> (0x00000000d58982a0) 
thrown [s\src\hotspot\share\interpreter\linkResolver.cpp, line 1372]
Event: 11.647 Thread 0x00000292848ecf40 Exception <a 'java/lang/NullPointerException'{0x00000000d58e0380}> (0x00000000d58e0380) 
thrown [s\src\hotspot\share\interpreter\linkResolver.cpp, line 1372]
Event: 11.648 Thread 0x00000292848ecf40 Exception <a 'java/lang/NullPointerException'{0x00000000d58e1368}> (0x00000000d58e1368) 
thrown [s\src\hotspot\share\interpreter\linkResolver.cpp, line 1372]
Event: 11.649 Thread 0x00000292848ecf40 Exception <a 'java/lang/NullPointerException'{0x00000000d5913bf0}> (0x00000000d5913bf0) 
thrown [s\src\hotspot\share\interpreter\linkResolver.cpp, line 1372]
Event: 11.650 Thread 0x00000292848ecf40 Exception <a 'java/lang/NullPointerException'{0x00000000d5914898}> (0x00000000d5914898) 
thrown [s\src\hotspot\share\interpreter\linkResolver.cpp, line 1372]
Event: 11.650 Thread 0x00000292848ecf40 Exception <a 'java/lang/NullPointerException'{0x00000000d5915058}> (0x00000000d5915058) 
thrown [s\src\hotspot\share\interpreter\linkResolver.cpp, line 1372]
Event: 11.652 Thread 0x00000292848ecf40 Exception <a 'java/lang/NullPointerException'{0x00000000d5959d50}> (0x00000000d5959d50) 
thrown [s\src\hotspot\share\interpreter\linkResolver.cpp, line 1372]
Event: 11.654 Thread 0x00000292848ecf40 Exception <a 'java/lang/NullPointerException'{0x00000000d595a860}> (0x00000000d595a860) 
thrown [s\src\hotspot\share\interpreter\linkResolver.cpp, line 1372]
Event: 11.659 Thread 0x00000292848ecf40 Exception <a 'java/lang/NullPointerException'{0x00000000d5b0aa58}> (0x00000000d5b0aa58) 
thrown [s\src\hotspot\share\interpreter\linkResolver.cpp, line 1372]
Event: 11.661 Thread 0x00000292848ecf40 Exception <a 'java/lang/NullPointerException'{0x00000000d55b5ef8}> (0x00000000d55b5ef8) 
thrown [s\src\hotspot\share\interpreter\linkResolver.cpp, line 1372]
Event: 11.662 Thread 0x00000292848ecf40 Exception <a 'java/lang/NullPointerException'{0x00000000d55fc1b8}> (0x00000000d55fc1b8) 
thrown [s\src\hotspot\share\interpreter\linkResolver.cpp, line 1372]
Event: 11.663 Thread 0x00000292848ecf40 Exception <a 'java/lang/NullPointerException'{0x00000000d55fcf48}> (0x00000000d55fcf48) 
thrown [s\src\hotspot\share\interpreter\linkResolver.cpp, line 1372]
Event: 11.663 Thread 0x00000292848ecf40 Exception <a 'java/lang/NullPointerException'{0x00000000d56318c8}> (0x00000000d56318c8) 
thrown [s\src\hotspot\share\interpreter\linkResolver.cpp, line 1372]
Event: 11.664 Thread 0x00000292848ecf40 Exception <a 'java/lang/NullPointerException'{0x00000000d5632c98}> (0x00000000d5632c98) 
thrown [s\src\hotspot\share\interpreter\linkResolver.cpp, line 1372]
Event: 11.664 Thread 0x00000292848ecf40 Exception <a 'java/lang/NullPointerException'{0x00000000d5655d78}> (0x00000000d5655d78) 
thrown [s\src\hotspot\share\interpreter\linkResolver.cpp, line 1372]
Event: 11.664 Thread 0x00000292848ecf40 Exception <a 'java/lang/NullPointerException'{0x00000000d56567c0}> (0x00000000d56567c0) 
thrown [s\src\hotspot\share\interpreter\linkResolver.cpp, line 1372]
Event: 11.726 Thread 0x00000292848ecf40 Exception <a 'java/lang/NoSuchMethodError'{0x00000000d57a2e40}: 'java.lang.Object java.lang.invoke.DirectMethodHandle$Holder.invokeStatic(java.lang.Object, java.lang.Object, int, java.lang.Object)'> (0x00000000d57a2e40) 
thrown [s\src\hotspot\share\interpreter\linkResolver.cpp, line 773]
Event: 11.728 Thread 0x00000292848ecf40 Exception <a 'java/lang/NoSuchMethodError'{0x00000000d57dfb08}: 'java.lang.Object java.lang.invoke.DirectMethodHandle$Holder.newInvokeSpecial(java.lang.Object, java.lang.Object, int)'> (0x00000000d57dfb08) 
thrown [s\src\hotspot\share\interpreter\linkResolver.cpp, line 773]
Event: 12.254 Thread 0x00000292848ec220 Implicit null exception at 0x00000292ac7aec3e to 0x00000292ac7b5b60

ZGC Phase Switch (0 events):
No events

VM Operations (20 events):
Event: 12.130 Executing VM operation: ParallelGCFailedAllocation (Allocation Failure)
Event: 12.133 Executing VM operation: ParallelGCFailedAllocation (Allocation Failure) done
Event: 12.158 Executing VM operation: ParallelGCFailedAllocation (Allocation Failure)
Event: 12.160 Executing VM operation: ParallelGCFailedAllocation (Allocation Failure) done
Event: 12.186 Executing VM operation: ParallelGCFailedAllocation (Allocation Failure)
Event: 12.189 Executing VM operation: ParallelGCFailedAllocation (Allocation Failure) done
Event: 12.208 Executing VM operation: ParallelGCFailedAllocation (Allocation Failure)
Event: 12.212 Executing VM operation: ParallelGCFailedAllocation (Allocation Failure) done
Event: 12.229 Executing VM operation: ParallelGCFailedAllocation (Allocation Failure)
Event: 12.231 Executing VM operation: ParallelGCFailedAllocation (Allocation Failure) done
Event: 12.248 Executing VM operation: ParallelGCFailedAllocation (Allocation Failure)
Event: 12.251 Executing VM operation: ParallelGCFailedAllocation (Allocation Failure) done
Event: 12.273 Executing VM operation: ParallelGCFailedAllocation (Allocation Failure)
Event: 12.275 Executing VM operation: ParallelGCFailedAllocation (Allocation Failure) done
Event: 12.299 Executing VM operation: ParallelGCFailedAllocation (Allocation Failure)
Event: 12.302 Executing VM operation: ParallelGCFailedAllocation (Allocation Failure) done
Event: 12.323 Executing VM operation: ParallelGCFailedAllocation (Allocation Failure)
Event: 12.324 Executing VM operation: ParallelGCFailedAllocation (Allocation Failure) done
Event: 12.349 Executing VM operation: ParallelGCFailedAllocation (Allocation Failure)
Event: 12.350 Executing VM operation: ParallelGCFailedAllocation (Allocation Failure) done

Memory protections (0 events):
No events

Nmethod flushes (20 events):
Event: 10.922 Thread 0x00000292a14ce7f0 flushing  nmethod 0x00000292a5041410
Event: 10.922 Thread 0x00000292a14ce7f0 flushing  nmethod 0x00000292a5041a10
Event: 10.922 Thread 0x00000292a14ce7f0 flushing  nmethod 0x00000292a5042290
Event: 10.922 Thread 0x00000292a14ce7f0 flushing  nmethod 0x00000292a5042610
Event: 10.922 Thread 0x00000292a14ce7f0 flushing  nmethod 0x00000292a5046190
Event: 10.922 Thread 0x00000292a14ce7f0 flushing  nmethod 0x00000292a5053c90
Event: 10.922 Thread 0x00000292a14ce7f0 flushing  nmethod 0x00000292a5073190
Event: 10.922 Thread 0x00000292a14ce7f0 flushing  nmethod 0x00000292a507dc10
Event: 10.922 Thread 0x00000292a14ce7f0 flushing  nmethod 0x00000292a50a0310
Event: 10.922 Thread 0x00000292a14ce7f0 flushing  nmethod 0x00000292a50d0810
Event: 10.922 Thread 0x00000292a14ce7f0 flushing  nmethod 0x00000292a50d1010
Event: 10.922 Thread 0x00000292a14ce7f0 flushing  nmethod 0x00000292a50d1a90
Event: 10.922 Thread 0x00000292a14ce7f0 flushing  nmethod 0x00000292a50d2a10
Event: 10.922 Thread 0x00000292a14ce7f0 flushing  nmethod 0x00000292a50d3690
Event: 10.922 Thread 0x00000292a14ce7f0 flushing  nmethod 0x00000292a50da390
Event: 10.922 Thread 0x00000292a14ce7f0 flushing  nmethod 0x00000292a50dc210
Event: 10.922 Thread 0x00000292a14ce7f0 flushing  nmethod 0x00000292a5116b90
Event: 10.922 Thread 0x00000292a14ce7f0 flushing  nmethod 0x00000292a512d310
Event: 10.922 Thread 0x00000292a14ce7f0 flushing  nmethod 0x00000292a512f310
Event: 10.922 Thread 0x00000292a14ce7f0 flushing  nmethod 0x00000292a5137410

Events (20 events):
Event: 6.264 Thread 0x0000029291c97a10 Thread added: 0x0000029292d4ac40
Event: 7.228 Thread 0x0000029284ac0b20 Thread exited: 0x0000029284ac0b20
Event: 7.430 Thread 0x00000292848edc60 Thread added: 0x0000029292d4e750
Event: 7.844 Thread 0x00000292848edc60 Thread added: 0x0000029292d4b2d0
Event: 7.845 Thread 0x00000292848edc60 Thread added: 0x0000029292d4cd10
Event: 7.845 Thread 0x00000292848edc60 Thread added: 0x0000029292d4bff0
Event: 7.846 Thread 0x00000292848edc60 Thread added: 0x0000029292d4da30
Event: 7.846 Thread 0x00000292848edc60 Thread added: 0x0000029292d4d3a0
Event: 7.857 Thread 0x00000292848edc60 Thread added: 0x0000029292d4ede0
Event: 7.919 Thread 0x00000292848edc60 Thread added: 0x0000029292d4b960
Event: 7.925 Thread 0x00000292848edc60 Thread added: 0x0000029292d4f470
Event: 8.222 Thread 0x0000029291dc1c80 Thread exited: 0x0000029291dc1c80
Event: 8.227 Thread 0x00000292879630d0 Thread exited: 0x00000292879630d0
Event: 8.618 Thread 0x0000029286575fb0 Thread exited: 0x0000029286575fb0
Event: 9.649 Thread 0x00000292fa50f840 Thread added: 0x00000292879630d0
Event: 9.765 Thread 0x00000292fa603d30 Thread added: 0x0000029284ac0b20
Event: 9.803 Thread 0x00000292fa6083e0 Thread added: 0x0000029286277c80
Event: 11.268 Thread 0x0000029291c95fd0 Thread added: 0x00000292932d18c0
Event: 11.278 Thread 0x0000029291c95fd0 Thread added: 0x00000292932d46b0
Event: 11.284 Thread 0x0000029291c95fd0 Thread added: 0x00000292932d2c70


Dynamic libraries:
0x00007ff77e740000 - 0x00007ff77e74e000 	c:\Users\Aurora  N. Postrado\.vscode\extensions\redhat.java-1.50.0-win32-x64\jre\21.0.9-win32-x86_64\bin\java.exe
0x00007ffedc8c0000 - 0x00007ffedcb27000 	C:\WINDOWS\SYSTEM32\ntdll.dll
0x00007ffedae50000 - 0x00007ffedaf19000 	C:\WINDOWS\System32\KERNEL32.DLL
0x00007ffed9a10000 - 0x00007ffed9dff000 	C:\WINDOWS\System32\KERNELBASE.dll
0x00007ffed9e10000 - 0x00007ffed9f5b000 	C:\WINDOWS\System32\ucrtbase.dll
0x00007ffed6b00000 - 0x00007ffed6b1e000 	c:\Users\Aurora  N. Postrado\.vscode\extensions\redhat.java-1.50.0-win32-x64\jre\21.0.9-win32-x86_64\bin\VCRUNTIME140.dll
0x00007ffed6b20000 - 0x00007ffed6b38000 	c:\Users\Aurora  N. Postrado\.vscode\extensions\redhat.java-1.50.0-win32-x64\jre\21.0.9-win32-x86_64\bin\jli.dll
0x00007ffedc680000 - 0x00007ffedc845000 	C:\WINDOWS\System32\USER32.dll
0x00007ffec8ed0000 - 0x00007ffec9163000 	C:\WINDOWS\WinSxS\amd64_microsoft.windows.common-controls_6595b64144ccf1df_6.0.26100.7309_none_3e05feeae336a044\COMCTL32.dll
0x00007ffeda4b0000 - 0x00007ffeda4d7000 	C:\WINDOWS\System32\win32u.dll
0x00007ffedbe10000 - 0x00007ffedbeb9000 	C:\WINDOWS\System32\msvcrt.dll
0x00007ffedb740000 - 0x00007ffedb76b000 	C:\WINDOWS\System32\GDI32.dll
0x00007ffed9f60000 - 0x00007ffeda08c000 	C:\WINDOWS\System32\gdi32full.dll
0x00007ffeda400000 - 0x00007ffeda4a3000 	C:\WINDOWS\System32\msvcp_win.dll
0x00007ffedb7e0000 - 0x00007ffedb811000 	C:\WINDOWS\System32\IMM32.DLL
0x00007ffed6ba0000 - 0x00007ffed6bac000 	c:\Users\Aurora  N. Postrado\.vscode\extensions\redhat.java-1.50.0-win32-x64\jre\21.0.9-win32-x86_64\bin\vcruntime140_1.dll
0x00007ffecd500000 - 0x00007ffecd58d000 	c:\Users\Aurora  N. Postrado\.vscode\extensions\redhat.java-1.50.0-win32-x64\jre\21.0.9-win32-x86_64\bin\msvcp140.dll
0x00007ffe3c9b0000 - 0x00007ffe3d750000 	c:\Users\Aurora  N. Postrado\.vscode\extensions\redhat.java-1.50.0-win32-x64\jre\21.0.9-win32-x86_64\bin\server\jvm.dll
0x00007ffedb680000 - 0x00007ffedb734000 	C:\WINDOWS\System32\ADVAPI32.dll
0x00007ffedc130000 - 0x00007ffedc1d6000 	C:\WINDOWS\System32\sechost.dll
0x00007ffedab00000 - 0x00007ffedac18000 	C:\WINDOWS\System32\RPCRT4.dll
0x00007ffedbec0000 - 0x00007ffedbf34000 	C:\WINDOWS\System32\WS2_32.dll
0x00007ffed3020000 - 0x00007ffed3055000 	C:\WINDOWS\SYSTEM32\WINMM.dll
0x00007ffed9870000 - 0x00007ffed98ce000 	C:\WINDOWS\SYSTEM32\POWRPROF.dll
0x00007ffed3060000 - 0x00007ffed306b000 	C:\WINDOWS\SYSTEM32\VERSION.dll
0x00007ffed9850000 - 0x00007ffed9864000 	C:\WINDOWS\SYSTEM32\UMPDC.dll
0x00007ffed87c0000 - 0x00007ffed87db000 	C:\WINDOWS\SYSTEM32\kernel.appcore.dll
0x00007ffed4ab0000 - 0x00007ffed4aba000 	c:\Users\Aurora  N. Postrado\.vscode\extensions\redhat.java-1.50.0-win32-x64\jre\21.0.9-win32-x86_64\bin\jimage.dll
0x00007ffecf7c0000 - 0x00007ffecfa02000 	C:\WINDOWS\SYSTEM32\DBGHELP.DLL
0x00007ffedb920000 - 0x00007ffedbca6000 	C:\WINDOWS\System32\combase.dll
0x00007ffedbcb0000 - 0x00007ffedbd86000 	C:\WINDOWS\System32\OLEAUT32.dll
0x00007ffeb4c00000 - 0x00007ffeb4c3c000 	C:\WINDOWS\SYSTEM32\dbgcore.DLL
0x00007ffeda120000 - 0x00007ffeda1c5000 	C:\WINDOWS\System32\bcryptPrimitives.dll
0x00007ffed32e0000 - 0x00007ffed32ef000 	c:\Users\Aurora  N. Postrado\.vscode\extensions\redhat.java-1.50.0-win32-x64\jre\21.0.9-win32-x86_64\bin\instrument.dll
0x00007ffecd4e0000 - 0x00007ffecd500000 	c:\Users\Aurora  N. Postrado\.vscode\extensions\redhat.java-1.50.0-win32-x64\jre\21.0.9-win32-x86_64\bin\java.dll
0x00007ffedaf20000 - 0x00007ffedb673000 	C:\WINDOWS\System32\SHELL32.dll
0x00007ffeda1d0000 - 0x00007ffeda33a000 	C:\WINDOWS\System32\wintypes.dll
0x00007ffed7650000 - 0x00007ffed7eae000 	C:\WINDOWS\SYSTEM32\windows.storage.dll
0x00007ffedb820000 - 0x00007ffedb914000 	C:\WINDOWS\System32\SHCORE.dll
0x00007ffedb770000 - 0x00007ffedb7d6000 	C:\WINDOWS\System32\shlwapi.dll
0x00007ffed9930000 - 0x00007ffed9959000 	C:\WINDOWS\SYSTEM32\profapi.dll
0x00007ffecd4c0000 - 0x00007ffecd4d8000 	c:\Users\Aurora  N. Postrado\.vscode\extensions\redhat.java-1.50.0-win32-x64\jre\21.0.9-win32-x86_64\bin\zip.dll
0x00007ffecd4b0000 - 0x00007ffecd4c0000 	C:\Users\Aurora  N. Postrado\.vscode\extensions\redhat.java-1.50.0-win32-x64\jre\21.0.9-win32-x86_64\bin\net.dll
0x00007ffed0710000 - 0x00007ffed0838000 	C:\WINDOWS\SYSTEM32\WINHTTP.dll
0x00007ffed8d30000 - 0x00007ffed8d9b000 	C:\WINDOWS\system32\mswsock.dll
0x00007ffecd490000 - 0x00007ffecd4a6000 	C:\Users\Aurora  N. Postrado\.vscode\extensions\redhat.java-1.50.0-win32-x64\jre\21.0.9-win32-x86_64\bin\nio.dll
0x00007ffecd480000 - 0x00007ffecd490000 	c:\Users\Aurora  N. Postrado\.vscode\extensions\redhat.java-1.50.0-win32-x64\jre\21.0.9-win32-x86_64\bin\verify.dll
0x00007ffebc5e0000 - 0x00007ffebc624000 	C:\Users\Aurora  N. Postrado\AppData\Roaming\Code\User\globalStorage\redhat.java\1.50.0\config_win\org.eclipse.equinox.launcher\org.eclipse.equinox.launcher.win32.win32.x86_64_1.2.1400.v20250801-0854\eclipse_11916.dll
0x00007ffedc4c0000 - 0x00007ffedc657000 	C:\WINDOWS\System32\ole32.dll
0x00007ffed8ff0000 - 0x00007ffed900b000 	C:\WINDOWS\SYSTEM32\CRYPTSP.dll
0x00007ffed8720000 - 0x00007ffed875a000 	C:\WINDOWS\system32\rsaenh.dll
0x00007ffed8de0000 - 0x00007ffed8e0b000 	C:\WINDOWS\SYSTEM32\USERENV.dll
0x00007ffed9900000 - 0x00007ffed992a000 	C:\WINDOWS\SYSTEM32\bcrypt.dll
0x00007ffed9010000 - 0x00007ffed901c000 	C:\WINDOWS\SYSTEM32\CRYPTBASE.dll
0x00007ffed81d0000 - 0x00007ffed8204000 	C:\WINDOWS\SYSTEM32\IPHLPAPI.DLL
0x00007ffedc030000 - 0x00007ffedc03a000 	C:\WINDOWS\System32\NSI.dll
0x00007ffebbae0000 - 0x00007ffebbb29000 	C:\Users\Aurora  N. Postrado\AppData\Local\Temp\jna-614272698\jna13319918133325349503.dll
0x00007ffedaaf0000 - 0x00007ffedaaf8000 	C:\WINDOWS\System32\PSAPI.DLL
0x00007ffed06e0000 - 0x00007ffed06fe000 	C:\WINDOWS\SYSTEM32\dhcpcsvc6.DLL
0x00007ffed06b0000 - 0x00007ffed06d3000 	C:\WINDOWS\SYSTEM32\dhcpcsvc.DLL

JVMTI agents:
c:\Users\Aurora  N. Postrado\.vscode\extensions\redhat.java-1.50.0-win32-x64\lombok\lombok-1.18.39-4050.jar path:c:\Users\Aurora  N. Postrado\.vscode\extensions\redhat.java-1.50.0-win32-x64\jre\21.0.9-win32-x86_64\bin\instrument.dll, loaded, initialized, instrumentlib options:none

dbghelp: loaded successfully - version: 4.0.5 - missing functions: none
symbol engine: initialized successfully - sym options: 0x614 - pdb path: .;c:\Users\Aurora  N. Postrado\.vscode\extensions\redhat.java-1.50.0-win32-x64\jre\21.0.9-win32-x86_64\bin;C:\WINDOWS\SYSTEM32;C:\WINDOWS\WinSxS\amd64_microsoft.windows.common-controls_6595b64144ccf1df_6.0.26100.7309_none_3e05feeae336a044;c:\Users\Aurora  N. Postrado\.vscode\extensions\redhat.java-1.50.0-win32-x64\jre\21.0.9-win32-x86_64\bin\server;C:\Users\Aurora  N. Postrado\AppData\Roaming\Code\User\globalStorage\redhat.java\1.50.0\config_win\org.eclipse.equinox.launcher\org.eclipse.equinox.launcher.win32.win32.x86_64_1.2.1400.v20250801-0854;C:\Users\Aurora  N. Postrado\AppData\Local\Temp\jna-614272698

VM Arguments:
jvm_args: --add-modules=ALL-SYSTEM --add-opens=java.base/java.util=ALL-UNNAMED --add-opens=java.base/java.lang=ALL-UNNAMED --add-opens=java.base/sun.nio.fs=ALL-UNNAMED -Declipse.application=org.eclipse.jdt.ls.core.id1 -Dosgi.bundles.defaultStartLevel=4 -Declipse.product=org.eclipse.jdt.ls.core.product -Djava.import.generatesMetadataFilesAtProjectRoot=false -DDetectVMInstallationsJob.disabled=true -Dfile.encoding=utf8 -XX:+UseParallelGC -XX:GCTimeRatio=4 -XX:AdaptiveSizePolicyWeight=90 -Dsun.zip.disableMemoryMapping=true -Xmx2G -Xms100m -Xlog:disable -javaagent:c:\Users\Aurora  N. Postrado\.vscode\extensions\redhat.java-1.50.0-win32-x64\lombok\lombok-1.18.39-4050.jar -XX:+HeapDumpOnOutOfMemoryError -XX:HeapDumpPath=c:\Users\Aurora  N. Postrado\AppData\Roaming\Code\User\workspaceStorage\16087328b602278ea996584764c22d24\redhat.java -Daether.dependencyCollector.impl=bf 
java_command: c:\Users\Aurora  N. Postrado\.vscode\extensions\redhat.java-1.50.0-win32-x64\server\plugins\org.eclipse.equinox.launcher_1.7.100.v20251111-0406.jar -configuration c:\Users\Aurora  N. Postrado\AppData\Roaming\Code\User\globalStorage\redhat.java\1.50.0\config_win -data c:\Users\Aurora  N. Postrado\AppData\Roaming\Code\User\workspaceStorage\16087328b602278ea996584764c22d24\redhat.java\jdt_ws --pipe=\\.\pipe\lsp-418665df31f727741ad0614da23768b1-sock
java_class_path (initial): c:\Users\Aurora  N. Postrado\.vscode\extensions\redhat.java-1.50.0-win32-x64\server\plugins\org.eclipse.equinox.launcher_1.7.100.v20251111-0406.jar
Launcher Type: SUN_STANDARD

[Global flags]
    uintx AdaptiveSizePolicyWeight                 = 90                                        {product} {command line}
     intx CICompilerCount                          = 12                                        {product} {ergonomic}
    uintx GCTimeRatio                              = 4                                         {product} {command line}
     bool HeapDumpOnOutOfMemoryError               = true                                   {manageable} {command line}
    ccstr HeapDumpPath                             = c:\Users\Aurora  N. Postrado\AppData\Roaming\Code\User\workspaceStorage\16087328b602278ea996584764c22d24\redhat.java         {manageable} {command line}
   size_t InitialHeapSize                          = 104857600                                 {product} {command line}
   size_t MaxHeapSize                              = 2147483648                                {product} {command line}
   size_t MaxNewSize                               = 715653120                                 {product} {ergonomic}
   size_t MinHeapDeltaBytes                        = 524288                                    {product} {ergonomic}
   size_t MinHeapSize                              = 104857600                                 {product} {command line}
   size_t NewSize                                  = 34603008                                  {product} {ergonomic}
    uintx NonNMethodCodeHeapSize                   = 7602480                                {pd product} {ergonomic}
    uintx NonProfiledCodeHeapSize                  = 122027880                              {pd product} {ergonomic}
   size_t OldSize                                  = 70254592                                  {product} {ergonomic}
    uintx ProfiledCodeHeapSize                     = 122027880                              {pd product} {ergonomic}
    uintx ReservedCodeCacheSize                    = 251658240                              {pd product} {ergonomic}
     bool SegmentedCodeCache                       = true                                      {product} {ergonomic}
   size_t SoftMaxHeapSize                          = 2147483648                             {manageable} {ergonomic}
     bool UseCompressedOops                        = true                           {product lp64_product} {ergonomic}
     bool UseLargePagesIndividualAllocation        = false                                  {pd product} {ergonomic}
     bool UseParallelGC                            = true                                      {product} {command line}

Logging:
Log output configuration:
 #0: stdout all=off uptime,level,tags foldmultilines=false
 #1: stderr all=off uptime,level,tags foldmultilines=false

Release file:
JAVA_VERSION="21.0.9" 
MODULES="java.base java.compiler java.datatransfer java.xml java.prefs java.desktop java.instrument java.logging java.management java.security.sasl java.naming java.rmi java.management.rmi java.net.http java.scripting java.security.jgss java.transaction.xa java.sql java.sql.rowset java.xml.crypto java.se java.smartcardio jdk.accessibility jdk.internal.jvmstat jdk.attach jdk.charsets jdk.internal.opt jdk.zipfs jdk.compiler jdk.crypto.ec jdk.crypto.cryptoki jdk.crypto.mscapi jdk.dynalink jdk.internal.ed jdk.editpad jdk.hotspot.agent jdk.httpserver jdk.internal.le jdk.internal.vm.ci jdk.internal.vm.compiler jdk.internal.vm.compiler.management jdk.jartool jdk.javadoc jdk.jcmd jdk.management jdk.management.agent jdk.jconsole jdk.jdeps jdk.jdwp.agent jdk.jdi jdk.jfr jdk.jshell jdk.jsobject jdk.jstatd jdk.localedata jdk.management.jfr jdk.naming.dns jdk.naming.rmi jdk.net jdk.nio.mapmode jdk.random jdk.sctp jdk.security.auth jdk.security.jgss jdk.unsupported jdk.unsupported.desktop jdk.xml.dom" 

Environment Variables:
PATH=C:\Program Files\Eclipse Adoptium\jdk-17.0.17.10-hotspot\bin;C:\Windows\system32;C:\Windows;C:\Windows\System32\Wbem;C:\Windows\System32\WindowsPowerShell\v1.0\;C:\Windows\System32\OpenSSH\;C:\Program Files (x86)\NVIDIA Corporation\PhysX\Common;C:\Program Files\NVIDIA Corporation\NVIDIA NvDLISR;C:\WINDOWS\system32;C:\WINDOWS;C:\WINDOWS\System32\Wbem;C:\WINDOWS\System32\WindowsPowerShell\v1.0\;C:\WINDOWS\System32\OpenSSH\;C:\Program Files\Git\cmd;C:\Users\Aurora  N. Postrado\AppData\Local\Microsoft\WindowsApps;C:\Users\Aurora  N. Postrado\AppData\Local\Programs\Microsoft VS Code\bin;C:\Users\Aurora  N. Postrado\AppData\Local\GitHubDesktop\bin
USERNAME=Aurora  N. Postrado
OS=Windows_NT
PROCESSOR_IDENTIFIER=AMD64 Family 23 Model 104 Stepping 1, AuthenticAMD
TMP=C:\Users\AURORA~1.POS\AppData\Local\Temp
TEMP=C:\Users\AURORA~1.POS\AppData\Local\Temp




Periodic native trim disabled

---------------  S Y S T E M  ---------------

OS:
 Windows 11 , 64 bit Build 26100 (10.0.26100.7309)
OS uptime: 0 days 0:04 hours

CPU: total 16 (initial active 16) (16 cores per cpu, 2 threads per core) family 23 model 104 stepping 1 microcode 0x8608103, cx8, cmov, fxsr, ht, mmx, 3dnowpref, sse, sse2, sse3, ssse3, sse4a, sse4.1, sse4.2, popcnt, lzcnt, tsc, tscinvbit, avx, avx2, aes, clmul, bmi1, bmi2, adx, sha, fma, vzeroupper, clflush, clflushopt, rdtscp, rdpid, f16c
Processor Information for the first 16 processors :
  Max Mhz: 1801, Current Mhz: 1801, Mhz Limit: 1801

Memory: 4k page, system-wide physical 7514M (1260M free)
TotalPageFile size 7514M (AvailPageFile size 34M)
current process WorkingSet (physical memory assigned to process): 405M, peak: 405M
current process commit charge ("private bytes"): 462M, peak: 462M

vm_info: OpenJDK 64-Bit Server VM (21.0.9+10-LTS) for windows-amd64 JRE (21.0.9+10-LTS), built on 2025-10-21T00:00:00Z by "admin" with unknown MS VC++:1942

END.
