#
# There is insufficient memory for the Java Runtime Environment to continue.
# Native memory allocation (malloc) failed to allocate 1655472 bytes. Error detail: Chunk::new
# Possible reasons:
#   The system is out of physical RAM or swap space
#   This process is running with CompressedOops enabled, and the Java Heap may be blocking the growth of the native heap
# Possible solutions:
#   Reduce memory load on the system
#   Increase physical memory or swap space
#   Check if swap backing store is full
#   Decrease Java heap size (-Xmx/-Xms)
#   Decrease number of Java threads
#   Decrease Java thread stack sizes (-Xss)
#   Set larger code cache with -XX:ReservedCodeCacheSize=
#   JVM is running with Unscaled Compressed Oops mode in which the Java heap is
#     placed in the first 4GB address space. The Java Heap base address is the
#     maximum limit for the native heap growth. Please use -XX:HeapBaseMinAddress
#     to set the Java Heap base and to place the Java Heap above 4GB virtual address.
# This output file may be truncated or incomplete.
#
#  Out of Memory Error (arena.cpp:168), pid=2040, tid=1940
#
# JRE version: OpenJDK Runtime Environment Temurin-21.0.9+10 (21.0.9+10) (build 21.0.9+10-LTS)
# Java VM: OpenJDK 64-Bit Server VM Temurin-21.0.9+10 (21.0.9+10-LTS, mixed mode, sharing, tiered, compressed oops, compressed class ptrs, parallel gc, windows-amd64)
# No core dump will be written. Minidumps are not enabled by default on client versions of Windows
#

---------------  S U M M A R Y ------------

Command Line: --add-modules=ALL-SYSTEM --add-opens=java.base/java.util=ALL-UNNAMED --add-opens=java.base/java.lang=ALL-UNNAMED --add-opens=java.base/sun.nio.fs=ALL-UNNAMED -Declipse.application=org.eclipse.jdt.ls.core.id1 -Dosgi.bundles.defaultStartLevel=4 -Declipse.product=org.eclipse.jdt.ls.core.product -Djava.import.generatesMetadataFilesAtProjectRoot=false -DDetectVMInstallationsJob.disabled=true -Dfile.encoding=utf8 -XX:+UseParallelGC -XX:GCTimeRatio=4 -XX:AdaptiveSizePolicyWeight=90 -Dsun.zip.disableMemoryMapping=true -Xmx2G -Xms100m -Xlog:disable -javaagent:c:\Users\Aurora  N. Postrado\.vscode\extensions\redhat.java-1.50.0-win32-x64\lombok\lombok-1.18.39-4050.jar -XX:+HeapDumpOnOutOfMemoryError -XX:HeapDumpPath=c:\Users\Aurora  N. Postrado\AppData\Roaming\Code\User\workspaceStorage\16087328b602278ea996584764c22d24\redhat.java -Daether.dependencyCollector.impl=bf c:\Users\Aurora  N. Postrado\.vscode\extensions\redhat.java-1.50.0-win32-x64\server\plugins\org.eclipse.equinox.launcher_1.7.100.v20251111-0406.jar -configuration c:\Users\Aurora  N. Postrado\AppData\Roaming\Code\User\globalStorage\redhat.java\1.50.0\config_win -data c:\Users\Aurora  N. Postrado\AppData\Roaming\Code\User\workspaceStorage\16087328b602278ea996584764c22d24\redhat.java\jdt_ws --pipe=\\.\pipe\lsp-b73f4aee0e5bab0ad901a1f3c81b835d-sock

Host: AMD Ryzen 7 5700U with Radeon Graphics         , 16 cores, 7G,  Windows 11 , 64 bit Build 26100 (10.0.26100.7309)
Time: Fri Dec 12 09:44:06 2025 Malay Peninsula Standard Time elapsed time: 22.154827 seconds (0d 0h 0m 22s)

---------------  T H R E A D  ---------------

Current thread (0x000001f3fde204c0):  JavaThread "C2 CompilerThread1" daemon [_thread_in_native, id=1940, stack(0x000000b0d3e00000,0x000000b0d3f00000) (1024K)]


Current CompileTask:
C2:22154 3695       4       java.lang.invoke.MethodType::makeImpl (109 bytes)

Stack: [0x000000b0d3e00000,0x000000b0d3f00000]
Native frames: (J=compiled Java code, j=interpreted, Vv=VM code, C=native code)
V  [jvm.dll+0x6d6e29]
V  [jvm.dll+0x8b4b76]
V  [jvm.dll+0x8b712e]
V  [jvm.dll+0x8b7813]
V  [jvm.dll+0x283d86]
V  [jvm.dll+0xc66ed]
V  [jvm.dll+0xc6c31]
V  [jvm.dll+0x3be53b]
V  [jvm.dll+0x38ab92]
V  [jvm.dll+0x389fda]
V  [jvm.dll+0x24bfa0]
V  [jvm.dll+0x24b580]
V  [jvm.dll+0x1cb13e]
V  [jvm.dll+0x25b29d]
V  [jvm.dll+0x25982a]
V  [jvm.dll+0x3f7ea6]
V  [jvm.dll+0x85e9ad]
V  [jvm.dll+0x6d565d]
C  [ucrtbase.dll+0x37b0]
C  [KERNEL32.DLL+0x2e8d7]
C  [ntdll.dll+0x8c53c]


---------------  P R O C E S S  ---------------

Threads class SMR info:
_java_thread_list=0x000001f3fd829cd0, length=23, elements={
0x000001f3df70d320, 0x000001f3df6bcb20, 0x000001f3df6bd8d0, 0x000001f3df7b45a0,
0x000001f3df7b5350, 0x000001f3df7bb6c0, 0x000001f3df7b7650, 0x000001f3df7b8930,
0x000001f3f74a7bb0, 0x000001f3f772dd40, 0x000001f3fd027ad0, 0x000001f3fd86acf0,
0x000001f3fdd88010, 0x000001f3fd8f8660, 0x000001f3fd9079d0, 0x000001f3fda903a0,
0x000001f3fdab78d0, 0x000001f3fd099330, 0x000001f3fde204c0, 0x000001f3fdf50650,
0x000001f3fd3bcf80, 0x000001f3fd3bdca0, 0x000001f3fd3be330
}

Java Threads: ( => current thread )
  0x000001f3df70d320 JavaThread "main"                              [_thread_blocked, id=15820, stack(0x000000b0d1900000,0x000000b0d1a00000) (1024K)]
  0x000001f3df6bcb20 JavaThread "Reference Handler"          daemon [_thread_blocked, id=11604, stack(0x000000b0d1d00000,0x000000b0d1e00000) (1024K)]
  0x000001f3df6bd8d0 JavaThread "Finalizer"                  daemon [_thread_blocked, id=2920, stack(0x000000b0d1e00000,0x000000b0d1f00000) (1024K)]
  0x000001f3df7b45a0 JavaThread "Signal Dispatcher"          daemon [_thread_blocked, id=10060, stack(0x000000b0d1f00000,0x000000b0d2000000) (1024K)]
  0x000001f3df7b5350 JavaThread "Attach Listener"            daemon [_thread_blocked, id=9852, stack(0x000000b0d2000000,0x000000b0d2100000) (1024K)]
  0x000001f3df7bb6c0 JavaThread "Service Thread"             daemon [_thread_blocked, id=8876, stack(0x000000b0d2100000,0x000000b0d2200000) (1024K)]
  0x000001f3df7b7650 JavaThread "Monitor Deflation Thread"   daemon [_thread_blocked, id=16400, stack(0x000000b0d2200000,0x000000b0d2300000) (1024K)]
  0x000001f3df7b8930 JavaThread "C2 CompilerThread0"         daemon [_thread_in_native, id=10596, stack(0x000000b0d2300000,0x000000b0d2400000) (1024K)]
  0x000001f3f74a7bb0 JavaThread "C1 CompilerThread0"         daemon [_thread_in_vm, id=8604, stack(0x000000b0d2400000,0x000000b0d2500000) (1024K)]
  0x000001f3f772dd40 JavaThread "Common-Cleaner"             daemon [_thread_blocked, id=8260, stack(0x000000b0d2900000,0x000000b0d2a00000) (1024K)]
  0x000001f3fd027ad0 JavaThread "Notification Thread"        daemon [_thread_blocked, id=17272, stack(0x000000b0d2a00000,0x000000b0d2b00000) (1024K)]
  0x000001f3fd86acf0 JavaThread "Active Thread: Equinox Container: 5e9e1709-7267-4874-bfb9-16df6239a065"        [_thread_blocked, id=16436, stack(0x000000b0d3400000,0x000000b0d3500000) (1024K)]
  0x000001f3fdd88010 JavaThread "Refresh Thread: Equinox Container: 5e9e1709-7267-4874-bfb9-16df6239a065" daemon [_thread_blocked, id=14172, stack(0x000000b0d2700000,0x000000b0d2800000) (1024K)]
  0x000001f3fd8f8660 JavaThread "Framework Event Dispatcher: Equinox Container: 5e9e1709-7267-4874-bfb9-16df6239a065" daemon [_thread_blocked, id=7192, stack(0x000000b0d2800000,0x000000b0d2900000) (1024K)]
  0x000001f3fd9079d0 JavaThread "Start Level: Equinox Container: 5e9e1709-7267-4874-bfb9-16df6239a065" daemon [_thread_in_Java, id=3196, stack(0x000000b0d2b00000,0x000000b0d2c00000) (1024K)]
  0x000001f3fda903a0 JavaThread "Bundle File Closer"         daemon [_thread_blocked, id=2820, stack(0x000000b0d3700000,0x000000b0d3800000) (1024K)]
  0x000001f3fdab78d0 JavaThread "SCR Component Actor"        daemon [_thread_blocked, id=14308, stack(0x000000b0d3a00000,0x000000b0d3b00000) (1024K)]
  0x000001f3fd099330 JavaThread "Worker-JM"                         [_thread_blocked, id=6724, stack(0x000000b0d3d00000,0x000000b0d3e00000) (1024K)]
=>0x000001f3fde204c0 JavaThread "C2 CompilerThread1"         daemon [_thread_in_native, id=1940, stack(0x000000b0d3e00000,0x000000b0d3f00000) (1024K)]
  0x000001f3fdf50650 JavaThread "JNA Cleaner"                daemon [_thread_blocked, id=2816, stack(0x000000b0d3f00000,0x000000b0d4000000) (1024K)]
  0x000001f3fd3bcf80 JavaThread "Worker-0: Checking project encoding"        [_thread_blocked, id=364, stack(0x000000b0d4000000,0x000000b0d4100000) (1024K)]
  0x000001f3fd3bdca0 JavaThread "Worker-1: Refreshing workspace"        [_thread_blocked, id=15508, stack(0x000000b0d4100000,0x000000b0d4200000) (1024K)]
  0x000001f3fd3be330 JavaThread "Worker-2"                          [_thread_blocked, id=16688, stack(0x000000b0d4200000,0x000000b0d4300000) (1024K)]
Total: 23

Other Threads:
  0x000001f3df7aebf0 VMThread "VM Thread"                           [id=14076, stack(0x000000b0d1c00000,0x000000b0d1d00000) (1024K)]
  0x000001f3df59cb20 WatcherThread "VM Periodic Task Thread"        [id=15960, stack(0x000000b0d1b00000,0x000000b0d1c00000) (1024K)]
  0x000001f3df72c2f0 WorkerThread "GC Thread#0"                     [id=13824, stack(0x000000b0d1a00000,0x000000b0d1b00000) (1024K)]
  0x000001f3fd25c390 WorkerThread "GC Thread#1"                     [id=16740, stack(0x000000b0d2c00000,0x000000b0d2d00000) (1024K)]
  0x000001f3fd032360 WorkerThread "GC Thread#2"                     [id=16744, stack(0x000000b0d2d00000,0x000000b0d2e00000) (1024K)]
  0x000001f3fd73a480 WorkerThread "GC Thread#3"                     [id=13788, stack(0x000000b0d2e00000,0x000000b0d2f00000) (1024K)]
  0x000001f3fd73a820 WorkerThread "GC Thread#4"                     [id=16648, stack(0x000000b0d2f00000,0x000000b0d3000000) (1024K)]
  0x000001f3fd73afd0 WorkerThread "GC Thread#5"                     [id=16512, stack(0x000000b0d3000000,0x000000b0d3100000) (1024K)]
  0x000001f3fd8d5120 WorkerThread "GC Thread#6"                     [id=15816, stack(0x000000b0d3100000,0x000000b0d3200000) (1024K)]
  0x000001f3fd8d49e0 WorkerThread "GC Thread#7"                     [id=14364, stack(0x000000b0d3500000,0x000000b0d3600000) (1024K)]
  0x000001f3fd8d54c0 WorkerThread "GC Thread#8"                     [id=16584, stack(0x000000b0d2600000,0x000000b0d2700000) (1024K)]
  0x000001f3fd8d4d80 WorkerThread "GC Thread#9"                     [id=11596, stack(0x000000b0d3200000,0x000000b0d3300000) (1024K)]
  0x000001f3fd8d4640 WorkerThread "GC Thread#10"                    [id=13884, stack(0x000000b0d3300000,0x000000b0d3400000) (1024K)]
  0x000001f3fd6e5990 WorkerThread "GC Thread#11"                    [id=14348, stack(0x000000b0d3b00000,0x000000b0d3c00000) (1024K)]
  0x000001f3fd6e31b0 WorkerThread "GC Thread#12"                    [id=12668, stack(0x000000b0d3c00000,0x000000b0d3d00000) (1024K)]
Total: 15

Threads with active compile tasks:
C2 CompilerThread0  22176 3802  s    4       java.io.ByteArrayOutputStream::write (43 bytes)
C1 CompilerThread0  22176 3819       3       org.objectweb.asm.Frame::execute (2303 bytes)
C2 CompilerThread1  22177 3695       4       java.lang.invoke.MethodType::makeImpl (109 bytes)
Total: 3

VM state: not at safepoint (normal execution)

VM Mutex/Monitor currently owned by a thread: None

Heap address: 0x0000000080000000, size: 2048 MB, Compressed Oops mode: 32-bit

CDS archive(s) mapped at: [0x000001f380000000-0x000001f380ba0000-0x000001f380ba0000), size 12189696, SharedBaseAddress: 0x000001f380000000, ArchiveRelocationMode: 1.
Compressed class space mapped at: 0x000001f381000000-0x000001f3c1000000, reserved size: 1073741824
Narrow klass base: 0x000001f380000000, Narrow klass shift: 0, Narrow klass range: 0x100000000

GC Precious Log:
 CardTable entry size: 512
 CPUs: 16 total, 16 available
 Memory: 7514M
 Large Page Support: Disabled
 NUMA Support: Disabled
 Compressed Oops: Enabled (32-bit)
 Alignments: Space 512K, Generation 512K, Heap 2M
 Heap Min Capacity: 100M
 Heap Initial Capacity: 100M
 Heap Max Capacity: 2G
 Pre-touch: Disabled
 Parallel Workers: 13

Heap:
 PSYoungGen      total 29184K, used 27674K [0x00000000d5580000, 0x00000000d7a00000, 0x0000000100000000)
  eden space 25088K, 94% used [0x00000000d5580000,0x00000000d6c8bd58,0x00000000d6e00000)
  from space 4096K, 99% used [0x00000000d6e80000,0x00000000d727acf0,0x00000000d7280000)
  to   space 6144K, 0% used [0x00000000d7400000,0x00000000d7400000,0x00000000d7a00000)
 ParOldGen       total 68608K, used 8263K [0x0000000080000000, 0x0000000084300000, 0x00000000d5580000)
  object space 68608K, 12% used [0x0000000080000000,0x0000000080811dc0,0x0000000084300000)
 Metaspace       used 18376K, committed 19072K, reserved 1114112K
  class space    used 1899K, committed 2240K, reserved 1048576K

Card table byte_map: [0x000001f3df0b0000,0x000001f3df4c0000] _byte_map_base: 0x000001f3decb0000

Marking Bits: (ParMarkBitMap*) 0x00007ffe59a52460
 Begin Bits: [0x000001f3f1bc0000, 0x000001f3f3bc0000)
 End Bits:   [0x000001f3f3bc0000, 0x000001f3f5bc0000)

Polling page: 0x000001f3dd4e0000

Metaspace:

Usage:
  Non-class:     16.09 MB used.
      Class:      1.86 MB used.
       Both:     17.95 MB used.

Virtual space:
  Non-class space:       64.00 MB reserved,      16.44 MB ( 26%) committed,  1 nodes.
      Class space:        1.00 GB reserved,       2.19 MB ( <1%) committed,  1 nodes.
             Both:        1.06 GB reserved,      18.62 MB (  2%) committed. 

Chunk freelists:
   Non-Class:  15.34 MB
       Class:  13.74 MB
        Both:  29.08 MB

MaxMetaspaceSize: unlimited
CompressedClassSpaceSize: 1.00 GB
Initial GC threshold: 21.00 MB
Current GC threshold: 21.00 MB
CDS: on
 - commit_granule_bytes: 65536.
 - commit_granule_words: 8192.
 - virtual_space_node_default_size: 8388608.
 - enlarge_chunks_in_place: 1.
 - use_allocation_guard: 0.


Internal statistics:

num_allocs_failed_limit: 0.
num_arena_births: 534.
num_arena_deaths: 0.
num_vsnodes_births: 2.
num_vsnodes_deaths: 0.
num_space_committed: 298.
num_space_uncommitted: 0.
num_chunks_returned_to_freelist: 0.
num_chunks_taken_from_freelist: 1190.
num_chunk_merges: 0.
num_chunk_splits: 765.
num_chunks_enlarged: 501.
num_inconsistent_stats: 0.

CodeHeap 'non-profiled nmethods': size=119168Kb used=1530Kb max_used=1530Kb free=117637Kb
 bounds [0x000001f3ea4b0000, 0x000001f3ea720000, 0x000001f3f1910000]
CodeHeap 'profiled nmethods': size=119104Kb used=7819Kb max_used=7819Kb free=111284Kb
 bounds [0x000001f3e2910000, 0x000001f3e30c0000, 0x000001f3e9d60000]
CodeHeap 'non-nmethods': size=7488Kb used=1279Kb max_used=2988Kb free=6208Kb
 bounds [0x000001f3e9d60000, 0x000001f3ea050000, 0x000001f3ea4b0000]
CodeCache: size=245760Kb, used=10628Kb, max_used=12337Kb, free=235129Kb
 total_blobs=4368, nmethods=3811, adapters=463, full_count=0
Compilation: enabled, stopped_count=0, restarted_count=0

Compilation events (20 events):
Event: 20.083 Thread 0x000001f3fd232060 3779       3       java.util.stream.FindOps::makeRef (14 bytes)
Event: 20.083 Thread 0x000001f3fd230bf0 3778       3       java.util.stream.ReferencePipeline::findFirst (12 bytes)
Event: 20.084 Thread 0x000001f3fd232060 nmethod 3779 0x000001f3e30a6290 code [0x000001f3e30a6440, 0x000001f3e30a65a8]
Event: 20.084 Thread 0x000001f3fd230bf0 nmethod 3778 0x000001f3e30a6610 code [0x000001f3e30a67e0, 0x000001f3e30a6a98]
Event: 20.084 Thread 0x000001f3f74a7bb0 nmethod 3777 0x000001f3e30a6b90 code [0x000001f3e30a6d60, 0x000001f3e30a7210]
Event: 20.084 Thread 0x000001f3df7b8930 nmethod 3775 0x000001f3ea62c010 code [0x000001f3ea62c1c0, 0x000001f3ea62c568]
Event: 20.627 Thread 0x000001f3f74a7bb0 3780       3       java.util.concurrent.locks.AbstractQueuedSynchronizer::tryAcquireSharedNanos (62 bytes)
Event: 20.628 Thread 0x000001f3f74a7bb0 nmethod 3780 0x000001f3e30a7390 code [0x000001f3e30a75c0, 0x000001f3e30a7cb0]
Event: 21.108 Thread 0x000001f3f74a7bb0 3781       3       jdk.internal.org.objectweb.asm.AnnotationWriter::putAnnotations (110 bytes)
Event: 21.108 Thread 0x000001f3df7b8930 3785       4       java.lang.invoke.MethodTypeForm::canonicalize (74 bytes)
Event: 21.109 Thread 0x000001f3f74a7bb0 nmethod 3781 0x000001f3e30a7e90 code [0x000001f3e30a80a0, 0x000001f3e30a84c0]
Event: 21.109 Thread 0x000001f3f74a7bb0 3782       3       java.lang.invoke.LambdaFormBuffer::insertName (106 bytes)
Event: 21.109 Thread 0x000001f3f74a7bb0 nmethod 3782 0x000001f3e30a8790 code [0x000001f3e30a8960, 0x000001f3e30a8b88]
Event: 21.109 Thread 0x000001f3df7b8930 nmethod 3785 0x000001f3ea62d410 code [0x000001f3ea62d5a0, 0x000001f3ea62d678]
Event: 21.110 Thread 0x000001f3f74a7bb0 3788       3       java.lang.invoke.InvokerBytecodeGenerator::<init> (80 bytes)
Event: 21.110 Thread 0x000001f3f74a7bb0 nmethod 3788 0x000001f3e30a8c90 code [0x000001f3e30a8e60, 0x000001f3e30a91f8]
Event: 21.118 Thread 0x000001f3f74a7bb0 3793       3       org.objectweb.asm.ClassReader::readUnsignedShort (26 bytes)
Event: 21.118 Thread 0x000001f3f74a7bb0 nmethod 3793 0x000001f3e30a9490 code [0x000001f3e30a9640, 0x000001f3e30a97b0]
Event: 21.310 Thread 0x000001f3f74a7bb0 3794       3       java.lang.Thread::onSpinWait (1 bytes)
Event: 21.310 Thread 0x000001f3f74a7bb0 nmethod 3794 0x000001f3e30a9890 code [0x000001f3e30a9a20, 0x000001f3e30a9b08]

GC Heap History (10 events):
Event: 1.358 GC heap before
{Heap before GC invocations=1 (full 0):
 PSYoungGen      total 29696K, used 25600K [0x00000000d5580000, 0x00000000d7680000, 0x0000000100000000)
  eden space 25600K, 100% used [0x00000000d5580000,0x00000000d6e80000,0x00000000d6e80000)
  from space 4096K, 0% used [0x00000000d7280000,0x00000000d7280000,0x00000000d7680000)
  to   space 4096K, 0% used [0x00000000d6e80000,0x00000000d6e80000,0x00000000d7280000)
 ParOldGen       total 68608K, used 0K [0x0000000080000000, 0x0000000084300000, 0x00000000d5580000)
  object space 68608K, 0% used [0x0000000080000000,0x0000000080000000,0x0000000084300000)
 Metaspace       used 4171K, committed 4416K, reserved 1114112K
  class space    used 453K, committed 576K, reserved 1048576K
}
Event: 1.364 GC heap after
{Heap after GC invocations=1 (full 0):
 PSYoungGen      total 29696K, used 3627K [0x00000000d5580000, 0x00000000d7680000, 0x0000000100000000)
  eden space 25600K, 0% used [0x00000000d5580000,0x00000000d5580000,0x00000000d6e80000)
  from space 4096K, 88% used [0x00000000d6e80000,0x00000000d720afe8,0x00000000d7280000)
  to   space 4096K, 0% used [0x00000000d7280000,0x00000000d7280000,0x00000000d7680000)
 ParOldGen       total 68608K, used 16K [0x0000000080000000, 0x0000000084300000, 0x00000000d5580000)
  object space 68608K, 0% used [0x0000000080000000,0x0000000080004000,0x0000000084300000)
 Metaspace       used 4171K, committed 4416K, reserved 1114112K
  class space    used 453K, committed 576K, reserved 1048576K
}
Event: 1.915 GC heap before
{Heap before GC invocations=2 (full 0):
 PSYoungGen      total 29696K, used 29227K [0x00000000d5580000, 0x00000000d7680000, 0x0000000100000000)
  eden space 25600K, 100% used [0x00000000d5580000,0x00000000d6e80000,0x00000000d6e80000)
  from space 4096K, 88% used [0x00000000d6e80000,0x00000000d720afe8,0x00000000d7280000)
  to   space 4096K, 0% used [0x00000000d7280000,0x00000000d7280000,0x00000000d7680000)
 ParOldGen       total 68608K, used 16K [0x0000000080000000, 0x0000000084300000, 0x00000000d5580000)
  object space 68608K, 0% used [0x0000000080000000,0x0000000080004000,0x0000000084300000)
 Metaspace       used 7874K, committed 8192K, reserved 1114112K
  class space    used 814K, committed 960K, reserved 1048576K
}
Event: 1.923 GC heap after
{Heap after GC invocations=2 (full 0):
 PSYoungGen      total 29696K, used 4070K [0x00000000d5580000, 0x00000000d7680000, 0x0000000100000000)
  eden space 25600K, 0% used [0x00000000d5580000,0x00000000d5580000,0x00000000d6e80000)
  from space 4096K, 99% used [0x00000000d7280000,0x00000000d7679800,0x00000000d7680000)
  to   space 4096K, 0% used [0x00000000d6e80000,0x00000000d6e80000,0x00000000d7280000)
 ParOldGen       total 68608K, used 1681K [0x0000000080000000, 0x0000000084300000, 0x00000000d5580000)
  object space 68608K, 2% used [0x0000000080000000,0x00000000801a46a8,0x0000000084300000)
 Metaspace       used 7874K, committed 8192K, reserved 1114112K
  class space    used 814K, committed 960K, reserved 1048576K
}
Event: 11.600 GC heap before
{Heap before GC invocations=3 (full 0):
 PSYoungGen      total 29696K, used 29670K [0x00000000d5580000, 0x00000000d7680000, 0x0000000100000000)
  eden space 25600K, 100% used [0x00000000d5580000,0x00000000d6e80000,0x00000000d6e80000)
  from space 4096K, 99% used [0x00000000d7280000,0x00000000d7679800,0x00000000d7680000)
  to   space 4096K, 0% used [0x00000000d6e80000,0x00000000d6e80000,0x00000000d7280000)
 ParOldGen       total 68608K, used 1681K [0x0000000080000000, 0x0000000084300000, 0x00000000d5580000)
  object space 68608K, 2% used [0x0000000080000000,0x00000000801a46a8,0x0000000084300000)
 Metaspace       used 9485K, committed 9856K, reserved 1114112K
  class space    used 1007K, committed 1152K, reserved 1048576K
}
Event: 11.606 GC heap after
{Heap after GC invocations=3 (full 0):
 PSYoungGen      total 29696K, used 4080K [0x00000000d5580000, 0x00000000d7680000, 0x0000000100000000)
  eden space 25600K, 0% used [0x00000000d5580000,0x00000000d5580000,0x00000000d6e80000)
  from space 4096K, 99% used [0x00000000d6e80000,0x00000000d727c218,0x00000000d7280000)
  to   space 4096K, 0% used [0x00000000d7280000,0x00000000d7280000,0x00000000d7680000)
 ParOldGen       total 68608K, used 4190K [0x0000000080000000, 0x0000000084300000, 0x00000000d5580000)
  object space 68608K, 6% used [0x0000000080000000,0x0000000080417b60,0x0000000084300000)
 Metaspace       used 9485K, committed 9856K, reserved 1114112K
  class space    used 1007K, committed 1152K, reserved 1048576K
}
Event: 17.835 GC heap before
{Heap before GC invocations=4 (full 0):
 PSYoungGen      total 29696K, used 29680K [0x00000000d5580000, 0x00000000d7680000, 0x0000000100000000)
  eden space 25600K, 100% used [0x00000000d5580000,0x00000000d6e80000,0x00000000d6e80000)
  from space 4096K, 99% used [0x00000000d6e80000,0x00000000d727c218,0x00000000d7280000)
  to   space 4096K, 0% used [0x00000000d7280000,0x00000000d7280000,0x00000000d7680000)
 ParOldGen       total 68608K, used 4190K [0x0000000080000000, 0x0000000084300000, 0x00000000d5580000)
  object space 68608K, 6% used [0x0000000080000000,0x0000000080417b60,0x0000000084300000)
 Metaspace       used 11795K, committed 12160K, reserved 1114112K
  class space    used 1229K, committed 1408K, reserved 1048576K
}
Event: 17.845 GC heap after
{Heap after GC invocations=4 (full 0):
 PSYoungGen      total 29696K, used 4082K [0x00000000d5580000, 0x00000000d7680000, 0x0000000100000000)
  eden space 25600K, 0% used [0x00000000d5580000,0x00000000d5580000,0x00000000d6e80000)
  from space 4096K, 99% used [0x00000000d7280000,0x00000000d767ca48,0x00000000d7680000)
  to   space 4096K, 0% used [0x00000000d6e80000,0x00000000d6e80000,0x00000000d7280000)
 ParOldGen       total 68608K, used 6558K [0x0000000080000000, 0x0000000084300000, 0x00000000d5580000)
  object space 68608K, 9% used [0x0000000080000000,0x00000000806679c0,0x0000000084300000)
 Metaspace       used 11795K, committed 12160K, reserved 1114112K
  class space    used 1229K, committed 1408K, reserved 1048576K
}
Event: 18.530 GC heap before
{Heap before GC invocations=5 (full 0):
 PSYoungGen      total 29696K, used 29682K [0x00000000d5580000, 0x00000000d7680000, 0x0000000100000000)
  eden space 25600K, 100% used [0x00000000d5580000,0x00000000d6e80000,0x00000000d6e80000)
  from space 4096K, 99% used [0x00000000d7280000,0x00000000d767ca48,0x00000000d7680000)
  to   space 4096K, 0% used [0x00000000d6e80000,0x00000000d6e80000,0x00000000d7280000)
 ParOldGen       total 68608K, used 6558K [0x0000000080000000, 0x0000000084300000, 0x00000000d5580000)
  object space 68608K, 9% used [0x0000000080000000,0x00000000806679c0,0x0000000084300000)
 Metaspace       used 14971K, committed 15552K, reserved 1114112K
  class space    used 1519K, committed 1792K, reserved 1048576K
}
Event: 18.537 GC heap after
{Heap after GC invocations=5 (full 0):
 PSYoungGen      total 29184K, used 4075K [0x00000000d5580000, 0x00000000d7a00000, 0x0000000100000000)
  eden space 25088K, 0% used [0x00000000d5580000,0x00000000d5580000,0x00000000d6e00000)
  from space 4096K, 99% used [0x00000000d6e80000,0x00000000d727acf0,0x00000000d7280000)
  to   space 6144K, 0% used [0x00000000d7400000,0x00000000d7400000,0x00000000d7a00000)
 ParOldGen       total 68608K, used 8263K [0x0000000080000000, 0x0000000084300000, 0x00000000d5580000)
  object space 68608K, 12% used [0x0000000080000000,0x0000000080811dc0,0x0000000084300000)
 Metaspace       used 14971K, committed 15552K, reserved 1114112K
  class space    used 1519K, committed 1792K, reserved 1048576K
}

Dll operation events (10 events):
Event: 0.333 Loaded shared library c:\Users\Aurora  N. Postrado\.vscode\extensions\redhat.java-1.50.0-win32-x64\jre\21.0.9-win32-x86_64\bin\java.dll
Event: 0.481 Loaded shared library c:\Users\Aurora  N. Postrado\.vscode\extensions\redhat.java-1.50.0-win32-x64\jre\21.0.9-win32-x86_64\bin\zip.dll
Event: 0.501 Loaded shared library C:\Users\Aurora  N. Postrado\.vscode\extensions\redhat.java-1.50.0-win32-x64\jre\21.0.9-win32-x86_64\bin\instrument.dll
Event: 0.556 Loaded shared library C:\Users\Aurora  N. Postrado\.vscode\extensions\redhat.java-1.50.0-win32-x64\jre\21.0.9-win32-x86_64\bin\net.dll
Event: 0.605 Loaded shared library C:\Users\Aurora  N. Postrado\.vscode\extensions\redhat.java-1.50.0-win32-x64\jre\21.0.9-win32-x86_64\bin\nio.dll
Event: 0.609 Loaded shared library C:\Users\Aurora  N. Postrado\.vscode\extensions\redhat.java-1.50.0-win32-x64\jre\21.0.9-win32-x86_64\bin\zip.dll
Event: 0.627 Loaded shared library C:\Users\Aurora  N. Postrado\.vscode\extensions\redhat.java-1.50.0-win32-x64\jre\21.0.9-win32-x86_64\bin\jimage.dll
Event: 0.739 Loaded shared library c:\Users\Aurora  N. Postrado\.vscode\extensions\redhat.java-1.50.0-win32-x64\jre\21.0.9-win32-x86_64\bin\verify.dll
Event: 9.244 Loaded shared library C:\Users\Aurora  N. Postrado\AppData\Roaming\Code\User\globalStorage\redhat.java\1.50.0\config_win\org.eclipse.equinox.launcher\org.eclipse.equinox.launcher.win32.win32.x86_64_1.2.1400.v20250801-0854\eclipse_11916.dll
Event: 18.944 Loaded shared library C:\Users\Aurora  N. Postrado\AppData\Local\Temp\jna-614272698\jna14125079546562900741.dll

Deoptimization events (20 events):
Event: 18.979 Thread 0x000001f3fd9079d0 Uncommon trap: trap_request=0xffffff45 fr.pc=0x000001f3ea60d2ac relative=0x000000000000094c
Event: 18.979 Thread 0x000001f3fd9079d0 Uncommon trap: reason=unstable_if action=reinterpret pc=0x000001f3ea60d2ac method=java.util.concurrent.ConcurrentHashMap.putVal(Ljava/lang/Object;Ljava/lang/Object;Z)Ljava/lang/Object; @ 401 c2
Event: 18.979 Thread 0x000001f3fd9079d0 DEOPT PACKING pc=0x000001f3ea60d2ac sp=0x000000b0d2bf7580
Event: 18.979 Thread 0x000001f3fd9079d0 DEOPT UNPACKING pc=0x000001f3e9db3aa2 sp=0x000000b0d2bf74f0 mode 2
Event: 18.988 Thread 0x000001f3fd9079d0 Uncommon trap: trap_request=0xffffff45 fr.pc=0x000001f3ea5da778 relative=0x0000000000001338
Event: 18.988 Thread 0x000001f3fd9079d0 Uncommon trap: reason=unstable_if action=reinterpret pc=0x000001f3ea5da778 method=sun.nio.fs.WindowsPathParser.isSlash(C)Z @ 9 c2
Event: 18.988 Thread 0x000001f3fd9079d0 DEOPT PACKING pc=0x000001f3ea5da778 sp=0x000000b0d2bf8e40
Event: 18.988 Thread 0x000001f3fd9079d0 DEOPT UNPACKING pc=0x000001f3e9db3aa2 sp=0x000000b0d2bf8df0 mode 2
Event: 19.021 Thread 0x000001f3fd9079d0 Uncommon trap: trap_request=0xffffff45 fr.pc=0x000001f3ea60b3a4 relative=0x0000000000000084
Event: 19.021 Thread 0x000001f3fd9079d0 Uncommon trap: reason=unstable_if action=reinterpret pc=0x000001f3ea60b3a4 method=java.lang.ref.SoftReference.get()Ljava/lang/Object; @ 6 c2
Event: 19.021 Thread 0x000001f3fd9079d0 DEOPT PACKING pc=0x000001f3ea60b3a4 sp=0x000000b0d2bf9600
Event: 19.021 Thread 0x000001f3fd9079d0 DEOPT UNPACKING pc=0x000001f3e9db3aa2 sp=0x000000b0d2bf9598 mode 2
Event: 20.061 Thread 0x000001f3fd3bcf80 Uncommon trap: trap_request=0xffffff45 fr.pc=0x000001f3ea599060 relative=0x00000000000000c0
Event: 20.061 Thread 0x000001f3fd3bcf80 Uncommon trap: reason=unstable_if action=reinterpret pc=0x000001f3ea599060 method=java.util.concurrent.locks.ReentrantLock$NonfairSync.initialTryLock()Z @ 25 c2
Event: 20.061 Thread 0x000001f3fd3bcf80 DEOPT PACKING pc=0x000001f3ea599060 sp=0x000000b0d40fde80
Event: 20.062 Thread 0x000001f3fd3bcf80 DEOPT UNPACKING pc=0x000001f3e9db3aa2 sp=0x000000b0d40fde00 mode 2
Event: 21.112 Thread 0x000001f3fd9079d0 Uncommon trap: trap_request=0xffffff45 fr.pc=0x000001f3ea5b3590 relative=0x0000000000000070
Event: 21.112 Thread 0x000001f3fd9079d0 Uncommon trap: reason=unstable_if action=reinterpret pc=0x000001f3ea5b3590 method=java.lang.ref.ReferenceQueue.poll()Ljava/lang/ref/Reference; @ 4 c2
Event: 21.112 Thread 0x000001f3fd9079d0 DEOPT PACKING pc=0x000001f3ea5b3590 sp=0x000000b0d2bf2fa0
Event: 21.112 Thread 0x000001f3fd9079d0 DEOPT UNPACKING pc=0x000001f3e9db3aa2 sp=0x000000b0d2bf2f28 mode 2

Classes loaded (20 events):
Event: 18.955 Loading class java/lang/annotation/Documented
Event: 18.955 Loading class java/lang/annotation/Documented done
Event: 18.957 Loading class java/lang/reflect/UndeclaredThrowableException
Event: 18.957 Loading class java/lang/reflect/UndeclaredThrowableException done
Event: 18.957 Loading class java/lang/Class$AnnotationData
Event: 18.957 Loading class java/lang/Class$AnnotationData done
Event: 18.958 Loading class jdk/internal/reflect/MethodHandleIntegerFieldAccessorImpl
Event: 18.958 Loading class jdk/internal/reflect/MethodHandleIntegerFieldAccessorImpl done
Event: 18.977 Loading class jdk/internal/reflect/MethodHandleShortFieldAccessorImpl
Event: 18.978 Loading class jdk/internal/reflect/MethodHandleShortFieldAccessorImpl done
Event: 18.978 Loading class java/lang/Short$ShortCache
Event: 18.978 Loading class java/lang/Short$ShortCache done
Event: 19.012 Loading class java/util/function/LongUnaryOperator
Event: 19.012 Loading class java/util/function/LongUnaryOperator done
Event: 19.013 Loading class java/lang/ThreadDeath
Event: 19.013 Loading class java/lang/ThreadDeath done
Event: 19.026 Loading class java/util/stream/SortedOps$SizedRefSortingSink
Event: 19.026 Loading class java/util/stream/SortedOps$SizedRefSortingSink done
Event: 20.075 Loading class java/util/concurrent/atomic/Striped64$1
Event: 20.075 Loading class java/util/concurrent/atomic/Striped64$1 done

Classes unloaded (0 events):
No events

Classes redefined (0 events):
No events

Internal exceptions (20 events):
Event: 18.654 Thread 0x000001f3fd9079d0 Exception <a 'java/io/FileNotFoundException'{0x00000000d5a616d0}> (0x00000000d5a616d0) 
thrown [s\src\hotspot\share\prims\jni.cpp, line 520]
Event: 18.787 Thread 0x000001f3fd9079d0 Exception <a 'java/lang/NoSuchMethodError'{0x00000000d5ee49e8}: 'java.lang.Object java.lang.invoke.DirectMethodHandle$Holder.invokeStaticInit(java.lang.Object, int)'> (0x00000000d5ee49e8) 
thrown [s\src\hotspot\share\interpreter\linkResolver.cpp, line 773]
Event: 18.834 Thread 0x000001f3fd9079d0 Exception <a 'java/lang/NoSuchMethodError'{0x00000000d616c430}: 'java.lang.Object java.lang.invoke.DirectMethodHandle$Holder.invokeStaticInit(java.lang.Object, int, int, int, int)'> (0x00000000d616c430) 
thrown [s\src\hotspot\share\interpreter\linkResolver.cpp, line 773]
Event: 18.867 Thread 0x000001f3fd9079d0 Exception <a 'java/lang/NoSuchMethodError'{0x00000000d62cec08}: 'java.lang.Object java.lang.invoke.DirectMethodHandle$Holder.invokeStaticInit(java.lang.Object, java.lang.Object, int, int, int, int)'> (0x00000000d62cec08) 
thrown [s\src\hotspot\share\interpreter\linkResolver.cpp, line 773]
Event: 18.958 Thread 0x000001f3fd9079d0 Exception <a 'java/lang/NoSuchMethodError'{0x00000000d63e2ad8}: 'void java.lang.invoke.DirectMethodHandle$Holder.invokeSpecial(java.lang.Object, java.lang.Object, java.lang.Object, int)'> (0x00000000d63e2ad8) 
thrown [s\src\hotspot\share\interpreter\linkResolver.cpp, line 773]
Event: 18.959 Thread 0x000001f3fd9079d0 Exception <a 'java/lang/NoSuchMethodError'{0x00000000d63e6468}: 'void java.lang.invoke.DelegatingMethodHandle$Holder.reinvoke_L(java.lang.Object, java.lang.Object, int)'> (0x00000000d63e6468) 
thrown [s\src\hotspot\share\interpreter\linkResolver.cpp, line 773]
Event: 18.959 Thread 0x000001f3fd9079d0 Exception <a 'java/lang/NoSuchMethodError'{0x00000000d63ed150}: 'int java.lang.invoke.Invokers$Holder.invokeExact_MT(java.lang.Object, java.lang.Object, java.lang.Object)'> (0x00000000d63ed150) 
thrown [s\src\hotspot\share\interpreter\linkResolver.cpp, line 773]
Event: 18.981 Thread 0x000001f3fd9079d0 Exception <a 'java/lang/NoSuchMethodError'{0x00000000d65130a0}: 'void java.lang.invoke.Invokers$Holder.invokeExact_MT(java.lang.Object, java.lang.Object, int, java.lang.Object)'> (0x00000000d65130a0) 
thrown [s\src\hotspot\share\interpreter\linkResolver.cpp, line 773]
Event: 19.010 Thread 0x000001f3fd9079d0 Exception <a 'java/lang/NoSuchMethodError'{0x00000000d662edf0}: 'java.lang.Object java.lang.invoke.DirectMethodHandle$Holder.invokeSpecial(java.lang.Object, java.lang.Object, java.lang.Object, long, java.lang.Object)'> (0x00000000d662edf0) 
thrown [s\src\hotspot\share\interpreter\linkResolver.cpp, line 773]
Event: 19.011 Thread 0x000001f3fd9079d0 Exception <a 'java/lang/NoSuchMethodError'{0x00000000d6636638}: 'java.lang.Object java.lang.invoke.DirectMethodHandle$Holder.newInvokeSpecial(java.lang.Object, java.lang.Object, java.lang.Object, long)'> (0x00000000d6636638) 
thrown [s\src\hotspot\share\interpreter\linkResolver.cpp, line 773]
Event: 19.011 Thread 0x000001f3fd9079d0 Exception <a 'java/lang/NoSuchMethodError'{0x00000000d663a9e8}: 'java.lang.Object java.lang.invoke.DirectMethodHandle$Holder.invokeSpecial(java.lang.Object, java.lang.Object, java.lang.Object, java.lang.Object, long)'> (0x00000000d663a9e8) 
thrown [s\src\hotspot\share\interpreter\linkResolver.cpp, line 773]
Event: 19.011 Thread 0x000001f3fd9079d0 Exception <a 'java/lang/NoSuchMethodError'{0x00000000d663e608}: 'java.lang.Object java.lang.invoke.Invokers$Holder.linkToTargetMethod(java.lang.Object, java.lang.Object, long, java.lang.Object)'> (0x00000000d663e608) 
thrown [s\src\hotspot\share\interpreter\linkResolver.cpp, line 773]
Event: 19.023 Thread 0x000001f3fd9079d0 Exception <a 'java/lang/NoSuchMethodError'{0x00000000d669fea8}: 'int java.lang.invoke.DirectMethodHandle$Holder.invokeStaticInit(java.lang.Object, java.lang.Object, java.lang.Object)'> (0x00000000d669fea8) 
thrown [s\src\hotspot\share\interpreter\linkResolver.cpp, line 773]
Event: 19.036 Thread 0x000001f3fd9079d0 Exception <a 'java/lang/IncompatibleClassChangeError'{0x00000000d6758130}: Found class java.lang.Object, but interface was expected> (0x00000000d6758130) 
thrown [s\src\hotspot\share\interpreter\linkResolver.cpp, line 840]
Event: 19.043 Thread 0x000001f3fd9079d0 Exception <a 'java/lang/NoSuchMethodError'{0x00000000d676eed8}: 'java.lang.Object java.lang.invoke.DirectMethodHandle$Holder.invokeSpecial(java.lang.Object, java.lang.Object, java.lang.Object, int, java.lang.Object, java.lang.Object)'> (0x00000000d676eed8) 
thrown [s\src\hotspot\share\interpreter\linkResolver.cpp, line 773]
Event: 19.043 Thread 0x000001f3fd9079d0 Exception <a 'java/lang/NoSuchMethodError'{0x00000000d6776968}: 'java.lang.Object java.lang.invoke.DirectMethodHandle$Holder.newInvokeSpecial(java.lang.Object, java.lang.Object, java.lang.Object, int, java.lang.Object)'> (0x00000000d6776968) 
thrown [s\src\hotspot\share\interpreter\linkResolver.cpp, line 773]
Event: 19.044 Thread 0x000001f3fd9079d0 Exception <a 'java/lang/NoSuchMethodError'{0x00000000d677a8e8}: 'java.lang.Object java.lang.invoke.DirectMethodHandle$Holder.invokeSpecial(java.lang.Object, java.lang.Object, java.lang.Object, java.lang.Object, int, java.lang.Object)'> (0x00000000d677a8e8) 
thrown [s\src\hotspot\share\interpreter\linkResolver.cpp, line 773]
Event: 19.045 Thread 0x000001f3fd9079d0 Exception <a 'java/lang/NoSuchMethodError'{0x00000000d677e428}: 'java.lang.Object java.lang.invoke.Invokers$Holder.linkToTargetMethod(java.lang.Object, java.lang.Object, int, java.lang.Object, java.lang.Object)'> (0x00000000d677e428) 
thrown [s\src\hotspot\share\interpreter\linkResolver.cpp, line 773]
Event: 19.046 Thread 0x000001f3fd3bcf80 Exception <a 'java/lang/NoSuchMethodError'{0x00000000d66b8dd0}: 'java.lang.Object java.lang.invoke.DirectMethodHandle$Holder.invokeSpecial(java.lang.Object, java.lang.Object, int, java.lang.Object, java.lang.Object)'> (0x00000000d66b8dd0) 
thrown [s\src\hotspot\share\interpreter\linkResolver.cpp, line 773]
Event: 20.079 Thread 0x000001f3fd9079d0 Exception <a 'java/lang/NoSuchMethodError'{0x00000000d6892c38}: 'void java.lang.invoke.DirectMethodHandle$Holder.invokeSpecial(java.lang.Object, java.lang.Object, java.lang.Object, java.lang.Object, java.lang.Object)'> (0x00000000d6892c38) 
thrown [s\src\hotspot\share\interpreter\linkResolver.cpp, line 773]

ZGC Phase Switch (0 events):
No events

VM Operations (20 events):
Event: 18.363 Executing VM operation: ICBufferFull
Event: 18.363 Executing VM operation: ICBufferFull done
Event: 18.530 Executing VM operation: ParallelGCFailedAllocation (Allocation Failure)
Event: 18.537 Executing VM operation: ParallelGCFailedAllocation (Allocation Failure) done
Event: 18.670 Executing VM operation: HandshakeAllThreads (Deoptimize)
Event: 18.671 Executing VM operation: HandshakeAllThreads (Deoptimize) done
Event: 18.798 Executing VM operation: HandshakeAllThreads (Deoptimize)
Event: 18.798 Executing VM operation: HandshakeAllThreads (Deoptimize) done
Event: 18.848 Executing VM operation: HandshakeAllThreads (Deoptimize)
Event: 18.848 Executing VM operation: HandshakeAllThreads (Deoptimize) done
Event: 18.858 Executing VM operation: HandshakeAllThreads (Deoptimize)
Event: 18.858 Executing VM operation: HandshakeAllThreads (Deoptimize) done
Event: 18.950 Executing VM operation: HandshakeAllThreads (Deoptimize)
Event: 18.950 Executing VM operation: HandshakeAllThreads (Deoptimize) done
Event: 19.951 Executing VM operation: Cleanup
Event: 20.061 Executing VM operation: Cleanup done
Event: 21.075 Executing VM operation: Cleanup
Event: 21.107 Executing VM operation: Cleanup done
Event: 22.121 Executing VM operation: Cleanup
Event: 22.121 Executing VM operation: Cleanup done

Memory protections (0 events):
No events

Nmethod flushes (0 events):
No events

Events (20 events):
Event: 12.038 Thread 0x000001f3fdc8cb90 Thread exited: 0x000001f3fdc8cb90
Event: 12.038 Thread 0x000001f3fd5cfc30 Thread exited: 0x000001f3fd5cfc30
Event: 12.882 Thread 0x000001f3fd2312c0 Thread exited: 0x000001f3fd2312c0
Event: 12.882 Thread 0x000001f3fd230bf0 Thread exited: 0x000001f3fd230bf0
Event: 13.264 Thread 0x000001f3fd231990 Thread exited: 0x000001f3fd231990
Event: 16.934 Thread 0x000001f3f74a7bb0 Thread added: 0x000001f3fd232060
Event: 16.934 Thread 0x000001f3f74a7bb0 Thread added: 0x000001f3fd230bf0
Event: 16.934 Thread 0x000001f3f74a7bb0 Thread added: 0x000001f3fd2312c0
Event: 17.810 Thread 0x000001f3fd9079d0 Thread added: 0x000001f3fdab78d0
Event: 18.077 Thread 0x000001f3f74a7bb0 Thread added: 0x000001f3fd231990
Event: 18.457 Thread 0x000001f3fd9079d0 Thread added: 0x000001f3fd099330
Event: 18.476 Thread 0x000001f3fd231990 Thread exited: 0x000001f3fd231990
Event: 18.725 Thread 0x000001f3f74a7bb0 Thread added: 0x000001f3fde204c0
Event: 18.967 Thread 0x000001f3fd9079d0 Thread added: 0x000001f3fdf50650
Event: 19.016 Thread 0x000001f3fd9079d0 Thread added: 0x000001f3fd3bcf80
Event: 19.045 Thread 0x000001f3fd9079d0 Thread added: 0x000001f3fd3bdca0
Event: 19.298 Thread 0x000001f3fd3bdca0 Thread added: 0x000001f3fd3be330
Event: 20.065 Thread 0x000001f3fd2312c0 Thread exited: 0x000001f3fd2312c0
Event: 20.627 Thread 0x000001f3fd230bf0 Thread exited: 0x000001f3fd230bf0
Event: 20.627 Thread 0x000001f3fd232060 Thread exited: 0x000001f3fd232060


Dynamic libraries:
0x00007ff6e6e20000 - 0x00007ff6e6e2e000 	c:\Users\Aurora  N. Postrado\.vscode\extensions\redhat.java-1.50.0-win32-x64\jre\21.0.9-win32-x86_64\bin\java.exe
0x00007ffedc8c0000 - 0x00007ffedcb27000 	C:\WINDOWS\SYSTEM32\ntdll.dll
0x00007ffedae50000 - 0x00007ffedaf19000 	C:\WINDOWS\System32\KERNEL32.DLL
0x00007ffed9a10000 - 0x00007ffed9dff000 	C:\WINDOWS\System32\KERNELBASE.dll
0x00007ffed9e10000 - 0x00007ffed9f5b000 	C:\WINDOWS\System32\ucrtbase.dll
0x00007ffea4040000 - 0x00007ffea405e000 	c:\Users\Aurora  N. Postrado\.vscode\extensions\redhat.java-1.50.0-win32-x64\jre\21.0.9-win32-x86_64\bin\VCRUNTIME140.dll
0x00007ffea4020000 - 0x00007ffea4038000 	c:\Users\Aurora  N. Postrado\.vscode\extensions\redhat.java-1.50.0-win32-x64\jre\21.0.9-win32-x86_64\bin\jli.dll
0x00007ffedc680000 - 0x00007ffedc845000 	C:\WINDOWS\System32\USER32.dll
0x00007ffeda4b0000 - 0x00007ffeda4d7000 	C:\WINDOWS\System32\win32u.dll
0x00007ffedb740000 - 0x00007ffedb76b000 	C:\WINDOWS\System32\GDI32.dll
0x00007ffed9f60000 - 0x00007ffeda08c000 	C:\WINDOWS\System32\gdi32full.dll
0x00007ffeda400000 - 0x00007ffeda4a3000 	C:\WINDOWS\System32\msvcp_win.dll
0x00007ffec8ed0000 - 0x00007ffec9163000 	C:\WINDOWS\WinSxS\amd64_microsoft.windows.common-controls_6595b64144ccf1df_6.0.26100.7309_none_3e05feeae336a044\COMCTL32.dll
0x00007ffedbe10000 - 0x00007ffedbeb9000 	C:\WINDOWS\System32\msvcrt.dll
0x00007ffedb7e0000 - 0x00007ffedb811000 	C:\WINDOWS\System32\IMM32.DLL
0x00007ffea4010000 - 0x00007ffea401c000 	c:\Users\Aurora  N. Postrado\.vscode\extensions\redhat.java-1.50.0-win32-x64\jre\21.0.9-win32-x86_64\bin\vcruntime140_1.dll
0x00007ffea3f80000 - 0x00007ffea400d000 	c:\Users\Aurora  N. Postrado\.vscode\extensions\redhat.java-1.50.0-win32-x64\jre\21.0.9-win32-x86_64\bin\msvcp140.dll
0x00007ffe58d90000 - 0x00007ffe59b30000 	c:\Users\Aurora  N. Postrado\.vscode\extensions\redhat.java-1.50.0-win32-x64\jre\21.0.9-win32-x86_64\bin\server\jvm.dll
0x00007ffedb680000 - 0x00007ffedb734000 	C:\WINDOWS\System32\ADVAPI32.dll
0x00007ffedc130000 - 0x00007ffedc1d6000 	C:\WINDOWS\System32\sechost.dll
0x00007ffedab00000 - 0x00007ffedac18000 	C:\WINDOWS\System32\RPCRT4.dll
0x00007ffedbec0000 - 0x00007ffedbf34000 	C:\WINDOWS\System32\WS2_32.dll
0x00007ffed9870000 - 0x00007ffed98ce000 	C:\WINDOWS\SYSTEM32\POWRPROF.dll
0x00007ffed3020000 - 0x00007ffed3055000 	C:\WINDOWS\SYSTEM32\WINMM.dll
0x00007ffed3060000 - 0x00007ffed306b000 	C:\WINDOWS\SYSTEM32\VERSION.dll
0x00007ffed9850000 - 0x00007ffed9864000 	C:\WINDOWS\SYSTEM32\UMPDC.dll
0x00007ffed87c0000 - 0x00007ffed87db000 	C:\WINDOWS\SYSTEM32\kernel.appcore.dll
0x00007ffea3f70000 - 0x00007ffea3f7a000 	c:\Users\Aurora  N. Postrado\.vscode\extensions\redhat.java-1.50.0-win32-x64\jre\21.0.9-win32-x86_64\bin\jimage.dll
0x00007ffecf7c0000 - 0x00007ffecfa02000 	C:\WINDOWS\SYSTEM32\DBGHELP.DLL
0x00007ffedb920000 - 0x00007ffedbca6000 	C:\WINDOWS\System32\combase.dll
0x00007ffedbcb0000 - 0x00007ffedbd86000 	C:\WINDOWS\System32\OLEAUT32.dll
0x00007ffeb4c00000 - 0x00007ffeb4c3c000 	C:\WINDOWS\SYSTEM32\dbgcore.DLL
0x00007ffeda120000 - 0x00007ffeda1c5000 	C:\WINDOWS\System32\bcryptPrimitives.dll
0x00007ffea3f60000 - 0x00007ffea3f6f000 	c:\Users\Aurora  N. Postrado\.vscode\extensions\redhat.java-1.50.0-win32-x64\jre\21.0.9-win32-x86_64\bin\instrument.dll
0x00007ffea3f40000 - 0x00007ffea3f60000 	c:\Users\Aurora  N. Postrado\.vscode\extensions\redhat.java-1.50.0-win32-x64\jre\21.0.9-win32-x86_64\bin\java.dll
0x00007ffedaf20000 - 0x00007ffedb673000 	C:\WINDOWS\System32\SHELL32.dll
0x00007ffeda1d0000 - 0x00007ffeda33a000 	C:\WINDOWS\System32\wintypes.dll
0x00007ffed7650000 - 0x00007ffed7eae000 	C:\WINDOWS\SYSTEM32\windows.storage.dll
0x00007ffedb820000 - 0x00007ffedb914000 	C:\WINDOWS\System32\SHCORE.dll
0x00007ffedb770000 - 0x00007ffedb7d6000 	C:\WINDOWS\System32\shlwapi.dll
0x00007ffed9930000 - 0x00007ffed9959000 	C:\WINDOWS\SYSTEM32\profapi.dll
0x00007ffe5edf0000 - 0x00007ffe5ee08000 	c:\Users\Aurora  N. Postrado\.vscode\extensions\redhat.java-1.50.0-win32-x64\jre\21.0.9-win32-x86_64\bin\zip.dll
0x00007ffea3f30000 - 0x00007ffea3f40000 	C:\Users\Aurora  N. Postrado\.vscode\extensions\redhat.java-1.50.0-win32-x64\jre\21.0.9-win32-x86_64\bin\net.dll
0x00007ffed0710000 - 0x00007ffed0838000 	C:\WINDOWS\SYSTEM32\WINHTTP.dll
0x00007ffed8d30000 - 0x00007ffed8d9b000 	C:\WINDOWS\system32\mswsock.dll
0x00007ffea3f10000 - 0x00007ffea3f26000 	C:\Users\Aurora  N. Postrado\.vscode\extensions\redhat.java-1.50.0-win32-x64\jre\21.0.9-win32-x86_64\bin\nio.dll
0x00007ffea3f00000 - 0x00007ffea3f10000 	c:\Users\Aurora  N. Postrado\.vscode\extensions\redhat.java-1.50.0-win32-x64\jre\21.0.9-win32-x86_64\bin\verify.dll
0x00007ffeb0620000 - 0x00007ffeb0664000 	C:\Users\Aurora  N. Postrado\AppData\Roaming\Code\User\globalStorage\redhat.java\1.50.0\config_win\org.eclipse.equinox.launcher\org.eclipse.equinox.launcher.win32.win32.x86_64_1.2.1400.v20250801-0854\eclipse_11916.dll
0x00007ffedc4c0000 - 0x00007ffedc657000 	C:\WINDOWS\System32\ole32.dll
0x00007ffed8ff0000 - 0x00007ffed900b000 	C:\WINDOWS\SYSTEM32\CRYPTSP.dll
0x00007ffed8720000 - 0x00007ffed875a000 	C:\WINDOWS\system32\rsaenh.dll
0x00007ffed8de0000 - 0x00007ffed8e0b000 	C:\WINDOWS\SYSTEM32\USERENV.dll
0x00007ffed9900000 - 0x00007ffed992a000 	C:\WINDOWS\SYSTEM32\bcrypt.dll
0x00007ffed9010000 - 0x00007ffed901c000 	C:\WINDOWS\SYSTEM32\CRYPTBASE.dll
0x00007ffed81d0000 - 0x00007ffed8204000 	C:\WINDOWS\SYSTEM32\IPHLPAPI.DLL
0x00007ffedc030000 - 0x00007ffedc03a000 	C:\WINDOWS\System32\NSI.dll
0x00007ffea3e20000 - 0x00007ffea3e69000 	C:\Users\Aurora  N. Postrado\AppData\Local\Temp\jna-614272698\jna14125079546562900741.dll
0x00007ffedaaf0000 - 0x00007ffedaaf8000 	C:\WINDOWS\System32\PSAPI.DLL

JVMTI agents:
c:\Users\Aurora  N. Postrado\.vscode\extensions\redhat.java-1.50.0-win32-x64\lombok\lombok-1.18.39-4050.jar path:c:\Users\Aurora  N. Postrado\.vscode\extensions\redhat.java-1.50.0-win32-x64\jre\21.0.9-win32-x86_64\bin\instrument.dll, loaded, initialized, instrumentlib options:none

dbghelp: loaded successfully - version: 4.0.5 - missing functions: none
symbol engine: initialized successfully - sym options: 0x614 - pdb path: .;c:\Users\Aurora  N. Postrado\.vscode\extensions\redhat.java-1.50.0-win32-x64\jre\21.0.9-win32-x86_64\bin;C:\WINDOWS\SYSTEM32;C:\WINDOWS\WinSxS\amd64_microsoft.windows.common-controls_6595b64144ccf1df_6.0.26100.7309_none_3e05feeae336a044;c:\Users\Aurora  N. Postrado\.vscode\extensions\redhat.java-1.50.0-win32-x64\jre\21.0.9-win32-x86_64\bin\server;C:\Users\Aurora  N. Postrado\AppData\Roaming\Code\User\globalStorage\redhat.java\1.50.0\config_win\org.eclipse.equinox.launcher\org.eclipse.equinox.launcher.win32.win32.x86_64_1.2.1400.v20250801-0854;C:\Users\Aurora  N. Postrado\AppData\Local\Temp\jna-614272698

VM Arguments:
jvm_args: --add-modules=ALL-SYSTEM --add-opens=java.base/java.util=ALL-UNNAMED --add-opens=java.base/java.lang=ALL-UNNAMED --add-opens=java.base/sun.nio.fs=ALL-UNNAMED -Declipse.application=org.eclipse.jdt.ls.core.id1 -Dosgi.bundles.defaultStartLevel=4 -Declipse.product=org.eclipse.jdt.ls.core.product -Djava.import.generatesMetadataFilesAtProjectRoot=false -DDetectVMInstallationsJob.disabled=true -Dfile.encoding=utf8 -XX:+UseParallelGC -XX:GCTimeRatio=4 -XX:AdaptiveSizePolicyWeight=90 -Dsun.zip.disableMemoryMapping=true -Xmx2G -Xms100m -Xlog:disable -javaagent:c:\Users\Aurora  N. Postrado\.vscode\extensions\redhat.java-1.50.0-win32-x64\lombok\lombok-1.18.39-4050.jar -XX:+HeapDumpOnOutOfMemoryError -XX:HeapDumpPath=c:\Users\Aurora  N. Postrado\AppData\Roaming\Code\User\workspaceStorage\16087328b602278ea996584764c22d24\redhat.java -Daether.dependencyCollector.impl=bf 
java_command: c:\Users\Aurora  N. Postrado\.vscode\extensions\redhat.java-1.50.0-win32-x64\server\plugins\org.eclipse.equinox.launcher_1.7.100.v20251111-0406.jar -configuration c:\Users\Aurora  N. Postrado\AppData\Roaming\Code\User\globalStorage\redhat.java\1.50.0\config_win -data c:\Users\Aurora  N. Postrado\AppData\Roaming\Code\User\workspaceStorage\16087328b602278ea996584764c22d24\redhat.java\jdt_ws --pipe=\\.\pipe\lsp-b73f4aee0e5bab0ad901a1f3c81b835d-sock
java_class_path (initial): c:\Users\Aurora  N. Postrado\.vscode\extensions\redhat.java-1.50.0-win32-x64\server\plugins\org.eclipse.equinox.launcher_1.7.100.v20251111-0406.jar
Launcher Type: SUN_STANDARD

[Global flags]
    uintx AdaptiveSizePolicyWeight                 = 90                                        {product} {command line}
     intx CICompilerCount                          = 12                                        {product} {ergonomic}
    uintx GCTimeRatio                              = 4                                         {product} {command line}
     bool HeapDumpOnOutOfMemoryError               = true                                   {manageable} {command line}
    ccstr HeapDumpPath                             = c:\Users\Aurora  N. Postrado\AppData\Roaming\Code\User\workspaceStorage\16087328b602278ea996584764c22d24\redhat.java         {manageable} {command line}
   size_t InitialHeapSize                          = 104857600                                 {product} {command line}
   size_t MaxHeapSize                              = 2147483648                                {product} {command line}
   size_t MaxNewSize                               = 715653120                                 {product} {ergonomic}
   size_t MinHeapDeltaBytes                        = 524288                                    {product} {ergonomic}
   size_t MinHeapSize                              = 104857600                                 {product} {command line}
   size_t NewSize                                  = 34603008                                  {product} {ergonomic}
    uintx NonNMethodCodeHeapSize                   = 7602480                                {pd product} {ergonomic}
    uintx NonProfiledCodeHeapSize                  = 122027880                              {pd product} {ergonomic}
   size_t OldSize                                  = 70254592                                  {product} {ergonomic}
    uintx ProfiledCodeHeapSize                     = 122027880                              {pd product} {ergonomic}
    uintx ReservedCodeCacheSize                    = 251658240                              {pd product} {ergonomic}
     bool SegmentedCodeCache                       = true                                      {product} {ergonomic}
   size_t SoftMaxHeapSize                          = 2147483648                             {manageable} {ergonomic}
     bool UseCompressedOops                        = true                           {product lp64_product} {ergonomic}
     bool UseLargePagesIndividualAllocation        = false                                  {pd product} {ergonomic}
     bool UseParallelGC                            = true                                      {product} {command line}

Logging:
Log output configuration:
 #0: stdout all=off uptime,level,tags foldmultilines=false
 #1: stderr all=off uptime,level,tags foldmultilines=false

Release file:
JAVA_VERSION="21.0.9" 
MODULES="java.base java.compiler java.datatransfer java.xml java.prefs java.desktop java.instrument java.logging java.management java.security.sasl java.naming java.rmi java.management.rmi java.net.http java.scripting java.security.jgss java.transaction.xa java.sql java.sql.rowset java.xml.crypto java.se java.smartcardio jdk.accessibility jdk.internal.jvmstat jdk.attach jdk.charsets jdk.internal.opt jdk.zipfs jdk.compiler jdk.crypto.ec jdk.crypto.cryptoki jdk.crypto.mscapi jdk.dynalink jdk.internal.ed jdk.editpad jdk.hotspot.agent jdk.httpserver jdk.internal.le jdk.internal.vm.ci jdk.internal.vm.compiler jdk.internal.vm.compiler.management jdk.jartool jdk.javadoc jdk.jcmd jdk.management jdk.management.agent jdk.jconsole jdk.jdeps jdk.jdwp.agent jdk.jdi jdk.jfr jdk.jshell jdk.jsobject jdk.jstatd jdk.localedata jdk.management.jfr jdk.naming.dns jdk.naming.rmi jdk.net jdk.nio.mapmode jdk.random jdk.sctp jdk.security.auth jdk.security.jgss jdk.unsupported jdk.unsupported.desktop jdk.xml.dom" 

Environment Variables:
PATH=C:\Program Files\Eclipse Adoptium\jdk-17.0.17.10-hotspot\bin;C:\Windows\system32;C:\Windows;C:\Windows\System32\Wbem;C:\Windows\System32\WindowsPowerShell\v1.0\;C:\Windows\System32\OpenSSH\;C:\Program Files (x86)\NVIDIA Corporation\PhysX\Common;C:\Program Files\NVIDIA Corporation\NVIDIA NvDLISR;C:\WINDOWS\system32;C:\WINDOWS;C:\WINDOWS\System32\Wbem;C:\WINDOWS\System32\WindowsPowerShell\v1.0\;C:\WINDOWS\System32\OpenSSH\;C:\Program Files\Git\cmd;C:\Users\Aurora  N. Postrado\AppData\Local\Microsoft\WindowsApps;C:\Users\Aurora  N. Postrado\AppData\Local\Programs\Microsoft VS Code\bin;C:\Users\Aurora  N. Postrado\AppData\Local\GitHubDesktop\bin
USERNAME=Aurora  N. Postrado
OS=Windows_NT
PROCESSOR_IDENTIFIER=AMD64 Family 23 Model 104 Stepping 1, AuthenticAMD
TMP=C:\Users\AURORA~1.POS\AppData\Local\Temp
TEMP=C:\Users\AURORA~1.POS\AppData\Local\Temp




Periodic native trim disabled

---------------  S Y S T E M  ---------------

OS:
 Windows 11 , 64 bit Build 26100 (10.0.26100.7309)
OS uptime: 0 days 0:01 hours

CPU: total 16 (initial active 16) (16 cores per cpu, 2 threads per core) family 23 model 104 stepping 1 microcode 0x8608103, cx8, cmov, fxsr, ht, mmx, 3dnowpref, sse, sse2, sse3, ssse3, sse4a, sse4.1, sse4.2, popcnt, lzcnt, tsc, tscinvbit, avx, avx2, aes, clmul, bmi1, bmi2, adx, sha, fma, vzeroupper, clflush, clflushopt, rdtscp, rdpid, f16c
Processor Information for the first 16 processors :
  Max Mhz: 1801, Current Mhz: 1801, Mhz Limit: 1801

Memory: 4k page, system-wide physical 7514M (1421M free)
TotalPageFile size 7514M (AvailPageFile size 115M)
current process WorkingSet (physical memory assigned to process): 137M, peak: 137M
current process commit charge ("private bytes"): 293M, peak: 294M

vm_info: OpenJDK 64-Bit Server VM (21.0.9+10-LTS) for windows-amd64 JRE (21.0.9+10-LTS), built on 2025-10-21T00:00:00Z by "admin" with unknown MS VC++:1942

END.
